Report Physical info: 
------------------------+-------------+-----------+------------
                        |             |Area (squm)|Leakage (uW)
------------------------+-------------+-----------+------------
Design Name             |ripple_adder |           |            
  Total Instances       |          126|        159|       3.759
    Macros              |            0|          0|       0.000
    Pads                |            0|          0|       0.000
    Phys                |            0|          0|       0.000
    Blackboxes          |            0|          0|       0.000
    Cells               |          126|        159|       3.759
      Buffers           |            0|          0|       0.000
      Inverters         |           31|         16|       0.445
      Clock-Gates       |            0|          0|       0.000
      Combinational     |           95|        143|       3.314
      Latches           |            0|          0|       0.000
      FlipFlops         |            0|          0|       0.000
       Single-Bit FF    |            0|          0|       0.000
       Multi-Bit FF     |            0|          0|       0.000
       Clock-Gated      |            0|           |            
       Bits             |            0|          0|       0.000
         Load-Enabled   |            0|           |            
         Clock-Gated    |            0|           |            
  Tristate Pin Count    |            0|           |            
Physical Info           |Placed       |           |            
  Chip Size (mm x mm)   |0.076 x 0.076|       5821|            
  Fixed Cell Area       |             |          0|            
    Phys Only           |            0|          0|            
  Placeable Area        |             |        249|            
  Movable Cell Area     |             |        159|            
  Utilization (%)       |           64|           |            
  Chip Utilization (%)  |           64|           |            
  Total Wire Length (mm)|        3.858|           |            
  Longest Wire (mm)     |        0.042|           |            
  Average Wire (mm)     |        0.040|           |            
------------------------+-------------+-----------+------------
