Report Instance Areas: 
-----+-----------------+------------------------+-----+---------
     |Instance         |Module                  |Cells|Cell Area
-----+-----------------+------------------------+-----+---------
1    |top              |                        | 8481|     8685
2    |  t1             |TreeMultiplierCirc      | 8353|     8107
3    |    genblk1_1_p2 |PartialAdder__1_186     |  204|      206
4    |      fa31       |fullAdder__1_185        |    8|        7
5    |      fa30       |fullAdder__1_182        |    8|        8
6    |      fa29       |fullAdder__1_179        |    8|        8
7    |      fa28       |fullAdder__1_176        |   11|        9
8    |      fa27       |fullAdder__1_173        |    9|        7
9    |      fa26       |fullAdder__1_170        |   12|       10
10   |      fa25       |fullAdder__1_167        |    7|        7
11   |      fa24       |fullAdder__1_164        |    8|        8
12   |      fa23       |fullAdder__1_161        |    7|        7
13   |      fa22       |fullAdder__1_158        |   11|        9
14   |      fa21       |fullAdder__1_155        |    7|        7
15   |      fa20       |fullAdder__1_152        |    6|        6
16   |      fa19       |fullAdder__1_149        |    8|        7
17   |      fa18       |fullAdder__1_146        |    7|        7
18   |      fa17       |fullAdder__1_143        |    5|        6
19   |      fa16       |fullAdder__1_140        |    5|        6
20   |      fa15       |fullAdder__1_137        |    5|        6
21   |      fa14       |fullAdder__1_134        |    5|        6
22   |      fa13       |fullAdder__1_131        |    5|        6
23   |      fa12       |fullAdder__1_128        |    5|        6
24   |      fa11       |fullAdder__1_125        |    5|        6
25   |      fa10       |fullAdder__1_122        |    5|        6
26   |      fa9        |fullAdder__1_119        |    5|        6
27   |      fa8        |fullAdder__1_116        |    5|        6
28   |      fa7        |fullAdder__1_113        |    5|        6
29   |      fa6        |fullAdder__1_110        |    5|        6
30   |      fa5        |fullAdder__1_107        |    5|        6
31   |      fa4        |fullAdder__1_104        |    5|        6
32   |      fa3        |fullAdder__1_101        |    5|        6
33   |      fa2        |fullAdder__1_98         |    5|        6
34   |      fa1        |fullAdder__1_95         |    5|        6
35   |      ha1        |halfAdder__1_92         |    2|        3
36   |    genblk1_2_p2 |PartialAdder__1_283     |  229|      222
37   |      fa31       |fullAdder__1_282        |    8|        8
38   |      fa30       |fullAdder__1_279        |   12|        9
39   |      fa29       |fullAdder__1_276        |    8|        8
40   |      fa28       |fullAdder__1_273        |   12|        9
41   |      fa27       |fullAdder__1_270        |   13|       10
42   |      fa26       |fullAdder__1_267        |   11|        9
43   |      fa25       |fullAdder__1_264        |   11|        9
44   |      fa24       |fullAdder__1_261        |    8|        8
45   |      fa23       |fullAdder__1_258        |    5|        6
46   |      fa22       |fullAdder__1_255        |    7|        7
47   |      fa21       |fullAdder__1_252        |   16|       12
48   |      fa20       |fullAdder__1_249        |   11|        9
49   |      fa19       |fullAdder__1_246        |    7|        7
50   |      fa18       |fullAdder__1_243        |   13|       10
51   |      fa17       |fullAdder__1_240        |    5|        6
52   |      fa16       |fullAdder__1_237        |    5|        6
53   |      fa15       |fullAdder__1_234        |    5|        6
54   |      fa14       |fullAdder__1_231        |    5|        6
55   |      fa13       |fullAdder__1_228        |    5|        6
56   |      fa12       |fullAdder__1_225        |    5|        6
57   |      fa11       |fullAdder__1_222        |    5|        6
58   |      fa10       |fullAdder__1_219        |    5|        6
59   |      fa9        |fullAdder__1_216        |    5|        6
60   |      fa8        |fullAdder__1_213        |    5|        6
61   |      fa7        |fullAdder__1_210        |    5|        6
62   |      fa6        |fullAdder__1_207        |    5|        6
63   |      fa5        |fullAdder__1_204        |    5|        6
64   |      fa4        |fullAdder__1_201        |    5|        6
65   |      fa3        |fullAdder__1_198        |    5|        6
66   |      fa2        |fullAdder__1_195        |    5|        6
67   |      fa1        |fullAdder__1_192        |    5|        6
68   |      ha1        |halfAdder__1_189        |    2|        3
69   |    genblk1_3_p2 |PartialAdder__1_380     |  216|      211
70   |      fa31       |fullAdder__1_379        |    5|        6
71   |      fa30       |fullAdder__1_376        |   12|        9
72   |      fa29       |fullAdder__1_373        |   12|        9
73   |      fa28       |fullAdder__1_370        |    8|        7
74   |      fa27       |fullAdder__1_367        |   12|        9
75   |      fa26       |fullAdder__1_364        |   11|        9
76   |      fa25       |fullAdder__1_361        |   11|        9
77   |      fa24       |fullAdder__1_358        |    9|        7
78   |      fa23       |fullAdder__1_355        |    9|        8
79   |      fa22       |fullAdder__1_352        |    8|        8
80   |      fa21       |fullAdder__1_349        |    7|        7
81   |      fa20       |fullAdder__1_346        |   10|        8
82   |      fa19       |fullAdder__1_343        |    5|        6
83   |      fa18       |fullAdder__1_340        |    8|        8
84   |      fa17       |fullAdder__1_337        |    7|        7
85   |      fa16       |fullAdder__1_334        |    5|        6
86   |      fa15       |fullAdder__1_331        |    5|        6
87   |      fa14       |fullAdder__1_328        |    5|        6
88   |      fa13       |fullAdder__1_325        |    5|        6
89   |      fa12       |fullAdder__1_322        |    5|        6
90   |      fa11       |fullAdder__1_319        |    5|        6
91   |      fa10       |fullAdder__1_316        |    5|        6
92   |      fa9        |fullAdder__1_313        |    5|        6
93   |      fa8        |fullAdder__1_310        |    5|        6
94   |      fa7        |fullAdder__1_307        |    5|        6
95   |      fa6        |fullAdder__1_304        |    5|        6
96   |      fa5        |fullAdder__1_301        |    5|        6
97   |      fa4        |fullAdder__1_298        |    5|        6
98   |      fa3        |fullAdder__1_295        |    5|        6
99   |      fa2        |fullAdder__1_292        |    5|        6
100  |      fa1        |fullAdder__1_289        |    5|        6
101  |      ha1        |halfAdder__1_286        |    2|        3
102  |    genblk1_4_p2 |PartialAdder__1_477     |  209|      211
103  |      fa31       |fullAdder__1_476        |    6|        7
104  |      fa30       |fullAdder__1_473        |    5|        6
105  |      fa29       |fullAdder__1_470        |   12|        9
106  |      fa28       |fullAdder__1_467        |   15|       11
107  |      fa27       |fullAdder__1_464        |    8|        8
108  |      fa26       |fullAdder__1_461        |   12|        9
109  |      fa25       |fullAdder__1_458        |    8|        8
110  |      fa24       |fullAdder__1_455        |    9|        7
111  |      fa23       |fullAdder__1_452        |    7|        6
112  |      fa22       |fullAdder__1_449        |    8|        8
113  |      fa21       |fullAdder__1_446        |    8|        8
114  |      fa20       |fullAdder__1_443        |    8|        8
115  |      fa19       |fullAdder__1_440        |    8|        8
116  |      fa18       |fullAdder__1_437        |    8|        8
117  |      fa17       |fullAdder__1_434        |    5|        6
118  |      fa16       |fullAdder__1_431        |    5|        6
119  |      fa15       |fullAdder__1_428        |    5|        6
120  |      fa14       |fullAdder__1_425        |    5|        6
121  |      fa13       |fullAdder__1_422        |    5|        6
122  |      fa12       |fullAdder__1_419        |    5|        6
123  |      fa11       |fullAdder__1_416        |    5|        6
124  |      fa10       |fullAdder__1_413        |    5|        6
125  |      fa9        |fullAdder__1_410        |    5|        6
126  |      fa8        |fullAdder__1_407        |    5|        6
127  |      fa7        |fullAdder__1_404        |    5|        6
128  |      fa6        |fullAdder__1_401        |    5|        6
129  |      fa5        |fullAdder__1_398        |    5|        6
130  |      fa4        |fullAdder__1_395        |    5|        6
131  |      fa3        |fullAdder__1_392        |    5|        6
132  |      fa2        |fullAdder__1_389        |    5|        6
133  |      fa1        |fullAdder__1_386        |    5|        6
134  |      ha1        |halfAdder__1_383        |    2|        3
135  |    genblk1_5_p2 |PartialAdder__1_574     |  214|      213
136  |      fa31       |fullAdder__1_573        |    5|        6
137  |      fa30       |fullAdder__1_570        |    6|        7
138  |      fa29       |fullAdder__1_567        |    9|        7
139  |      fa28       |fullAdder__1_564        |   13|       10
140  |      fa27       |fullAdder__1_561        |   13|       10
141  |      fa26       |fullAdder__1_558        |    8|        7
142  |      fa25       |fullAdder__1_555        |   12|        9
143  |      fa24       |fullAdder__1_552        |    8|        8
144  |      fa23       |fullAdder__1_549        |   10|        8
145  |      fa22       |fullAdder__1_546        |    7|        7
146  |      fa21       |fullAdder__1_543        |    8|        8
147  |      fa20       |fullAdder__1_540        |    8|        8
148  |      fa19       |fullAdder__1_537        |    8|        7
149  |      fa18       |fullAdder__1_534        |   12|        9
150  |      fa17       |fullAdder__1_531        |    5|        6
151  |      fa16       |fullAdder__1_528        |    5|        6
152  |      fa15       |fullAdder__1_525        |    5|        6
153  |      fa14       |fullAdder__1_522        |    5|        6
154  |      fa13       |fullAdder__1_519        |    5|        6
155  |      fa12       |fullAdder__1_516        |    5|        6
156  |      fa11       |fullAdder__1_513        |    5|        6
157  |      fa10       |fullAdder__1_510        |    5|        6
158  |      fa9        |fullAdder__1_507        |    5|        6
159  |      fa8        |fullAdder__1_504        |    5|        6
160  |      fa7        |fullAdder__1_501        |    5|        6
161  |      fa6        |fullAdder__1_498        |    5|        6
162  |      fa5        |fullAdder__1_495        |    5|        6
163  |      fa4        |fullAdder__1_492        |    5|        6
164  |      fa3        |fullAdder__1_489        |    5|        6
165  |      fa2        |fullAdder__1_486        |    5|        6
166  |      fa1        |fullAdder__1_483        |    5|        6
167  |      ha1        |halfAdder__1_480        |    2|        3
168  |    genblk1_6_p2 |PartialAdder__1_671     |  216|      212
169  |      fa31       |fullAdder__1_670        |    5|        6
170  |      fa30       |fullAdder__1_667        |    5|        6
171  |      fa29       |fullAdder__1_664        |    6|        7
172  |      fa28       |fullAdder__1_661        |   11|        8
173  |      fa27       |fullAdder__1_658        |   12|        9
174  |      fa26       |fullAdder__1_655        |   12|        9
175  |      fa25       |fullAdder__1_652        |    8|        8
176  |      fa24       |fullAdder__1_649        |   12|        9
177  |      fa23       |fullAdder__1_646        |    9|        7
178  |      fa22       |fullAdder__1_643        |   11|        9
179  |      fa21       |fullAdder__1_640        |    7|        7
180  |      fa20       |fullAdder__1_637        |    8|        7
181  |      fa19       |fullAdder__1_634        |    5|        6
182  |      fa18       |fullAdder__1_631        |   11|        9
183  |      fa17       |fullAdder__1_628        |    9|        7
184  |      fa16       |fullAdder__1_625        |    8|        8
185  |      fa15       |fullAdder__1_622        |    5|        6
186  |      fa14       |fullAdder__1_619        |    5|        6
187  |      fa13       |fullAdder__1_616        |    5|        6
188  |      fa12       |fullAdder__1_613        |    5|        6
189  |      fa11       |fullAdder__1_610        |    5|        6
190  |      fa10       |fullAdder__1_607        |    5|        6
191  |      fa9        |fullAdder__1_604        |    5|        6
192  |      fa8        |fullAdder__1_601        |    5|        6
193  |      fa7        |fullAdder__1_598        |    5|        6
194  |      fa6        |fullAdder__1_595        |    5|        6
195  |      fa5        |fullAdder__1_592        |    5|        6
196  |      fa4        |fullAdder__1_589        |    5|        6
197  |      fa3        |fullAdder__1_586        |    5|        6
198  |      fa2        |fullAdder__1_583        |    5|        6
199  |      fa1        |fullAdder__1_580        |    5|        6
200  |      ha1        |halfAdder__1_577        |    2|        3
201  |    genblk1_7_p2 |PartialAdder__1_768     |  217|      213
202  |      fa31       |fullAdder__1_767        |    5|        6
203  |      fa30       |fullAdder__1_764        |    5|        6
204  |      fa29       |fullAdder__1_761        |    5|        6
205  |      fa28       |fullAdder__1_758        |    8|        7
206  |      fa27       |fullAdder__1_755        |    9|        7
207  |      fa26       |fullAdder__1_752        |   12|        9
208  |      fa25       |fullAdder__1_749        |   12|        9
209  |      fa24       |fullAdder__1_746        |    8|        8
210  |      fa23       |fullAdder__1_743        |   12|        9
211  |      fa22       |fullAdder__1_740        |    8|        8
212  |      fa21       |fullAdder__1_737        |   11|        9
213  |      fa20       |fullAdder__1_734        |    9|        7
214  |      fa19       |fullAdder__1_731        |    9|        7
215  |      fa18       |fullAdder__1_728        |    8|        8
216  |      fa17       |fullAdder__1_725        |   11|        9
217  |      fa16       |fullAdder__1_722        |    8|        7
218  |      fa15       |fullAdder__1_719        |    5|        6
219  |      fa14       |fullAdder__1_716        |    5|        6
220  |      fa13       |fullAdder__1_713        |    5|        6
221  |      fa12       |fullAdder__1_710        |    5|        6
222  |      fa11       |fullAdder__1_707        |    5|        6
223  |      fa10       |fullAdder__1_704        |    5|        6
224  |      fa9        |fullAdder__1_701        |    5|        6
225  |      fa8        |fullAdder__1_698        |    5|        6
226  |      fa7        |fullAdder__1_695        |    5|        6
227  |      fa6        |fullAdder__1_692        |    5|        6
228  |      fa5        |fullAdder__1_689        |    5|        6
229  |      fa4        |fullAdder__1_686        |    5|        6
230  |      fa3        |fullAdder__1_683        |    5|        6
231  |      fa2        |fullAdder__1_680        |    5|        6
232  |      fa1        |fullAdder__1_677        |    5|        6
233  |      ha1        |halfAdder__1_674        |    2|        3
234  |    genblk1_8_p2 |PartialAdder__1_865     |  219|      217
235  |      fa31       |fullAdder__1_864        |    5|        6
236  |      fa30       |fullAdder__1_861        |    5|        6
237  |      fa29       |fullAdder__1_858        |    5|        6
238  |      fa28       |fullAdder__1_855        |    5|        6
239  |      fa27       |fullAdder__1_852        |   13|       10
240  |      fa26       |fullAdder__1_849        |   12|        9
241  |      fa25       |fullAdder__1_846        |   12|        9
242  |      fa24       |fullAdder__1_843        |   12|        9
243  |      fa23       |fullAdder__1_840        |    8|        8
244  |      fa22       |fullAdder__1_837        |   12|        9
245  |      fa21       |fullAdder__1_834        |    9|        7
246  |      fa20       |fullAdder__1_831        |    8|        8
247  |      fa19       |fullAdder__1_828        |   10|        9
248  |      fa18       |fullAdder__1_825        |    8|        8
249  |      fa17       |fullAdder__1_822        |    6|        6
250  |      fa16       |fullAdder__1_819        |   11|        9
251  |      fa15       |fullAdder__1_816        |    6|        6
252  |      fa14       |fullAdder__1_813        |    5|        6
253  |      fa13       |fullAdder__1_810        |    5|        6
254  |      fa12       |fullAdder__1_807        |    5|        6
255  |      fa11       |fullAdder__1_804        |    5|        6
256  |      fa10       |fullAdder__1_801        |    5|        6
257  |      fa9        |fullAdder__1_798        |    5|        6
258  |      fa8        |fullAdder__1_795        |    5|        6
259  |      fa7        |fullAdder__1_792        |    5|        6
260  |      fa6        |fullAdder__1_789        |    5|        6
261  |      fa5        |fullAdder__1_786        |    5|        6
262  |      fa4        |fullAdder__1_783        |    5|        6
263  |      fa3        |fullAdder__1_780        |    5|        6
264  |      fa2        |fullAdder__1_777        |    5|        6
265  |      fa1        |fullAdder__1_774        |    5|        6
266  |      ha1        |halfAdder__1_771        |    2|        3
267  |    genblk1_9_p2 |PartialAdder__1_962     |  228|      219
268  |      fa31       |fullAdder__1_961        |    5|        6
269  |      fa30       |fullAdder__1_958        |    5|        6
270  |      fa29       |fullAdder__1_955        |    5|        6
271  |      fa28       |fullAdder__1_952        |    5|        6
272  |      fa27       |fullAdder__1_949        |    5|        6
273  |      fa26       |fullAdder__1_946        |   14|       11
274  |      fa25       |fullAdder__1_943        |   12|        9
275  |      fa24       |fullAdder__1_940        |   12|        9
276  |      fa23       |fullAdder__1_937        |   12|        9
277  |      fa22       |fullAdder__1_934        |    8|        8
278  |      fa21       |fullAdder__1_931        |   12|        9
279  |      fa20       |fullAdder__1_928        |   11|        9
280  |      fa19       |fullAdder__1_925        |   12|        9
281  |      fa18       |fullAdder__1_922        |    9|        7
282  |      fa17       |fullAdder__1_919        |    8|        8
283  |      fa16       |fullAdder__1_916        |    7|        6
284  |      fa15       |fullAdder__1_913        |   11|        9
285  |      fa14       |fullAdder__1_910        |    8|        8
286  |      fa13       |fullAdder__1_907        |    5|        6
287  |      fa12       |fullAdder__1_904        |    5|        6
288  |      fa11       |fullAdder__1_901        |    5|        6
289  |      fa10       |fullAdder__1_898        |    5|        6
290  |      fa9        |fullAdder__1_895        |    5|        6
291  |      fa8        |fullAdder__1_892        |    5|        6
292  |      fa7        |fullAdder__1_889        |    5|        6
293  |      fa6        |fullAdder__1_886        |    5|        6
294  |      fa5        |fullAdder__1_883        |    5|        6
295  |      fa4        |fullAdder__1_880        |    5|        6
296  |      fa3        |fullAdder__1_877        |    5|        6
297  |      fa2        |fullAdder__1_874        |    5|        6
298  |      fa1        |fullAdder__1_871        |    5|        6
299  |      ha1        |halfAdder__1_868        |    2|        3
300  |    genblk1_10_p2|PartialAdder__1_1059    |  220|      214
301  |      fa31       |fullAdder__1_1058       |    5|        6
302  |      fa30       |fullAdder__1_1055       |    5|        6
303  |      fa29       |fullAdder__1_1052       |    5|        6
304  |      fa28       |fullAdder__1_1049       |    5|        6
305  |      fa27       |fullAdder__1_1046       |    5|        6
306  |      fa26       |fullAdder__1_1043       |    5|        6
307  |      fa25       |fullAdder__1_1040       |   11|        8
308  |      fa24       |fullAdder__1_1037       |   13|       10
309  |      fa23       |fullAdder__1_1034       |   12|        9
310  |      fa22       |fullAdder__1_1031       |   12|        9
311  |      fa21       |fullAdder__1_1028       |    8|        8
312  |      fa20       |fullAdder__1_1025       |   13|       10
313  |      fa19       |fullAdder__1_1022       |    9|        7
314  |      fa18       |fullAdder__1_1019       |    9|        7
315  |      fa17       |fullAdder__1_1016       |   11|        9
316  |      fa16       |fullAdder__1_1013       |    5|        6
317  |      fa15       |fullAdder__1_1010       |    8|        8
318  |      fa14       |fullAdder__1_1007       |   12|        9
319  |      fa13       |fullAdder__1_1004       |    5|        6
320  |      fa12       |fullAdder__1_1001       |    5|        6
321  |      fa11       |fullAdder__1_998        |    5|        6
322  |      fa10       |fullAdder__1_995        |    5|        6
323  |      fa9        |fullAdder__1_992        |    5|        6
324  |      fa8        |fullAdder__1_989        |    5|        6
325  |      fa7        |fullAdder__1_986        |    5|        6
326  |      fa6        |fullAdder__1_983        |    5|        6
327  |      fa5        |fullAdder__1_980        |    5|        6
328  |      fa4        |fullAdder__1_977        |    5|        6
329  |      fa3        |fullAdder__1_974        |    5|        6
330  |      fa2        |fullAdder__1_971        |    5|        6
331  |      fa1        |fullAdder__1_968        |    5|        6
332  |      ha1        |halfAdder__1_965        |    2|        3
333  |    genblk1_11_p2|PartialAdder__1_1156    |  225|      219
334  |      fa31       |fullAdder__1_1155       |    5|        6
335  |      fa30       |fullAdder__1_1152       |    5|        6
336  |      fa29       |fullAdder__1_1149       |    5|        6
337  |      fa28       |fullAdder__1_1146       |    5|        6
338  |      fa27       |fullAdder__1_1143       |    5|        6
339  |      fa26       |fullAdder__1_1140       |   13|       10
340  |      fa25       |fullAdder__1_1137       |    5|        6
341  |      fa24       |fullAdder__1_1134       |   13|       10
342  |      fa23       |fullAdder__1_1131       |   12|        9
343  |      fa22       |fullAdder__1_1128       |   12|        9
344  |      fa21       |fullAdder__1_1125       |   12|        9
345  |      fa20       |fullAdder__1_1122       |    8|        8
346  |      fa19       |fullAdder__1_1119       |   13|       10
347  |      fa18       |fullAdder__1_1116       |   11|        9
348  |      fa17       |fullAdder__1_1113       |    8|        7
349  |      fa16       |fullAdder__1_1110       |   10|        8
350  |      fa15       |fullAdder__1_1107       |    8|        7
351  |      fa14       |fullAdder__1_1104       |    5|        6
352  |      fa13       |fullAdder__1_1101       |    8|        8
353  |      fa12       |fullAdder__1_1098       |    5|        6
354  |      fa11       |fullAdder__1_1095       |    5|        6
355  |      fa10       |fullAdder__1_1092       |    5|        6
356  |      fa9        |fullAdder__1_1089       |    5|        6
357  |      fa8        |fullAdder__1_1086       |    5|        6
358  |      fa7        |fullAdder__1_1083       |    5|        6
359  |      fa6        |fullAdder__1_1080       |    5|        6
360  |      fa5        |fullAdder__1_1077       |    5|        6
361  |      fa4        |fullAdder__1_1074       |    5|        6
362  |      fa3        |fullAdder__1_1071       |    5|        6
363  |      fa2        |fullAdder__1_1068       |    5|        6
364  |      fa1        |fullAdder__1_1065       |    5|        6
365  |      ha1        |halfAdder__1_1062       |    2|        3
366  |    genblk1_12_p2|PartialAdder__1_1253    |  234|      224
367  |      fa31       |fullAdder__1_1252       |    5|        6
368  |      fa30       |fullAdder__1_1249       |    5|        6
369  |      fa29       |fullAdder__1_1246       |    5|        6
370  |      fa28       |fullAdder__1_1243       |    5|        6
371  |      fa27       |fullAdder__1_1240       |    5|        6
372  |      fa26       |fullAdder__1_1237       |    5|        6
373  |      fa25       |fullAdder__1_1234       |   13|       10
374  |      fa24       |fullAdder__1_1231       |   13|       10
375  |      fa23       |fullAdder__1_1228       |    8|        8
376  |      fa22       |fullAdder__1_1225       |   12|        9
377  |      fa21       |fullAdder__1_1222       |   12|        9
378  |      fa20       |fullAdder__1_1219       |   12|        9
379  |      fa19       |fullAdder__1_1216       |    8|        8
380  |      fa18       |fullAdder__1_1213       |   12|        9
381  |      fa17       |fullAdder__1_1210       |   11|        9
382  |      fa16       |fullAdder__1_1207       |    8|        8
383  |      fa15       |fullAdder__1_1204       |   13|       10
384  |      fa14       |fullAdder__1_1201       |   11|        9
385  |      fa13       |fullAdder__1_1198       |    5|        6
386  |      fa12       |fullAdder__1_1195       |    9|        7
387  |      fa11       |fullAdder__1_1192       |    5|        6
388  |      fa10       |fullAdder__1_1189       |    5|        6
389  |      fa9        |fullAdder__1_1186       |    5|        6
390  |      fa8        |fullAdder__1_1183       |    5|        6
391  |      fa7        |fullAdder__1_1180       |    5|        6
392  |      fa6        |fullAdder__1_1177       |    5|        6
393  |      fa5        |fullAdder__1_1174       |    5|        6
394  |      fa4        |fullAdder__1_1171       |    5|        6
395  |      fa3        |fullAdder__1_1168       |    5|        6
396  |      fa2        |fullAdder__1_1165       |    5|        6
397  |      fa1        |fullAdder__1_1162       |    5|        6
398  |      ha1        |halfAdder__1_1159       |    2|        3
399  |    genblk1_13_p2|PartialAdder__1_1350    |  235|      223
400  |      fa31       |fullAdder__1_1349       |    5|        6
401  |      fa30       |fullAdder__1_1346       |    5|        6
402  |      fa29       |fullAdder__1_1343       |    5|        6
403  |      fa28       |fullAdder__1_1340       |    5|        6
404  |      fa27       |fullAdder__1_1337       |    5|        6
405  |      fa26       |fullAdder__1_1334       |    5|        6
406  |      fa25       |fullAdder__1_1331       |    9|        7
407  |      fa24       |fullAdder__1_1328       |    5|        6
408  |      fa23       |fullAdder__1_1325       |   12|        9
409  |      fa22       |fullAdder__1_1322       |   10|        9
410  |      fa21       |fullAdder__1_1319       |   12|        9
411  |      fa20       |fullAdder__1_1316       |   12|        9
412  |      fa19       |fullAdder__1_1313       |   12|        9
413  |      fa18       |fullAdder__1_1310       |    8|        8
414  |      fa17       |fullAdder__1_1307       |   12|        9
415  |      fa16       |fullAdder__1_1304       |   14|       11
416  |      fa15       |fullAdder__1_1301       |   13|       10
417  |      fa14       |fullAdder__1_1298       |   13|       10
418  |      fa13       |fullAdder__1_1295       |    7|        6
419  |      fa12       |fullAdder__1_1292       |    9|        8
420  |      fa11       |fullAdder__1_1289       |    5|        6
421  |      fa10       |fullAdder__1_1286       |    5|        6
422  |      fa9        |fullAdder__1_1283       |    5|        6
423  |      fa8        |fullAdder__1_1280       |    5|        6
424  |      fa7        |fullAdder__1_1277       |    5|        6
425  |      fa6        |fullAdder__1_1274       |    5|        6
426  |      fa5        |fullAdder__1_1271       |    5|        6
427  |      fa4        |fullAdder__1_1268       |    5|        6
428  |      fa3        |fullAdder__1_1265       |    5|        6
429  |      fa2        |fullAdder__1_1262       |    5|        6
430  |      fa1        |fullAdder__1_1259       |    5|        6
431  |      ha1        |halfAdder__1_1256       |    2|        3
432  |    genblk1_14_p2|PartialAdder__1_1447    |  224|      219
433  |      fa31       |fullAdder__1_1446       |    5|        6
434  |      fa30       |fullAdder__1_1443       |    5|        6
435  |      fa29       |fullAdder__1_1440       |    5|        6
436  |      fa28       |fullAdder__1_1437       |    5|        6
437  |      fa27       |fullAdder__1_1434       |    5|        6
438  |      fa26       |fullAdder__1_1431       |    5|        6
439  |      fa25       |fullAdder__1_1428       |    5|        6
440  |      fa24       |fullAdder__1_1425       |    5|        6
441  |      fa23       |fullAdder__1_1422       |   13|       10
442  |      fa22       |fullAdder__1_1419       |    8|        8
443  |      fa21       |fullAdder__1_1416       |    8|        8
444  |      fa20       |fullAdder__1_1413       |   12|        9
445  |      fa19       |fullAdder__1_1410       |   12|        9
446  |      fa18       |fullAdder__1_1407       |   12|        9
447  |      fa17       |fullAdder__1_1404       |    8|        8
448  |      fa16       |fullAdder__1_1401       |   12|        9
449  |      fa15       |fullAdder__1_1398       |   11|        9
450  |      fa14       |fullAdder__1_1395       |   13|       10
451  |      fa13       |fullAdder__1_1392       |   13|       10
452  |      fa12       |fullAdder__1_1389       |    5|        6
453  |      fa11       |fullAdder__1_1386       |    5|        6
454  |      fa10       |fullAdder__1_1383       |    5|        6
455  |      fa9        |fullAdder__1_1380       |    5|        6
456  |      fa8        |fullAdder__1_1377       |    5|        6
457  |      fa7        |fullAdder__1_1374       |    5|        6
458  |      fa6        |fullAdder__1_1371       |    5|        6
459  |      fa5        |fullAdder__1_1368       |    5|        6
460  |      fa4        |fullAdder__1_1365       |    5|        6
461  |      fa3        |fullAdder__1_1362       |    5|        6
462  |      fa2        |fullAdder__1_1359       |    5|        6
463  |      fa1        |fullAdder__1_1356       |    5|        6
464  |      ha1        |halfAdder__1_1353       |    2|        3
465  |    genblk1_15_p2|PartialAdder__1_1544    |  215|      213
466  |      fa31       |fullAdder__1_1543       |    5|        6
467  |      fa30       |fullAdder__1_1540       |    5|        6
468  |      fa29       |fullAdder__1_1537       |    5|        6
469  |      fa28       |fullAdder__1_1534       |    5|        6
470  |      fa27       |fullAdder__1_1531       |    5|        6
471  |      fa26       |fullAdder__1_1528       |    5|        6
472  |      fa25       |fullAdder__1_1525       |    5|        6
473  |      fa24       |fullAdder__1_1522       |    5|        6
474  |      fa23       |fullAdder__1_1519       |    5|        6
475  |      fa22       |fullAdder__1_1516       |   13|       10
476  |      fa21       |fullAdder__1_1513       |    8|        8
477  |      fa20       |fullAdder__1_1510       |    9|        7
478  |      fa19       |fullAdder__1_1507       |   12|        9
479  |      fa18       |fullAdder__1_1504       |   12|        9
480  |      fa17       |fullAdder__1_1501       |   12|        9
481  |      fa16       |fullAdder__1_1498       |    8|        8
482  |      fa15       |fullAdder__1_1495       |    9|        7
483  |      fa14       |fullAdder__1_1492       |    9|        7
484  |      fa13       |fullAdder__1_1489       |   13|       10
485  |      fa12       |fullAdder__1_1486       |    8|        8
486  |      fa11       |fullAdder__1_1483       |    5|        6
487  |      fa10       |fullAdder__1_1480       |    5|        6
488  |      fa9        |fullAdder__1_1477       |    5|        6
489  |      fa8        |fullAdder__1_1474       |    5|        6
490  |      fa7        |fullAdder__1_1471       |    5|        6
491  |      fa6        |fullAdder__1_1468       |    5|        6
492  |      fa5        |fullAdder__1_1465       |    5|        6
493  |      fa4        |fullAdder__1_1462       |    5|        6
494  |      fa3        |fullAdder__1_1459       |    5|        6
495  |      fa2        |fullAdder__1_1456       |    5|        6
496  |      fa1        |fullAdder__1_1453       |    5|        6
497  |      ha1        |halfAdder__1_1450       |    2|        3
498  |    genblk1_16_p2|PartialAdder__1_1641    |  217|      214
499  |      fa31       |fullAdder__1_1640       |    5|        6
500  |      fa30       |fullAdder__1_1637       |    5|        6
501  |      fa29       |fullAdder__1_1634       |    5|        6
502  |      fa28       |fullAdder__1_1631       |    5|        6
503  |      fa27       |fullAdder__1_1628       |    5|        6
504  |      fa26       |fullAdder__1_1625       |    5|        6
505  |      fa25       |fullAdder__1_1622       |    5|        6
506  |      fa24       |fullAdder__1_1619       |    5|        6
507  |      fa23       |fullAdder__1_1616       |    5|        6
508  |      fa22       |fullAdder__1_1613       |    5|        6
509  |      fa21       |fullAdder__1_1610       |   13|       10
510  |      fa20       |fullAdder__1_1607       |    8|        7
511  |      fa19       |fullAdder__1_1604       |    8|        8
512  |      fa18       |fullAdder__1_1601       |   12|       10
513  |      fa17       |fullAdder__1_1598       |   12|        9
514  |      fa16       |fullAdder__1_1595       |   12|        9
515  |      fa15       |fullAdder__1_1592       |   12|        9
516  |      fa14       |fullAdder__1_1589       |   12|        9
517  |      fa13       |fullAdder__1_1586       |    8|        8
518  |      fa12       |fullAdder__1_1583       |    9|        7
519  |      fa11       |fullAdder__1_1580       |    9|        8
520  |      fa10       |fullAdder__1_1577       |    5|        6
521  |      fa9        |fullAdder__1_1574       |    5|        6
522  |      fa8        |fullAdder__1_1571       |    5|        6
523  |      fa7        |fullAdder__1_1568       |    5|        6
524  |      fa6        |fullAdder__1_1565       |    5|        6
525  |      fa5        |fullAdder__1_1562       |    5|        6
526  |      fa4        |fullAdder__1_1559       |    5|        6
527  |      fa3        |fullAdder__1_1556       |    5|        6
528  |      fa2        |fullAdder__1_1553       |    5|        6
529  |      fa1        |fullAdder__1_1550       |    5|        6
530  |      ha1        |halfAdder__1_1547       |    2|        3
531  |    genblk1_17_p2|PartialAdder__1_1738    |  233|      224
532  |      fa31       |fullAdder__1_1737       |    5|        6
533  |      fa30       |fullAdder__1_1734       |    5|        6
534  |      fa29       |fullAdder__1_1731       |    5|        6
535  |      fa28       |fullAdder__1_1728       |    5|        6
536  |      fa27       |fullAdder__1_1725       |    5|        6
537  |      fa26       |fullAdder__1_1722       |    5|        6
538  |      fa25       |fullAdder__1_1719       |    5|        6
539  |      fa24       |fullAdder__1_1716       |    5|        6
540  |      fa23       |fullAdder__1_1713       |    5|        6
541  |      fa22       |fullAdder__1_1710       |    5|        6
542  |      fa21       |fullAdder__1_1707       |    5|        6
543  |      fa20       |fullAdder__1_1704       |   13|       10
544  |      fa19       |fullAdder__1_1701       |    8|        8
545  |      fa18       |fullAdder__1_1698       |    8|        8
546  |      fa17       |fullAdder__1_1695       |   12|        9
547  |      fa16       |fullAdder__1_1692       |   13|       10
548  |      fa15       |fullAdder__1_1689       |   12|        9
549  |      fa14       |fullAdder__1_1686       |   12|        9
550  |      fa13       |fullAdder__1_1683       |   12|        9
551  |      fa12       |fullAdder__1_1680       |    8|        8
552  |      fa11       |fullAdder__1_1677       |   15|       11
553  |      fa10       |fullAdder__1_1674       |    9|        8
554  |      fa9        |fullAdder__1_1671       |   14|       10
555  |      fa8        |fullAdder__1_1668       |    5|        6
556  |      fa7        |fullAdder__1_1665       |    5|        6
557  |      fa6        |fullAdder__1_1662       |    5|        6
558  |      fa5        |fullAdder__1_1659       |    5|        6
559  |      fa4        |fullAdder__1_1656       |    5|        6
560  |      fa3        |fullAdder__1_1653       |    5|        6
561  |      fa2        |fullAdder__1_1650       |    5|        6
562  |      fa1        |fullAdder__1_1647       |    5|        6
563  |      ha1        |halfAdder__1_1644       |    2|        3
564  |    genblk1_18_p2|PartialAdder__1_1835    |  243|      227
565  |      fa31       |fullAdder__1_1834       |    5|        6
566  |      fa30       |fullAdder__1_1831       |    5|        6
567  |      fa29       |fullAdder__1_1828       |    5|        6
568  |      fa28       |fullAdder__1_1825       |    5|        6
569  |      fa27       |fullAdder__1_1822       |    5|        6
570  |      fa26       |fullAdder__1_1819       |    5|        6
571  |      fa25       |fullAdder__1_1816       |    5|        6
572  |      fa24       |fullAdder__1_1813       |    5|        6
573  |      fa23       |fullAdder__1_1810       |    5|        6
574  |      fa22       |fullAdder__1_1807       |    5|        6
575  |      fa21       |fullAdder__1_1804       |    5|        6
576  |      fa20       |fullAdder__1_1801       |    5|        6
577  |      fa19       |fullAdder__1_1798       |   13|       10
578  |      fa18       |fullAdder__1_1795       |   12|        9
579  |      fa17       |fullAdder__1_1792       |    8|        8
580  |      fa16       |fullAdder__1_1789       |   12|        9
581  |      fa15       |fullAdder__1_1786       |   14|       10
582  |      fa14       |fullAdder__1_1783       |   12|        9
583  |      fa13       |fullAdder__1_1780       |   12|        9
584  |      fa12       |fullAdder__1_1777       |   13|       10
585  |      fa11       |fullAdder__1_1774       |    9|        7
586  |      fa10       |fullAdder__1_1771       |    9|        8
587  |      fa9        |fullAdder__1_1768       |   12|        9
588  |      fa8        |fullAdder__1_1765       |    5|        6
589  |      fa7        |fullAdder__1_1762       |    8|        7
590  |      fa6        |fullAdder__1_1759       |   14|       10
591  |      fa5        |fullAdder__1_1756       |    6|        6
592  |      fa4        |fullAdder__1_1753       |    5|        6
593  |      fa3        |fullAdder__1_1750       |    5|        6
594  |      fa2        |fullAdder__1_1747       |    7|        7
595  |      fa1        |fullAdder__1_1744       |    5|        6
596  |      ha1        |halfAdder__1_1741       |    2|        3
597  |    genblk1_19_p2|PartialAdder__1_1932    |  239|      227
598  |      fa31       |fullAdder__1_1931       |    5|        6
599  |      fa30       |fullAdder__1_1928       |    5|        6
600  |      fa29       |fullAdder__1_1925       |    5|        6
601  |      fa28       |fullAdder__1_1922       |    5|        6
602  |      fa27       |fullAdder__1_1919       |    5|        6
603  |      fa26       |fullAdder__1_1916       |    5|        6
604  |      fa25       |fullAdder__1_1913       |    5|        6
605  |      fa24       |fullAdder__1_1910       |    5|        6
606  |      fa23       |fullAdder__1_1907       |    5|        6
607  |      fa22       |fullAdder__1_1904       |    5|        6
608  |      fa21       |fullAdder__1_1901       |    5|        6
609  |      fa20       |fullAdder__1_1898       |    5|        6
610  |      fa19       |fullAdder__1_1895       |    5|        6
611  |      fa18       |fullAdder__1_1892       |   12|        9
612  |      fa17       |fullAdder__1_1889       |   14|       10
613  |      fa16       |fullAdder__1_1886       |   13|       10
614  |      fa15       |fullAdder__1_1883       |    5|        6
615  |      fa14       |fullAdder__1_1880       |   12|        9
616  |      fa13       |fullAdder__1_1877       |   12|        9
617  |      fa12       |fullAdder__1_1874       |   12|        9
618  |      fa11       |fullAdder__1_1871       |   12|        9
619  |      fa10       |fullAdder__1_1868       |    8|        8
620  |      fa9        |fullAdder__1_1865       |   13|       10
621  |      fa8        |fullAdder__1_1862       |    5|        6
622  |      fa7        |fullAdder__1_1859       |    8|        8
623  |      fa6        |fullAdder__1_1856       |    8|        8
624  |      fa5        |fullAdder__1_1853       |    9|        8
625  |      fa4        |fullAdder__1_1850       |    5|        6
626  |      fa3        |fullAdder__1_1847       |    8|        8
627  |      fa2        |fullAdder__1_1844       |   11|        9
628  |      fa1        |fullAdder__1_1841       |    5|        6
629  |      ha1        |halfAdder__1_1838       |    2|        3
630  |    genblk1_20_p2|PartialAdder__1_2029    |  210|      210
631  |      fa31       |fullAdder__1_2028       |    5|        6
632  |      fa30       |fullAdder__1_2025       |    5|        6
633  |      fa29       |fullAdder__1_2022       |    5|        6
634  |      fa28       |fullAdder__1_2019       |    5|        6
635  |      fa27       |fullAdder__1_2016       |    5|        6
636  |      fa26       |fullAdder__1_2013       |    5|        6
637  |      fa25       |fullAdder__1_2010       |    5|        6
638  |      fa24       |fullAdder__1_2007       |    5|        6
639  |      fa23       |fullAdder__1_2004       |    5|        6
640  |      fa22       |fullAdder__1_2001       |    5|        6
641  |      fa21       |fullAdder__1_1998       |    5|        6
642  |      fa20       |fullAdder__1_1995       |    5|        6
643  |      fa19       |fullAdder__1_1992       |    5|        6
644  |      fa18       |fullAdder__1_1989       |    5|        6
645  |      fa17       |fullAdder__1_1986       |    5|        6
646  |      fa16       |fullAdder__1_1983       |   13|       10
647  |      fa15       |fullAdder__1_1980       |    8|        8
648  |      fa14       |fullAdder__1_1977       |    5|        6
649  |      fa13       |fullAdder__1_1974       |   12|        9
650  |      fa12       |fullAdder__1_1971       |   12|        9
651  |      fa11       |fullAdder__1_1968       |   12|        9
652  |      fa10       |fullAdder__1_1965       |   12|        9
653  |      fa9        |fullAdder__1_1962       |    5|        6
654  |      fa8        |fullAdder__1_1959       |   13|       10
655  |      fa7        |fullAdder__1_1956       |    5|        6
656  |      fa6        |fullAdder__1_1953       |    5|        6
657  |      fa5        |fullAdder__1_1950       |    5|        6
658  |      fa4        |fullAdder__1_1947       |    5|        6
659  |      fa3        |fullAdder__1_1944       |    5|        6
660  |      fa2        |fullAdder__1_1941       |    9|        7
661  |      fa1        |fullAdder__1_1938       |    7|        7
662  |      ha1        |halfAdder__1_1935       |    2|        3
663  |    genblk1_21_p2|PartialAdder__1_2126    |  204|      207
664  |      fa31       |fullAdder__1_2125       |    5|        6
665  |      fa30       |fullAdder__1_2122       |    5|        6
666  |      fa29       |fullAdder__1_2119       |    5|        6
667  |      fa28       |fullAdder__1_2116       |    5|        6
668  |      fa27       |fullAdder__1_2113       |    5|        6
669  |      fa26       |fullAdder__1_2110       |    5|        6
670  |      fa25       |fullAdder__1_2107       |    5|        6
671  |      fa24       |fullAdder__1_2104       |    5|        6
672  |      fa23       |fullAdder__1_2101       |    5|        6
673  |      fa22       |fullAdder__1_2098       |    5|        6
674  |      fa21       |fullAdder__1_2095       |    5|        6
675  |      fa20       |fullAdder__1_2092       |    5|        6
676  |      fa19       |fullAdder__1_2089       |    5|        6
677  |      fa18       |fullAdder__1_2086       |    5|        6
678  |      fa17       |fullAdder__1_2083       |    5|        6
679  |      fa16       |fullAdder__1_2080       |    5|        6
680  |      fa15       |fullAdder__1_2077       |    5|        6
681  |      fa14       |fullAdder__1_2074       |    5|        6
682  |      fa13       |fullAdder__1_2071       |    8|        8
683  |      fa12       |fullAdder__1_2068       |   12|        9
684  |      fa11       |fullAdder__1_2065       |   13|       10
685  |      fa10       |fullAdder__1_2062       |   12|        9
686  |      fa9        |fullAdder__1_2059       |   11|        8
687  |      fa8        |fullAdder__1_2056       |    8|        7
688  |      fa7        |fullAdder__1_2053       |   11|        9
689  |      fa6        |fullAdder__1_2050       |    8|        7
690  |      fa5        |fullAdder__1_2047       |    8|        8
691  |      fa4        |fullAdder__1_2044       |    6|        6
692  |      fa3        |fullAdder__1_2041       |    5|        6
693  |      fa2        |fullAdder__1_2038       |    5|        6
694  |      fa1        |fullAdder__1_2035       |    5|        6
695  |      ha1        |halfAdder__1_2032       |    2|        3
696  |    genblk1_22_p2|PartialAdder__1_2223    |  209|      211
697  |      fa31       |fullAdder__1_2222       |    5|        6
698  |      fa30       |fullAdder__1_2219       |    5|        6
699  |      fa29       |fullAdder__1_2216       |    5|        6
700  |      fa28       |fullAdder__1_2213       |    5|        6
701  |      fa27       |fullAdder__1_2210       |    5|        6
702  |      fa26       |fullAdder__1_2207       |    5|        6
703  |      fa25       |fullAdder__1_2204       |    5|        6
704  |      fa24       |fullAdder__1_2201       |    5|        6
705  |      fa23       |fullAdder__1_2198       |    5|        6
706  |      fa22       |fullAdder__1_2195       |    5|        6
707  |      fa21       |fullAdder__1_2192       |    5|        6
708  |      fa20       |fullAdder__1_2189       |    5|        6
709  |      fa19       |fullAdder__1_2186       |    5|        6
710  |      fa18       |fullAdder__1_2183       |    5|        6
711  |      fa17       |fullAdder__1_2180       |    5|        6
712  |      fa16       |fullAdder__1_2177       |    5|        6
713  |      fa15       |fullAdder__1_2174       |    5|        6
714  |      fa14       |fullAdder__1_2171       |    5|        6
715  |      fa13       |fullAdder__1_2168       |    5|        6
716  |      fa12       |fullAdder__1_2165       |    8|        8
717  |      fa11       |fullAdder__1_2162       |   13|       10
718  |      fa10       |fullAdder__1_2159       |   12|        9
719  |      fa9        |fullAdder__1_2156       |    9|        7
720  |      fa8        |fullAdder__1_2153       |   12|        9
721  |      fa7        |fullAdder__1_2150       |    8|        8
722  |      fa6        |fullAdder__1_2147       |   12|        9
723  |      fa5        |fullAdder__1_2144       |    5|        6
724  |      fa4        |fullAdder__1_2141       |   14|       10
725  |      fa3        |fullAdder__1_2138       |    5|        6
726  |      fa2        |fullAdder__1_2135       |    5|        6
727  |      fa1        |fullAdder__1_2132       |    9|        8
728  |      ha1        |halfAdder__1_2129       |    2|        3
729  |    genblk1_23_p2|PartialAdder__1_2320    |  199|      206
730  |      fa31       |fullAdder__1_2319       |    5|        6
731  |      fa30       |fullAdder__1_2316       |    5|        6
732  |      fa29       |fullAdder__1_2313       |    5|        6
733  |      fa28       |fullAdder__1_2310       |    5|        6
734  |      fa27       |fullAdder__1_2307       |    5|        6
735  |      fa26       |fullAdder__1_2304       |    5|        6
736  |      fa25       |fullAdder__1_2301       |    5|        6
737  |      fa24       |fullAdder__1_2298       |    5|        6
738  |      fa23       |fullAdder__1_2295       |    5|        6
739  |      fa22       |fullAdder__1_2292       |    5|        6
740  |      fa21       |fullAdder__1_2289       |    5|        6
741  |      fa20       |fullAdder__1_2286       |    5|        6
742  |      fa19       |fullAdder__1_2283       |    5|        6
743  |      fa18       |fullAdder__1_2280       |    5|        6
744  |      fa17       |fullAdder__1_2277       |    5|        6
745  |      fa16       |fullAdder__1_2274       |    5|        6
746  |      fa15       |fullAdder__1_2271       |    5|        6
747  |      fa14       |fullAdder__1_2268       |    5|        6
748  |      fa13       |fullAdder__1_2265       |    5|        6
749  |      fa12       |fullAdder__1_2262       |    5|        6
750  |      fa11       |fullAdder__1_2259       |    8|        8
751  |      fa10       |fullAdder__1_2256       |   13|       10
752  |      fa9        |fullAdder__1_2253       |   13|       10
753  |      fa8        |fullAdder__1_2250       |   12|        9
754  |      fa7        |fullAdder__1_2247       |   12|        9
755  |      fa6        |fullAdder__1_2244       |    8|        8
756  |      fa5        |fullAdder__1_2241       |   11|        9
757  |      fa4        |fullAdder__1_2238       |    5|        6
758  |      fa3        |fullAdder__1_2235       |    5|        6
759  |      fa2        |fullAdder__1_2232       |    5|        6
760  |      fa1        |fullAdder__1_2229       |    5|        6
761  |      ha1        |halfAdder__1_2226       |    2|        3
762  |    genblk1_24_p2|PartialAdder__1_2417    |  186|      200
763  |      fa31       |fullAdder__1_2416       |    5|        6
764  |      fa30       |fullAdder__1_2413       |    5|        6
765  |      fa29       |fullAdder__1_2410       |    5|        6
766  |      fa28       |fullAdder__1_2407       |    5|        6
767  |      fa27       |fullAdder__1_2404       |    5|        6
768  |      fa26       |fullAdder__1_2401       |    5|        6
769  |      fa25       |fullAdder__1_2398       |    5|        6
770  |      fa24       |fullAdder__1_2395       |    5|        6
771  |      fa23       |fullAdder__1_2392       |    5|        6
772  |      fa22       |fullAdder__1_2389       |    5|        6
773  |      fa21       |fullAdder__1_2386       |    5|        6
774  |      fa20       |fullAdder__1_2383       |    5|        6
775  |      fa19       |fullAdder__1_2380       |    5|        6
776  |      fa18       |fullAdder__1_2377       |    5|        6
777  |      fa17       |fullAdder__1_2374       |    5|        6
778  |      fa16       |fullAdder__1_2371       |    5|        6
779  |      fa15       |fullAdder__1_2368       |    5|        6
780  |      fa14       |fullAdder__1_2365       |    5|        6
781  |      fa13       |fullAdder__1_2362       |    5|        6
782  |      fa12       |fullAdder__1_2359       |    5|        6
783  |      fa11       |fullAdder__1_2356       |    5|        6
784  |      fa10       |fullAdder__1_2353       |    5|        6
785  |      fa9        |fullAdder__1_2350       |    5|        6
786  |      fa8        |fullAdder__1_2347       |   13|       10
787  |      fa7        |fullAdder__1_2344       |   12|        9
788  |      fa6        |fullAdder__1_2341       |   12|        9
789  |      fa5        |fullAdder__1_2338       |    8|        8
790  |      fa4        |fullAdder__1_2335       |    5|        6
791  |      fa3        |fullAdder__1_2332       |    6|        6
792  |      fa2        |fullAdder__1_2329       |    8|        8
793  |      fa1        |fullAdder__1_2326       |    5|        6
794  |      ha1        |halfAdder__1_2323       |    2|        3
795  |    genblk1_25_p2|PartialAdder__1_2514    |  185|      198
796  |      fa31       |fullAdder__1_2513       |    5|        6
797  |      fa30       |fullAdder__1_2510       |    5|        6
798  |      fa29       |fullAdder__1_2507       |    5|        6
799  |      fa28       |fullAdder__1_2504       |    5|        6
800  |      fa27       |fullAdder__1_2501       |    5|        6
801  |      fa26       |fullAdder__1_2498       |    5|        6
802  |      fa25       |fullAdder__1_2495       |    5|        6
803  |      fa24       |fullAdder__1_2492       |    5|        6
804  |      fa23       |fullAdder__1_2489       |    5|        6
805  |      fa22       |fullAdder__1_2486       |    5|        6
806  |      fa21       |fullAdder__1_2483       |    5|        6
807  |      fa20       |fullAdder__1_2480       |    5|        6
808  |      fa19       |fullAdder__1_2477       |    5|        6
809  |      fa18       |fullAdder__1_2474       |    5|        6
810  |      fa17       |fullAdder__1_2471       |    5|        6
811  |      fa16       |fullAdder__1_2468       |    5|        6
812  |      fa15       |fullAdder__1_2465       |    5|        6
813  |      fa14       |fullAdder__1_2462       |    5|        6
814  |      fa13       |fullAdder__1_2459       |    5|        6
815  |      fa12       |fullAdder__1_2456       |    5|        6
816  |      fa11       |fullAdder__1_2453       |    5|        6
817  |      fa10       |fullAdder__1_2450       |    5|        6
818  |      fa9        |fullAdder__1_2447       |    5|        6
819  |      fa8        |fullAdder__1_2444       |    5|        6
820  |      fa7        |fullAdder__1_2441       |   13|       10
821  |      fa6        |fullAdder__1_2438       |   12|        9
822  |      fa5        |fullAdder__1_2435       |   12|        9
823  |      fa4        |fullAdder__1_2432       |    8|        7
824  |      fa3        |fullAdder__1_2429       |    5|        6
825  |      fa2        |fullAdder__1_2426       |    8|        7
826  |      fa1        |fullAdder__1_2423       |    5|        6
827  |      ha1        |halfAdder__1_2420       |    2|        3
828  |    genblk1_26_p2|PartialAdder__1_2611    |  179|      197
829  |      fa31       |fullAdder__1_2610       |    5|        6
830  |      fa30       |fullAdder__1_2607       |    5|        6
831  |      fa29       |fullAdder__1_2604       |    5|        6
832  |      fa28       |fullAdder__1_2601       |    5|        6
833  |      fa27       |fullAdder__1_2598       |    5|        6
834  |      fa26       |fullAdder__1_2595       |    5|        6
835  |      fa25       |fullAdder__1_2592       |    5|        6
836  |      fa24       |fullAdder__1_2589       |    5|        6
837  |      fa23       |fullAdder__1_2586       |    5|        6
838  |      fa22       |fullAdder__1_2583       |    5|        6
839  |      fa21       |fullAdder__1_2580       |    5|        6
840  |      fa20       |fullAdder__1_2577       |    5|        6
841  |      fa19       |fullAdder__1_2574       |    5|        6
842  |      fa18       |fullAdder__1_2571       |    5|        6
843  |      fa17       |fullAdder__1_2568       |    5|        6
844  |      fa16       |fullAdder__1_2565       |    5|        6
845  |      fa15       |fullAdder__1_2562       |    5|        6
846  |      fa14       |fullAdder__1_2559       |    5|        6
847  |      fa13       |fullAdder__1_2556       |    5|        6
848  |      fa12       |fullAdder__1_2553       |    5|        6
849  |      fa11       |fullAdder__1_2550       |    5|        6
850  |      fa10       |fullAdder__1_2547       |    5|        6
851  |      fa9        |fullAdder__1_2544       |    5|        6
852  |      fa8        |fullAdder__1_2541       |    5|        6
853  |      fa7        |fullAdder__1_2538       |    5|        6
854  |      fa6        |fullAdder__1_2535       |   13|       10
855  |      fa5        |fullAdder__1_2532       |    6|        6
856  |      fa4        |fullAdder__1_2529       |   13|       10
857  |      fa3        |fullAdder__1_2526       |    9|        8
858  |      fa2        |fullAdder__1_2523       |    5|        6
859  |      fa1        |fullAdder__1_2520       |    6|        6
860  |      ha1        |halfAdder__1_2517       |    2|        3
861  |    genblk1_27_p2|PartialAdder__1_2708    |  169|      190
862  |      fa31       |fullAdder__1_2707       |    5|        6
863  |      fa30       |fullAdder__1_2704       |    5|        6
864  |      fa29       |fullAdder__1_2701       |    5|        6
865  |      fa28       |fullAdder__1_2698       |    5|        6
866  |      fa27       |fullAdder__1_2695       |    5|        6
867  |      fa26       |fullAdder__1_2692       |    5|        6
868  |      fa25       |fullAdder__1_2689       |    5|        6
869  |      fa24       |fullAdder__1_2686       |    5|        6
870  |      fa23       |fullAdder__1_2683       |    5|        6
871  |      fa22       |fullAdder__1_2680       |    5|        6
872  |      fa21       |fullAdder__1_2677       |    5|        6
873  |      fa20       |fullAdder__1_2674       |    5|        6
874  |      fa19       |fullAdder__1_2671       |    5|        6
875  |      fa18       |fullAdder__1_2668       |    5|        6
876  |      fa17       |fullAdder__1_2665       |    5|        6
877  |      fa16       |fullAdder__1_2662       |    5|        6
878  |      fa15       |fullAdder__1_2659       |    5|        6
879  |      fa14       |fullAdder__1_2656       |    5|        6
880  |      fa13       |fullAdder__1_2653       |    5|        6
881  |      fa12       |fullAdder__1_2650       |    5|        6
882  |      fa11       |fullAdder__1_2647       |    5|        6
883  |      fa10       |fullAdder__1_2644       |    5|        6
884  |      fa9        |fullAdder__1_2641       |    5|        6
885  |      fa8        |fullAdder__1_2638       |    5|        6
886  |      fa7        |fullAdder__1_2635       |    5|        6
887  |      fa6        |fullAdder__1_2632       |    5|        6
888  |      fa5        |fullAdder__1_2629       |   14|       11
889  |      fa4        |fullAdder__1_2626       |    5|        6
890  |      fa3        |fullAdder__1_2623       |    5|        6
891  |      fa2        |fullAdder__1_2620       |    8|        7
892  |      fa1        |fullAdder__1_2617       |    5|        6
893  |      ha1        |halfAdder__1_2614       |    2|        3
894  |    genblk1_28_p2|PartialAdder__1_2805    |  183|      198
895  |      fa31       |fullAdder__1_2804       |    5|        6
896  |      fa30       |fullAdder__1_2801       |    5|        6
897  |      fa29       |fullAdder__1_2798       |    5|        6
898  |      fa28       |fullAdder__1_2795       |    5|        6
899  |      fa27       |fullAdder__1_2792       |    5|        6
900  |      fa26       |fullAdder__1_2789       |    5|        6
901  |      fa25       |fullAdder__1_2786       |    5|        6
902  |      fa24       |fullAdder__1_2783       |    5|        6
903  |      fa23       |fullAdder__1_2780       |    5|        6
904  |      fa22       |fullAdder__1_2777       |    5|        6
905  |      fa21       |fullAdder__1_2774       |    5|        6
906  |      fa20       |fullAdder__1_2771       |    5|        6
907  |      fa19       |fullAdder__1_2768       |    5|        6
908  |      fa18       |fullAdder__1_2765       |    5|        6
909  |      fa17       |fullAdder__1_2762       |    5|        6
910  |      fa16       |fullAdder__1_2759       |    5|        6
911  |      fa15       |fullAdder__1_2756       |    5|        6
912  |      fa14       |fullAdder__1_2753       |    5|        6
913  |      fa13       |fullAdder__1_2750       |    5|        6
914  |      fa12       |fullAdder__1_2747       |    5|        6
915  |      fa11       |fullAdder__1_2744       |    5|        6
916  |      fa10       |fullAdder__1_2741       |    5|        6
917  |      fa9        |fullAdder__1_2738       |    7|        7
918  |      fa8        |fullAdder__1_2735       |   14|       10
919  |      fa7        |fullAdder__1_2732       |    5|        6
920  |      fa6        |fullAdder__1_2729       |    5|        6
921  |      fa5        |fullAdder__1_2726       |    5|        6
922  |      fa4        |fullAdder__1_2723       |   13|       10
923  |      fa3        |fullAdder__1_2720       |    9|        9
924  |      fa2        |fullAdder__1_2717       |    5|        6
925  |      fa1        |fullAdder__1_2714       |    8|        8
926  |      ha1        |halfAdder__1_2711       |    2|        3
927  |    genblk1_29_p2|PartialAdder__0_47      |  199|      203
928  |      fa31       |fullAdder__1_2          |    5|        6
929  |      fa30       |fullAdder__1_5          |    5|        6
930  |      fa29       |fullAdder__1_8          |    5|        6
931  |      fa28       |fullAdder__1_11         |    5|        6
932  |      fa27       |fullAdder__1_14         |    5|        6
933  |      fa26       |fullAdder__1_17         |    5|        6
934  |      fa25       |fullAdder__1_20         |    5|        6
935  |      fa24       |fullAdder__1_23         |    5|        6
936  |      fa23       |fullAdder__1_26         |    5|        6
937  |      fa22       |fullAdder__1_29         |    5|        6
938  |      fa21       |fullAdder__1_32         |    5|        6
939  |      fa20       |fullAdder__1_35         |    5|        6
940  |      fa19       |fullAdder__1_38         |    5|        6
941  |      fa18       |fullAdder__1_41         |    5|        6
942  |      fa17       |fullAdder__1_44         |    5|        6
943  |      fa16       |fullAdder__1_47         |    5|        6
944  |      fa15       |fullAdder__1_50         |    5|        6
945  |      fa14       |fullAdder__1_53         |    5|        6
946  |      fa13       |fullAdder__1_56         |    5|        6
947  |      fa12       |fullAdder__1_59         |    5|        6
948  |      fa11       |fullAdder__1_62         |    5|        6
949  |      fa10       |fullAdder__1_65         |    5|        6
950  |      fa9        |fullAdder__1_68         |    7|        7
951  |      fa8        |fullAdder__1_71         |   14|       11
952  |      fa7        |fullAdder__1_74         |    8|        7
953  |      fa6        |fullAdder__1_77         |   11|        9
954  |      fa5        |fullAdder__1_80         |    9|        7
955  |      fa4        |fullAdder__1_83         |    9|        7
956  |      fa3        |fullAdder__1_86         |    9|        8
957  |      fa2        |fullAdder__1_89         |   11|        9
958  |      fa1        |fullAdder__0_46         |    9|        7
959  |      ha1        |halfAdder__0_43         |    2|        3
960  |    final        |adderPlus               |  245|      233
961  |    p1           |PartialAdder            |  155|      181
962  |      fa31       |fullAdder__3_2          |    2|        3
963  |      fa30       |fullAdder__3_5          |    6|        6
964  |      fa29       |fullAdder__3_8          |    5|        6
965  |      fa28       |fullAdder__3_11         |    5|        6
966  |      fa27       |fullAdder__3_14         |    5|        6
967  |      fa26       |fullAdder__3_17         |    5|        6
968  |      fa25       |fullAdder__3_20         |    5|        6
969  |      fa24       |fullAdder__3_23         |    5|        6
970  |      fa23       |fullAdder__3_26         |    5|        6
971  |      fa22       |fullAdder__3_29         |    5|        6
972  |      fa21       |fullAdder__3_32         |    5|        6
973  |      fa20       |fullAdder__3_35         |    5|        6
974  |      fa19       |fullAdder__3_38         |    5|        6
975  |      fa18       |fullAdder__3_41         |    5|        6
976  |      fa17       |fullAdder__3_44         |    5|        6
977  |      fa16       |fullAdder__3_47         |    5|        6
978  |      fa15       |fullAdder__3_50         |    5|        6
979  |      fa14       |fullAdder__3_53         |    5|        6
980  |      fa13       |fullAdder__3_56         |    5|        6
981  |      fa12       |fullAdder__3_59         |    5|        6
982  |      fa11       |fullAdder__3_62         |    5|        6
983  |      fa10       |fullAdder__3_65         |    5|        6
984  |      fa9        |fullAdder__3_68         |    5|        6
985  |      fa8        |fullAdder__3_71         |    5|        6
986  |      fa7        |fullAdder__3_74         |    5|        6
987  |      fa6        |fullAdder__3_77         |    5|        6
988  |      fa5        |fullAdder__3_80         |    5|        6
989  |      fa4        |fullAdder__3_83         |    5|        6
990  |      fa3        |fullAdder__3_86         |    5|        6
991  |      fa2        |fullAdder__3_89         |    5|        6
992  |      fa1        |fullAdder               |    5|        6
993  |      ha1        |halfAdder               |    2|        3
994  |  Register_inst1 |Register__5_0           |   32|      145
995  |  Register_inst2 |Register                |   32|      145
996  |  Register_inst3 |Register__parameterized0|   64|      289
-----+-----------------+------------------------+-----+---------
