Report End Points: 
-----+-------+-------+-------+------+------+-----+-----+---------------------------+----------------------------
     |Group  |Launch |Capture|Shift |Delay |Depth|Slack|Begin Point                |End Point                   
-----+-------+-------+-------+------+------+-----+-----+---------------------------+----------------------------
1    |default|vsysclk|vsysclk|4000.0|3804.4|  115| 35.3|Register_inst1/out_reg[6]/Q|Register_inst3/out_reg[61]/D
2    |default|vsysclk|vsysclk|4000.0|3801.1|  115| 45.6|Register_inst1/out_reg[6]/Q|Register_inst3/out_reg[62]/D
3    |default|vsysclk|vsysclk|4000.0|3791.1|  116| 50.4|Register_inst1/out_reg[6]/Q|Register_inst3/out_reg[63]/D
-----+-------+-------+-------+------+------+-----+-----+---------------------------+----------------------------
Report End Points: 
-----+-----+-------+-------+------+-----+-----+------+-----------+----------------------------
     |Group|Launch |Capture|Shift |Delay|Depth|Slack |Begin Point|End Point                   
-----+-----+-------+-------+------+-----+-----+------+-----------+----------------------------
1    |I2R  |vsysclk|vsysclk|4000.0|  0.4|    0|3770.5|a[29]      |Register_inst1/out_reg[29]/D
2    |I2R  |vsysclk|vsysclk|4000.0|  0.4|    0|3770.5|a[25]      |Register_inst1/out_reg[25]/D
3    |I2R  |vsysclk|vsysclk|4000.0|  0.4|    0|3770.5|a[21]      |Register_inst1/out_reg[21]/D
-----+-----+-------+-------+------+-----+-----+------+-----------+----------------------------
Report End Points: 
-----+-----+------+-------+-----+-----+-----+-----+-----------+---------
     |Group|Launch|Capture|Shift|Delay|Depth|Slack|Begin Point|End Point
-----+-----+------+-------+-----+-----+-----+-----+-----------+---------
1    |I2O  |      |       |     |     |     |     |           |         
-----+-----+------+-------+-----+-----+-----+-----+-----------+---------
Report End Points: 
-----+-----+-------+-------+------+-----+-----+------+----------------------------+---------
     |Group|Launch |Capture|Shift |Delay|Depth|Slack |Begin Point                 |End Point
-----+-----+-------+-------+------+-----+-----+------+----------------------------+---------
1    |R2O  |vsysclk|vsysclk|4000.0|  0.5|    0|3403.4|Register_inst3/out_reg[61]/Q|data[61] 
2    |R2O  |vsysclk|vsysclk|4000.0|  0.5|    0|3403.4|Register_inst3/out_reg[57]/Q|data[57] 
3    |R2O  |vsysclk|vsysclk|4000.0|  0.5|    0|3403.4|Register_inst3/out_reg[53]/Q|data[53] 
-----+-----+-------+-------+------+-----+-----+------+----------------------------+---------
