warning: No library characterized for (process = 1.00 voltage = 0.85 temperature = 25.00) can be found in the database for power domain '/PD_TOP'  [NL-174]
Report Power (instances with prefix '*' are included in total) : 
-----+----------------+--------------------+---------------------+-------------------+-----------------
     | Instance       | Internal Power(uw) | Switching Power(uw) | Leakage Power(uw) | Total Power(uw) 
-----+----------------+--------------------+---------------------+-------------------+-----------------
1    |*subnormal_inst |            0.592546|             2.011350|           1.341016|         3.944912
2    |*xor_inst       |            0.379122|             0.117981|           0.036164|         0.533267
3    |*adder_inst1    |            8.735929|            23.164921|           0.849313|        32.750160
4    |*adder_inst2    |            9.149392|            25.704201|           0.896278|        35.749866
5    |*multiplier_inst|          244.607346|           247.688385|          26.156954|       518.452698
6    |*normalizer_inst|            9.033953|             3.174554|           0.829844|        13.038351
7    |*adder_inst3    |            8.703464|            22.029318|           0.849313|        31.582094
8    |*i_0_0_0        |            0.244677|             0.955656|           0.022619|         1.222952
9    |*i_0_0_1        |            0.191759|             0.309068|           0.021200|         0.522027
10   |*i_0_0_2        |            0.069796|             0.077180|           0.018127|         0.165102
11   |*i_0_0_3        |            0.069799|             0.077700|           0.018127|         0.165626
12   |*i_0_0_4        |            0.402195|             1.012881|           0.035928|         1.451004
13   |*i_0_0_5        |            0.402110|             1.012665|           0.035928|         1.450703
14   |*i_0_0_6        |            0.406336|             1.022325|           0.035928|         1.464589
15   |*i_0_0_7        |            0.405448|             0.987544|           0.035928|         1.428920
16   |*i_0_0_8        |            0.406375|             1.023867|           0.035928|         1.466170
17   |*i_0_0_9        |            0.406375|             1.023867|           0.035928|         1.466170
18   |*i_0_0_10       |            0.406366|             1.023524|           0.035928|         1.465819
19   |*i_0_0_11       |            0.405479|             0.988743|           0.035928|         1.430150
20   |*i_0_0_12       |            0.406405|             1.025066|           0.035928|         1.467400
21   |*i_0_0_13       |            0.406405|             1.025066|           0.035928|         1.467400
22   |*i_0_0_14       |            0.406397|             1.024724|           0.035928|         1.467049
23   |*i_0_0_15       |            0.405509|             0.989942|           0.035928|         1.431380
24   |*i_0_0_16       |            0.406436|             1.026266|           0.035928|         1.468630
25   |*i_0_0_17       |            0.406436|             1.026266|           0.035928|         1.468630
26   |*i_0_0_18       |            0.406427|             1.025923|           0.035928|         1.468279
27   |*i_0_0_19       |            0.405540|             0.991142|           0.035928|         1.432610
28   |*i_0_0_20       |            0.406467|             1.027465|           0.035928|         1.469860
29   |*i_0_0_21       |            0.406467|             1.027465|           0.035928|         1.469860
30   |*i_0_0_22       |            0.406458|             1.027122|           0.035928|         1.469509
31   |*i_0_0_23       |            0.405570|             0.992341|           0.035928|         1.433840
32   |*i_0_0_24       |            0.406497|             1.028664|           0.035928|         1.471090
33   |*i_0_0_25       |            0.406497|             1.028664|           0.035928|         1.471090
34   |*i_0_0_26       |            0.300950|             0.763377|           0.035928|         1.100255
35   |*i_0_0_27       |            0.403624|             0.993541|           0.035928|         1.433093
36   |*i_0_0_28       |            0.404570|             1.029864|           0.035928|         1.470363
37   |*i_0_0_29       |            0.404583|             1.029864|           0.035928|         1.470376
38   |*i_0_0_30       |            0.404613|             1.029521|           0.035928|         1.470063
39   |*i_0_0_31       |            0.403618|             0.993305|           0.035928|         1.432852
40   |*i_0_0_32       |            0.403691|             0.994740|           0.035928|         1.434360
41   |*i_0_0_33       |            0.404613|             1.031063|           0.035928|         1.471605
42   |*i_0_0_34       |            0.404652|             1.031063|           0.035928|         1.471643
43   |*i_0_0_35       |            0.405707|             1.030720|           0.035928|         1.472355
44   |                |                    |                     |                   |                 
45   |*TOTAL          |          294.646484|           357.598999|          32.188648|       684.434204
-----+----------------+--------------------+---------------------+-------------------+-----------------
