Report Instance Areas: 
-----+----------+----------------------+-----+---------
     |Instance  |Module                |Cells|Cell Area
-----+----------+----------------------+-----+---------
1    |top       |                      |  176|      232
2    |  s7      |SkipAdder_4bits__0_66 |   22|       29
3    |    r     |RippleAdder__0_65     |   20|       26
4    |      f0  |FullAdder__0_64       |    5|        6
5    |        h1|HalfAdder__0_63       |    2|        3
6    |        h2|HalfAdder__0_60       |    2|        3
7    |      f1  |FullAdder__0_56       |    5|        6
8    |        h1|HalfAdder__0_55       |    2|        3
9    |        h2|HalfAdder__0_52       |    2|        3
10   |      f2  |FullAdder__0_48       |    5|        6
11   |        h1|HalfAdder__0_47       |    2|        3
12   |        h2|HalfAdder__0_44       |    2|        3
13   |      f3  |FullAdder__0_40       |    5|        6
14   |        h1|HalfAdder__0_39       |    2|        3
15   |        h2|HalfAdder__0_36       |    2|        3
16   |    m     |Mux2_1__0_32          |    1|        2
17   |  s6      |SkipAdder_4bits__0_103|   22|       29
18   |    r     |RippleAdder__0_102    |   20|       26
19   |      f0  |FullAdder__0_101      |    5|        6
20   |        h1|HalfAdder__0_100      |    2|        3
21   |        h2|HalfAdder__0_97       |    2|        3
22   |      f1  |FullAdder__0_93       |    5|        6
23   |        h1|HalfAdder__0_92       |    2|        3
24   |        h2|HalfAdder__0_89       |    2|        3
25   |      f2  |FullAdder__0_85       |    5|        6
26   |        h1|HalfAdder__0_84       |    2|        3
27   |        h2|HalfAdder__0_81       |    2|        3
28   |      f3  |FullAdder__0_77       |    5|        6
29   |        h1|HalfAdder__0_76       |    2|        3
30   |        h2|HalfAdder__0_73       |    2|        3
31   |    m     |Mux2_1__0_69          |    1|        2
32   |  s5      |SkipAdder_4bits__0_140|   22|       29
33   |    r     |RippleAdder__0_139    |   20|       26
34   |      f0  |FullAdder__0_138      |    5|        6
35   |        h1|HalfAdder__0_137      |    2|        3
36   |        h2|HalfAdder__0_134      |    2|        3
37   |      f1  |FullAdder__0_130      |    5|        6
38   |        h1|HalfAdder__0_129      |    2|        3
39   |        h2|HalfAdder__0_126      |    2|        3
40   |      f2  |FullAdder__0_122      |    5|        6
41   |        h1|HalfAdder__0_121      |    2|        3
42   |        h2|HalfAdder__0_118      |    2|        3
43   |      f3  |FullAdder__0_114      |    5|        6
44   |        h1|HalfAdder__0_113      |    2|        3
45   |        h2|HalfAdder__0_110      |    2|        3
46   |    m     |Mux2_1__0_106         |    1|        2
47   |  s4      |SkipAdder_4bits__0_177|   22|       29
48   |    r     |RippleAdder__0_176    |   20|       26
49   |      f0  |FullAdder__0_175      |    5|        6
50   |        h1|HalfAdder__0_174      |    2|        3
51   |        h2|HalfAdder__0_171      |    2|        3
52   |      f1  |FullAdder__0_167      |    5|        6
53   |        h1|HalfAdder__0_166      |    2|        3
54   |        h2|HalfAdder__0_163      |    2|        3
55   |      f2  |FullAdder__0_159      |    5|        6
56   |        h1|HalfAdder__0_158      |    2|        3
57   |        h2|HalfAdder__0_155      |    2|        3
58   |      f3  |FullAdder__0_151      |    5|        6
59   |        h1|HalfAdder__0_150      |    2|        3
60   |        h2|HalfAdder__0_147      |    2|        3
61   |    m     |Mux2_1__0_143         |    1|        2
62   |  s3      |SkipAdder_4bits__0_214|   22|       29
63   |    r     |RippleAdder__0_213    |   20|       26
64   |      f0  |FullAdder__0_212      |    5|        6
65   |        h1|HalfAdder__0_211      |    2|        3
66   |        h2|HalfAdder__0_208      |    2|        3
67   |      f1  |FullAdder__0_204      |    5|        6
68   |        h1|HalfAdder__0_203      |    2|        3
69   |        h2|HalfAdder__0_200      |    2|        3
70   |      f2  |FullAdder__0_196      |    5|        6
71   |        h1|HalfAdder__0_195      |    2|        3
72   |        h2|HalfAdder__0_192      |    2|        3
73   |      f3  |FullAdder__0_188      |    5|        6
74   |        h1|HalfAdder__0_187      |    2|        3
75   |        h2|HalfAdder__0_184      |    2|        3
76   |    m     |Mux2_1__0_180         |    1|        2
77   |  s2      |SkipAdder_4bits__0_251|   22|       29
78   |    r     |RippleAdder__0_250    |   20|       26
79   |      f0  |FullAdder__0_249      |    5|        6
80   |        h1|HalfAdder__0_248      |    2|        3
81   |        h2|HalfAdder__0_245      |    2|        3
82   |      f1  |FullAdder__0_241      |    5|        6
83   |        h1|HalfAdder__0_240      |    2|        3
84   |        h2|HalfAdder__0_237      |    2|        3
85   |      f2  |FullAdder__0_233      |    5|        6
86   |        h1|HalfAdder__0_232      |    2|        3
87   |        h2|HalfAdder__0_229      |    2|        3
88   |      f3  |FullAdder__0_225      |    5|        6
89   |        h1|HalfAdder__0_224      |    2|        3
90   |        h2|HalfAdder__0_221      |    2|        3
91   |    m     |Mux2_1__0_217         |    1|        2
92   |  s1      |SkipAdder_4bits__0_288|   22|       29
93   |    r     |RippleAdder__0_287    |   20|       26
94   |      f0  |FullAdder__0_286      |    5|        6
95   |        h1|HalfAdder__0_285      |    2|        3
96   |        h2|HalfAdder__0_282      |    2|        3
97   |      f1  |FullAdder__0_278      |    5|        6
98   |        h1|HalfAdder__0_277      |    2|        3
99   |        h2|HalfAdder__0_274      |    2|        3
100  |      f2  |FullAdder__0_270      |    5|        6
101  |        h1|HalfAdder__0_269      |    2|        3
102  |        h2|HalfAdder__0_266      |    2|        3
103  |      f3  |FullAdder__0_262      |    5|        6
104  |        h1|HalfAdder__0_261      |    2|        3
105  |        h2|HalfAdder__0_258      |    2|        3
106  |    m     |Mux2_1__0_254         |    1|        2
107  |  s8      |SkipAdder_4bits       |   22|       29
108  |    r     |RippleAdder           |   20|       26
109  |      f0  |FullAdder__0_13       |    5|        6
110  |        h1|HalfAdder__0_12       |    2|        3
111  |        h2|HalfAdder__0_9        |    2|        3
112  |      f1  |FullAdder__0_21       |    5|        6
113  |        h1|HalfAdder__0_20       |    2|        3
114  |        h2|HalfAdder__0_17       |    2|        3
115  |      f2  |FullAdder__0_29       |    5|        6
116  |        h1|HalfAdder__0_28       |    2|        3
117  |        h2|HalfAdder__0_25       |    2|        3
118  |      f3  |FullAdder             |    5|        6
119  |        h1|HalfAdder__0_5        |    2|        3
120  |        h2|HalfAdder             |    2|        3
121  |    m     |Mux2_1                |    1|        2
-----+----------+----------------------+-----+---------
