Report for group default
Report for group I2R
Report for group I2O
------------------------------------------------------------------------------------------------------------------------------------------------------------
Startpoint: b[0]
    (Clocked by vsysclk R)
Endpoint: cout
    (Clocked by vsysclk R)
Path Group: I2O
Data required time: 19500.0
    (Clock shift: 20000.0, minus Uncertainty: 0.0, plus Latency 0.0, minus Out delay: 500.0)
Data arrival time: 3656.3
Slack: 15843.7
Logic depth: 73
------------------------------------------------------------------------------------------------------------------------------------------------------------
                                                     Arrival               Arc      Net               Net    Total   fan-                                   
Path                     Module/Cell           Edge     Time    Delay    Delay    Delay     Slew     Load     Load    out     Location Power Domain      (V)
                                                        (ps)     (ps)     (ps)     (ps)     (ps)     (ff)     (ff)    (#)      (um,um)                      
------------------------------------------------------------------------------------------------------------------------------------------------------------
b[0]                     {set_input_delay}        r   1000.0   1000.0   1000.0                        2.2      8.2      2    40,    0                       
s1/r/f0/h1/i_0_0/B->Z    XOR2_X2                 rf   1017.9     17.9     17.7      0.2      0.0      0.9      8.2      3    40,   39  /PD_TOP        (1.10)
s1/r/f0/h2/i_0_1/A1->ZN  AND2_X4                 ff   1046.0     28.1     28.1      0.0     14.7      0.3      2.4      1    40,   39  /PD_TOP        (1.10)
s1/r/f0/i_0_0/A1->ZN     OR2_X4                  ff   1086.1     40.1     40.1      0.0      5.1      0.5      6.2      2    40,   39  /PD_TOP        (1.10)
s1/r/f1/h2/i_0_1/A2->ZN  AND2_X4                 ff   1113.5     27.4     27.4      0.0      8.8      0.3      2.4      1    40,   39  /PD_TOP        (1.10)
s1/r/f1/i_0_0/A1->ZN     OR2_X4                  ff   1153.6     40.1     40.1      0.0      5.1      0.5      6.2      2    40,   39  /PD_TOP        (1.10)
s1/r/f2/h2/i_0_1/A2->ZN  AND2_X4                 ff   1181.0     27.4     27.4      0.0      8.8      0.3      2.4      1    40,   39  /PD_TOP        (1.10)
s1/r/f2/i_0_0/A1->ZN     OR2_X4                  ff   1221.1     40.1     40.1      0.0      5.1      0.5      6.2      2    40,   39  /PD_TOP        (1.10)
s1/r/f3/h2/i_0_1/A2->ZN  AND2_X4                 ff   1248.5     27.4     27.4      0.0      8.8      0.3      2.4      1    40,   39  /PD_TOP        (1.10)
s1/r/f3/i_0_0/A1->ZN     OR2_X4                  ff   1285.3     36.8     36.8      0.0      5.1      0.3      1.6      1    40,   39  /PD_TOP        (1.10)
s1/m/i_0_0/A->Z          MUX2_X2                 ff   1345.8     60.5     60.5      0.0      7.5      0.9      7.9      3    40,   39  /PD_TOP        (1.10)
s2/r/f0/h2/i_0_1/A2->ZN  AND2_X4                 ff   1375.4     29.6     29.6      0.0     13.1      0.3      2.4      1    40,   39  /PD_TOP        (1.10)
s2/r/f0/i_0_0/A1->ZN     OR2_X4                  ff   1415.5     40.1     40.1      0.0      5.1      0.5      6.2      2    40,   39  /PD_TOP        (1.10)
s2/r/f1/h2/i_0_1/A2->ZN  AND2_X4                 ff   1442.9     27.4     27.4      0.0      8.8      0.3      2.4      1    40,   39  /PD_TOP        (1.10)
s2/r/f1/i_0_0/A1->ZN     OR2_X4                  ff   1483.0     40.1     40.1      0.0      5.1      0.5      6.2      2    40,   39  /PD_TOP        (1.10)
s2/r/f2/h2/i_0_1/A2->ZN  AND2_X4                 ff   1510.4     27.4     27.4      0.0      8.8      0.3      2.4      1    40,   39  /PD_TOP        (1.10)
s2/r/f2/i_0_0/A1->ZN     OR2_X4                  ff   1550.5     40.1     40.1      0.0      5.1      0.5      6.2      2    40,   39  /PD_TOP        (1.10)
s2/r/f3/h2/i_0_1/A2->ZN  AND2_X4                 ff   1577.9     27.4     27.4      0.0      8.8      0.3      2.4      1    40,   39  /PD_TOP        (1.10)
s2/r/f3/i_0_0/A1->ZN     OR2_X4                  ff   1614.7     36.8     36.8      0.0      5.1      0.3      1.6      1    40,   39  /PD_TOP        (1.10)
s2/m/i_0_0/A->Z          MUX2_X2                 ff   1675.2     60.5     60.5      0.0      7.5      0.9      7.9      3    40,   39  /PD_TOP        (1.10)
s3/r/f0/h2/i_0_1/A2->ZN  AND2_X4                 ff   1704.8     29.6     29.6      0.0     13.1      0.3      2.4      1    40,   39  /PD_TOP        (1.10)
s3/r/f0/i_0_0/A1->ZN     OR2_X4                  ff   1744.9     40.1     40.1      0.0      5.1      0.5      6.2      2    40,   39  /PD_TOP        (1.10)
s3/r/f1/h2/i_0_1/A2->ZN  AND2_X4                 ff   1772.3     27.4     27.4      0.0      8.8      0.3      2.4      1    40,   39  /PD_TOP        (1.10)
s3/r/f1/i_0_0/A1->ZN     OR2_X4                  ff   1812.4     40.1     40.1      0.0      5.1      0.5      6.2      2    40,   39  /PD_TOP        (1.10)
s3/r/f2/h2/i_0_1/A2->ZN  AND2_X4                 ff   1839.8     27.4     27.4      0.0      8.8      0.3      2.4      1    40,   39  /PD_TOP        (1.10)
s3/r/f2/i_0_0/A1->ZN     OR2_X4                  ff   1879.9     40.1     40.1      0.0      5.1      0.5      6.2      2    40,   39  /PD_TOP        (1.10)
s3/r/f3/h2/i_0_1/A2->ZN  AND2_X4                 ff   1907.3     27.4     27.4      0.0      8.8      0.3      2.4      1    40,   39  /PD_TOP        (1.10)
s3/r/f3/i_0_0/A1->ZN     OR2_X4                  ff   1944.1     36.8     36.8      0.0      5.1      0.3      1.6      1    40,   39  /PD_TOP        (1.10)
s3/m/i_0_0/A->Z          MUX2_X2                 ff   2004.6     60.5     60.5      0.0      7.5      0.9      7.9      3    40,   39  /PD_TOP        (1.10)
s4/r/f0/h2/i_0_1/A2->ZN  AND2_X4                 ff   2034.2     29.6     29.6      0.0     13.1      0.3      2.4      1    40,   39  /PD_TOP        (1.10)
s4/r/f0/i_0_0/A1->ZN     OR2_X4                  ff   2074.3     40.1     40.1      0.0      5.1      0.5      6.2      2    40,   39  /PD_TOP        (1.10)
s4/r/f1/h2/i_0_1/A2->ZN  AND2_X4                 ff   2101.7     27.4     27.4      0.0      8.8      0.3      2.4      1    40,   39  /PD_TOP        (1.10)
s4/r/f1/i_0_0/A1->ZN     OR2_X4                  ff   2141.8     40.1     40.1      0.0      5.1      0.5      6.2      2    40,   39  /PD_TOP        (1.10)
s4/r/f2/h2/i_0_1/A2->ZN  AND2_X4                 ff   2169.2     27.4     27.4      0.0      8.8      0.3      2.4      1    40,   39  /PD_TOP        (1.10)
s4/r/f2/i_0_0/A1->ZN     OR2_X4                  ff   2209.3     40.1     40.1      0.0      5.1      0.5      6.2      2    40,   39  /PD_TOP        (1.10)
s4/r/f3/h2/i_0_1/A2->ZN  AND2_X4                 ff   2236.7     27.4     27.4      0.0      8.8      0.3      2.4      1    40,   39  /PD_TOP        (1.10)
s4/r/f3/i_0_0/A1->ZN     OR2_X4                  ff   2273.5     36.8     36.8      0.0      5.1      0.3      1.6      1    40,   39  /PD_TOP        (1.10)
s4/m/i_0_0/A->Z          MUX2_X2                 ff   2334.0     60.5     60.5      0.0      7.5      0.9      7.9      3    40,   39  /PD_TOP        (1.10)
s5/r/f0/h2/i_0_1/A2->ZN  AND2_X4                 ff   2363.6     29.6     29.6      0.0     13.1      0.3      2.4      1    40,   39  /PD_TOP        (1.10)
s5/r/f0/i_0_0/A1->ZN     OR2_X4                  ff   2403.7     40.1     40.1      0.0      5.1      0.5      6.2      2    40,   39  /PD_TOP        (1.10)
s5/r/f1/h2/i_0_1/A2->ZN  AND2_X4                 ff   2431.1     27.4     27.4      0.0      8.8      0.3      2.4      1    40,   39  /PD_TOP        (1.10)
s5/r/f1/i_0_0/A1->ZN     OR2_X4                  ff   2471.2     40.1     40.1      0.0      5.1      0.5      6.2      2    40,   39  /PD_TOP        (1.10)
s5/r/f2/h2/i_0_1/A2->ZN  AND2_X4                 ff   2498.6     27.4     27.4      0.0      8.8      0.3      2.4      1    40,   39  /PD_TOP        (1.10)
s5/r/f2/i_0_0/A1->ZN     OR2_X4                  ff   2538.7     40.1     40.1      0.0      5.1      0.5      6.2      2    40,   39  /PD_TOP        (1.10)
s5/r/f3/h2/i_0_1/A2->ZN  AND2_X4                 ff   2566.1     27.4     27.4      0.0      8.8      0.3      2.4      1    40,   39  /PD_TOP        (1.10)
s5/r/f3/i_0_0/A1->ZN     OR2_X4                  ff   2602.9     36.8     36.8      0.0      5.1      0.3      1.6      1    40,   39  /PD_TOP        (1.10)
s5/m/i_0_0/A->Z          MUX2_X2                 ff   2663.4     60.5     60.5      0.0      7.5      0.9      7.9      3    40,   39  /PD_TOP        (1.10)
s6/r/f0/h2/i_0_1/A2->ZN  AND2_X4                 ff   2693.0     29.6     29.6      0.0     13.1      0.3      2.4      1    40,   39  /PD_TOP        (1.10)
s6/r/f0/i_0_0/A1->ZN     OR2_X4                  ff   2733.1     40.1     40.1      0.0      5.1      0.5      6.2      2    40,   39  /PD_TOP        (1.10)
s6/r/f1/h2/i_0_1/A2->ZN  AND2_X4                 ff   2760.5     27.4     27.4      0.0      8.8      0.3      2.4      1    40,   39  /PD_TOP        (1.10)
s6/r/f1/i_0_0/A1->ZN     OR2_X4                  ff   2800.6     40.1     40.1      0.0      5.1      0.5      6.2      2    40,   39  /PD_TOP        (1.10)
s6/r/f2/h2/i_0_1/A2->ZN  AND2_X4                 ff   2828.0     27.4     27.4      0.0      8.8      0.3      2.4      1    40,   39  /PD_TOP        (1.10)
s6/r/f2/i_0_0/A1->ZN     OR2_X4                  ff   2868.1     40.1     40.1      0.0      5.1      0.5      6.2      2    40,   39  /PD_TOP        (1.10)
s6/r/f3/h2/i_0_1/A2->ZN  AND2_X4                 ff   2895.5     27.4     27.4      0.0      8.8      0.3      2.4      1    40,   39  /PD_TOP        (1.10)
s6/r/f3/i_0_0/A1->ZN     OR2_X4                  ff   2932.3     36.8     36.8      0.0      5.1      0.3      1.6      1    40,   39  /PD_TOP        (1.10)
s6/m/i_0_0/A->Z          MUX2_X2                 ff   2992.8     60.5     60.5      0.0      7.5      0.9      7.9      3    40,   39  /PD_TOP        (1.10)
s7/r/f0/h2/i_0_1/A2->ZN  AND2_X4                 ff   3022.4     29.6     29.6      0.0     13.1      0.3      2.4      1    40,   39  /PD_TOP        (1.10)
s7/r/f0/i_0_0/A1->ZN     OR2_X4                  ff   3062.5     40.1     40.1      0.0      5.1      0.5      6.2      2    40,   39  /PD_TOP        (1.10)
s7/r/f1/h2/i_0_1/A2->ZN  AND2_X4                 ff   3089.9     27.4     27.4      0.0      8.8      0.3      2.4      1    40,   39  /PD_TOP        (1.10)
s7/r/f1/i_0_0/A1->ZN     OR2_X4                  ff   3130.0     40.1     40.1      0.0      5.1      0.5      6.2      2    40,   39  /PD_TOP        (1.10)
s7/r/f2/h2/i_0_1/A2->ZN  AND2_X4                 ff   3157.4     27.4     27.4      0.0      8.8      0.3      2.4      1    40,   39  /PD_TOP        (1.10)
s7/r/f2/i_0_0/A1->ZN     OR2_X4                  ff   3197.5     40.1     40.1      0.0      5.1      0.5      6.2      2    40,   39  /PD_TOP        (1.10)
s7/r/f3/h2/i_0_1/A2->ZN  AND2_X4                 ff   3224.9     27.4     27.4      0.0      8.8      0.3      2.4      1    40,   39  /PD_TOP        (1.10)
s7/r/f3/i_0_0/A1->ZN     OR2_X4                  ff   3261.7     36.8     36.8      0.0      5.1      0.3      1.6      1    40,   39  /PD_TOP        (1.10)
s7/m/i_0_0/A->Z          MUX2_X2                 ff   3322.2     60.5     60.5      0.0      7.5      0.9      7.9      3    40,   39  /PD_TOP        (1.10)
s8/r/f0/h2/i_0_1/A2->ZN  AND2_X4                 ff   3351.8     29.6     29.6      0.0     13.1      0.3      2.4      1    40,   39  /PD_TOP        (1.10)
s8/r/f0/i_0_0/A1->ZN     OR2_X4                  ff   3391.9     40.1     40.1      0.0      5.1      0.5      6.2      2    40,   39  /PD_TOP        (1.10)
s8/r/f1/h2/i_0_1/A2->ZN  AND2_X4                 ff   3419.3     27.4     27.4      0.0      8.8      0.3      2.4      1    40,   39  /PD_TOP        (1.10)
s8/r/f1/i_0_0/A1->ZN     OR2_X4                  ff   3459.4     40.1     40.1      0.0      5.1      0.5      6.2      2    40,   39  /PD_TOP        (1.10)
s8/r/f2/h2/i_0_1/A2->ZN  AND2_X4                 ff   3486.8     27.4     27.4      0.0      8.8      0.3      2.4      1    40,   39  /PD_TOP        (1.10)
s8/r/f2/i_0_0/A1->ZN     OR2_X4                  ff   3526.9     40.1     40.1      0.0      5.1      0.5      6.2      2    40,   39  /PD_TOP        (1.10)
s8/r/f3/h2/i_0_1/A2->ZN  AND2_X4                 ff   3554.3     27.4     27.4      0.0      8.8      0.3      2.4      1    40,   39  /PD_TOP        (1.10)
s8/r/f3/i_0_0/A1->ZN     OR2_X4                  ff   3591.1     36.8     36.8      0.0      5.1      0.3      1.6      1    40,   39  /PD_TOP        (1.10)
s8/m/i_0_0/A->Z          MUX2_X2                 ff   3656.1     65.0     65.0      0.0      7.5      2.4     12.4      1    40,   39  /PD_TOP        (1.10)
cout                                              f   3656.3      0.2               0.2     15.3                             80,   37                       
------------------------------------------------------------------------------------------------------------------------------------------------------------
Report for group R2O
