Report Instance Areas: 
-----+--------------------------------+----------------------+-----+---------
     |Instance                        |Module                |Cells|Cell Area
-----+--------------------------------+----------------------+-----+---------
1    |top                             |                      | 1114|     1361
2    |  comp2                         |comparator24bit       |  135|      120
3    |    subtract_1                  |subtractor24bits      |  134|      118
4    |      half_subtractor1          |halfsubtractor        |    2|        1
5    |      genblk1_1_full_subtractor |subtractor__0_213     |    6|        5
6    |        h1                      |halfsubtractor__0_212 |    3|        3
7    |        h2                      |halfsubtractor__0_209 |    2|        1
8    |      genblk1_2_full_subtractor |subtractor__0_221     |    6|        5
9    |        h1                      |halfsubtractor__0_220 |    3|        3
10   |        h2                      |halfsubtractor__0_217 |    2|        1
11   |      genblk1_3_full_subtractor |subtractor__0_229     |    6|        5
12   |        h1                      |halfsubtractor__0_228 |    3|        3
13   |        h2                      |halfsubtractor__0_225 |    2|        1
14   |      genblk1_4_full_subtractor |subtractor__0_237     |    6|        5
15   |        h1                      |halfsubtractor__0_236 |    3|        3
16   |        h2                      |halfsubtractor__0_233 |    2|        1
17   |      genblk1_5_full_subtractor |subtractor__0_245     |    6|        5
18   |        h1                      |halfsubtractor__0_244 |    3|        3
19   |        h2                      |halfsubtractor__0_241 |    2|        1
20   |      genblk1_6_full_subtractor |subtractor__0_253     |    6|        5
21   |        h1                      |halfsubtractor__0_252 |    3|        3
22   |        h2                      |halfsubtractor__0_249 |    2|        1
23   |      genblk1_7_full_subtractor |subtractor__0_261     |    6|        5
24   |        h1                      |halfsubtractor__0_260 |    3|        3
25   |        h2                      |halfsubtractor__0_257 |    2|        1
26   |      genblk1_8_full_subtractor |subtractor__0_269     |    6|        5
27   |        h1                      |halfsubtractor__0_268 |    3|        3
28   |        h2                      |halfsubtractor__0_265 |    2|        1
29   |      genblk1_9_full_subtractor |subtractor__0_277     |    6|        5
30   |        h1                      |halfsubtractor__0_276 |    3|        3
31   |        h2                      |halfsubtractor__0_273 |    2|        1
32   |      genblk1_10_full_subtractor|subtractor__0_285     |    6|        5
33   |        h1                      |halfsubtractor__0_284 |    3|        3
34   |        h2                      |halfsubtractor__0_281 |    2|        1
35   |      genblk1_11_full_subtractor|subtractor__0_293     |    6|        5
36   |        h1                      |halfsubtractor__0_292 |    3|        3
37   |        h2                      |halfsubtractor__0_289 |    2|        1
38   |      genblk1_12_full_subtractor|subtractor__0_301     |    6|        5
39   |        h1                      |halfsubtractor__0_300 |    3|        3
40   |        h2                      |halfsubtractor__0_297 |    2|        1
41   |      genblk1_13_full_subtractor|subtractor__0_309     |    6|        5
42   |        h1                      |halfsubtractor__0_308 |    3|        3
43   |        h2                      |halfsubtractor__0_305 |    2|        1
44   |      genblk1_14_full_subtractor|subtractor__0_317     |    6|        5
45   |        h1                      |halfsubtractor__0_316 |    3|        3
46   |        h2                      |halfsubtractor__0_313 |    2|        1
47   |      genblk1_15_full_subtractor|subtractor__0_325     |    6|        5
48   |        h1                      |halfsubtractor__0_324 |    3|        3
49   |        h2                      |halfsubtractor__0_321 |    2|        1
50   |      genblk1_16_full_subtractor|subtractor__0_333     |    6|        5
51   |        h1                      |halfsubtractor__0_332 |    3|        3
52   |        h2                      |halfsubtractor__0_329 |    2|        1
53   |      genblk1_17_full_subtractor|subtractor__0_341     |    6|        5
54   |        h1                      |halfsubtractor__0_340 |    3|        3
55   |        h2                      |halfsubtractor__0_337 |    2|        1
56   |      genblk1_18_full_subtractor|subtractor__0_349     |    6|        5
57   |        h1                      |halfsubtractor__0_348 |    3|        3
58   |        h2                      |halfsubtractor__0_345 |    2|        1
59   |      genblk1_19_full_subtractor|subtractor__0_357     |    6|        5
60   |        h1                      |halfsubtractor__0_356 |    3|        3
61   |        h2                      |halfsubtractor__0_353 |    2|        1
62   |      genblk1_20_full_subtractor|subtractor__0_365     |    6|        5
63   |        h1                      |halfsubtractor__0_364 |    3|        3
64   |        h2                      |halfsubtractor__0_361 |    2|        1
65   |      genblk1_21_full_subtractor|subtractor__0_373     |    6|        5
66   |        h1                      |halfsubtractor__0_372 |    3|        3
67   |        h2                      |halfsubtractor__0_369 |    2|        1
68   |      genblk1_22_full_subtractor|subtractor            |    6|        5
69   |        h1                      |halfsubtractor__0_143 |    3|        3
70   |        h2                      |halfsubtractor__0_146 |    2|        1
71   |  comp1                         |comparator            |   80|       96
72   |    subtract_1                  |subtractor8bits__0_433|   52|       51
73   |      half_subtractor1          |halfsubtractor__0_432 |    3|        3
74   |      genblk1_1_full_subtractor |subtractor__0_429     |    7|        7
75   |        h1                      |halfsubtractor__0_428 |    3|        3
76   |        h2                      |halfsubtractor__0_425 |    3|        3
77   |      genblk1_2_full_subtractor |subtractor__0_421     |    7|        7
78   |        h1                      |halfsubtractor__0_420 |    3|        3
79   |        h2                      |halfsubtractor__0_417 |    3|        3
80   |      genblk1_3_full_subtractor |subtractor__0_413     |    7|        7
81   |        h1                      |halfsubtractor__0_412 |    3|        3
82   |        h2                      |halfsubtractor__0_409 |    3|        3
83   |      genblk1_4_full_subtractor |subtractor__0_405     |    7|        7
84   |        h1                      |halfsubtractor__0_404 |    3|        3
85   |        h2                      |halfsubtractor__0_401 |    3|        3
86   |      genblk1_5_full_subtractor |subtractor__0_397     |    7|        7
87   |        h1                      |halfsubtractor__0_396 |    3|        3
88   |        h2                      |halfsubtractor__0_393 |    3|        3
89   |      genblk1_6_full_subtractor |subtractor__0_389     |    7|        7
90   |        h1                      |halfsubtractor__0_388 |    3|        3
91   |        h2                      |halfsubtractor__0_385 |    3|        3
92   |      genblk1_7_full_subtractor |subtractor__0_381     |    7|        7
93   |        h1                      |halfsubtractor__0_380 |    3|        3
94   |        h2                      |halfsubtractor__0_377 |    3|        3
95   |    complement2                 |twosComplement        |   13|       17
96   |  m1                            |Mux__0_528            |   24|       45
97   |  m2                            |Mux                   |   24|       45
98   |  shift1                        |Shifter               |  128|      154
99   |  adder                         |ComplementAdder       |  332|      448
100  |    cla                         |carry_lookahead_adder |  117|      137
101  |      genblk1_0_full_adder_inst |full_adder__0_437     |    1|        2
102  |      genblk1_1_full_adder_inst |full_adder__0_441     |    2|        3
103  |      genblk1_2_full_adder_inst |full_adder__0_445     |    2|        3
104  |      genblk1_3_full_adder_inst |full_adder__0_449     |    2|        3
105  |      genblk1_4_full_adder_inst |full_adder__0_453     |    2|        3
106  |      genblk1_5_full_adder_inst |full_adder__0_457     |    2|        3
107  |      genblk1_6_full_adder_inst |full_adder__0_461     |    2|        3
108  |      genblk1_7_full_adder_inst |full_adder__0_465     |    2|        3
109  |      genblk1_8_full_adder_inst |full_adder__0_469     |    2|        3
110  |      genblk1_9_full_adder_inst |full_adder__0_473     |    2|        3
111  |      genblk1_10_full_adder_inst|full_adder__0_477     |    2|        3
112  |      genblk1_11_full_adder_inst|full_adder__0_481     |    2|        3
113  |      genblk1_12_full_adder_inst|full_adder__0_485     |    2|        3
114  |      genblk1_13_full_adder_inst|full_adder__0_489     |    2|        3
115  |      genblk1_14_full_adder_inst|full_adder__0_493     |    2|        3
116  |      genblk1_15_full_adder_inst|full_adder__0_497     |    2|        3
117  |      genblk1_16_full_adder_inst|full_adder__0_501     |    2|        3
118  |      genblk1_17_full_adder_inst|full_adder__0_505     |    2|        3
119  |      genblk1_18_full_adder_inst|full_adder__0_509     |    2|        3
120  |      genblk1_19_full_adder_inst|full_adder__0_513     |    2|        3
121  |      genblk1_20_full_adder_inst|full_adder__0_517     |    2|        3
122  |      genblk1_21_full_adder_inst|full_adder__0_521     |    2|        3
123  |      genblk1_22_full_adder_inst|full_adder__0_525     |    2|        3
124  |      genblk1_23_full_adder_inst|full_adder            |    2|        3
125  |  output_normalize              |Normalize             |  305|      361
126  |  emans                         |ControlledIncrementor |   72|       74
127  |    subtract_1                  |subtractor8bits       |   38|       38
128  |      half_subtractor1          |halfsubtractor__0_149 |    3|        3
129  |      genblk1_1_full_subtractor |subtractor__0_157     |    7|        7
130  |        h1                      |halfsubtractor__0_156 |    3|        3
131  |        h2                      |halfsubtractor__0_153 |    3|        3
132  |      genblk1_2_full_subtractor |subtractor__0_165     |    7|        7
133  |        h1                      |halfsubtractor__0_164 |    3|        3
134  |        h2                      |halfsubtractor__0_161 |    3|        3
135  |      genblk1_3_full_subtractor |subtractor__0_173     |    7|        7
136  |        h1                      |halfsubtractor__0_172 |    3|        3
137  |        h2                      |halfsubtractor__0_169 |    3|        3
138  |      genblk1_4_full_subtractor |subtractor__0_181     |    7|        7
139  |        h1                      |halfsubtractor__0_180 |    3|        3
140  |        h2                      |halfsubtractor__0_177 |    3|        3
141  |      genblk1_5_full_subtractor |subtractor__0_189     |    3|        3
142  |        h2                      |halfsubtractor__0_185 |    3|        3
143  |      genblk1_6_full_subtractor |subtractor__0_197     |    3|        3
144  |        h2                      |halfsubtractor__0_193 |    3|        3
145  |      genblk1_7_full_subtractor |subtractor__0_205     |    1|        2
146  |        h2                      |halfsubtractor__0_201 |    1|        2
147  |    adder_1                     |fullAdder8bit         |   14|       18
148  |      genblk1_0_f1              |fullAdder__0_92       |    1|        1
149  |        h1                      |halfAdder__0_91       |    1|        1
150  |      genblk1_1_f1              |fullAdder__0_100      |    2|        3
151  |        h2                      |halfAdder__0_96       |    2|        3
152  |      genblk1_2_f1              |fullAdder__0_108      |    2|        3
153  |        h2                      |halfAdder__0_104      |    2|        3
154  |      genblk1_3_f1              |fullAdder__0_116      |    2|        3
155  |        h2                      |halfAdder__0_112      |    2|        3
156  |      genblk1_4_f1              |fullAdder__0_124      |    2|        3
157  |        h2                      |halfAdder__0_120      |    2|        3
158  |      genblk1_5_f1              |fullAdder__0_132      |    2|        3
159  |        h2                      |halfAdder__0_128      |    2|        3
160  |      genblk1_6_f1              |fullAdder__0_140      |    2|        3
161  |        h2                      |halfAdder__0_136      |    2|        3
162  |      genblk1_7_f1              |fullAdder             |    1|        2
163  |        h2                      |halfAdder             |    1|        2
164  |  over                          |OverFlow              |    3|        3
165  |  under                         |UnderFlow             |   10|       14
-----+--------------------------------+----------------------+-----+---------
