Report End Points: 
-----+-------+------+-------+-----+-----+-----+-----+-----------+---------
     |Group  |Launch|Capture|Shift|Delay|Depth|Slack|Begin Point|End Point
-----+-------+------+-------+-----+-----+-----+-----+-----------+---------
1    |default|      |       |     |     |     |     |           |         
-----+-------+------+-------+-----+-----+-----+-----+-----------+---------
Report End Points: 
-----+-----+------+-------+-----+-----+-----+-----+-----------+---------
     |Group|Launch|Capture|Shift|Delay|Depth|Slack|Begin Point|End Point
-----+-----+------+-------+-----+-----+-----+-----+-----------+---------
1    |I2R  |      |       |     |     |     |     |           |         
-----+-----+------+-------+-----+-----+-----+-----+-----------+---------
Report End Points: 
-----+-----+-------+-------+-------+------+-----+-------+-----------+----------
     |Group|Launch |Capture|Shift  |Delay |Depth|Slack  |Begin Point|End Point 
-----+-----+-------+-------+-------+------+-----+-------+-----------+----------
1    |I2O  |vsysclk|vsysclk|20000.0|3586.2|  115|14913.8|inputA[24] |under_flow
2    |I2O  |vsysclk|vsysclk|20000.0|3560.3|  113|14939.7|inputA[24] |over_flow 
3    |I2O  |vsysclk|vsysclk|20000.0|3523.6|  111|14976.4|inputA[24] |result[30]
-----+-----+-------+-------+-------+------+-----+-------+-----------+----------
Report End Points: 
-----+-----+------+-------+-----+-----+-----+-----+-----------+---------
     |Group|Launch|Capture|Shift|Delay|Depth|Slack|Begin Point|End Point
-----+-----+------+-------+-----+-----+-----+-----+-----------+---------
1    |R2O  |      |       |     |     |     |     |           |         
-----+-----+------+-------+-----+-----+-----+-----+-----------+---------
