Report Instance Areas: 
-----+-------------------------+----------------+-----+---------
     |Instance                 |Module          |Cells|Cell Area
-----+-------------------------+----------------+-----+---------
1    |top                      |                |  217|      281
2    |  fulladder_f2           |fullAdder__0_13 |    2|        3
3    |    h1                   |halfAdder__0_12 |    2|        3
4    |  fulladder_f3           |fullAdder__0_21 |    1|        2
5    |    h2                   |halfAdder__0_17 |    1|        2
6    |  genblk1_0_fulladder_f1 |fullAdder__0_29 |    2|        3
7    |    h1                   |halfAdder__0_28 |    2|        3
8    |  genblk1_1_fulladder_f1 |fullAdder__0_37 |    2|        3
9    |    h1                   |halfAdder__0_36 |    2|        3
10   |  genblk1_2_fulladder_f1 |fullAdder__0_45 |    2|        3
11   |    h1                   |halfAdder__0_44 |    2|        3
12   |  genblk1_3_fulladder_f1 |fullAdder__0_53 |    2|        3
13   |    h1                   |halfAdder__0_52 |    2|        3
14   |  genblk1_4_fulladder_f1 |fullAdder__0_61 |    2|        3
15   |    h1                   |halfAdder__0_60 |    2|        3
16   |  genblk1_5_fulladder_f1 |fullAdder__0_69 |    2|        3
17   |    h1                   |halfAdder__0_68 |    2|        3
18   |  genblk1_6_fulladder_f1 |fullAdder__0_77 |    2|        3
19   |    h1                   |halfAdder__0_76 |    2|        3
20   |  genblk1_7_fulladder_f1 |fullAdder__0_85 |    2|        3
21   |    h1                   |halfAdder__0_84 |    2|        3
22   |  genblk1_8_fulladder_f1 |fullAdder__0_93 |    2|        3
23   |    h1                   |halfAdder__0_92 |    2|        3
24   |  genblk1_9_fulladder_f1 |fullAdder__0_101|    2|        3
25   |    h1                   |halfAdder__0_100|    2|        3
26   |  genblk1_10_fulladder_f1|fullAdder__0_109|    2|        3
27   |    h1                   |halfAdder__0_108|    2|        3
28   |  genblk1_11_fulladder_f1|fullAdder__0_117|    2|        3
29   |    h1                   |halfAdder__0_116|    2|        3
30   |  genblk1_12_fulladder_f1|fullAdder__0_125|    2|        3
31   |    h1                   |halfAdder__0_124|    2|        3
32   |  genblk1_13_fulladder_f1|fullAdder__0_133|    2|        3
33   |    h1                   |halfAdder__0_132|    2|        3
34   |  genblk1_14_fulladder_f1|fullAdder__0_141|    2|        3
35   |    h1                   |halfAdder__0_140|    2|        3
36   |  genblk1_15_fulladder_f1|fullAdder__0_149|    2|        3
37   |    h1                   |halfAdder__0_148|    2|        3
38   |  genblk1_16_fulladder_f1|fullAdder__0_157|    2|        3
39   |    h1                   |halfAdder__0_156|    2|        3
40   |  genblk1_17_fulladder_f1|fullAdder__0_165|    2|        3
41   |    h1                   |halfAdder__0_164|    2|        3
42   |  genblk1_18_fulladder_f1|fullAdder__0_173|    2|        3
43   |    h1                   |halfAdder__0_172|    2|        3
44   |  genblk1_19_fulladder_f1|fullAdder__0_181|    2|        3
45   |    h1                   |halfAdder__0_180|    2|        3
46   |  genblk1_20_fulladder_f1|fullAdder__0_189|    2|        3
47   |    h1                   |halfAdder__0_188|    2|        3
48   |  genblk1_21_fulladder_f1|fullAdder__0_197|    2|        3
49   |    h1                   |halfAdder__0_196|    2|        3
50   |  genblk1_22_fulladder_f1|fullAdder__0_205|    2|        3
51   |    h1                   |halfAdder__0_204|    2|        3
52   |  genblk1_23_fulladder_f1|fullAdder__0_213|    2|        3
53   |    h1                   |halfAdder__0_212|    2|        3
54   |  genblk1_24_fulladder_f1|fullAdder__0_221|    2|        3
55   |    h1                   |halfAdder__0_220|    2|        3
56   |  genblk1_25_fulladder_f1|fullAdder__0_229|    2|        3
57   |    h1                   |halfAdder__0_228|    2|        3
58   |  genblk1_26_fulladder_f1|fullAdder__0_237|    2|        3
59   |    h1                   |halfAdder__0_236|    2|        3
60   |  genblk1_27_fulladder_f1|fullAdder__0_245|    2|        3
61   |    h1                   |halfAdder__0_244|    2|        3
62   |  genblk1_28_fulladder_f1|fullAdder__0_253|    2|        3
63   |    h1                   |halfAdder__0_252|    2|        3
64   |  genblk1_29_fulladder_f1|fullAdder__0_261|    2|        3
65   |    h1                   |halfAdder__0_260|    2|        3
66   |  genblk1_30_fulladder_f1|fullAdder__0_269|    2|        3
67   |    h1                   |halfAdder__0_268|    2|        3
68   |  genblk1_31_fulladder_f1|fullAdder__0_277|    2|        3
69   |    h1                   |halfAdder__0_276|    2|        3
70   |  genblk2_1_f3           |fullAdder__0_285|    5|        6
71   |    h1                   |halfAdder__0_284|    2|        3
72   |    h2                   |halfAdder__0_281|    2|        3
73   |  genblk2_2_f3           |fullAdder__0_293|    5|        6
74   |    h1                   |halfAdder__0_292|    2|        3
75   |    h2                   |halfAdder__0_289|    2|        3
76   |  genblk2_3_f3           |fullAdder__0_301|    5|        6
77   |    h1                   |halfAdder__0_300|    2|        3
78   |    h2                   |halfAdder__0_297|    2|        3
79   |  genblk2_4_f3           |fullAdder__0_309|    5|        6
80   |    h1                   |halfAdder__0_308|    2|        3
81   |    h2                   |halfAdder__0_305|    2|        3
82   |  genblk2_5_f3           |fullAdder__0_317|    5|        6
83   |    h1                   |halfAdder__0_316|    2|        3
84   |    h2                   |halfAdder__0_313|    2|        3
85   |  genblk2_6_f3           |fullAdder__0_325|    5|        6
86   |    h1                   |halfAdder__0_324|    2|        3
87   |    h2                   |halfAdder__0_321|    2|        3
88   |  genblk2_7_f3           |fullAdder__0_333|    5|        6
89   |    h1                   |halfAdder__0_332|    2|        3
90   |    h2                   |halfAdder__0_329|    2|        3
91   |  genblk2_8_f3           |fullAdder__0_341|    5|        6
92   |    h1                   |halfAdder__0_340|    2|        3
93   |    h2                   |halfAdder__0_337|    2|        3
94   |  genblk2_9_f3           |fullAdder__0_349|    5|        6
95   |    h1                   |halfAdder__0_348|    2|        3
96   |    h2                   |halfAdder__0_345|    2|        3
97   |  genblk2_10_f3          |fullAdder__0_357|    5|        6
98   |    h1                   |halfAdder__0_356|    2|        3
99   |    h2                   |halfAdder__0_353|    2|        3
100  |  genblk2_11_f3          |fullAdder__0_365|    5|        6
101  |    h1                   |halfAdder__0_364|    2|        3
102  |    h2                   |halfAdder__0_361|    2|        3
103  |  genblk2_12_f3          |fullAdder__0_373|    5|        6
104  |    h1                   |halfAdder__0_372|    2|        3
105  |    h2                   |halfAdder__0_369|    2|        3
106  |  genblk2_13_f3          |fullAdder__0_381|    5|        6
107  |    h1                   |halfAdder__0_380|    2|        3
108  |    h2                   |halfAdder__0_377|    2|        3
109  |  genblk2_14_f3          |fullAdder__0_389|    5|        6
110  |    h1                   |halfAdder__0_388|    2|        3
111  |    h2                   |halfAdder__0_385|    2|        3
112  |  genblk2_15_f3          |fullAdder__0_397|    5|        6
113  |    h1                   |halfAdder__0_396|    2|        3
114  |    h2                   |halfAdder__0_393|    2|        3
115  |  genblk2_16_f3          |fullAdder__0_405|    5|        6
116  |    h1                   |halfAdder__0_404|    2|        3
117  |    h2                   |halfAdder__0_401|    2|        3
118  |  genblk2_17_f3          |fullAdder__0_413|    5|        6
119  |    h1                   |halfAdder__0_412|    2|        3
120  |    h2                   |halfAdder__0_409|    2|        3
121  |  genblk2_18_f3          |fullAdder__0_421|    5|        6
122  |    h1                   |halfAdder__0_420|    2|        3
123  |    h2                   |halfAdder__0_417|    2|        3
124  |  genblk2_19_f3          |fullAdder__0_429|    5|        6
125  |    h1                   |halfAdder__0_428|    2|        3
126  |    h2                   |halfAdder__0_425|    2|        3
127  |  genblk2_20_f3          |fullAdder__0_437|    5|        6
128  |    h1                   |halfAdder__0_436|    2|        3
129  |    h2                   |halfAdder__0_433|    2|        3
130  |  genblk2_21_f3          |fullAdder__0_445|    5|        6
131  |    h1                   |halfAdder__0_444|    2|        3
132  |    h2                   |halfAdder__0_441|    2|        3
133  |  genblk2_22_f3          |fullAdder__0_453|    5|        6
134  |    h1                   |halfAdder__0_452|    2|        3
135  |    h2                   |halfAdder__0_449|    2|        3
136  |  genblk2_23_f3          |fullAdder__0_461|    5|        6
137  |    h1                   |halfAdder__0_460|    2|        3
138  |    h2                   |halfAdder__0_457|    2|        3
139  |  genblk2_24_f3          |fullAdder__0_469|    5|        6
140  |    h1                   |halfAdder__0_468|    2|        3
141  |    h2                   |halfAdder__0_465|    2|        3
142  |  genblk2_25_f3          |fullAdder__0_477|    5|        6
143  |    h1                   |halfAdder__0_476|    2|        3
144  |    h2                   |halfAdder__0_473|    2|        3
145  |  genblk2_26_f3          |fullAdder__0_485|    5|        6
146  |    h1                   |halfAdder__0_484|    2|        3
147  |    h2                   |halfAdder__0_481|    2|        3
148  |  genblk2_27_f3          |fullAdder__0_493|    5|        6
149  |    h1                   |halfAdder__0_492|    2|        3
150  |    h2                   |halfAdder__0_489|    2|        3
151  |  genblk2_28_f3          |fullAdder__0_501|    5|        6
152  |    h1                   |halfAdder__0_500|    2|        3
153  |    h2                   |halfAdder__0_497|    2|        3
154  |  genblk2_29_f3          |fullAdder__0_509|    5|        6
155  |    h1                   |halfAdder__0_508|    2|        3
156  |    h2                   |halfAdder__0_505|    2|        3
157  |  genblk2_30_f3          |fullAdder       |    5|        6
158  |    h1                   |halfAdder__0_5  |    2|        3
159  |    h2                   |halfAdder       |    2|        3
-----+-------------------------+----------------+-----+---------
