warning: No library characterized for (process = 1.00 voltage = 0.85 temperature = 25.00) can be found in the database for power domain '/PD_TOP'  [NL-174]
Report Power (instances with prefix '*' are included in total) : 
-----+-----------+--------------------+---------------------+-------------------+-----------------
     | Instance  | Internal Power(uw) | Switching Power(uw) | Leakage Power(uw) | Total Power(uw) 
-----+-----------+--------------------+---------------------+-------------------+-----------------
1    |*controller|          164.179459|           358.694641|          29.549183|       552.423279
2    |*reg3      |           51.029598|            86.426674|           6.763603|       144.219879
3    |*i_0_0     |            7.974299|             8.181456|           2.057892|        18.213646
4    |*i_0_2     |            7.974299|             8.181456|           2.057892|        18.213646
5    |*i_0_1_0   |            0.398660|             0.119897|           0.035928|         0.554485
6    |*i_0_1_1   |            0.397453|             0.119633|           0.035928|         0.553015
7    |*i_0_1_2   |            0.398774|             0.119897|           0.035928|         0.554599
8    |*i_0_1_3   |            0.398774|             0.119897|           0.035928|         0.554599
9    |*i_0_1_4   |            0.398774|             0.119897|           0.035928|         0.554599
10   |*i_0_1_5   |            0.398774|             0.119897|           0.035928|         0.554599
11   |*i_0_1_6   |            0.398660|             0.119897|           0.035928|         0.554485
12   |*i_0_1_7   |            0.398660|             0.119897|           0.035928|         0.554485
13   |*i_0_1_8   |            0.398660|             0.119897|           0.035928|         0.554485
14   |*i_0_1_9   |            0.398660|             0.119897|           0.035928|         0.554485
15   |*i_0_1_10  |            0.398660|             0.119897|           0.035928|         0.554485
16   |*i_0_1_11  |            0.398660|             0.119897|           0.035928|         0.554485
17   |*i_0_1_12  |            0.398660|             0.119897|           0.035928|         0.554485
18   |*i_0_1_13  |            0.398660|             0.119897|           0.035928|         0.554485
19   |*i_0_1_14  |            0.398660|             0.119897|           0.035928|         0.554485
20   |*i_0_1_15  |            0.398660|             0.119897|           0.035928|         0.554485
21   |*i_0_1_16  |            0.398660|             0.119897|           0.035928|         0.554485
22   |*i_0_1_17  |            0.398660|             0.119897|           0.035928|         0.554485
23   |*i_0_1_18  |            0.398660|             0.119897|           0.035928|         0.554485
24   |*i_0_1_19  |            0.398660|             0.119897|           0.035928|         0.554485
25   |*i_0_1_20  |            0.398660|             0.119897|           0.035928|         0.554485
26   |*i_0_1_21  |            0.398660|             0.119897|           0.035928|         0.554485
27   |*i_0_1_22  |            0.398660|             0.119897|           0.035928|         0.554485
28   |*i_0_1_23  |            0.398660|             0.119897|           0.035928|         0.554485
29   |*i_0_1_24  |            0.398660|             0.119897|           0.035928|         0.554485
30   |*i_0_1_25  |            0.398660|             0.119897|           0.035928|         0.554485
31   |*i_0_1_26  |            0.398774|             0.119897|           0.035928|         0.554599
32   |*i_0_1_27  |            0.398933|             0.119897|           0.035928|         0.554758
33   |*i_0_1_28  |            0.398660|             0.119897|           0.035928|         0.554485
34   |*i_0_1_29  |            0.398774|             0.119897|           0.035928|         0.554599
35   |*i_0_1_30  |            0.398660|             0.119897|           0.035928|         0.554485
36   |*i_0_1_31  |            0.231203|             0.088486|           0.025066|         0.344755
37   |*i_0_1_32  |            0.446235|             1.945652|           0.035928|         2.427815
38   |*i_0_1_33  |            0.446402|             2.613719|           0.035928|         3.096049
39   |*i_0_1_34  |            0.427018|             0.648921|           0.035928|         1.111867
40   |*i_0_1_35  |            0.426494|             0.630017|           0.035928|         1.092440
41   |*i_0_1_36  |            0.426494|             0.630017|           0.035928|         1.092440
42   |*i_0_1_37  |            0.426494|             0.630017|           0.035928|         1.092440
43   |*i_0_1_38  |            0.426451|             0.630017|           0.035928|         1.092397
44   |*i_0_1_39  |            0.426451|             0.630017|           0.035928|         1.092397
45   |*i_0_1_40  |            0.426451|             0.630017|           0.035928|         1.092397
46   |*i_0_1_41  |            0.426451|             0.630017|           0.035928|         1.092397
47   |*i_0_1_42  |            0.426451|             0.630017|           0.035928|         1.092397
48   |*i_0_1_43  |            0.426451|             0.630017|           0.035928|         1.092397
49   |*i_0_1_44  |            0.426451|             0.630017|           0.035928|         1.092397
50   |*i_0_1_45  |            0.426451|             0.630017|           0.035928|         1.092397
51   |*i_0_1_46  |            0.426451|             0.630017|           0.035928|         1.092397
52   |*i_0_1_47  |            0.426958|             0.648242|           0.035928|         1.111128
53   |*i_0_1_48  |            0.448435|             2.607842|           0.035928|         3.092205
54   |*i_0_1_49  |            0.426977|             0.648921|           0.035928|         1.111826
55   |*i_0_1_50  |            0.426451|             0.630017|           0.035928|         1.092397
56   |*i_0_1_51  |            0.426451|             0.630017|           0.035928|         1.092397
57   |*i_0_1_52  |            0.426451|             0.630017|           0.035928|         1.092397
58   |*i_0_1_53  |            0.436297|             0.984117|           0.035928|         1.456343
59   |*i_0_1_54  |            0.426977|             0.648921|           0.035928|         1.111826
60   |*i_0_1_55  |            0.436112|             0.977431|           0.035928|         1.449471
61   |*i_0_1_56  |            0.426958|             0.648242|           0.035928|         1.111128
62   |*i_0_1_57  |            0.426451|             0.630017|           0.035928|         1.092397
63   |*i_0_1_58  |            0.436306|             0.984117|           0.035928|         1.456352
64   |*i_0_1_59  |            0.427274|             0.648921|           0.035928|         1.112124
65   |*i_0_1_60  |            0.436297|             0.984117|           0.035928|         1.456343
66   |*i_0_1_61  |            0.427018|             0.648921|           0.035928|         1.111867
67   |*i_0_1_62  |            0.426958|             0.648242|           0.035928|         1.111128
68   |*i_0_1_63  |            0.262158|             1.962496|           0.025066|         2.249720
69   |           |                    |                     |                   |                 
70   |*TOTAL     |          257.334686|           493.618683|          42.706242|       793.659607
-----+-----------+--------------------+---------------------+-------------------+-----------------
