Report for group default
------------------------------------------------------------------------------------------------------------------------------------------------------------
Startpoint: controller/inputQ_reg_reg[0]/Q
    (Clocked by sysclk R)
Endpoint: controller/out_reg[61]/D
    (Clocked by sysclk R)
Path Group: default
Data required time: 3962.0
    (Clock shift: 4000.0, minus Uncertainty: 0.0, plus Latency 0.0, minus Setup time: 38.0)
Data arrival time: 2713.6
Slack: 1248.4
Logic depth: 59
------------------------------------------------------------------------------------------------------------------------------------------------------------
                                                     Arrival               Arc      Net               Net    Total   fan-                                   
Path                     Module/Cell           Edge     Time    Delay    Delay    Delay     Slew     Load     Load    out     Location Power Domain      (V)
                                                        (ps)     (ps)     (ps)     (ps)     (ps)     (ff)     (ff)    (#)      (um,um)                      
------------------------------------------------------------------------------------------------------------------------------------------------------------
clk                      {create_clock}           r      0.0      0.0      0.0                        0.0      0.0     10    54,  119                       
controller/clk_gate_inputQ_reg_reg/CK->GCK
                         CLKGATETST_X1           rr      0.0      0.0      0.0      0.0      0.0      0.0      0.0     32    59,   59  /PD_TOP        (1.10)
controller/inputQ_reg_reg[0]/CK->Q
                         DFF_X1                  rf    100.5    100.5    100.5      0.0      0.0      1.6     17.0      5    59,   59  /PD_TOP        (1.10)
controller/i_0/i_150/A3->ZN
                         OR3_X4                  ff    180.2     79.7     79.7      0.0     20.8      0.8      8.5      3    59,   59  /PD_TOP        (1.10)
controller/i_0/i_149/A1->ZN
                         OR2_X4                  ff    223.6     43.4     43.4      0.0     13.1      0.5      6.1      2    59,   59  /PD_TOP        (1.10)
controller/i_0/i_148/A1->ZN
                         OR2_X4                  ff    265.2     41.6     41.6      0.0      8.8      0.5      6.1      2    59,   59  /PD_TOP        (1.10)
controller/i_0/i_147/A1->ZN
                         OR2_X4                  ff    310.3     45.1     45.1      0.0      8.8      0.9     12.5      3    59,   59  /PD_TOP        (1.10)
controller/i_0/i_146/A1->ZN
                         NOR3_X4*                fr    394.7     84.4     84.4      0.0     10.5      0.9     34.0      3    59,   59  /PD_TOP        (1.10)
controller/i_0/i_145/A->ZN
                         INV_X8                  rf    402.4      7.7      7.7      0.0     15.3      0.6      6.8      2    59,   59  /PD_TOP        (1.10)
controller/i_0/i_144/A1->ZN
                         NOR3_X4                 fr    451.6     49.2     49.2      0.0      3.7      0.8     12.6      3    59,   59  /PD_TOP        (1.10)
controller/i_0/i_143/A1->ZN
                         NAND2_X4                rf    480.8     29.2     29.2      0.0     42.5      1.2     17.2      4    59,   59  /PD_TOP        (1.10)
controller/i_0/i_140/A1->ZN
                         NOR4_X4*                fr    590.5    109.7    109.7      0.0     12.1      0.6     29.7      2    59,   59  /PD_TOP        (1.10)
controller/i_0/i_139/A->ZN
                         INV_X8                  rf    598.8      8.3      8.3      0.0     15.3      0.6      8.9      2    59,   59  /PD_TOP        (1.10)
controller/i_0/i_137/A1->ZN
                         NOR3_X4*                fr    678.6     79.8     79.8      0.0      4.0      0.6     29.7      2    59,   59  /PD_TOP        (1.10)
controller/i_0/i_136/A->ZN
                         INV_X8                  rf    686.9      8.3      8.3      0.0     15.3      0.6      8.9      2    59,   59  /PD_TOP        (1.10)
controller/i_0/i_134/A1->ZN
                         NOR3_X4*                fr    766.7     79.8     79.8      0.0      4.0      0.6     29.7      2    59,   59  /PD_TOP        (1.10)
controller/i_0/i_133/A->ZN
                         INV_X8                  rf    775.0      8.3      8.3      0.0     15.3      0.6      8.9      2    59,   59  /PD_TOP        (1.10)
controller/i_0/i_131/A1->ZN
                         NOR3_X4*                fr    854.8     79.8     79.8      0.0      4.0      0.6     29.7      2    59,   59  /PD_TOP        (1.10)
controller/i_0/i_130/A->ZN
                         INV_X8                  rf    863.1      8.3      8.3      0.0     15.3      0.6      8.9      2    59,   59  /PD_TOP        (1.10)
controller/i_0/i_128/A1->ZN
                         NOR3_X4*                fr    942.9     79.8     79.8      0.0      4.0      0.6     29.7      2    59,   59  /PD_TOP        (1.10)
controller/i_0/i_127/A->ZN
                         INV_X8                  rf    951.2      8.3      8.3      0.0     15.3      0.6      8.9      2    59,   59  /PD_TOP        (1.10)
controller/i_0/i_125/A1->ZN
                         NOR3_X4*                fr   1031.0     79.8     79.8      0.0      4.0      0.6     29.7      2    59,   59  /PD_TOP        (1.10)
controller/i_0/i_124/A->ZN
                         INV_X8                  rf   1039.3      8.3      8.3      0.0     15.3      0.6      8.9      2    59,   59  /PD_TOP        (1.10)
controller/i_0/i_122/A1->ZN
                         NOR3_X4*                fr   1119.1     79.8     79.8      0.0      4.0      0.6     29.7      2    59,   59  /PD_TOP        (1.10)
controller/i_0/i_121/A->ZN
                         INV_X8                  rf   1127.4      8.3      8.3      0.0     15.3      0.6      8.9      2    59,   59  /PD_TOP        (1.10)
controller/i_0/i_119/A1->ZN
                         NOR3_X4*                fr   1207.2     79.8     79.8      0.0      4.0      0.6     29.7      2    59,   59  /PD_TOP        (1.10)
controller/i_0/i_118/A->ZN
                         INV_X8                  rf   1215.5      8.3      8.3      0.0     15.3      0.6      8.9      2    59,   59  /PD_TOP        (1.10)
controller/i_0/i_116/A1->ZN
                         NOR3_X4*                fr   1295.3     79.8     79.8      0.0      4.0      0.6     29.7      2    59,   59  /PD_TOP        (1.10)
controller/i_0/i_115/A->ZN
                         INV_X8                  rf   1303.6      8.3      8.3      0.0     15.3      0.6      8.9      2    59,   59  /PD_TOP        (1.10)
controller/i_0/i_113/A1->ZN
                         NOR3_X4*                fr   1383.4     79.8     79.8      0.0      4.0      0.6     29.7      2    59,   59  /PD_TOP        (1.10)
controller/i_0/i_112/A->ZN
                         INV_X8                  rf   1391.7      8.3      8.3      0.0     15.3      0.6      8.9      2    59,   59  /PD_TOP        (1.10)
controller/i_0/i_110/A1->ZN
                         NOR3_X4*                fr   1471.5     79.8     79.8      0.0      4.0      0.6     29.7      2    59,   59  /PD_TOP        (1.10)
controller/i_0/i_109/A->ZN
                         INV_X8                  rf   1479.8      8.3      8.3      0.0     15.3      0.6      8.9      2    59,   59  /PD_TOP        (1.10)
controller/i_0/i_107/A1->ZN
                         NOR3_X4*                fr   1559.6     79.8     79.8      0.0      4.0      0.6     29.7      2    59,   59  /PD_TOP        (1.10)
controller/i_0/i_106/A->ZN
                         INV_X8                  rf   1567.9      8.3      8.3      0.0     15.3      0.6      8.9      2    59,   59  /PD_TOP        (1.10)
controller/i_0/i_104/A1->ZN
                         NOR3_X4*                fr   1647.7     79.8     79.8      0.0      4.0      0.6     29.7      2    59,   59  /PD_TOP        (1.10)
controller/i_0/i_103/A->ZN
                         INV_X8                  rf   1656.0      8.3      8.3      0.0     15.3      0.6      8.9      2    59,   59  /PD_TOP        (1.10)
controller/i_0/i_101/A1->ZN
                         NOR3_X4*                fr   1735.8     79.8     79.8      0.0      4.0      0.6     29.7      2    59,   59  /PD_TOP        (1.10)
controller/i_0/i_100/A->ZN
                         INV_X8                  rf   1744.1      8.3      8.3      0.0     15.3      0.6      8.9      2    59,   59  /PD_TOP        (1.10)
controller/i_0/i_98/A1->ZN
                         NOR3_X4*                fr   1823.9     79.8     79.8      0.0      4.0      0.6     29.7      2    59,   59  /PD_TOP        (1.10)
controller/i_0/i_97/A->ZN
                         INV_X8                  rf   1832.2      8.3      8.3      0.0     15.3      0.6      8.9      2    59,   59  /PD_TOP        (1.10)
controller/i_0/i_95/A1->ZN
                         NOR3_X4*                fr   1912.0     79.8     79.8      0.0      4.0      0.6     29.7      2    59,   59  /PD_TOP        (1.10)
controller/i_0/i_94/A->ZN
                         INV_X8                  rf   1920.3      8.3      8.3      0.0     15.3      0.6      8.9      2    59,   59  /PD_TOP        (1.10)
controller/i_0/i_92/A1->ZN
                         NOR3_X4*                fr   2000.1     79.8     79.8      0.0      4.0      0.6     29.7      2    59,   59  /PD_TOP        (1.10)
controller/i_0/i_91/A->ZN
                         INV_X8                  rf   2008.4      8.3      8.3      0.0     15.3      0.6      8.9      2    59,   59  /PD_TOP        (1.10)
controller/i_0/i_89/A1->ZN
                         NOR3_X4*                fr   2088.2     79.8     79.8      0.0      4.0      0.6     29.7      2    59,   59  /PD_TOP        (1.10)
controller/i_0/i_88/A->ZN
                         INV_X8                  rf   2096.5      8.3      8.3      0.0     15.3      0.6      8.9      2    59,   59  /PD_TOP        (1.10)
controller/i_0/i_86/A1->ZN
                         NOR3_X4*                fr   2176.3     79.8     79.8      0.0      4.0      0.6     29.7      2    59,   59  /PD_TOP        (1.10)
controller/i_0/i_85/A->ZN
                         INV_X8                  rf   2184.6      8.3      8.3      0.0     15.3      0.6      8.9      2    59,   59  /PD_TOP        (1.10)
controller/i_0/i_83/A1->ZN
                         NOR3_X4*                fr   2264.4     79.8     79.8      0.0      4.0      0.6     29.7      2    59,   59  /PD_TOP        (1.10)
controller/i_0/i_82/A->ZN
                         INV_X8                  rf   2272.7      8.3      8.3      0.0     15.3      0.6      8.9      2    59,   59  /PD_TOP        (1.10)
controller/i_0/i_80/A1->ZN
                         NOR3_X4*                fr   2352.5     79.8     79.8      0.0      4.0      0.6     29.7      2    59,   59  /PD_TOP        (1.10)
controller/i_0/i_79/A->ZN
                         INV_X8                  rf   2360.8      8.3      8.3      0.0     15.3      0.6      8.9      2    59,   59  /PD_TOP        (1.10)
controller/i_0/i_77/A1->ZN
                         NOR3_X4*                fr   2440.6     79.8     79.8      0.0      4.0      0.6     29.7      2    59,   59  /PD_TOP        (1.10)
controller/i_0/i_76/A->ZN
                         INV_X8                  rf   2448.9      8.3      8.3      0.0     15.3      0.6      8.9      2    59,   59  /PD_TOP        (1.10)
controller/i_0/i_74/A1->ZN
                         NOR3_X4                 fr   2489.0     40.1     40.1      0.0      4.0      0.6      8.1      2    59,   59  /PD_TOP        (1.10)
controller/i_0/i_73/A1->ZN
                         NAND2_X4                rf   2513.0     24.0     24.0      0.0     34.4      0.9     12.5      3    59,   59  /PD_TOP        (1.10)
controller/i_0/i_72/A1->ZN
                         NOR3_X4                 fr   2564.1     51.1     51.1      0.0     10.2      0.8     12.6      3    59,   59  /PD_TOP        (1.10)
controller/i_0/i_71/A1->ZN
                         NAND2_X4                rf   2589.9     25.8     25.8      0.0     42.5      0.8     12.7      3    59,   59  /PD_TOP        (1.10)
controller/i_0/i_66/B->Z XOR2_X2                 ff   2648.6     58.7     58.7      0.0     10.2      0.3      4.4      1    59,   59  /PD_TOP        (1.10)
controller/i_2_287/A1->ZN
                         AOI22_X4                fr   2709.0     60.4     60.4      0.0     12.6      0.3     25.8      1    59,   59  /PD_TOP        (1.10)
controller/i_2_286/A->ZN INV_X4                  rf   2713.6      4.6      4.6      0.0     50.3      0.3      1.4      1    59,   59  /PD_TOP        (1.10)
controller/out_reg[61]/D DFF_X1                   f   2713.6      0.0               0.0      3.2                             59,   59  /PD_TOP        (1.10)
------------------------------------------------------------------------------------------------------------------------------------------------------------
Report for group I2R
------------------------------------------------------------------------------------------------------------------------------------------------------------
Startpoint: input_plus
    (Clocked by sysclk R)
Endpoint: controller/out_reg[61]/D
    (Clocked by sysclk R)
Path Group: I2R
Data required time: 3962.0
    (Clock shift: 4000.0, minus Uncertainty: 0.0, plus Latency 0.0, minus Setup time: 38.0)
Data arrival time: 2796.8
Slack: 1165.2
Logic depth: 60
------------------------------------------------------------------------------------------------------------------------------------------------------------
                                                     Arrival               Arc      Net               Net    Total   fan-                                   
Path                     Module/Cell           Edge     Time    Delay    Delay    Delay     Slew     Load     Load    out     Location Power Domain      (V)
                                                        (ps)     (ps)     (ps)     (ps)     (ps)     (ff)     (ff)    (#)      (um,um)                      
------------------------------------------------------------------------------------------------------------------------------------------------------------
input_plus               {set_input_delay}        r    200.0    200.0    200.0                        4.6     90.3      6     0,   59                       
controller/i_0/i_156/A->ZN
                         INV_X8                  rf    205.0      4.5      4.5      0.0      0.0      0.6      6.8      2    59,   59  /PD_TOP        (1.10)
controller/i_0/i_150/A1->ZN
                         OR3_X4                  ff    263.4     58.4     58.4      0.0      3.7      0.8      8.5      3    59,   59  /PD_TOP        (1.10)
controller/i_0/i_149/A1->ZN
                         OR2_X4                  ff    306.8     43.4     43.4      0.0     13.1      0.5      6.1      2    59,   59  /PD_TOP        (1.10)
controller/i_0/i_148/A1->ZN
                         OR2_X4                  ff    348.4     41.6     41.6      0.0      8.8      0.5      6.1      2    59,   59  /PD_TOP        (1.10)
controller/i_0/i_147/A1->ZN
                         OR2_X4                  ff    393.5     45.1     45.1      0.0      8.8      0.9     12.5      3    59,   59  /PD_TOP        (1.10)
controller/i_0/i_146/A1->ZN
                         NOR3_X4*                fr    477.9     84.4     84.4      0.0     10.5      0.9     34.0      3    59,   59  /PD_TOP        (1.10)
controller/i_0/i_145/A->ZN
                         INV_X8                  rf    485.6      7.7      7.7      0.0     15.3      0.6      6.8      2    59,   59  /PD_TOP        (1.10)
controller/i_0/i_144/A1->ZN
                         NOR3_X4                 fr    534.8     49.2     49.2      0.0      3.7      0.8     12.6      3    59,   59  /PD_TOP        (1.10)
controller/i_0/i_143/A1->ZN
                         NAND2_X4                rf    564.0     29.2     29.2      0.0     42.5      1.2     17.2      4    59,   59  /PD_TOP        (1.10)
controller/i_0/i_140/A1->ZN
                         NOR4_X4*                fr    673.7    109.7    109.7      0.0     12.1      0.6     29.7      2    59,   59  /PD_TOP        (1.10)
controller/i_0/i_139/A->ZN
                         INV_X8                  rf    682.0      8.3      8.3      0.0     15.3      0.6      8.9      2    59,   59  /PD_TOP        (1.10)
controller/i_0/i_137/A1->ZN
                         NOR3_X4*                fr    761.8     79.8     79.8      0.0      4.0      0.6     29.7      2    59,   59  /PD_TOP        (1.10)
controller/i_0/i_136/A->ZN
                         INV_X8                  rf    770.1      8.3      8.3      0.0     15.3      0.6      8.9      2    59,   59  /PD_TOP        (1.10)
controller/i_0/i_134/A1->ZN
                         NOR3_X4*                fr    849.9     79.8     79.8      0.0      4.0      0.6     29.7      2    59,   59  /PD_TOP        (1.10)
controller/i_0/i_133/A->ZN
                         INV_X8                  rf    858.2      8.3      8.3      0.0     15.3      0.6      8.9      2    59,   59  /PD_TOP        (1.10)
controller/i_0/i_131/A1->ZN
                         NOR3_X4*                fr    938.0     79.8     79.8      0.0      4.0      0.6     29.7      2    59,   59  /PD_TOP        (1.10)
controller/i_0/i_130/A->ZN
                         INV_X8                  rf    946.3      8.3      8.3      0.0     15.3      0.6      8.9      2    59,   59  /PD_TOP        (1.10)
controller/i_0/i_128/A1->ZN
                         NOR3_X4*                fr   1026.1     79.8     79.8      0.0      4.0      0.6     29.7      2    59,   59  /PD_TOP        (1.10)
controller/i_0/i_127/A->ZN
                         INV_X8                  rf   1034.4      8.3      8.3      0.0     15.3      0.6      8.9      2    59,   59  /PD_TOP        (1.10)
controller/i_0/i_125/A1->ZN
                         NOR3_X4*                fr   1114.2     79.8     79.8      0.0      4.0      0.6     29.7      2    59,   59  /PD_TOP        (1.10)
controller/i_0/i_124/A->ZN
                         INV_X8                  rf   1122.5      8.3      8.3      0.0     15.3      0.6      8.9      2    59,   59  /PD_TOP        (1.10)
controller/i_0/i_122/A1->ZN
                         NOR3_X4*                fr   1202.3     79.8     79.8      0.0      4.0      0.6     29.7      2    59,   59  /PD_TOP        (1.10)
controller/i_0/i_121/A->ZN
                         INV_X8                  rf   1210.6      8.3      8.3      0.0     15.3      0.6      8.9      2    59,   59  /PD_TOP        (1.10)
controller/i_0/i_119/A1->ZN
                         NOR3_X4*                fr   1290.4     79.8     79.8      0.0      4.0      0.6     29.7      2    59,   59  /PD_TOP        (1.10)
controller/i_0/i_118/A->ZN
                         INV_X8                  rf   1298.7      8.3      8.3      0.0     15.3      0.6      8.9      2    59,   59  /PD_TOP        (1.10)
controller/i_0/i_116/A1->ZN
                         NOR3_X4*                fr   1378.5     79.8     79.8      0.0      4.0      0.6     29.7      2    59,   59  /PD_TOP        (1.10)
controller/i_0/i_115/A->ZN
                         INV_X8                  rf   1386.8      8.3      8.3      0.0     15.3      0.6      8.9      2    59,   59  /PD_TOP        (1.10)
controller/i_0/i_113/A1->ZN
                         NOR3_X4*                fr   1466.6     79.8     79.8      0.0      4.0      0.6     29.7      2    59,   59  /PD_TOP        (1.10)
controller/i_0/i_112/A->ZN
                         INV_X8                  rf   1474.9      8.3      8.3      0.0     15.3      0.6      8.9      2    59,   59  /PD_TOP        (1.10)
controller/i_0/i_110/A1->ZN
                         NOR3_X4*                fr   1554.7     79.8     79.8      0.0      4.0      0.6     29.7      2    59,   59  /PD_TOP        (1.10)
controller/i_0/i_109/A->ZN
                         INV_X8                  rf   1563.0      8.3      8.3      0.0     15.3      0.6      8.9      2    59,   59  /PD_TOP        (1.10)
controller/i_0/i_107/A1->ZN
                         NOR3_X4*                fr   1642.8     79.8     79.8      0.0      4.0      0.6     29.7      2    59,   59  /PD_TOP        (1.10)
controller/i_0/i_106/A->ZN
                         INV_X8                  rf   1651.1      8.3      8.3      0.0     15.3      0.6      8.9      2    59,   59  /PD_TOP        (1.10)
controller/i_0/i_104/A1->ZN
                         NOR3_X4*                fr   1730.9     79.8     79.8      0.0      4.0      0.6     29.7      2    59,   59  /PD_TOP        (1.10)
controller/i_0/i_103/A->ZN
                         INV_X8                  rf   1739.2      8.3      8.3      0.0     15.3      0.6      8.9      2    59,   59  /PD_TOP        (1.10)
controller/i_0/i_101/A1->ZN
                         NOR3_X4*                fr   1819.0     79.8     79.8      0.0      4.0      0.6     29.7      2    59,   59  /PD_TOP        (1.10)
controller/i_0/i_100/A->ZN
                         INV_X8                  rf   1827.3      8.3      8.3      0.0     15.3      0.6      8.9      2    59,   59  /PD_TOP        (1.10)
controller/i_0/i_98/A1->ZN
                         NOR3_X4*                fr   1907.1     79.8     79.8      0.0      4.0      0.6     29.7      2    59,   59  /PD_TOP        (1.10)
controller/i_0/i_97/A->ZN
                         INV_X8                  rf   1915.4      8.3      8.3      0.0     15.3      0.6      8.9      2    59,   59  /PD_TOP        (1.10)
controller/i_0/i_95/A1->ZN
                         NOR3_X4*                fr   1995.2     79.8     79.8      0.0      4.0      0.6     29.7      2    59,   59  /PD_TOP        (1.10)
controller/i_0/i_94/A->ZN
                         INV_X8                  rf   2003.5      8.3      8.3      0.0     15.3      0.6      8.9      2    59,   59  /PD_TOP        (1.10)
controller/i_0/i_92/A1->ZN
                         NOR3_X4*                fr   2083.3     79.8     79.8      0.0      4.0      0.6     29.7      2    59,   59  /PD_TOP        (1.10)
controller/i_0/i_91/A->ZN
                         INV_X8                  rf   2091.6      8.3      8.3      0.0     15.3      0.6      8.9      2    59,   59  /PD_TOP        (1.10)
controller/i_0/i_89/A1->ZN
                         NOR3_X4*                fr   2171.4     79.8     79.8      0.0      4.0      0.6     29.7      2    59,   59  /PD_TOP        (1.10)
controller/i_0/i_88/A->ZN
                         INV_X8                  rf   2179.7      8.3      8.3      0.0     15.3      0.6      8.9      2    59,   59  /PD_TOP        (1.10)
controller/i_0/i_86/A1->ZN
                         NOR3_X4*                fr   2259.5     79.8     79.8      0.0      4.0      0.6     29.7      2    59,   59  /PD_TOP        (1.10)
controller/i_0/i_85/A->ZN
                         INV_X8                  rf   2267.8      8.3      8.3      0.0     15.3      0.6      8.9      2    59,   59  /PD_TOP        (1.10)
controller/i_0/i_83/A1->ZN
                         NOR3_X4*                fr   2347.6     79.8     79.8      0.0      4.0      0.6     29.7      2    59,   59  /PD_TOP        (1.10)
controller/i_0/i_82/A->ZN
                         INV_X8                  rf   2355.9      8.3      8.3      0.0     15.3      0.6      8.9      2    59,   59  /PD_TOP        (1.10)
controller/i_0/i_80/A1->ZN
                         NOR3_X4*                fr   2435.7     79.8     79.8      0.0      4.0      0.6     29.7      2    59,   59  /PD_TOP        (1.10)
controller/i_0/i_79/A->ZN
                         INV_X8                  rf   2444.0      8.3      8.3      0.0     15.3      0.6      8.9      2    59,   59  /PD_TOP        (1.10)
controller/i_0/i_77/A1->ZN
                         NOR3_X4*                fr   2523.8     79.8     79.8      0.0      4.0      0.6     29.7      2    59,   59  /PD_TOP        (1.10)
controller/i_0/i_76/A->ZN
                         INV_X8                  rf   2532.1      8.3      8.3      0.0     15.3      0.6      8.9      2    59,   59  /PD_TOP        (1.10)
controller/i_0/i_74/A1->ZN
                         NOR3_X4                 fr   2572.2     40.1     40.1      0.0      4.0      0.6      8.1      2    59,   59  /PD_TOP        (1.10)
controller/i_0/i_73/A1->ZN
                         NAND2_X4                rf   2596.2     24.0     24.0      0.0     34.4      0.9     12.5      3    59,   59  /PD_TOP        (1.10)
controller/i_0/i_72/A1->ZN
                         NOR3_X4                 fr   2647.3     51.1     51.1      0.0     10.2      0.8     12.6      3    59,   59  /PD_TOP        (1.10)
controller/i_0/i_71/A1->ZN
                         NAND2_X4                rf   2673.1     25.8     25.8      0.0     42.5      0.8     12.7      3    59,   59  /PD_TOP        (1.10)
controller/i_0/i_66/B->Z XOR2_X2                 ff   2731.8     58.7     58.7      0.0     10.2      0.3      4.4      1    59,   59  /PD_TOP        (1.10)
controller/i_2_287/A1->ZN
                         AOI22_X4                fr   2792.2     60.9     60.4      0.5     12.6      0.3     25.8      1    59,   59  /PD_TOP        (1.10)
controller/i_2_286/A->ZN INV_X4                  rf   2796.8      4.6      4.6      0.0     50.3      0.3      1.4      1    59,   59  /PD_TOP        (1.10)
controller/out_reg[61]/D DFF_X1                   f   2796.8      0.0               0.0      3.2                             59,   59  /PD_TOP        (1.10)
------------------------------------------------------------------------------------------------------------------------------------------------------------
Report for group I2O
Report for group R2O
------------------------------------------------------------------------------------------------------------------------------------------------------------
Startpoint: reg3/out_reg[63]/Q
    (Clocked by sysclk R)
Endpoint: out[63]
    (Clocked by sysclk R)
Path Group: R2O
Data required time: 3500.0
    (Clock shift: 4000.0, minus Uncertainty: 0.0, plus Latency 0.0, minus Out delay: 500.0)
Data arrival time: 97.2
Slack: 3402.8
Logic depth: 0
------------------------------------------------------------------------------------------------------------------------------------------------------------
                                                     Arrival               Arc      Net               Net    Total   fan-                                   
Path                     Module/Cell           Edge     Time    Delay    Delay    Delay     Slew     Load     Load    out     Location Power Domain      (V)
                                                        (ps)     (ps)     (ps)     (ps)     (ps)     (ff)     (ff)    (#)      (um,um)                      
------------------------------------------------------------------------------------------------------------------------------------------------------------
clk                      {create_clock}           r      0.0      0.0      0.0                        0.0      0.0     10    54,  119                       
reg3/clk_gate_out_reg/CK->GCK
                         CLKGATETST_X1           rr      0.0      0.0      0.0      0.0      0.0      0.0      0.0     64    59,   59  /PD_TOP        (1.10)
reg3/out_reg[63]/CK->Q   DFF_X1                  rf     96.6     96.6     96.6      0.0      0.0      3.9     13.9      1    59,   59  /PD_TOP        (1.10)
out[63]                                           f     97.2      0.6               0.6     17.8                             50,    0                       
------------------------------------------------------------------------------------------------------------------------------------------------------------
