Report Instance Areas: 
-----+--------------------------------+----------------------+-----+---------
     |Instance                        |Module                |Cells|Cell Area
-----+--------------------------------+----------------------+-----+---------
1    |top                             |                      | 1068|     1324
2    |  comp2                         |comparator24bit       |  135|      120
3    |    subtract_1                  |subtractor24bits      |  134|      118
4    |      half_subtractor1          |halfsubtractor        |    2|        1
5    |      genblk1_1_full_subtractor |subtractor__0_186     |    6|        5
6    |        h1                      |halfsubtractor__0_185 |    3|        3
7    |        h2                      |halfsubtractor__0_182 |    2|        1
8    |      genblk1_2_full_subtractor |subtractor__0_194     |    6|        5
9    |        h1                      |halfsubtractor__0_193 |    3|        3
10   |        h2                      |halfsubtractor__0_190 |    2|        1
11   |      genblk1_3_full_subtractor |subtractor__0_202     |    6|        5
12   |        h1                      |halfsubtractor__0_201 |    3|        3
13   |        h2                      |halfsubtractor__0_198 |    2|        1
14   |      genblk1_4_full_subtractor |subtractor__0_210     |    6|        5
15   |        h1                      |halfsubtractor__0_209 |    3|        3
16   |        h2                      |halfsubtractor__0_206 |    2|        1
17   |      genblk1_5_full_subtractor |subtractor__0_218     |    6|        5
18   |        h1                      |halfsubtractor__0_217 |    3|        3
19   |        h2                      |halfsubtractor__0_214 |    2|        1
20   |      genblk1_6_full_subtractor |subtractor__0_226     |    6|        5
21   |        h1                      |halfsubtractor__0_225 |    3|        3
22   |        h2                      |halfsubtractor__0_222 |    2|        1
23   |      genblk1_7_full_subtractor |subtractor__0_234     |    6|        5
24   |        h1                      |halfsubtractor__0_233 |    3|        3
25   |        h2                      |halfsubtractor__0_230 |    2|        1
26   |      genblk1_8_full_subtractor |subtractor__0_242     |    6|        5
27   |        h1                      |halfsubtractor__0_241 |    3|        3
28   |        h2                      |halfsubtractor__0_238 |    2|        1
29   |      genblk1_9_full_subtractor |subtractor__0_250     |    6|        5
30   |        h1                      |halfsubtractor__0_249 |    3|        3
31   |        h2                      |halfsubtractor__0_246 |    2|        1
32   |      genblk1_10_full_subtractor|subtractor__0_258     |    6|        5
33   |        h1                      |halfsubtractor__0_257 |    3|        3
34   |        h2                      |halfsubtractor__0_254 |    2|        1
35   |      genblk1_11_full_subtractor|subtractor__0_266     |    6|        5
36   |        h1                      |halfsubtractor__0_265 |    3|        3
37   |        h2                      |halfsubtractor__0_262 |    2|        1
38   |      genblk1_12_full_subtractor|subtractor__0_274     |    6|        5
39   |        h1                      |halfsubtractor__0_273 |    3|        3
40   |        h2                      |halfsubtractor__0_270 |    2|        1
41   |      genblk1_13_full_subtractor|subtractor__0_282     |    6|        5
42   |        h1                      |halfsubtractor__0_281 |    3|        3
43   |        h2                      |halfsubtractor__0_278 |    2|        1
44   |      genblk1_14_full_subtractor|subtractor__0_290     |    6|        5
45   |        h1                      |halfsubtractor__0_289 |    3|        3
46   |        h2                      |halfsubtractor__0_286 |    2|        1
47   |      genblk1_15_full_subtractor|subtractor__0_298     |    6|        5
48   |        h1                      |halfsubtractor__0_297 |    3|        3
49   |        h2                      |halfsubtractor__0_294 |    2|        1
50   |      genblk1_16_full_subtractor|subtractor__0_306     |    6|        5
51   |        h1                      |halfsubtractor__0_305 |    3|        3
52   |        h2                      |halfsubtractor__0_302 |    2|        1
53   |      genblk1_17_full_subtractor|subtractor__0_314     |    6|        5
54   |        h1                      |halfsubtractor__0_313 |    3|        3
55   |        h2                      |halfsubtractor__0_310 |    2|        1
56   |      genblk1_18_full_subtractor|subtractor__0_322     |    6|        5
57   |        h1                      |halfsubtractor__0_321 |    3|        3
58   |        h2                      |halfsubtractor__0_318 |    2|        1
59   |      genblk1_19_full_subtractor|subtractor__0_330     |    6|        5
60   |        h1                      |halfsubtractor__0_329 |    3|        3
61   |        h2                      |halfsubtractor__0_326 |    2|        1
62   |      genblk1_20_full_subtractor|subtractor__0_338     |    6|        5
63   |        h1                      |halfsubtractor__0_337 |    3|        3
64   |        h2                      |halfsubtractor__0_334 |    2|        1
65   |      genblk1_21_full_subtractor|subtractor__0_346     |    6|        5
66   |        h1                      |halfsubtractor__0_345 |    3|        3
67   |        h2                      |halfsubtractor__0_342 |    2|        1
68   |      genblk1_22_full_subtractor|subtractor            |    6|        5
69   |        h1                      |halfsubtractor__0_116 |    3|        3
70   |        h2                      |halfsubtractor__0_119 |    2|        1
71   |  comp1                         |comparator            |   80|       96
72   |    subtract_1                  |subtractor8bits__0_406|   52|       51
73   |      half_subtractor1          |halfsubtractor__0_405 |    3|        3
74   |      genblk1_1_full_subtractor |subtractor__0_402     |    7|        7
75   |        h1                      |halfsubtractor__0_401 |    3|        3
76   |        h2                      |halfsubtractor__0_398 |    3|        3
77   |      genblk1_2_full_subtractor |subtractor__0_394     |    7|        7
78   |        h1                      |halfsubtractor__0_393 |    3|        3
79   |        h2                      |halfsubtractor__0_390 |    3|        3
80   |      genblk1_3_full_subtractor |subtractor__0_386     |    7|        7
81   |        h1                      |halfsubtractor__0_385 |    3|        3
82   |        h2                      |halfsubtractor__0_382 |    3|        3
83   |      genblk1_4_full_subtractor |subtractor__0_378     |    7|        7
84   |        h1                      |halfsubtractor__0_377 |    3|        3
85   |        h2                      |halfsubtractor__0_374 |    3|        3
86   |      genblk1_5_full_subtractor |subtractor__0_370     |    7|        7
87   |        h1                      |halfsubtractor__0_369 |    3|        3
88   |        h2                      |halfsubtractor__0_366 |    3|        3
89   |      genblk1_6_full_subtractor |subtractor__0_362     |    7|        7
90   |        h1                      |halfsubtractor__0_361 |    3|        3
91   |        h2                      |halfsubtractor__0_358 |    3|        3
92   |      genblk1_7_full_subtractor |subtractor__0_354     |    7|        7
93   |        h1                      |halfsubtractor__0_353 |    3|        3
94   |        h2                      |halfsubtractor__0_350 |    3|        3
95   |    complement2                 |twosComplement        |   13|       17
96   |  m1                            |Mux__0_501            |   24|       45
97   |  m2                            |Mux                   |   24|       45
98   |  shift1                        |Shifter               |  128|      154
99   |  adder                         |ComplementAdder       |  309|      429
100  |    genblk1_0_full_adder_inst   |full_adder__0_410     |    2|        3
101  |    genblk1_1_full_adder_inst   |full_adder__0_414     |    4|        5
102  |    genblk1_2_full_adder_inst   |full_adder__0_418     |    4|        5
103  |    genblk1_3_full_adder_inst   |full_adder__0_422     |    4|        5
104  |    genblk1_4_full_adder_inst   |full_adder__0_426     |    4|        5
105  |    genblk1_5_full_adder_inst   |full_adder__0_430     |    4|        5
106  |    genblk1_6_full_adder_inst   |full_adder__0_434     |    4|        5
107  |    genblk1_7_full_adder_inst   |full_adder__0_438     |    4|        5
108  |    genblk1_8_full_adder_inst   |full_adder__0_442     |    4|        5
109  |    genblk1_9_full_adder_inst   |full_adder__0_446     |    4|        5
110  |    genblk1_10_full_adder_inst  |full_adder__0_450     |    4|        5
111  |    genblk1_11_full_adder_inst  |full_adder__0_454     |    4|        5
112  |    genblk1_12_full_adder_inst  |full_adder__0_458     |    4|        5
113  |    genblk1_13_full_adder_inst  |full_adder__0_462     |    4|        5
114  |    genblk1_14_full_adder_inst  |full_adder__0_466     |    4|        5
115  |    genblk1_15_full_adder_inst  |full_adder__0_470     |    4|        5
116  |    genblk1_16_full_adder_inst  |full_adder__0_474     |    4|        5
117  |    genblk1_17_full_adder_inst  |full_adder__0_478     |    4|        5
118  |    genblk1_18_full_adder_inst  |full_adder__0_482     |    4|        5
119  |    genblk1_19_full_adder_inst  |full_adder__0_486     |    4|        5
120  |    genblk1_20_full_adder_inst  |full_adder__0_490     |    4|        5
121  |    genblk1_21_full_adder_inst  |full_adder__0_494     |    4|        5
122  |    genblk1_22_full_adder_inst  |full_adder__0_498     |    4|        5
123  |    genblk1_23_full_adder_inst  |full_adder            |    4|        5
124  |  output_normalize              |Normalize             |  305|      361
125  |  emans                         |ControlledIncrementor |   62|       73
126  |    subtract_1                  |subtractor8bits       |   38|       38
127  |      half_subtractor1          |halfsubtractor__0_122 |    3|        3
128  |      genblk1_1_full_subtractor |subtractor__0_130     |    7|        7
129  |        h1                      |halfsubtractor__0_129 |    3|        3
130  |        h2                      |halfsubtractor__0_126 |    3|        3
131  |      genblk1_2_full_subtractor |subtractor__0_138     |    7|        7
132  |        h1                      |halfsubtractor__0_137 |    3|        3
133  |        h2                      |halfsubtractor__0_134 |    3|        3
134  |      genblk1_3_full_subtractor |subtractor__0_146     |    7|        7
135  |        h1                      |halfsubtractor__0_145 |    3|        3
136  |        h2                      |halfsubtractor__0_142 |    3|        3
137  |      genblk1_4_full_subtractor |subtractor__0_154     |    7|        7
138  |        h1                      |halfsubtractor__0_153 |    3|        3
139  |        h2                      |halfsubtractor__0_150 |    3|        3
140  |      genblk1_5_full_subtractor |subtractor__0_162     |    3|        3
141  |        h2                      |halfsubtractor__0_158 |    3|        3
142  |      genblk1_6_full_subtractor |subtractor__0_170     |    3|        3
143  |        h2                      |halfsubtractor__0_166 |    3|        3
144  |      genblk1_7_full_subtractor |subtractor__0_178     |    1|        2
145  |        h2                      |halfsubtractor__0_174 |    1|        2
146  |    adder_1                     |fullAdder8bit         |   14|       18
147  |      genblk1_0_f1              |fullAdder__0_65       |    1|        1
148  |        h1                      |halfAdder__0_64       |    1|        1
149  |      genblk1_1_f1              |fullAdder__0_73       |    2|        3
150  |        h2                      |halfAdder__0_69       |    2|        3
151  |      genblk1_2_f1              |fullAdder__0_81       |    2|        3
152  |        h2                      |halfAdder__0_77       |    2|        3
153  |      genblk1_3_f1              |fullAdder__0_89       |    2|        3
154  |        h2                      |halfAdder__0_85       |    2|        3
155  |      genblk1_4_f1              |fullAdder__0_97       |    2|        3
156  |        h2                      |halfAdder__0_93       |    2|        3
157  |      genblk1_5_f1              |fullAdder__0_105      |    2|        3
158  |        h2                      |halfAdder__0_101      |    2|        3
159  |      genblk1_6_f1              |fullAdder__0_113      |    2|        3
160  |        h2                      |halfAdder__0_109      |    2|        3
161  |      genblk1_7_f1              |fullAdder             |    1|        2
162  |        h2                      |halfAdder             |    1|        2
-----+--------------------------------+----------------------+-----+---------
