Report End Points: 
-----+-------+------+-------+-----+-----+-----+-----+-----------+---------
     |Group  |Launch|Capture|Shift|Delay|Depth|Slack|Begin Point|End Point
-----+-------+------+-------+-----+-----+-----+-----+-----------+---------
1    |default|      |       |     |     |     |     |           |         
-----+-------+------+-------+-----+-----+-----+-----+-----------+---------
Report End Points: 
-----+-----+------+-------+-----+-----+-----+-----+-----------+---------
     |Group|Launch|Capture|Shift|Delay|Depth|Slack|Begin Point|End Point
-----+-----+------+-------+-----+-----+-----+-----+-----------+---------
1    |I2R  |      |       |     |     |     |     |           |         
-----+-----+------+-------+-----+-----+-----+-----+-----------+---------
Report End Points: 
-----+-----+-------+-------+-------+------+-----+-------+-----------+----------
     |Group|Launch |Capture|Shift  |Delay |Depth|Slack  |Begin Point|End Point 
-----+-----+-------+-------+-------+------+-----+-------+-----------+----------
1    |I2O  |vsysclk|vsysclk|20000.0|4338.2|  119|14161.8|inputA[24] |over_flow 
2    |I2O  |vsysclk|vsysclk|20000.0|4301.7|  117|14198.3|inputA[24] |result[30]
3    |I2O  |vsysclk|vsysclk|20000.0|4286.0|  115|14214.0|inputA[24] |result[29]
-----+-----+-------+-------+-------+------+-----+-------+-----------+----------
Report End Points: 
-----+-----+------+-------+-----+-----+-----+-----+-----------+---------
     |Group|Launch|Capture|Shift|Delay|Depth|Slack|Begin Point|End Point
-----+-----+------+-------+-----+-----+-----+-----+-----------+---------
1    |R2O  |      |       |     |     |     |     |           |         
-----+-----+------+-------+-----+-----+-----+-----+-----------+---------
