Report Instance Areas: 
-----+--------+------------------------+-----+---------
     |Instance|Module                  |Cells|Cell Area
-----+--------+------------------------+-----+---------
1    |top     |                        |  160|      204
2    |  s3    |RippleAdder_8bits__0_125|   40|       51
3    |    f0  |FullAdder__0_124        |    5|        6
4    |      h1|HalfAdder__0_123        |    2|        3
5    |      h2|HalfAdder__0_120        |    2|        3
6    |    f1  |FullAdder__0_116        |    5|        6
7    |      h1|HalfAdder__0_115        |    2|        3
8    |      h2|HalfAdder__0_112        |    2|        3
9    |    f2  |FullAdder__0_108        |    5|        6
10   |      h1|HalfAdder__0_107        |    2|        3
11   |      h2|HalfAdder__0_104        |    2|        3
12   |    f3  |FullAdder__0_100        |    5|        6
13   |      h1|HalfAdder__0_99         |    2|        3
14   |      h2|HalfAdder__0_96         |    2|        3
15   |    f4  |FullAdder__0_92         |    5|        6
16   |      h1|HalfAdder__0_91         |    2|        3
17   |      h2|HalfAdder__0_88         |    2|        3
18   |    f5  |FullAdder__0_84         |    5|        6
19   |      h1|HalfAdder__0_83         |    2|        3
20   |      h2|HalfAdder__0_80         |    2|        3
21   |    f6  |FullAdder__0_76         |    5|        6
22   |      h1|HalfAdder__0_75         |    2|        3
23   |      h2|HalfAdder__0_72         |    2|        3
24   |    f7  |FullAdder__0_68         |    5|        6
25   |      h1|HalfAdder__0_67         |    2|        3
26   |      h2|HalfAdder__0_64         |    2|        3
27   |  s2    |RippleAdder_8bits__0_190|   40|       51
28   |    f0  |FullAdder__0_189        |    5|        6
29   |      h1|HalfAdder__0_188        |    2|        3
30   |      h2|HalfAdder__0_185        |    2|        3
31   |    f1  |FullAdder__0_181        |    5|        6
32   |      h1|HalfAdder__0_180        |    2|        3
33   |      h2|HalfAdder__0_177        |    2|        3
34   |    f2  |FullAdder__0_173        |    5|        6
35   |      h1|HalfAdder__0_172        |    2|        3
36   |      h2|HalfAdder__0_169        |    2|        3
37   |    f3  |FullAdder__0_165        |    5|        6
38   |      h1|HalfAdder__0_164        |    2|        3
39   |      h2|HalfAdder__0_161        |    2|        3
40   |    f4  |FullAdder__0_157        |    5|        6
41   |      h1|HalfAdder__0_156        |    2|        3
42   |      h2|HalfAdder__0_153        |    2|        3
43   |    f5  |FullAdder__0_149        |    5|        6
44   |      h1|HalfAdder__0_148        |    2|        3
45   |      h2|HalfAdder__0_145        |    2|        3
46   |    f6  |FullAdder__0_141        |    5|        6
47   |      h1|HalfAdder__0_140        |    2|        3
48   |      h2|HalfAdder__0_137        |    2|        3
49   |    f7  |FullAdder__0_133        |    5|        6
50   |      h1|HalfAdder__0_132        |    2|        3
51   |      h2|HalfAdder__0_129        |    2|        3
52   |  s1    |RippleAdder_8bits__0_255|   40|       51
53   |    f0  |FullAdder__0_254        |    5|        6
54   |      h1|HalfAdder__0_253        |    2|        3
55   |      h2|HalfAdder__0_250        |    2|        3
56   |    f1  |FullAdder__0_246        |    5|        6
57   |      h1|HalfAdder__0_245        |    2|        3
58   |      h2|HalfAdder__0_242        |    2|        3
59   |    f2  |FullAdder__0_238        |    5|        6
60   |      h1|HalfAdder__0_237        |    2|        3
61   |      h2|HalfAdder__0_234        |    2|        3
62   |    f3  |FullAdder__0_230        |    5|        6
63   |      h1|HalfAdder__0_229        |    2|        3
64   |      h2|HalfAdder__0_226        |    2|        3
65   |    f4  |FullAdder__0_222        |    5|        6
66   |      h1|HalfAdder__0_221        |    2|        3
67   |      h2|HalfAdder__0_218        |    2|        3
68   |    f5  |FullAdder__0_214        |    5|        6
69   |      h1|HalfAdder__0_213        |    2|        3
70   |      h2|HalfAdder__0_210        |    2|        3
71   |    f6  |FullAdder__0_206        |    5|        6
72   |      h1|HalfAdder__0_205        |    2|        3
73   |      h2|HalfAdder__0_202        |    2|        3
74   |    f7  |FullAdder__0_198        |    5|        6
75   |      h1|HalfAdder__0_197        |    2|        3
76   |      h2|HalfAdder__0_194        |    2|        3
77   |  s4    |RippleAdder_8bits       |   40|       51
78   |    f0  |FullAdder__0_12         |    5|        6
79   |      h1|HalfAdder__0_11         |    2|        3
80   |      h2|HalfAdder__0_8          |    2|        3
81   |    f1  |FullAdder__0_20         |    5|        6
82   |      h1|HalfAdder__0_19         |    2|        3
83   |      h2|HalfAdder__0_16         |    2|        3
84   |    f2  |FullAdder__0_28         |    5|        6
85   |      h1|HalfAdder__0_27         |    2|        3
86   |      h2|HalfAdder__0_24         |    2|        3
87   |    f3  |FullAdder__0_36         |    5|        6
88   |      h1|HalfAdder__0_35         |    2|        3
89   |      h2|HalfAdder__0_32         |    2|        3
90   |    f4  |FullAdder__0_44         |    5|        6
91   |      h1|HalfAdder__0_43         |    2|        3
92   |      h2|HalfAdder__0_40         |    2|        3
93   |    f5  |FullAdder__0_52         |    5|        6
94   |      h1|HalfAdder__0_51         |    2|        3
95   |      h2|HalfAdder__0_48         |    2|        3
96   |    f6  |FullAdder__0_60         |    5|        6
97   |      h1|HalfAdder__0_59         |    2|        3
98   |      h2|HalfAdder__0_56         |    2|        3
99   |    f7  |FullAdder               |    5|        6
100  |      h1|HalfAdder__0_4          |    2|        3
101  |      h2|HalfAdder               |    2|        3
-----+--------+------------------------+-----+---------
