Report for group default
Report for group I2R
Report for group I2O
------------------------------------------------------------------------------------------------------------------------------------------------------------
Startpoint: b[0]
    (Clocked by vsysclk R)
Endpoint: cout
    (Clocked by vsysclk R)
Path Group: I2O
Data required time: 19500.0
    (Clock shift: 20000.0, minus Uncertainty: 0.0, plus Latency 0.0, minus Out delay: 500.0)
Data arrival time: 3179.2
Slack: 16320.8
Logic depth: 65
------------------------------------------------------------------------------------------------------------------------------------------------------------
                                                     Arrival               Arc      Net               Net    Total   fan-                                   
Path                     Module/Cell           Edge     Time    Delay    Delay    Delay     Slew     Load     Load    out     Location Power Domain      (V)
                                                        (ps)     (ps)     (ps)     (ps)     (ps)     (ff)     (ff)    (#)      (um,um)                      
------------------------------------------------------------------------------------------------------------------------------------------------------------
b[0]                     {set_input_delay}        r   1000.0   1000.0   1000.0                        2.2      8.2      2    78,   38                       
s1/f0/h1/i_0_0/B->Z      XOR2_X2                 rf   1015.5     15.5     15.3      0.2      0.0      0.5      5.9      2    40,   38  /PD_TOP        (1.10)
s1/f0/h2/i_0_1/A1->ZN    AND2_X4                 ff   1043.0     27.5     27.5      0.0     13.5      0.3      2.4      1    40,   38  /PD_TOP        (1.10)
s1/f0/i_0_0/A1->ZN       OR2_X4                  ff   1083.1     40.1     40.1      0.0      5.1      0.5      6.2      2    40,   38  /PD_TOP        (1.10)
s1/f1/h2/i_0_1/A2->ZN    AND2_X4                 ff   1110.5     27.4     27.4      0.0      8.8      0.3      2.4      1    40,   38  /PD_TOP        (1.10)
s1/f1/i_0_0/A1->ZN       OR2_X4                  ff   1150.6     40.1     40.1      0.0      5.1      0.5      6.2      2    40,   38  /PD_TOP        (1.10)
s1/f2/h2/i_0_1/A2->ZN    AND2_X4                 ff   1178.0     27.4     27.4      0.0      8.8      0.3      2.4      1    40,   38  /PD_TOP        (1.10)
s1/f2/i_0_0/A1->ZN       OR2_X4                  ff   1218.1     40.1     40.1      0.0      5.1      0.5      6.2      2    40,   38  /PD_TOP        (1.10)
s1/f3/h2/i_0_1/A2->ZN    AND2_X4                 ff   1245.5     27.4     27.4      0.0      8.8      0.3      2.4      1    40,   38  /PD_TOP        (1.10)
s1/f3/i_0_0/A1->ZN       OR2_X4                  ff   1285.6     40.1     40.1      0.0      5.1      0.5      6.2      2    40,   38  /PD_TOP        (1.10)
s1/f4/h2/i_0_1/A2->ZN    AND2_X4                 ff   1313.0     27.4     27.4      0.0      8.8      0.3      2.4      1    40,   38  /PD_TOP        (1.10)
s1/f4/i_0_0/A1->ZN       OR2_X4                  ff   1353.1     40.1     40.1      0.0      5.1      0.5      6.2      2    40,   38  /PD_TOP        (1.10)
s1/f5/h2/i_0_1/A2->ZN    AND2_X4                 ff   1380.5     27.4     27.4      0.0      8.8      0.3      2.4      1    40,   38  /PD_TOP        (1.10)
s1/f5/i_0_0/A1->ZN       OR2_X4                  ff   1420.6     40.1     40.1      0.0      5.1      0.5      6.2      2    40,   38  /PD_TOP        (1.10)
s1/f6/h2/i_0_1/A2->ZN    AND2_X4                 ff   1448.0     27.4     27.4      0.0      8.8      0.3      2.4      1    40,   38  /PD_TOP        (1.10)
s1/f6/i_0_0/A1->ZN       OR2_X4                  ff   1488.1     40.1     40.1      0.0      5.1      0.5      6.2      2    40,   38  /PD_TOP        (1.10)
s1/f7/h2/i_0_1/A2->ZN    AND2_X4                 ff   1515.5     27.4     27.4      0.0      8.8      0.3      2.4      1    40,   38  /PD_TOP        (1.10)
s1/f7/i_0_0/A1->ZN       OR2_X4                  ff   1555.6     40.1     40.1      0.0      5.1      0.5      6.2      2    40,   38  /PD_TOP        (1.10)
s2/f0/h2/i_0_1/A2->ZN    AND2_X4                 ff   1583.0     27.4     27.4      0.0      8.8      0.3      2.4      1    40,   38  /PD_TOP        (1.10)
s2/f0/i_0_0/A1->ZN       OR2_X4                  ff   1623.1     40.1     40.1      0.0      5.1      0.5      6.2      2    40,   38  /PD_TOP        (1.10)
s2/f1/h2/i_0_1/A2->ZN    AND2_X4                 ff   1650.5     27.4     27.4      0.0      8.8      0.3      2.4      1    40,   38  /PD_TOP        (1.10)
s2/f1/i_0_0/A1->ZN       OR2_X4                  ff   1690.6     40.1     40.1      0.0      5.1      0.5      6.2      2    40,   38  /PD_TOP        (1.10)
s2/f2/h2/i_0_1/A2->ZN    AND2_X4                 ff   1718.0     27.4     27.4      0.0      8.8      0.3      2.4      1    40,   38  /PD_TOP        (1.10)
s2/f2/i_0_0/A1->ZN       OR2_X4                  ff   1758.1     40.1     40.1      0.0      5.1      0.5      6.2      2    40,   38  /PD_TOP        (1.10)
s2/f3/h2/i_0_1/A2->ZN    AND2_X4                 ff   1785.5     27.4     27.4      0.0      8.8      0.3      2.4      1    40,   38  /PD_TOP        (1.10)
s2/f3/i_0_0/A1->ZN       OR2_X4                  ff   1825.6     40.1     40.1      0.0      5.1      0.5      6.2      2    40,   38  /PD_TOP        (1.10)
s2/f4/h2/i_0_1/A2->ZN    AND2_X4                 ff   1853.0     27.4     27.4      0.0      8.8      0.3      2.4      1    40,   38  /PD_TOP        (1.10)
s2/f4/i_0_0/A1->ZN       OR2_X4                  ff   1893.1     40.1     40.1      0.0      5.1      0.5      6.2      2    40,   38  /PD_TOP        (1.10)
s2/f5/h2/i_0_1/A2->ZN    AND2_X4                 ff   1920.5     27.4     27.4      0.0      8.8      0.3      2.4      1    40,   38  /PD_TOP        (1.10)
s2/f5/i_0_0/A1->ZN       OR2_X4                  ff   1960.6     40.1     40.1      0.0      5.1      0.5      6.2      2    40,   38  /PD_TOP        (1.10)
s2/f6/h2/i_0_1/A2->ZN    AND2_X4                 ff   1988.0     27.4     27.4      0.0      8.8      0.3      2.4      1    40,   38  /PD_TOP        (1.10)
s2/f6/i_0_0/A1->ZN       OR2_X4                  ff   2028.1     40.1     40.1      0.0      5.1      0.5      6.2      2    40,   38  /PD_TOP        (1.10)
s2/f7/h2/i_0_1/A2->ZN    AND2_X4                 ff   2055.5     27.4     27.4      0.0      8.8      0.3      2.4      1    40,   38  /PD_TOP        (1.10)
s2/f7/i_0_0/A1->ZN       OR2_X4                  ff   2095.6     40.1     40.1      0.0      5.1      0.5      6.2      2    40,   38  /PD_TOP        (1.10)
s3/f0/h2/i_0_1/A2->ZN    AND2_X4                 ff   2123.0     27.4     27.4      0.0      8.8      0.3      2.4      1    40,   38  /PD_TOP        (1.10)
s3/f0/i_0_0/A1->ZN       OR2_X4                  ff   2163.1     40.1     40.1      0.0      5.1      0.5      6.2      2    40,   38  /PD_TOP        (1.10)
s3/f1/h2/i_0_1/A2->ZN    AND2_X4                 ff   2190.5     27.4     27.4      0.0      8.8      0.3      2.4      1    40,   38  /PD_TOP        (1.10)
s3/f1/i_0_0/A1->ZN       OR2_X4                  ff   2230.6     40.1     40.1      0.0      5.1      0.5      6.2      2    40,   38  /PD_TOP        (1.10)
s3/f2/h2/i_0_1/A2->ZN    AND2_X4                 ff   2258.0     27.4     27.4      0.0      8.8      0.3      2.4      1    40,   38  /PD_TOP        (1.10)
s3/f2/i_0_0/A1->ZN       OR2_X4                  ff   2298.1     40.1     40.1      0.0      5.1      0.5      6.2      2    40,   38  /PD_TOP        (1.10)
s3/f3/h2/i_0_1/A2->ZN    AND2_X4                 ff   2325.5     27.4     27.4      0.0      8.8      0.3      2.4      1    40,   38  /PD_TOP        (1.10)
s3/f3/i_0_0/A1->ZN       OR2_X4                  ff   2365.6     40.1     40.1      0.0      5.1      0.5      6.2      2    40,   38  /PD_TOP        (1.10)
s3/f4/h2/i_0_1/A2->ZN    AND2_X4                 ff   2393.0     27.4     27.4      0.0      8.8      0.3      2.4      1    40,   38  /PD_TOP        (1.10)
s3/f4/i_0_0/A1->ZN       OR2_X4                  ff   2433.1     40.1     40.1      0.0      5.1      0.5      6.2      2    40,   38  /PD_TOP        (1.10)
s3/f5/h2/i_0_1/A2->ZN    AND2_X4                 ff   2460.5     27.4     27.4      0.0      8.8      0.3      2.4      1    40,   38  /PD_TOP        (1.10)
s3/f5/i_0_0/A1->ZN       OR2_X4                  ff   2500.6     40.1     40.1      0.0      5.1      0.5      6.2      2    40,   38  /PD_TOP        (1.10)
s3/f6/h2/i_0_1/A2->ZN    AND2_X4                 ff   2528.0     27.4     27.4      0.0      8.8      0.3      2.4      1    40,   38  /PD_TOP        (1.10)
s3/f6/i_0_0/A1->ZN       OR2_X4                  ff   2568.1     40.1     40.1      0.0      5.1      0.5      6.2      2    40,   38  /PD_TOP        (1.10)
s3/f7/h2/i_0_1/A2->ZN    AND2_X4                 ff   2595.5     27.4     27.4      0.0      8.8      0.3      2.4      1    40,   38  /PD_TOP        (1.10)
s3/f7/i_0_0/A1->ZN       OR2_X4                  ff   2635.6     40.1     40.1      0.0      5.1      0.5      6.2      2    40,   38  /PD_TOP        (1.10)
s4/f0/h2/i_0_1/A2->ZN    AND2_X4                 ff   2663.0     27.4     27.4      0.0      8.8      0.3      2.4      1    40,   38  /PD_TOP        (1.10)
s4/f0/i_0_0/A1->ZN       OR2_X4                  ff   2703.1     40.1     40.1      0.0      5.1      0.5      6.2      2    40,   38  /PD_TOP        (1.10)
s4/f1/h2/i_0_1/A2->ZN    AND2_X4                 ff   2730.5     27.4     27.4      0.0      8.8      0.3      2.4      1    40,   38  /PD_TOP        (1.10)
s4/f1/i_0_0/A1->ZN       OR2_X4                  ff   2770.6     40.1     40.1      0.0      5.1      0.5      6.2      2    40,   38  /PD_TOP        (1.10)
s4/f2/h2/i_0_1/A2->ZN    AND2_X4                 ff   2798.0     27.4     27.4      0.0      8.8      0.3      2.4      1    40,   38  /PD_TOP        (1.10)
s4/f2/i_0_0/A1->ZN       OR2_X4                  ff   2838.1     40.1     40.1      0.0      5.1      0.5      6.2      2    40,   38  /PD_TOP        (1.10)
s4/f3/h2/i_0_1/A2->ZN    AND2_X4                 ff   2865.5     27.4     27.4      0.0      8.8      0.3      2.4      1    40,   38  /PD_TOP        (1.10)
s4/f3/i_0_0/A1->ZN       OR2_X4                  ff   2905.6     40.1     40.1      0.0      5.1      0.5      6.2      2    40,   38  /PD_TOP        (1.10)
s4/f4/h2/i_0_1/A2->ZN    AND2_X4                 ff   2933.0     27.4     27.4      0.0      8.8      0.3      2.4      1    40,   38  /PD_TOP        (1.10)
s4/f4/i_0_0/A1->ZN       OR2_X4                  ff   2973.1     40.1     40.1      0.0      5.1      0.5      6.2      2    40,   38  /PD_TOP        (1.10)
s4/f5/h2/i_0_1/A2->ZN    AND2_X4                 ff   3000.5     27.4     27.4      0.0      8.8      0.3      2.4      1    40,   38  /PD_TOP        (1.10)
s4/f5/i_0_0/A1->ZN       OR2_X4                  ff   3040.6     40.1     40.1      0.0      5.1      0.5      6.2      2    40,   38  /PD_TOP        (1.10)
s4/f6/h2/i_0_1/A2->ZN    AND2_X4                 ff   3068.0     27.4     27.4      0.0      8.8      0.3      2.4      1    40,   38  /PD_TOP        (1.10)
s4/f6/i_0_0/A1->ZN       OR2_X4                  ff   3108.1     40.1     40.1      0.0      5.1      0.5      6.2      2    40,   38  /PD_TOP        (1.10)
s4/f7/h2/i_0_1/A2->ZN    AND2_X4                 ff   3135.5     27.4     27.4      0.0      8.8      0.3      2.4      1    40,   38  /PD_TOP        (1.10)
s4/f7/i_0_0/A1->ZN       OR2_X4                  ff   3179.0     43.5     43.5      0.0      5.1      2.3     12.3      1    40,   38  /PD_TOP        (1.10)
cout                                              f   3179.2      0.2               0.2     10.4                              0,   37                       
------------------------------------------------------------------------------------------------------------------------------------------------------------
Report for group R2O
