Report End Points: 
-----+-------+------+-------+-----+-----+-----+-----+-----------+---------
     |Group  |Launch|Capture|Shift|Delay|Depth|Slack|Begin Point|End Point
-----+-------+------+-------+-----+-----+-----+-----+-----------+---------
1    |default|      |       |     |     |     |     |           |         
-----+-------+------+-------+-----+-----+-----+-----+-----------+---------
Report End Points: 
-----+-----+------+-------+-----+-----+-----+-----+-----------+---------
     |Group|Launch|Capture|Shift|Delay|Depth|Slack|Begin Point|End Point
-----+-----+------+-------+-----+-----+-----+-----+-----------+---------
1    |I2R  |      |       |     |     |     |     |           |         
-----+-----+------+-------+-----+-----+-----+-----+-----------+---------
Report End Points: 
-----+-----+-------+-------+-------+------+-----+-------+-----------+---------
     |Group|Launch |Capture|Shift  |Delay |Depth|Slack  |Begin Point|End Point
-----+-----+-------+-------+-------+------+-----+-------+-----------+---------
1    |I2O  |vsysclk|vsysclk|20000.0|2656.3|   73|15843.7|b[0]       |cout     
2    |I2O  |vsysclk|vsysclk|20000.0|2592.2|   71|15907.8|b[0]       |sum[31]  
3    |I2O  |vsysclk|vsysclk|20000.0|2524.7|   69|15975.3|b[0]       |sum[30]  
-----+-----+-------+-------+-------+------+-----+-------+-----------+---------
Report End Points: 
-----+-----+------+-------+-----+-----+-----+-----+-----------+---------
     |Group|Launch|Capture|Shift|Delay|Depth|Slack|Begin Point|End Point
-----+-----+------+-------+-----+-----+-----+-----+-----------+---------
1    |R2O  |      |       |     |     |     |     |           |         
-----+-----+------+-------+-----+-----+-----+-----+-----------+---------
