Report End Points: 
-----+-------+------+-------+-----+-----+-----+-----+-----------+---------
     |Group  |Launch|Capture|Shift|Delay|Depth|Slack|Begin Point|End Point
-----+-------+------+-------+-----+-----+-----+-----+-----------+---------
1    |default|      |       |     |     |     |     |           |         
-----+-------+------+-------+-----+-----+-----+-----+-----------+---------
Report End Points: 
-----+-----+------+-------+-----+-----+-----+-----+-----------+---------
     |Group|Launch|Capture|Shift|Delay|Depth|Slack|Begin Point|End Point
-----+-----+------+-------+-----+-----+-----+-----+-----------+---------
1    |I2R  |      |       |     |     |     |     |           |         
-----+-----+------+-------+-----+-----+-----+-----+-----------+---------
Report End Points: 
-----+-----+-------+-------+-------+------+-----+-------+-----------+----------
     |Group|Launch |Capture|Shift  |Delay |Depth|Slack  |Begin Point|End Point 
-----+-----+-------+-------+-------+------+-----+-------+-----------+----------
1    |I2O  |vsysclk|vsysclk|20000.0|1219.7|   42|17280.3|input2[1]  |carry     
2    |I2O  |vsysclk|vsysclk|20000.0|1211.3|   41|17288.7|input2[1]  |result[31]
3    |I2O  |vsysclk|vsysclk|20000.0|1185.7|   40|17314.3|input2[1]  |result[30]
-----+-----+-------+-------+-------+------+-----+-------+-----------+----------
Report End Points: 
-----+-----+------+-------+-----+-----+-----+-----+-----------+---------
     |Group|Launch|Capture|Shift|Delay|Depth|Slack|Begin Point|End Point
-----+-----+------+-------+-----+-----+-----+-----+-----------+---------
1    |R2O  |      |       |     |     |     |     |           |         
-----+-----+------+-------+-----+-----+-----+-----+-----------+---------
