Report Instance Areas: 
-----+----------------------------+----------------+-----+---------
     |Instance                    |Module          |Cells|Cell Area
-----+----------------------------+----------------+-----+---------
1    |top                         |                |   62|       78
2    |  genblk1_0_full_adder_inst |full_adder__0_5 |    2|        3
3    |  genblk1_1_full_adder_inst |full_adder__0_9 |    4|        5
4    |  genblk1_2_full_adder_inst |full_adder__0_13|    4|        5
5    |  genblk1_3_full_adder_inst |full_adder__0_17|    4|        5
6    |  genblk1_4_full_adder_inst |full_adder__0_21|    4|        5
7    |  genblk1_5_full_adder_inst |full_adder__0_25|    4|        5
8    |  genblk1_6_full_adder_inst |full_adder__0_29|    4|        5
9    |  genblk1_7_full_adder_inst |full_adder__0_33|    4|        5
10   |  genblk1_8_full_adder_inst |full_adder__0_37|    4|        5
11   |  genblk1_9_full_adder_inst |full_adder__0_41|    4|        5
12   |  genblk1_10_full_adder_inst|full_adder__0_45|    4|        5
13   |  genblk1_11_full_adder_inst|full_adder__0_49|    4|        5
14   |  genblk1_12_full_adder_inst|full_adder__0_53|    4|        5
15   |  genblk1_13_full_adder_inst|full_adder__0_57|    4|        5
16   |  genblk1_14_full_adder_inst|full_adder__0_61|    4|        5
17   |  genblk1_15_full_adder_inst|full_adder      |    4|        5
-----+----------------------------+----------------+-----+---------
