Report Physical info: 
------------------------+-------------+-----------+------------
                        |             |Area (squm)|Leakage (uW)
------------------------+-------------+-----------+------------
Design Name             |ripple_adder |           |            
  Total Instances       |           62|         78|       1.851
    Macros              |            0|          0|       0.000
    Pads                |            0|          0|       0.000
    Phys                |            0|          0|       0.000
    Blackboxes          |            0|          0|       0.000
    Cells               |           62|         78|       1.851
      Buffers           |            0|          0|       0.000
      Inverters         |           15|          8|       0.215
      Clock-Gates       |            0|          0|       0.000
      Combinational     |           47|         70|       1.635
      Latches           |            0|          0|       0.000
      FlipFlops         |            0|          0|       0.000
       Single-Bit FF    |            0|          0|       0.000
       Multi-Bit FF     |            0|          0|       0.000
       Clock-Gated      |            0|           |            
       Bits             |            0|          0|       0.000
         Load-Enabled   |            0|           |            
         Clock-Gated    |            0|           |            
  Tristate Pin Count    |            0|           |            
Physical Info           |Placed       |           |            
  Chip Size (mm x mm)   |0.071 x 0.071|       5103|            
  Fixed Cell Area       |             |          0|            
    Phys Only           |            0|          0|            
  Placeable Area        |             |        128|            
  Movable Cell Area     |             |         78|            
  Utilization (%)       |           61|           |            
  Chip Utilization (%)  |           61|           |            
  Total Wire Length (mm)|        1.790|           |            
  Longest Wire (mm)     |        0.037|           |            
  Average Wire (mm)     |        0.037|           |            
------------------------+-------------+-----------+------------
