Report End Points: 
-----+-------+------+-------+-----+-----+-----+-----+-----------+---------
     |Group  |Launch|Capture|Shift|Delay|Depth|Slack|Begin Point|End Point
-----+-------+------+-------+-----+-----+-----+-----+-----------+---------
1    |default|      |       |     |     |     |     |           |         
-----+-------+------+-------+-----+-----+-----+-----+-----------+---------
Report End Points: 
-----+-----+------+-------+-----+-----+-----+-----+-----------+---------
     |Group|Launch|Capture|Shift|Delay|Depth|Slack|Begin Point|End Point
-----+-----+------+-------+-----+-----+-----+-----+-----------+---------
1    |I2R  |      |       |     |     |     |     |           |         
-----+-----+------+-------+-----+-----+-----+-----+-----------+---------
Report End Points: 
-----+-----+-------+-------+-------+------+-----+-------+-----------+------------
     |Group|Launch |Capture|Shift  |Delay |Depth|Slack  |Begin Point|End Point   
-----+-----+-------+-------+-------+------+-----+-------+-----------+------------
1    |I2O  |vsysclk|vsysclk|20000.0|1073.4|   31|17426.6|i_add2[1]  |o_carry     
2    |I2O  |vsysclk|vsysclk|20000.0|1064.0|   30|17436.0|i_add2[1]  |o_result[15]
3    |I2O  |vsysclk|vsysclk|20000.0| 993.7|   28|17506.3|i_add2[1]  |o_result[14]
-----+-----+-------+-------+-------+------+-----+-------+-----------+------------
Report End Points: 
-----+-----+------+-------+-----+-----+-----+-----+-----------+---------
     |Group|Launch|Capture|Shift|Delay|Depth|Slack|Begin Point|End Point
-----+-----+------+-------+-----+-----+-----+-----+-----------+---------
1    |R2O  |      |       |     |     |     |     |           |         
-----+-----+------+-------+-----+-----+-----+-----+-----------+---------
