warning: No library characterized for (process = 1.00 voltage = 0.85 temperature = 25.00) can be found in the database for power domain '/PD_TOP'  [NL-174]
Report Power (instances with prefix '*' are included in total) : 
-----+---------------------------+--------------------+---------------------+-------------------+-----------------
     | Instance                  | Internal Power(uw) | Switching Power(uw) | Leakage Power(uw) | Total Power(uw) 
-----+---------------------------+--------------------+---------------------+-------------------+-----------------
1    |*genblk1_0_full_adder_inst |            0.127684|             0.276840|           0.061230|         0.465754
2    |*genblk1_1_full_adder_inst |            0.247137|             0.767627|           0.119293|         1.134056
3    |*genblk1_2_full_adder_inst |            0.244547|             0.787711|           0.119293|         1.151551
4    |*genblk1_3_full_adder_inst |            0.243559|             0.794002|           0.119293|         1.156854
5    |*genblk1_4_full_adder_inst |            0.243180|             0.796090|           0.119293|         1.158562
6    |*genblk1_5_full_adder_inst |            0.243037|             0.797028|           0.119293|         1.159357
7    |*genblk1_6_full_adder_inst |            0.242983|             0.797316|           0.119293|         1.159591
8    |*genblk1_7_full_adder_inst |            0.242962|             0.797394|           0.119293|         1.159649
9    |*genblk1_8_full_adder_inst |            0.242954|             0.797374|           0.119293|         1.159621
10   |*genblk1_9_full_adder_inst |            0.242952|             0.797548|           0.119293|         1.159792
11   |*genblk1_10_full_adder_inst|            0.242951|             0.797553|           0.119293|         1.159797
12   |*genblk1_11_full_adder_inst|            0.242951|             0.797628|           0.119293|         1.159872
13   |*genblk1_12_full_adder_inst|            0.242950|             0.797569|           0.119293|         1.159812
14   |*genblk1_13_full_adder_inst|            0.242951|             0.797728|           0.119293|         1.159972
15   |*genblk1_14_full_adder_inst|            0.242951|             0.797728|           0.119293|         1.159972
16   |*genblk1_15_full_adder_inst|            0.241410|             0.852838|           0.119293|         1.213540
17   |                           |                    |                     |                   |                 
18   |*TOTAL                     |            3.777158|            12.249974|           1.850619|        17.877750
-----+---------------------------+--------------------+---------------------+-------------------+-----------------
