Report for group default
Report for group I2R
Report for group I2O
------------------------------------------------------------------------------------------------------------------------------------------------------------
Startpoint: i_add2[1]
    (Clocked by vsysclk R)
Endpoint: o_carry
    (Clocked by vsysclk R)
Path Group: I2O
Data required time: 19500.0
    (Clock shift: 20000.0, minus Uncertainty: 0.0, plus Latency 0.0, minus Out delay: 500.0)
Data arrival time: 2073.4
Slack: 17426.6
Logic depth: 31
------------------------------------------------------------------------------------------------------------------------------------------------------------
                                                     Arrival               Arc      Net               Net    Total   fan-                                   
Path                     Module/Cell           Edge     Time    Delay    Delay    Delay     Slew     Load     Load    out     Location Power Domain      (V)
                                                        (ps)     (ps)     (ps)     (ps)     (ps)     (ff)     (ff)    (#)      (um,um)                      
------------------------------------------------------------------------------------------------------------------------------------------------------------
i_add2[1]                {set_input_delay}        r   1000.0   1000.0   1000.0                        2.0      9.9      2    36,    0                       
genblk1_1_full_adder_inst/i_0_0/B->Z
                         XOR2_X2                 rf   1017.7     17.5     17.5      0.0      0.0      0.6      7.9      2    36,   36  /PD_TOP        (1.10)
genblk1_1_full_adder_inst/i_0_2/A1->ZN
                         AOI22_X4                fr   1078.8     61.1     61.1      0.0     14.5      0.3     25.8      1    36,   36  /PD_TOP        (1.10)
genblk1_1_full_adder_inst/i_0_3/A->ZN
                         INV_X8                  rf   1087.1      8.3      8.3      0.0     50.3      0.6      8.3      2    36,   36  /PD_TOP        (1.10)
genblk1_2_full_adder_inst/i_0_2/A2->ZN
                         AOI22_X4                fr   1149.1     62.2     62.0      0.2      3.9      0.3     25.8      1    36,   36  /PD_TOP        (1.10)
genblk1_2_full_adder_inst/i_0_3/A->ZN
                         INV_X8                  rf   1157.4      8.5      8.3      0.2     50.3      0.6      8.3      2    36,   36  /PD_TOP        (1.10)
genblk1_3_full_adder_inst/i_0_2/A2->ZN
                         AOI22_X4                fr   1219.4     62.0     62.0      0.0      3.9      0.3     25.8      1    36,   36  /PD_TOP        (1.10)
genblk1_3_full_adder_inst/i_0_3/A->ZN
                         INV_X8                  rf   1227.7      8.3      8.3      0.0     50.3      0.6      8.3      2    36,   36  /PD_TOP        (1.10)
genblk1_4_full_adder_inst/i_0_2/A2->ZN
                         AOI22_X4                fr   1289.7     62.0     62.0      0.0      3.9      0.3     25.8      1    36,   36  /PD_TOP        (1.10)
genblk1_4_full_adder_inst/i_0_3/A->ZN
                         INV_X8                  rf   1298.0      8.3      8.3      0.0     50.3      0.6      8.3      2    36,   36  /PD_TOP        (1.10)
genblk1_5_full_adder_inst/i_0_2/A2->ZN
                         AOI22_X4                fr   1360.0     62.0     62.0      0.0      3.9      0.3     25.8      1    36,   36  /PD_TOP        (1.10)
genblk1_5_full_adder_inst/i_0_3/A->ZN
                         INV_X8                  rf   1368.3      8.3      8.3      0.0     50.3      0.6      8.3      2    36,   36  /PD_TOP        (1.10)
genblk1_6_full_adder_inst/i_0_2/A2->ZN
                         AOI22_X4                fr   1430.3     62.0     62.0      0.0      3.9      0.3     25.8      1    36,   36  /PD_TOP        (1.10)
genblk1_6_full_adder_inst/i_0_3/A->ZN
                         INV_X8                  rf   1438.6      8.3      8.3      0.0     50.3      0.6      8.3      2    36,   36  /PD_TOP        (1.10)
genblk1_7_full_adder_inst/i_0_2/A2->ZN
                         AOI22_X4                fr   1500.6     62.0     62.0      0.0      3.9      0.3     25.8      1    36,   36  /PD_TOP        (1.10)
genblk1_7_full_adder_inst/i_0_3/A->ZN
                         INV_X8                  rf   1508.9      8.3      8.3      0.0     50.3      0.6      8.3      2    36,   36  /PD_TOP        (1.10)
genblk1_8_full_adder_inst/i_0_2/A2->ZN
                         AOI22_X4                fr   1570.9     62.0     62.0      0.0      3.9      0.3     25.8      1    36,   36  /PD_TOP        (1.10)
genblk1_8_full_adder_inst/i_0_3/A->ZN
                         INV_X8                  rf   1579.2      8.3      8.3      0.0     50.3      0.6      8.3      2    36,   36  /PD_TOP        (1.10)
genblk1_9_full_adder_inst/i_0_2/A2->ZN
                         AOI22_X4                fr   1641.2     62.0     62.0      0.0      3.9      0.3     25.8      1    36,   36  /PD_TOP        (1.10)
genblk1_9_full_adder_inst/i_0_3/A->ZN
                         INV_X8                  rf   1649.5      8.3      8.3      0.0     50.3      0.6      8.3      2    36,   36  /PD_TOP        (1.10)
genblk1_10_full_adder_inst/i_0_2/A2->ZN
                         AOI22_X4                fr   1711.5     62.0     62.0      0.0      3.9      0.3     25.8      1    36,   36  /PD_TOP        (1.10)
genblk1_10_full_adder_inst/i_0_3/A->ZN
                         INV_X8                  rf   1719.8      8.3      8.3      0.0     50.3      0.6      8.3      2    36,   36  /PD_TOP        (1.10)
genblk1_11_full_adder_inst/i_0_2/A2->ZN
                         AOI22_X4                fr   1781.8     62.0     62.0      0.0      3.9      0.3     25.8      1    36,   36  /PD_TOP        (1.10)
genblk1_11_full_adder_inst/i_0_3/A->ZN
                         INV_X8                  rf   1790.1      8.3      8.3      0.0     50.3      0.6      8.3      2    36,   36  /PD_TOP        (1.10)
genblk1_12_full_adder_inst/i_0_2/A2->ZN
                         AOI22_X4                fr   1852.1     62.0     62.0      0.0      3.9      0.3     25.8      1    36,   36  /PD_TOP        (1.10)
genblk1_12_full_adder_inst/i_0_3/A->ZN
                         INV_X8                  rf   1860.4      8.3      8.3      0.0     50.3      0.6      8.3      2    36,   36  /PD_TOP        (1.10)
genblk1_13_full_adder_inst/i_0_2/A2->ZN
                         AOI22_X4                fr   1922.4     62.0     62.0      0.0      3.9      0.3     25.8      1    36,   36  /PD_TOP        (1.10)
genblk1_13_full_adder_inst/i_0_3/A->ZN
                         INV_X8                  rf   1930.7      8.3      8.3      0.0     50.3      0.6      8.3      2    36,   36  /PD_TOP        (1.10)
genblk1_14_full_adder_inst/i_0_2/A2->ZN
                         AOI22_X4                fr   1992.7     62.0     62.0      0.0      3.9      2.4     25.8      1    36,   36  /PD_TOP        (1.10)
genblk1_14_full_adder_inst/i_0_3/A->ZN
                         INV_X8                  rf   2001.0      8.3      8.3      0.0     50.3      2.7      8.3      2    36,   36  /PD_TOP        (1.10)
genblk1_15_full_adder_inst/i_0_2/A2->ZN
                         AOI22_X4                fr   2063.0     62.0     62.0      0.0      3.9      2.4     25.8      1    36,   36  /PD_TOP        (1.10)
genblk1_15_full_adder_inst/i_0_3/A->ZN
                         INV_X8                  rf   2073.2     10.2     10.2      0.0     50.3      2.1     12.1      1    36,   36  /PD_TOP        (1.10)
o_carry                                           f   2073.4      0.2               0.2      4.3                             71,   35                       
------------------------------------------------------------------------------------------------------------------------------------------------------------
Report for group R2O
