Report End Points: 
-----+-------+------+-------+------+------+-----+------+-----------+-----------
     |Group  |Launch|Capture|Shift |Delay |Depth|Slack |Begin Point|End Point  
-----+-------+------+-------+------+------+-----+------+-----------+-----------
1    |default|sysclk|sysclk |4000.0|1757.8|   66|2094.0|f8_reg[0]/Q|A_reg[31]/D
2    |default|sysclk|sysclk |4000.0|1719.5|   63|2135.0|f8_reg[0]/Q|A_reg[29]/D
3    |default|sysclk|sysclk |4000.0|1713.3|   65|2140.1|f8_reg[0]/Q|A_reg[30]/D
-----+-------+------+-------+------+------+-----+------+-----------+-----------
Report End Points: 
-----+-----+--------------+-------+------+-----+-----+------+-----------+-----------
     |Group|Launch        |Capture|Shift |Delay|Depth|Slack |Begin Point|End Point  
-----+-----+--------------+-------+------+-----+-----+------+-----------+-----------
1    |I2R  |rtDefaultClock|sysclk |4000.0|230.6|    4|3731.4|start      |A_reg[29]/D
2    |I2R  |rtDefaultClock|sysclk |4000.0|230.6|    4|3731.4|start      |A_reg[28]/D
3    |I2R  |rtDefaultClock|sysclk |4000.0|230.6|    4|3731.4|start      |A_reg[27]/D
-----+-----+--------------+-------+------+-----+-----+------+-----------+-----------
Report End Points: 
-----+-----+------+-------+-----+-----+-----+-----+-----------+---------
     |Group|Launch|Capture|Shift|Delay|Depth|Slack|Begin Point|End Point
-----+-----+------+-------+-----+-----+-----+-----+-----------+---------
1    |I2O  |      |       |     |     |     |     |           |         
-----+-----+------+-------+-----+-----+-----+-----+-----------+---------
Report End Points: 
-----+-----+------+-------+------+-----+-----+------+----------------------+----------
     |Group|Launch|Capture|Shift |Delay|Depth|Slack |Begin Point           |End Point 
-----+-----+------+-------+------+-----+-----+------+----------------------+----------
1    |R2O  |sysclk|sysclk |4000.0|  0.5|    0|3403.2|inst2/my_reg_reg[30]/Q|result[62]
2    |R2O  |sysclk|sysclk |4000.0|  0.5|    0|3403.2|inst2/my_reg_reg[29]/Q|result[61]
3    |R2O  |sysclk|sysclk |4000.0|  0.5|    0|3403.2|inst2/my_reg_reg[27]/Q|result[59]
-----+-----+------+-------+------+-----+-----+------+----------------------+----------
