warning: No library characterized for (process = 1.00 voltage = 0.85 temperature = 25.00) can be found in the database for power domain '/PD_TOP'  [NL-174]
Report Power (instances with prefix '*' are included in total) : 
-----+---------------------------+--------------------+---------------------+-------------------+-----------------
     | Instance                  | Internal Power(uw) | Switching Power(uw) | Leakage Power(uw) | Total Power(uw) 
-----+---------------------------+--------------------+---------------------+-------------------+-----------------
1    |*inst1                     |           67.968468|             7.782438|           5.122325|        80.873230
2    |*subtractor                |           42.502567|            71.311630|           5.846754|       119.660950
3    |*adder                     |           42.268887|            70.796074|           5.846754|       118.911713
4    |*inst2                     |           67.780724|            63.841007|           5.122325|       136.744049
5    |*i_0_0                     |            4.843249|             8.713622|           1.822795|        15.379667
6    |*A_reg[30]                 |            1.048529|             1.226726|           0.079112|         2.354367
7    |*A_reg[29]                 |            1.048529|             1.226726|           0.079112|         2.354367
8    |*A_reg[28]                 |            1.048529|             1.226726|           0.079112|         2.354367
9    |*A_reg[27]                 |            1.048529|             1.226726|           0.079112|         2.354367
10   |*A_reg[26]                 |            1.048529|             1.226726|           0.079112|         2.354367
11   |*A_reg[25]                 |            1.048529|             1.226726|           0.079112|         2.354367
12   |*A_reg[24]                 |            1.048529|             1.226726|           0.079112|         2.354367
13   |*A_reg[23]                 |            1.048529|             1.226726|           0.079112|         2.354367
14   |*A_reg[22]                 |            1.048529|             1.226726|           0.079112|         2.354367
15   |*A_reg[21]                 |            1.048529|             1.226726|           0.079112|         2.354367
16   |*A_reg[20]                 |            1.048529|             1.226726|           0.079112|         2.354367
17   |*A_reg[19]                 |            1.048529|             1.226726|           0.079112|         2.354367
18   |*A_reg[18]                 |            1.048529|             1.226726|           0.079112|         2.354367
19   |*A_reg[17]                 |            1.048529|             1.226726|           0.079112|         2.354367
20   |*A_reg[16]                 |            1.048529|             1.226726|           0.079112|         2.354367
21   |*A_reg[15]                 |            1.048529|             1.226726|           0.079112|         2.354367
22   |*A_reg[14]                 |            1.048529|             1.226726|           0.079112|         2.354367
23   |*A_reg[13]                 |            1.048529|             1.226726|           0.079112|         2.354367
24   |*A_reg[12]                 |            1.048529|             1.226726|           0.079112|         2.354367
25   |*A_reg[11]                 |            1.048529|             1.226726|           0.079112|         2.354367
26   |*A_reg[10]                 |            1.048529|             1.226726|           0.079112|         2.354367
27   |*A_reg[9]                  |            1.048529|             1.226726|           0.079112|         2.354367
28   |*A_reg[8]                  |            1.048529|             1.226726|           0.079112|         2.354367
29   |*A_reg[7]                  |            1.048529|             1.226726|           0.079112|         2.354367
30   |*A_reg[6]                  |            1.048529|             1.226726|           0.079112|         2.354367
31   |*A_reg[5]                  |            1.048529|             1.226726|           0.079112|         2.354367
32   |*A_reg[4]                  |            1.048529|             1.226726|           0.079112|         2.354367
33   |*A_reg[3]                  |            1.048529|             1.226726|           0.079112|         2.354367
34   |*A_reg[2]                  |            1.048529|             1.226726|           0.079112|         2.354367
35   |*A_reg[1]                  |            1.048529|             1.226726|           0.079112|         2.354367
36   |*A_reg[0]                  |            0.744218|             0.962355|           0.079112|         1.785685
37   |*A_reg[31]                 |            0.733316|             0.765862|           0.079112|         1.578290
38   |*A_reg[31]_enable_mux_0    |            0.199692|             0.055470|           0.035928|         0.291091
39   |*l8_reg[31]                |            1.003736|             0.221245|           0.079112|         1.304093
40   |*l8_reg[30]                |            1.048491|             0.231110|           0.079112|         1.358713
41   |*l8_reg[29]                |            1.048491|             0.231110|           0.079112|         1.358713
42   |*l8_reg[28]                |            1.048491|             0.231110|           0.079112|         1.358713
43   |*l8_reg[27]                |            1.048491|             0.231110|           0.079112|         1.358713
44   |*l8_reg[26]                |            1.048491|             0.231110|           0.079112|         1.358713
45   |*l8_reg[25]                |            1.048491|             0.231110|           0.079112|         1.358713
46   |*l8_reg[24]                |            1.048491|             0.231110|           0.079112|         1.358713
47   |*l8_reg[23]                |            1.048491|             0.231110|           0.079112|         1.358713
48   |*l8_reg[22]                |            1.048491|             0.231110|           0.079112|         1.358713
49   |*l8_reg[21]                |            1.048491|             0.231110|           0.079112|         1.358713
50   |*l8_reg[20]                |            1.048491|             0.231110|           0.079112|         1.358713
51   |*l8_reg[19]                |            1.048491|             0.231110|           0.079112|         1.358713
52   |*l8_reg[18]                |            1.048491|             0.231110|           0.079112|         1.358713
53   |*l8_reg[17]                |            1.048491|             0.231110|           0.079112|         1.358713
54   |*l8_reg[16]                |            1.048491|             0.231110|           0.079112|         1.358713
55   |*l8_reg[15]                |            1.048491|             0.231110|           0.079112|         1.358713
56   |*l8_reg[14]                |            1.048491|             0.231110|           0.079112|         1.358713
57   |*l8_reg[13]                |            1.048491|             0.231110|           0.079112|         1.358713
58   |*l8_reg[12]                |            1.048491|             0.231110|           0.079112|         1.358713
59   |*l8_reg[11]                |            1.048491|             0.231110|           0.079112|         1.358713
60   |*l8_reg[10]                |            1.048491|             0.231110|           0.079112|         1.358713
61   |*l8_reg[9]                 |            1.048491|             0.231110|           0.079112|         1.358713
62   |*l8_reg[8]                 |            1.048491|             0.231110|           0.079112|         1.358713
63   |*l8_reg[7]                 |            1.048491|             0.231110|           0.079112|         1.358713
64   |*l8_reg[6]                 |            1.048491|             0.231110|           0.079112|         1.358713
65   |*l8_reg[5]                 |            1.048491|             0.231110|           0.079112|         1.358713
66   |*l8_reg[4]                 |            1.048491|             0.231110|           0.079112|         1.358713
67   |*l8_reg[3]                 |            1.048491|             0.231110|           0.079112|         1.358713
68   |*l8_reg[2]                 |            1.048491|             0.231110|           0.079112|         1.358713
69   |*l8_reg[1]                 |            1.048491|             0.231110|           0.079112|         1.358713
70   |*l8_reg[0]                 |            1.067740|             2.056149|           0.079112|         3.203001
71   |*clk_gate_f8_reg           |            1.052107|             0.000000|           0.059138|         1.111245
72   |*f8_reg[31]                |            0.529336|             0.263634|           0.079112|         0.872082
73   |*f8_reg[30]                |            0.532782|             0.516214|           0.079112|         1.128108
74   |*f8_reg[29]                |            0.533522|             0.675891|           0.079112|         1.288525
75   |*f8_reg[28]                |            0.533699|             0.854929|           0.079112|         1.467740
76   |*f8_reg[27]                |            0.532420|             0.484138|           0.079112|         1.095670
77   |*f8_reg[26]                |            0.533469|             0.622383|           0.079112|         1.234964
78   |*f8_reg[25]                |            0.534010|             1.329903|           0.079112|         1.943025
79   |*f8_reg[24]                |            0.532781|             0.516150|           0.079112|         1.128044
80   |*f8_reg[23]                |            0.533538|             0.692136|           0.079112|         1.304786
81   |*f8_reg[22]                |            0.532119|             0.457535|           0.079112|         1.068767
82   |*f8_reg[21]                |            0.534010|             1.329903|           0.079112|         1.943025
83   |*f8_reg[20]                |            0.532782|             0.516214|           0.079112|         1.128108
84   |*f8_reg[19]                |            0.533522|             0.675891|           0.079112|         1.288525
85   |*f8_reg[18]                |            0.533699|             0.854929|           0.079112|         1.467740
86   |*f8_reg[17]                |            0.532119|             0.457535|           0.079112|         1.068767
87   |*f8_reg[16]                |            0.532420|             0.484138|           0.079112|         1.095670
88   |*f8_reg[15]                |            0.533469|             0.622383|           0.079112|         1.234964
89   |*f8_reg[14]                |            0.534010|             1.329903|           0.079112|         1.943025
90   |*f8_reg[13]                |            0.532781|             0.516150|           0.079112|         1.128044
91   |*f8_reg[12]                |            0.533538|             0.692136|           0.079112|         1.304786
92   |*f8_reg[11]                |            0.534010|             1.329903|           0.079112|         1.943025
93   |*f8_reg[10]                |            0.532960|             0.531990|           0.079112|         1.144063
94   |*f8_reg[9]                 |            0.532420|             0.484138|           0.079112|         1.095670
95   |*f8_reg[8]                 |            0.533469|             0.622383|           0.079112|         1.234964
96   |*f8_reg[7]                 |            0.532119|             0.457535|           0.079112|         1.068767
97   |*f8_reg[6]                 |            0.532420|             0.484138|           0.079112|         1.095670
98   |*f8_reg[5]                 |            0.533469|             0.622383|           0.079112|         1.234964
99   |*f8_reg[4]                 |            0.532119|             0.457535|           0.079112|         1.068767
100  |*f8_reg[3]                 |            0.532119|             0.457535|           0.079112|         1.068767
101  |*f8_reg[2]                 |            0.532423|             0.484474|           0.079112|         1.096010
102  |*f8_reg[1]                 |            0.533468|             0.621273|           0.079112|         1.233853
103  |*f8_reg[0]                 |            0.533701|             0.857701|           0.079112|         1.470514
104  |*write_en_reg              |            1.044387|             0.090835|           0.079112|         1.214334
105  |*write_en2_reg             |            1.048064|             0.210988|           0.079112|         1.338164
106  |*write_en2_reg_enable_mux_0|            0.394212|             0.110541|           0.035928|         0.540682
107  |*count_reg[5]              |            1.041779|             0.555009|           0.079112|         1.675900
108  |*count_reg[4]              |            0.791463|             0.610779|           0.079112|         1.481355
109  |*count_reg[3]              |            0.812750|             0.629634|           0.079112|         1.521496
110  |*count_reg[2]              |            0.825625|             0.634748|           0.079112|         1.539486
111  |*count_reg[1]              |            0.848091|             1.210879|           0.079112|         2.138083
112  |*count_reg[0]              |            0.800665|             1.401021|           0.079112|         2.280798
113  |*q0_reg                    |            0.796948|             0.577402|           0.079112|         1.453462
114  |*clk_gate_A_reg__0         |            0.531519|             0.000000|           0.059138|         0.590656
115  |*i_0_1_0                   |            0.173821|             0.101869|           0.021200|         0.296889
116  |*i_0_1_1                   |            0.210842|             0.091418|           0.027858|         0.330119
117  |*i_0_1_2                   |            0.171481|             0.223534|           0.022619|         0.417634
118  |*i_0_1_3                   |            0.111870|             0.057790|           0.026832|         0.196492
119  |*i_0_1_4                   |            0.217810|             0.272560|           0.027858|         0.518229
120  |*i_0_1_5                   |            0.091011|             0.050669|           0.021200|         0.162880
121  |*i_0_1_6                   |            0.095076|             0.157932|           0.022619|         0.275628
122  |*i_0_1_7                   |            0.087469|             0.048314|           0.021200|         0.156983
123  |*i_0_1_8                   |            0.088936|             0.150153|           0.022619|         0.261708
124  |*i_0_1_9                   |            0.130059|             0.081055|           0.021200|         0.232314
125  |*i_0_1_10                  |            0.185490|             0.329678|           0.036441|         0.551609
126  |*i_0_1_11                  |            0.001559|             0.003014|           0.025066|         0.029639
127  |*i_0_1_12                  |            0.006193|             0.015881|           0.025066|         0.047140
128  |*i_0_1_13                  |            0.027385|             0.059601|           0.026481|         0.113468
129  |*i_0_1_14                  |            0.303291|             0.192663|           0.022695|         0.518649
130  |*i_0_1_15                  |            0.085976|             0.076644|           0.014353|         0.176974
131  |*i_0_1_16                  |            0.262220|             1.384662|           0.047399|         1.694280
132  |*i_0_1_17                  |            0.085986|             0.076654|           0.014353|         0.176993
133  |*i_0_1_18                  |            0.262618|             1.385031|           0.047399|         1.695048
134  |*i_0_1_19                  |            0.085893|             0.076571|           0.014353|         0.176818
135  |*i_0_1_20                  |            0.262776|             1.385264|           0.047399|         1.695439
136  |*i_0_1_21                  |            0.085893|             0.076570|           0.014353|         0.176816
137  |*i_0_1_22                  |            0.262792|             1.385181|           0.047399|         1.695372
138  |*i_0_1_23                  |            0.085891|             0.076569|           0.014353|         0.176813
139  |*i_0_1_24                  |            0.262777|             1.385082|           0.047399|         1.695258
140  |*i_0_1_25                  |            0.085888|             0.076566|           0.014353|         0.176807
141  |*i_0_1_26                  |            0.262740|             1.384950|           0.047399|         1.695089
142  |*i_0_1_27                  |            0.085887|             0.076565|           0.014353|         0.176805
143  |*i_0_1_28                  |            0.262733|             1.384917|           0.047399|         1.695049
144  |*i_0_1_29                  |            0.085886|             0.076564|           0.014353|         0.176804
145  |*i_0_1_30                  |            0.262724|             1.384883|           0.047399|         1.695005
146  |*i_0_1_31                  |            0.085885|             0.076564|           0.014353|         0.176803
147  |*i_0_1_32                  |            0.262717|             1.384861|           0.047399|         1.694977
148  |*i_0_1_33                  |            0.085885|             0.076564|           0.014353|         0.176802
149  |*i_0_1_34                  |            0.262716|             1.384855|           0.047399|         1.694970
150  |*i_0_1_35                  |            0.085885|             0.076564|           0.014353|         0.176802
151  |*i_0_1_36                  |            0.262715|             1.384850|           0.047399|         1.694963
152  |*i_0_1_37                  |            0.085885|             0.076564|           0.014353|         0.176802
153  |*i_0_1_38                  |            0.262714|             1.384847|           0.047399|         1.694959
154  |*i_0_1_39                  |            0.085885|             0.076564|           0.014353|         0.176802
155  |*i_0_1_40                  |            0.262713|             1.384845|           0.047399|         1.694958
156  |*i_0_1_41                  |            0.085885|             0.076564|           0.014353|         0.176802
157  |*i_0_1_42                  |            0.262713|             1.384845|           0.047399|         1.694957
158  |*i_0_1_43                  |            0.085885|             0.076564|           0.014353|         0.176802
159  |*i_0_1_44                  |            0.262713|             1.384844|           0.047399|         1.694956
160  |*i_0_1_45                  |            0.085885|             0.076564|           0.014353|         0.176802
161  |*i_0_1_46                  |            0.262713|             1.384844|           0.047399|         1.694956
162  |*i_0_1_47                  |            0.085885|             0.076564|           0.014353|         0.176802
163  |*i_0_1_48                  |            0.262713|             1.384844|           0.047399|         1.694956
164  |*i_0_1_49                  |            0.085885|             0.076564|           0.014353|         0.176802
165  |*i_0_1_50                  |            0.262713|             1.384844|           0.047399|         1.694956
166  |*i_0_1_51                  |            0.085885|             0.076564|           0.014353|         0.176802
167  |*i_0_1_52                  |            0.262713|             1.384844|           0.047399|         1.694956
168  |*i_0_1_53                  |            0.085885|             0.076564|           0.014353|         0.176802
169  |*i_0_1_54                  |            0.262713|             1.384844|           0.047399|         1.694956
170  |*i_0_1_55                  |            0.085885|             0.076564|           0.014353|         0.176802
171  |*i_0_1_56                  |            0.262713|             1.384844|           0.047399|         1.694956
172  |*i_0_1_57                  |            0.085885|             0.076564|           0.014353|         0.176802
173  |*i_0_1_58                  |            0.262713|             1.384844|           0.047399|         1.694956
174  |*i_0_1_59                  |            0.085885|             0.076564|           0.014353|         0.176802
175  |*i_0_1_60                  |            0.262713|             1.384844|           0.047399|         1.694956
176  |*i_0_1_61                  |            0.085885|             0.076564|           0.014353|         0.176802
177  |*i_0_1_62                  |            0.262713|             1.384844|           0.047399|         1.694956
178  |*i_0_1_63                  |            0.085885|             0.076564|           0.014353|         0.176802
179  |*i_0_1_64                  |            0.262713|             1.384844|           0.047399|         1.694956
180  |*i_0_1_65                  |            0.085885|             0.076564|           0.014353|         0.176802
181  |*i_0_1_66                  |            0.262713|             1.384844|           0.047399|         1.694956
182  |*i_0_1_67                  |            0.085885|             0.076564|           0.014353|         0.176802
183  |*i_0_1_68                  |            0.262713|             1.384844|           0.047399|         1.694956
184  |*i_0_1_69                  |            0.085885|             0.076564|           0.014353|         0.176802
185  |*i_0_1_70                  |            0.262713|             1.384844|           0.047399|         1.694956
186  |*i_0_1_71                  |            0.085885|             0.076564|           0.014353|         0.176802
187  |*i_0_1_72                  |            0.262713|             1.384844|           0.047399|         1.694956
188  |*i_0_1_73                  |            0.085885|             0.076564|           0.014353|         0.176802
189  |*i_0_1_74                  |            0.262727|             1.384846|           0.047399|         1.694972
190  |*i_0_1_75                  |            0.097594|             0.061321|           0.017393|         0.176308
191  |*i_0_1_76                  |            0.036643|             0.063707|           0.017393|         0.117743
192  |*i_0_1_77                  |            0.050831|             0.052381|           0.014353|         0.117565
193  |*i_0_1_78                  |            0.140794|             0.968152|           0.032612|         1.141558
194  |*i_0_1_79                  |            0.396753|             0.110541|           0.035928|         0.543223
195  |*i_0_1_80                  |            0.396753|             0.110541|           0.035928|         0.543223
196  |*i_0_1_81                  |            0.396753|             0.110541|           0.035928|         0.543223
197  |*i_0_1_82                  |            0.396753|             0.110541|           0.035928|         0.543223
198  |*i_0_1_83                  |            0.396753|             0.110541|           0.035928|         0.543223
199  |*i_0_1_84                  |            0.396753|             0.110541|           0.035928|         0.543223
200  |*i_0_1_85                  |            0.396753|             0.110541|           0.035928|         0.543223
201  |*i_0_1_86                  |            0.396753|             0.110541|           0.035928|         0.543223
202  |*i_0_1_87                  |            0.396753|             0.110541|           0.035928|         0.543223
203  |*i_0_1_88                  |            0.396753|             0.110541|           0.035928|         0.543223
204  |*i_0_1_89                  |            0.396753|             0.110541|           0.035928|         0.543223
205  |*i_0_1_90                  |            0.396753|             0.110541|           0.035928|         0.543223
206  |*i_0_1_91                  |            0.396753|             0.110541|           0.035928|         0.543223
207  |*i_0_1_92                  |            0.396753|             0.110541|           0.035928|         0.543223
208  |*i_0_1_93                  |            0.396753|             0.110541|           0.035928|         0.543223
209  |*i_0_1_94                  |            0.396753|             0.110541|           0.035928|         0.543223
210  |*i_0_1_95                  |            0.396753|             0.110541|           0.035928|         0.543223
211  |*i_0_1_96                  |            0.396753|             0.110541|           0.035928|         0.543223
212  |*i_0_1_97                  |            0.396753|             0.110541|           0.035928|         0.543223
213  |*i_0_1_98                  |            0.396753|             0.110541|           0.035928|         0.543223
214  |*i_0_1_99                  |            0.396753|             0.110541|           0.035928|         0.543223
215  |*i_0_1_100                 |            0.396753|             0.110541|           0.035928|         0.543223
216  |*i_0_1_101                 |            0.396753|             0.110541|           0.035928|         0.543223
217  |*i_0_1_102                 |            0.396753|             0.110541|           0.035928|         0.543223
218  |*i_0_1_103                 |            0.396753|             0.110541|           0.035928|         0.543223
219  |*i_0_1_104                 |            0.396753|             0.110541|           0.035928|         0.543223
220  |*i_0_1_105                 |            0.396753|             0.110541|           0.035928|         0.543223
221  |*i_0_1_106                 |            0.396753|             0.110541|           0.035928|         0.543223
222  |*i_0_1_107                 |            0.396753|             0.110541|           0.035928|         0.543223
223  |*i_0_1_108                 |            0.396753|             0.110541|           0.035928|         0.543223
224  |*i_0_1_109                 |            0.391375|             0.109362|           0.035928|         0.536665
225  |*i_0_1_110                 |            0.158956|             0.101957|           0.017393|         0.278306
226  |*i_0_1_111                 |            0.132741|             0.135437|           0.032612|         0.300789
227  |*i_0_1_112                 |            0.271743|             0.256834|           0.032612|         0.561189
228  |*i_0_1_113                 |            0.163299|             4.421942|           0.026832|         4.612072
229  |*i_0_1_114                 |            0.088617|             1.682898|           0.026481|         1.797996
230  |*i_0_1_115                 |            0.196546|             0.157536|           0.027858|         0.381941
231  |*i_0_1_116                 |            0.136918|             5.494933|           0.021200|         5.653050
232  |*i_0_1_117                 |            0.334976|             0.340883|           0.036441|         0.712300
233  |*i_0_1_118                 |            0.130333|             0.081495|           0.021200|         0.233028
234  |*i_0_1_119                 |            0.028356|             0.013029|           0.017393|         0.058779
235  |*i_0_1_120                 |            0.080954|             0.233386|           0.032601|         0.346942
236  |*i_0_1_121                 |            0.134060|             0.266614|           0.017393|         0.418067
237  |*i_0_1_122                 |            0.199505|             0.314761|           0.021200|         0.535466
238  |*i_0_1_123                 |            0.497730|             7.717720|           0.014353|         8.229802
239  |*i_0_1_124                 |            0.118804|             1.150068|           0.014353|         1.283226
240  |                           |                    |                     |                   |                 
241  |*TOTAL                     |          346.719513|           370.195679|          36.036800|       752.952026
-----+---------------------------+--------------------+---------------------+-------------------+-----------------
