Report for group default
------------------------------------------------------------------------------------------------------------------------------------------------------------
Startpoint: f8_reg[0]/Q
    (Clocked by sysclk R)
Endpoint: A_reg[31]/D
    (Clocked by sysclk R)
Path Group: default
Data required time: 3959.3
    (Clock shift: 4000.0, minus Uncertainty: 0.0, plus Latency 0.0, minus Setup time: 40.7)
Data arrival time: 1865.3
Slack: 2094.0
Logic depth: 66
------------------------------------------------------------------------------------------------------------------------------------------------------------
                                                     Arrival               Arc      Net               Net    Total   fan-                                   
Path                     Module/Cell           Edge     Time    Delay    Delay    Delay     Slew     Load     Load    out     Location Power Domain      (V)
                                                        (ps)     (ps)     (ps)     (ps)     (ps)     (ff)     (ff)    (#)      (um,um)                      
------------------------------------------------------------------------------------------------------------------------------------------------------------
clk                      {create_clock}           r      0.0      0.0      0.0                        0.0      0.0      7     0,   56                       
clk_gate_f8_reg/CK->GCK  CLKGATETST_X1           rr      0.0      0.0      0.0      0.0      0.0      0.0      0.0     32    58,   57  /PD_TOP        (1.10)
f8_reg[0]/CK->Q          DFF_X1                  rf    107.5    107.5    107.5      0.0      0.0      2.0     22.7      7    58,   57  /PD_TOP        (1.10)
i_0_0/i_60/A3->ZN        OR3_X4                  ff    189.1     81.6     81.6      0.0     26.6      0.8      8.5      3    58,   57  /PD_TOP        (1.10)
i_0_0/i_1/A1->ZN         AND2_X4                 ff    218.4     29.3     29.3      0.0     13.1      0.5      6.0      2    58,   57  /PD_TOP        (1.10)
subtractor/genblk1_2_fulladder_f1/i_0_0/B->Z
                         XOR2_X2                 ff    282.4     64.0     64.0      0.0      6.0      0.8     12.5      3    58,   57  /PD_TOP        (1.10)
subtractor/genblk2_1_f3/i_0_1/B2->ZN
                         OAI21_X4                fr    317.0     34.6     34.6      0.0     16.9      0.3      4.2      1    58,   57  /PD_TOP        (1.10)
subtractor/genblk2_1_f3/i_0_0/A2->ZN
                         NAND2_X4                rf    337.3     20.3     20.3      0.0     18.3      0.8     11.7      3    58,   57  /PD_TOP        (1.10)
subtractor/genblk2_2_f3/i_0_1/B1->ZN
                         OAI21_X4                fr    364.2     26.9     26.9      0.0      9.9      0.3      4.2      1    58,   57  /PD_TOP        (1.10)
subtractor/genblk2_2_f3/i_0_0/A2->ZN
                         NAND2_X4                rf    384.5     20.3     20.3      0.0     18.3      0.8     11.7      3    58,   57  /PD_TOP        (1.10)
subtractor/genblk2_3_f3/i_0_1/B1->ZN
                         OAI21_X4                fr    411.4     26.9     26.9      0.0      9.9      0.3      4.2      1    58,   57  /PD_TOP        (1.10)
subtractor/genblk2_3_f3/i_0_0/A2->ZN
                         NAND2_X4                rf    431.7     20.3     20.3      0.0     18.3      0.8     11.7      3    58,   57  /PD_TOP        (1.10)
subtractor/genblk2_4_f3/i_0_1/B1->ZN
                         OAI21_X4                fr    458.6     26.9     26.9      0.0      9.9      0.3      4.2      1    58,   57  /PD_TOP        (1.10)
subtractor/genblk2_4_f3/i_0_0/A2->ZN
                         NAND2_X4                rf    478.9     20.3     20.3      0.0     18.3      0.8     11.7      3    58,   57  /PD_TOP        (1.10)
subtractor/genblk2_5_f3/i_0_1/B1->ZN
                         OAI21_X4                fr    505.8     26.9     26.9      0.0      9.9      0.3      4.2      1    58,   57  /PD_TOP        (1.10)
subtractor/genblk2_5_f3/i_0_0/A2->ZN
                         NAND2_X4                rf    526.1     20.3     20.3      0.0     18.3      0.8     11.7      3    58,   57  /PD_TOP        (1.10)
subtractor/genblk2_6_f3/i_0_1/B1->ZN
                         OAI21_X4                fr    553.0     26.9     26.9      0.0      9.9      0.3      4.2      1    58,   57  /PD_TOP        (1.10)
subtractor/genblk2_6_f3/i_0_0/A2->ZN
                         NAND2_X4                rf    573.3     20.3     20.3      0.0     18.3      0.8     11.7      3    58,   57  /PD_TOP        (1.10)
subtractor/genblk2_7_f3/i_0_1/B1->ZN
                         OAI21_X4                fr    600.2     26.9     26.9      0.0      9.9      0.3      4.2      1    58,   57  /PD_TOP        (1.10)
subtractor/genblk2_7_f3/i_0_0/A2->ZN
                         NAND2_X4                rf    620.5     20.3     20.3      0.0     18.3      0.8     11.7      3    58,   57  /PD_TOP        (1.10)
subtractor/genblk2_8_f3/i_0_1/B1->ZN
                         OAI21_X4                fr    647.4     26.9     26.9      0.0      9.9      0.3      4.2      1    58,   57  /PD_TOP        (1.10)
subtractor/genblk2_8_f3/i_0_0/A2->ZN
                         NAND2_X4                rf    667.7     20.3     20.3      0.0     18.3      0.8     11.7      3    58,   57  /PD_TOP        (1.10)
subtractor/genblk2_9_f3/i_0_1/B1->ZN
                         OAI21_X4                fr    694.6     26.9     26.9      0.0      9.9      0.3      4.2      1    58,   57  /PD_TOP        (1.10)
subtractor/genblk2_9_f3/i_0_0/A2->ZN
                         NAND2_X4                rf    714.9     20.3     20.3      0.0     18.3      0.8     11.7      3    58,   57  /PD_TOP        (1.10)
subtractor/genblk2_10_f3/i_0_1/B1->ZN
                         OAI21_X4                fr    741.8     26.9     26.9      0.0      9.9      0.3      4.2      1    58,   57  /PD_TOP        (1.10)
subtractor/genblk2_10_f3/i_0_0/A2->ZN
                         NAND2_X4                rf    762.1     20.3     20.3      0.0     18.3      0.8     11.7      3    58,   57  /PD_TOP        (1.10)
subtractor/genblk2_11_f3/i_0_1/B1->ZN
                         OAI21_X4                fr    789.0     26.9     26.9      0.0      9.9      0.3      4.2      1    58,   57  /PD_TOP        (1.10)
subtractor/genblk2_11_f3/i_0_0/A2->ZN
                         NAND2_X4                rf    809.3     20.3     20.3      0.0     18.3      0.8     11.7      3    58,   57  /PD_TOP        (1.10)
subtractor/genblk2_12_f3/i_0_1/B1->ZN
                         OAI21_X4                fr    836.2     26.9     26.9      0.0      9.9      0.3      4.2      1    58,   57  /PD_TOP        (1.10)
subtractor/genblk2_12_f3/i_0_0/A2->ZN
                         NAND2_X4                rf    856.5     20.3     20.3      0.0     18.3      0.8     11.7      3    58,   57  /PD_TOP        (1.10)
subtractor/genblk2_13_f3/i_0_1/B1->ZN
                         OAI21_X4                fr    883.4     26.9     26.9      0.0      9.9      0.3      4.2      1    58,   57  /PD_TOP        (1.10)
subtractor/genblk2_13_f3/i_0_0/A2->ZN
                         NAND2_X4                rf    903.7     20.3     20.3      0.0     18.3      0.8     11.7      3    58,   57  /PD_TOP        (1.10)
subtractor/genblk2_14_f3/i_0_1/B1->ZN
                         OAI21_X4                fr    930.6     26.9     26.9      0.0      9.9      0.3      4.2      1    58,   57  /PD_TOP        (1.10)
subtractor/genblk2_14_f3/i_0_0/A2->ZN
                         NAND2_X4                rf    950.9     20.3     20.3      0.0     18.3      0.8     11.7      3    58,   57  /PD_TOP        (1.10)
subtractor/genblk2_15_f3/i_0_1/B1->ZN
                         OAI21_X4                fr    977.8     26.9     26.9      0.0      9.9      0.3      4.2      1    58,   57  /PD_TOP        (1.10)
subtractor/genblk2_15_f3/i_0_0/A2->ZN
                         NAND2_X4                rf    998.1     20.3     20.3      0.0     18.3      0.8     11.7      3    58,   57  /PD_TOP        (1.10)
subtractor/genblk2_16_f3/i_0_1/B1->ZN
                         OAI21_X4                fr   1025.0     26.9     26.9      0.0      9.9      0.3      4.2      1    58,   57  /PD_TOP        (1.10)
subtractor/genblk2_16_f3/i_0_0/A2->ZN
                         NAND2_X4                rf   1045.3     20.3     20.3      0.0     18.3      0.8     11.7      3    58,   57  /PD_TOP        (1.10)
subtractor/genblk2_17_f3/i_0_1/B1->ZN
                         OAI21_X4                fr   1072.2     26.9     26.9      0.0      9.9      0.3      4.2      1    58,   57  /PD_TOP        (1.10)
subtractor/genblk2_17_f3/i_0_0/A2->ZN
                         NAND2_X4                rf   1092.5     20.3     20.3      0.0     18.3      0.8     11.7      3    58,   57  /PD_TOP        (1.10)
subtractor/genblk2_18_f3/i_0_1/B1->ZN
                         OAI21_X4                fr   1119.4     26.9     26.9      0.0      9.9      0.3      4.2      1    58,   57  /PD_TOP        (1.10)
subtractor/genblk2_18_f3/i_0_0/A2->ZN
                         NAND2_X4                rf   1139.7     20.3     20.3      0.0     18.3      0.8     11.7      3    58,   57  /PD_TOP        (1.10)
subtractor/genblk2_19_f3/i_0_1/B1->ZN
                         OAI21_X4                fr   1166.6     26.9     26.9      0.0      9.9      0.3      4.2      1    58,   57  /PD_TOP        (1.10)
subtractor/genblk2_19_f3/i_0_0/A2->ZN
                         NAND2_X4                rf   1186.9     20.3     20.3      0.0     18.3      0.8     11.7      3    58,   57  /PD_TOP        (1.10)
subtractor/genblk2_20_f3/i_0_1/B1->ZN
                         OAI21_X4                fr   1213.8     26.9     26.9      0.0      9.9      0.3      4.2      1    58,   57  /PD_TOP        (1.10)
subtractor/genblk2_20_f3/i_0_0/A2->ZN
                         NAND2_X4                rf   1234.1     20.3     20.3      0.0     18.3      0.8     11.7      3    58,   57  /PD_TOP        (1.10)
subtractor/genblk2_21_f3/i_0_1/B1->ZN
                         OAI21_X4                fr   1261.0     26.9     26.9      0.0      9.9      0.3      4.2      1    58,   57  /PD_TOP        (1.10)
subtractor/genblk2_21_f3/i_0_0/A2->ZN
                         NAND2_X4                rf   1281.3     20.3     20.3      0.0     18.3      0.8     11.7      3    58,   57  /PD_TOP        (1.10)
subtractor/genblk2_22_f3/i_0_1/B1->ZN
                         OAI21_X4                fr   1308.2     26.9     26.9      0.0      9.9      0.3      4.2      1    58,   57  /PD_TOP        (1.10)
subtractor/genblk2_22_f3/i_0_0/A2->ZN
                         NAND2_X4                rf   1328.5     20.3     20.3      0.0     18.3      0.8     11.7      3    58,   57  /PD_TOP        (1.10)
subtractor/genblk2_23_f3/i_0_1/B1->ZN
                         OAI21_X4                fr   1355.4     26.9     26.9      0.0      9.9      0.3      4.2      1    58,   57  /PD_TOP        (1.10)
subtractor/genblk2_23_f3/i_0_0/A2->ZN
                         NAND2_X4                rf   1375.7     20.3     20.3      0.0     18.3      0.8     11.7      3    58,   57  /PD_TOP        (1.10)
subtractor/genblk2_24_f3/i_0_1/B1->ZN
                         OAI21_X4                fr   1402.6     26.9     26.9      0.0      9.9      0.3      4.2      1    58,   57  /PD_TOP        (1.10)
subtractor/genblk2_24_f3/i_0_0/A2->ZN
                         NAND2_X4                rf   1422.9     20.3     20.3      0.0     18.3      0.8     11.7      3    58,   57  /PD_TOP        (1.10)
subtractor/genblk2_25_f3/i_0_1/B1->ZN
                         OAI21_X4                fr   1449.8     26.9     26.9      0.0      9.9      0.3      4.2      1    58,   57  /PD_TOP        (1.10)
subtractor/genblk2_25_f3/i_0_0/A2->ZN
                         NAND2_X4                rf   1470.1     20.3     20.3      0.0     18.3      0.8     11.7      3    58,   57  /PD_TOP        (1.10)
subtractor/genblk2_26_f3/i_0_1/B1->ZN
                         OAI21_X4                fr   1497.0     26.9     26.9      0.0      9.9      0.3      4.2      1    58,   57  /PD_TOP        (1.10)
subtractor/genblk2_26_f3/i_0_0/A2->ZN
                         NAND2_X4                rf   1517.3     20.3     20.3      0.0     18.3      0.8     11.7      3    58,   57  /PD_TOP        (1.10)
subtractor/genblk2_27_f3/i_0_1/B1->ZN
                         OAI21_X4                fr   1544.2     26.9     26.9      0.0      9.9      0.3      4.2      1    58,   57  /PD_TOP        (1.10)
subtractor/genblk2_27_f3/i_0_0/A2->ZN
                         NAND2_X4                rf   1564.5     20.3     20.3      0.0     18.3      0.8     11.7      3    58,   57  /PD_TOP        (1.10)
subtractor/genblk2_28_f3/i_0_1/B1->ZN
                         OAI21_X4                fr   1591.4     26.9     26.9      0.0      9.9      0.3      4.2      1    58,   57  /PD_TOP        (1.10)
subtractor/genblk2_28_f3/i_0_0/A2->ZN
                         NAND2_X4                rf   1611.7     20.3     20.3      0.0     18.3      0.8     11.7      3    58,   57  /PD_TOP        (1.10)
subtractor/genblk2_29_f3/i_0_1/B1->ZN
                         OAI21_X4                fr   1638.6     26.9     26.9      0.0      9.9      0.3      4.2      1    58,   57  /PD_TOP        (1.10)
subtractor/genblk2_29_f3/i_0_0/A2->ZN
                         NAND2_X4                rf   1654.2     15.6     15.6      0.0     18.3      0.3      4.0      1    58,   57  /PD_TOP        (1.10)
subtractor/genblk2_30_f3/i_0_0/B->ZN
                         XNOR2_X2                ff   1690.9     36.7     36.7      0.0      6.8      0.3      3.4      1    58,   57  /PD_TOP        (1.10)
subtractor/genblk2_30_f3/i_0_1/A->ZN
                         XNOR2_X2                ff   1729.4     38.5     38.5      0.0     10.4      0.3      4.4      1    58,   57  /PD_TOP        (1.10)
i_0_1_78/B2->ZN          AOI22_X4*               fr   1808.1     78.7     78.7      0.0     11.4      0.6     30.0      2    58,   57  /PD_TOP        (1.10)
i_0_1_77/A->ZN           INV_X4                  rf   1814.0      5.9      5.9      0.0     15.3      0.3      1.6      1    58,   57  /PD_TOP        (1.10)
A_reg[31]_enable_mux_0/B->Z
                         MUX2_X2                 ff   1865.3     51.3     51.3      0.0      3.3      0.3      1.5      1    58,   57  /PD_TOP        (1.10)
A_reg[31]/D              DFF_X1                   f   1865.3      0.0               0.0      9.8                             58,   57  /PD_TOP        (1.10)
------------------------------------------------------------------------------------------------------------------------------------------------------------
Report for group I2R
------------------------------------------------------------------------------------------------------------------------------------------------------------
Startpoint: start
    (Clocked by rtDefaultClock R)
Endpoint: A_reg[29]/D
    (Clocked by sysclk R)
Path Group: I2R
Data required time: 3962.0
    (Clock shift: 4000.0, minus Uncertainty: 0.0, plus Latency 0.0, minus Setup time: 38.0)
Data arrival time: 230.6
Slack: 3731.4
Logic depth: 4
------------------------------------------------------------------------------------------------------------------------------------------------------------
                                                     Arrival               Arc      Net               Net    Total   fan-                                   
Path                     Module/Cell           Edge     Time    Delay    Delay    Delay     Slew     Load     Load    out     Location Power Domain      (V)
                                                        (ps)     (ps)     (ps)     (ps)     (ps)     (ff)     (ff)    (#)      (um,um)                      
------------------------------------------------------------------------------------------------------------------------------------------------------------
start                    {set_input_delay}        r      0.0      0.0      0.0                       16.1    144.9     42     0,   57                       
i_0_1_123/A->ZN          INV_X8                  rf      7.8      7.4      7.4      0.0      0.0      2.1     25.5      7    58,   57  /PD_TOP        (1.10)
i_0_1_114/A2->ZN         AND3_X4*                ff     71.2     63.4     63.4      0.0      5.9     12.9     94.9     32    58,   57  /PD_TOP        (1.10)
i_0_1_74/C2->ZN          AOI222_X4               fr    224.7    153.5    152.9      0.6     15.3      0.3     25.8      1    58,   57  /PD_TOP        (1.10)
i_0_1_73/A->ZN           INV_X4                  rf    230.6      5.9      5.9      0.0     18.4      0.3      1.4      1    58,   57  /PD_TOP        (1.10)
A_reg[29]/D              DFF_X1                   f    230.6      0.4               0.4      3.2                             58,   57  /PD_TOP        (1.10)
------------------------------------------------------------------------------------------------------------------------------------------------------------
Report for group I2O
Report for group R2O
------------------------------------------------------------------------------------------------------------------------------------------------------------
Startpoint: inst2/my_reg_reg[30]/Q
    (Clocked by sysclk R)
Endpoint: result[62]
    (Clocked by sysclk R)
Path Group: R2O
Data required time: 3500.0
    (Clock shift: 4000.0, minus Uncertainty: 0.0, plus Latency 0.0, minus Out delay: 500.0)
Data arrival time: 96.8
Slack: 3403.2
Logic depth: 0
------------------------------------------------------------------------------------------------------------------------------------------------------------
                                                     Arrival               Arc      Net               Net    Total   fan-                                   
Path                     Module/Cell           Edge     Time    Delay    Delay    Delay     Slew     Load     Load    out     Location Power Domain      (V)
                                                        (ps)     (ps)     (ps)     (ps)     (ps)     (ff)     (ff)    (#)      (um,um)                      
------------------------------------------------------------------------------------------------------------------------------------------------------------
clk                      {create_clock}           r      0.0      0.0      0.0                        0.0      0.0      7     0,   56                       
inst2/clk_gate_my_reg_reg/CK->GCK
                         CLKGATETST_X1           rr      0.0      0.0      0.0      0.0      0.0      0.0      0.0     64    58,   57  /PD_TOP        (1.10)
inst2/my_reg_reg[30]/CK->Q
                         DFF_X1                  rf     96.3     96.3     96.3      0.0      0.0      3.7     13.7      1    58,   57  /PD_TOP        (1.10)
result[62]                                        f     96.8      0.5               0.5     17.7                              0,   64                       
------------------------------------------------------------------------------------------------------------------------------------------------------------
