 Timing Path to multiplier_inst/inst1/my_reg_reg[7]/D 
  
 Path Start Point : inputA[7] 
                       (rising IO latch clocked by sysclk_new_mode) 
 Path End Point   : multiplier_inst/inst1/my_reg_reg[7] (DFF_X1) 
                       (rising edge-triggered flip-flop clocked by sysclk_new_mode) 
 Mode             : new_mode 
 Corner           : corner_0_0 
 Data Cell Derate : 1 
 Data Net Derate  : 1 
 Clock Cell Derate: Early = 1 / Late = 1 
 Clock Net Derate : Early = 1 / Late = 1 
 Path Type        : min 
 Path Group       : **inputs** 
 CRPR Threshold   : 5 
  
 Attributes  : U - cell is dont use 
             : M - cell is dont modify 
             : m - net is dont modify 
             : n - connected (sub)net is dont modify 
             : S - cell is size only 
             : F - cell is fixed 
             : C - cell has annotated timing constraints 
             : c - pin has annotated timing constraints 
             : A - cell is affected by case analysis 
             : L - Estimated latency 
             : O - CTS offset 
  
 Opt Attr    : I - is ideal 
             : L - is internal logic const 
             : K - is in clock network 
             : M - has only don't modify nets 
             : N - has no load pin 
             : D - has zero or multiple drivers 
             : G - is valid global net 
             : T - is not switching 


------------------------------------------------------------------------------------------------------------------------------------------------
| Pin                                      Cell   Edge Arrival Delay  Slew   Wire Cap Pin Cap Total Cap Derate  Fanout  Bin Util Attr Opt Attr | 
|----------------------------------------------------------------------------------------------------------------------------------------------|
|    inputA[7]                                    Rise  0.2000 0.0000 0.0000 0        1.06234 1.06234           1       63.6384  cA            | 
|    multiplier_inst/M[7]                         Rise  0.2000 0.0000                                                                          | 
|    multiplier_inst/inst1/write_data[7]          Rise  0.2000 0.0000                                                                          | 
|    multiplier_inst/inst1/my_reg_reg[7]/D DFF_X1 Rise  0.2000 0.0000 0.0000          1.14029                                    MF            | 
------------------------------------------------------------------------------------------------------------------------------------------------


 Required Time Trace to multiplier_inst/inst1/my_reg_reg[7]/CK 


-----------------------------------------------------------------------------------------------------------------------------------------------------------------
| Pin                                               Cell          Edge Arrival Delay  Slew   Wire Cap Pin Cap  Total Cap Derate  Fanout  Bin Util Attr Opt Attr | 
|---------------------------------------------------------------------------------------------------------------------------------------------------------------|
|    clk                                                          Rise  0.0000 0.0000 0.0000 0.612158 1.42116  2.03332           1       67.0368  cA   K/M      | 
|    CTS_L1_tid1__c1_tid1__c7/A                     CLKBUF_X3     Rise  0.0000 0.0000 0.0000          1.42116                                     mF            | 
|    CTS_L1_tid1__c1_tid1__c7/Z                     CLKBUF_X3     Rise  0.0420 0.0420 0.0210 7.04289  14.9901  22.033            4       67.0368  mF   K/M      | 
|    multiplier_inst/clk_CTS_1_PP_1                               Rise  0.0420 0.0000                                                                           | 
|    multiplier_inst/inst1/clk_CTS_1_PP_1                         Rise  0.0420 0.0000                                                                           | 
|    multiplier_inst/inst1/clk_gate_my_reg2_reg/CK  CLKGATETST_X8 Rise  0.0430 0.0010 0.0210          7.95918                                     mFA           | 
|    multiplier_inst/inst1/clk_gate_my_reg2_reg/GCK CLKGATETST_X8 Rise  0.0710 0.0280 0.0060 3.42485  1.42116  4.84602           1       67.0368  mFA  K/M      | 
|    multiplier_inst/inst1/CTS_L3_c_tid1_3/A        CLKBUF_X3     Rise  0.0710 0.0000 0.0060          1.42116                                     mF            | 
|    multiplier_inst/inst1/CTS_L3_c_tid1_3/Z        CLKBUF_X3     Rise  0.1690 0.0980 0.0780 47.3241  45.5834  92.9075           48      61.4927  mF   K/M      | 
|    multiplier_inst/inst1/my_reg_reg[7]/CK         DFF_X1        Rise  0.1790 0.0100 0.0780          0.949653                                    MmF           | 
-----------------------------------------------------------------------------------------------------------------------------------------------------------------


-------------------------------------------------------------
|                                          | Time    Total  | 
|-----------------------------------------------------------|
| target clock sysclk_new_mode (rise edge) |  0.0000 0.0000 | 
| target clock cycle shift                 |  0.0000 0.0000 | 
| target clock propagated network latency  |  0.1790 0.1790 | 
| library hold check                       |  0.0170 0.1960 | 
| data required time                       |  0.1960        | 
|                                          |                | 
| data arrival time                        |  0.2000        | 
| data required time                       | -0.1960        | 
| pessimism                                |  0.0000        | 
|                                          |                | 
| slack                                    |  0.0040        | 
-------------------------------------------------------------


 Timing Path to multiplier_inst/inst1/my_reg_reg[6]/D 
  
 Path Start Point : inputA[6] 
                       (rising IO latch clocked by sysclk_new_mode) 
 Path End Point   : multiplier_inst/inst1/my_reg_reg[6] (DFF_X1) 
                       (rising edge-triggered flip-flop clocked by sysclk_new_mode) 
 Mode             : new_mode 
 Corner           : corner_0_0 
 Data Cell Derate : 1 
 Data Net Derate  : 1 
 Clock Cell Derate: Early = 1 / Late = 1 
 Clock Net Derate : Early = 1 / Late = 1 
 Path Type        : min 
 Path Group       : **inputs** 
 CRPR Threshold   : 5 
  
 Attributes  : U - cell is dont use 
             : M - cell is dont modify 
             : m - net is dont modify 
             : n - connected (sub)net is dont modify 
             : S - cell is size only 
             : F - cell is fixed 
             : C - cell has annotated timing constraints 
             : c - pin has annotated timing constraints 
             : A - cell is affected by case analysis 
             : L - Estimated latency 
             : O - CTS offset 
  
 Opt Attr    : I - is ideal 
             : L - is internal logic const 
             : K - is in clock network 
             : M - has only don't modify nets 
             : N - has no load pin 
             : D - has zero or multiple drivers 
             : G - is valid global net 
             : T - is not switching 


------------------------------------------------------------------------------------------------------------------------------------------------
| Pin                                      Cell   Edge Arrival Delay  Slew   Wire Cap Pin Cap Total Cap Derate  Fanout  Bin Util Attr Opt Attr | 
|----------------------------------------------------------------------------------------------------------------------------------------------|
|    inputA[6]                                    Rise  0.2000 0.0000 0.0000 0        1.06234 1.06234           1       63.6384  cA            | 
|    multiplier_inst/M[6]                         Rise  0.2000 0.0000                                                                          | 
|    multiplier_inst/inst1/write_data[6]          Rise  0.2000 0.0000                                                                          | 
|    multiplier_inst/inst1/my_reg_reg[6]/D DFF_X1 Rise  0.2000 0.0000 0.0000          1.14029                                    MF            | 
------------------------------------------------------------------------------------------------------------------------------------------------


 Required Time Trace to multiplier_inst/inst1/my_reg_reg[6]/CK 


-----------------------------------------------------------------------------------------------------------------------------------------------------------------
| Pin                                               Cell          Edge Arrival Delay  Slew   Wire Cap Pin Cap  Total Cap Derate  Fanout  Bin Util Attr Opt Attr | 
|---------------------------------------------------------------------------------------------------------------------------------------------------------------|
|    clk                                                          Rise  0.0000 0.0000 0.0000 0.612158 1.42116  2.03332           1       67.0368  cA   K/M      | 
|    CTS_L1_tid1__c1_tid1__c7/A                     CLKBUF_X3     Rise  0.0000 0.0000 0.0000          1.42116                                     mF            | 
|    CTS_L1_tid1__c1_tid1__c7/Z                     CLKBUF_X3     Rise  0.0420 0.0420 0.0210 7.04289  14.9901  22.033            4       67.0368  mF   K/M      | 
|    multiplier_inst/clk_CTS_1_PP_1                               Rise  0.0420 0.0000                                                                           | 
|    multiplier_inst/inst1/clk_CTS_1_PP_1                         Rise  0.0420 0.0000                                                                           | 
|    multiplier_inst/inst1/clk_gate_my_reg2_reg/CK  CLKGATETST_X8 Rise  0.0430 0.0010 0.0210          7.95918                                     mFA           | 
|    multiplier_inst/inst1/clk_gate_my_reg2_reg/GCK CLKGATETST_X8 Rise  0.0710 0.0280 0.0060 3.42485  1.42116  4.84602           1       67.0368  mFA  K/M      | 
|    multiplier_inst/inst1/CTS_L3_c_tid1_3/A        CLKBUF_X3     Rise  0.0710 0.0000 0.0060          1.42116                                     mF            | 
|    multiplier_inst/inst1/CTS_L3_c_tid1_3/Z        CLKBUF_X3     Rise  0.1690 0.0980 0.0780 47.3241  45.5834  92.9075           48      61.4927  mF   K/M      | 
|    multiplier_inst/inst1/my_reg_reg[6]/CK         DFF_X1        Rise  0.1780 0.0090 0.0780          0.949653                                    MmF           | 
-----------------------------------------------------------------------------------------------------------------------------------------------------------------


-------------------------------------------------------------
|                                          | Time    Total  | 
|-----------------------------------------------------------|
| target clock sysclk_new_mode (rise edge) |  0.0000 0.0000 | 
| target clock cycle shift                 |  0.0000 0.0000 | 
| target clock propagated network latency  |  0.1780 0.1780 | 
| library hold check                       |  0.0170 0.1950 | 
| data required time                       |  0.1950        | 
|                                          |                | 
| data arrival time                        |  0.2000        | 
| data required time                       | -0.1950        | 
| pessimism                                |  0.0000        | 
|                                          |                | 
| slack                                    |  0.0050        | 
-------------------------------------------------------------


 Timing Path to multiplier_inst/inst1/my_reg_reg[8]/D 
  
 Path Start Point : inputA[8] 
                       (rising IO latch clocked by sysclk_new_mode) 
 Path End Point   : multiplier_inst/inst1/my_reg_reg[8] (DFF_X1) 
                       (rising edge-triggered flip-flop clocked by sysclk_new_mode) 
 Mode             : new_mode 
 Corner           : corner_0_0 
 Data Cell Derate : 1 
 Data Net Derate  : 1 
 Clock Cell Derate: Early = 1 / Late = 1 
 Clock Net Derate : Early = 1 / Late = 1 
 Path Type        : min 
 Path Group       : **inputs** 
 CRPR Threshold   : 5 
  
 Attributes  : U - cell is dont use 
             : M - cell is dont modify 
             : m - net is dont modify 
             : n - connected (sub)net is dont modify 
             : S - cell is size only 
             : F - cell is fixed 
             : C - cell has annotated timing constraints 
             : c - pin has annotated timing constraints 
             : A - cell is affected by case analysis 
             : L - Estimated latency 
             : O - CTS offset 
  
 Opt Attr    : I - is ideal 
             : L - is internal logic const 
             : K - is in clock network 
             : M - has only don't modify nets 
             : N - has no load pin 
             : D - has zero or multiple drivers 
             : G - is valid global net 
             : T - is not switching 


------------------------------------------------------------------------------------------------------------------------------------------------
| Pin                                      Cell   Edge Arrival Delay  Slew   Wire Cap Pin Cap Total Cap Derate  Fanout  Bin Util Attr Opt Attr | 
|----------------------------------------------------------------------------------------------------------------------------------------------|
|    inputA[8]                                    Rise  0.2000 0.0000 0.0000 0        1.06234 1.06234           1       63.6384  cA            | 
|    multiplier_inst/M[8]                         Rise  0.2000 0.0000                                                                          | 
|    multiplier_inst/inst1/write_data[8]          Rise  0.2000 0.0000                                                                          | 
|    multiplier_inst/inst1/my_reg_reg[8]/D DFF_X1 Rise  0.2000 0.0000 0.0000          1.14029                                    MF            | 
------------------------------------------------------------------------------------------------------------------------------------------------


 Required Time Trace to multiplier_inst/inst1/my_reg_reg[8]/CK 


-----------------------------------------------------------------------------------------------------------------------------------------------------------------
| Pin                                               Cell          Edge Arrival Delay  Slew   Wire Cap Pin Cap  Total Cap Derate  Fanout  Bin Util Attr Opt Attr | 
|---------------------------------------------------------------------------------------------------------------------------------------------------------------|
|    clk                                                          Rise  0.0000 0.0000 0.0000 0.612158 1.42116  2.03332           1       67.0368  cA   K/M      | 
|    CTS_L1_tid1__c1_tid1__c7/A                     CLKBUF_X3     Rise  0.0000 0.0000 0.0000          1.42116                                     mF            | 
|    CTS_L1_tid1__c1_tid1__c7/Z                     CLKBUF_X3     Rise  0.0420 0.0420 0.0210 7.04289  14.9901  22.033            4       67.0368  mF   K/M      | 
|    multiplier_inst/clk_CTS_1_PP_1                               Rise  0.0420 0.0000                                                                           | 
|    multiplier_inst/inst1/clk_CTS_1_PP_1                         Rise  0.0420 0.0000                                                                           | 
|    multiplier_inst/inst1/clk_gate_my_reg2_reg/CK  CLKGATETST_X8 Rise  0.0430 0.0010 0.0210          7.95918                                     mFA           | 
|    multiplier_inst/inst1/clk_gate_my_reg2_reg/GCK CLKGATETST_X8 Rise  0.0710 0.0280 0.0060 3.42485  1.42116  4.84602           1       67.0368  mFA  K/M      | 
|    multiplier_inst/inst1/CTS_L3_c_tid1_3/A        CLKBUF_X3     Rise  0.0710 0.0000 0.0060          1.42116                                     mF            | 
|    multiplier_inst/inst1/CTS_L3_c_tid1_3/Z        CLKBUF_X3     Rise  0.1690 0.0980 0.0780 47.3241  45.5834  92.9075           48      61.4927  mF   K/M      | 
|    multiplier_inst/inst1/my_reg_reg[8]/CK         DFF_X1        Rise  0.1780 0.0090 0.0780          0.949653                                    MmF           | 
-----------------------------------------------------------------------------------------------------------------------------------------------------------------


-------------------------------------------------------------
|                                          | Time    Total  | 
|-----------------------------------------------------------|
| target clock sysclk_new_mode (rise edge) |  0.0000 0.0000 | 
| target clock cycle shift                 |  0.0000 0.0000 | 
| target clock propagated network latency  |  0.1780 0.1780 | 
| library hold check                       |  0.0170 0.1950 | 
| data required time                       |  0.1950        | 
|                                          |                | 
| data arrival time                        |  0.2000        | 
| data required time                       | -0.1950        | 
| pessimism                                |  0.0000        | 
|                                          |                | 
| slack                                    |  0.0050        | 
-------------------------------------------------------------


 Timing Path to multiplier_inst/inst1/my_reg_reg[9]/D 
  
 Path Start Point : inputA[9] 
                       (rising IO latch clocked by sysclk_new_mode) 
 Path End Point   : multiplier_inst/inst1/my_reg_reg[9] (DFF_X1) 
                       (rising edge-triggered flip-flop clocked by sysclk_new_mode) 
 Mode             : new_mode 
 Corner           : corner_0_0 
 Data Cell Derate : 1 
 Data Net Derate  : 1 
 Clock Cell Derate: Early = 1 / Late = 1 
 Clock Net Derate : Early = 1 / Late = 1 
 Path Type        : min 
 Path Group       : **inputs** 
 CRPR Threshold   : 5 
  
 Attributes  : U - cell is dont use 
             : M - cell is dont modify 
             : m - net is dont modify 
             : n - connected (sub)net is dont modify 
             : S - cell is size only 
             : F - cell is fixed 
             : C - cell has annotated timing constraints 
             : c - pin has annotated timing constraints 
             : A - cell is affected by case analysis 
             : L - Estimated latency 
             : O - CTS offset 
  
 Opt Attr    : I - is ideal 
             : L - is internal logic const 
             : K - is in clock network 
             : M - has only don't modify nets 
             : N - has no load pin 
             : D - has zero or multiple drivers 
             : G - is valid global net 
             : T - is not switching 


------------------------------------------------------------------------------------------------------------------------------------------------
| Pin                                      Cell   Edge Arrival Delay  Slew   Wire Cap Pin Cap Total Cap Derate  Fanout  Bin Util Attr Opt Attr | 
|----------------------------------------------------------------------------------------------------------------------------------------------|
|    inputA[9]                                    Rise  0.2000 0.0000 0.0000 0.723957 1.06234 1.7863            1       63.6384  cA            | 
|    multiplier_inst/M[9]                         Rise  0.2000 0.0000                                                                          | 
|    multiplier_inst/inst1/write_data[9]          Rise  0.2000 0.0000                                                                          | 
|    multiplier_inst/inst1/my_reg_reg[9]/D DFF_X1 Rise  0.2000 0.0000 0.0000          1.14029                                    MF            | 
------------------------------------------------------------------------------------------------------------------------------------------------


 Required Time Trace to multiplier_inst/inst1/my_reg_reg[9]/CK 


-----------------------------------------------------------------------------------------------------------------------------------------------------------------
| Pin                                               Cell          Edge Arrival Delay  Slew   Wire Cap Pin Cap  Total Cap Derate  Fanout  Bin Util Attr Opt Attr | 
|---------------------------------------------------------------------------------------------------------------------------------------------------------------|
|    clk                                                          Rise  0.0000 0.0000 0.0000 0.612158 1.42116  2.03332           1       67.0368  cA   K/M      | 
|    CTS_L1_tid1__c1_tid1__c7/A                     CLKBUF_X3     Rise  0.0000 0.0000 0.0000          1.42116                                     mF            | 
|    CTS_L1_tid1__c1_tid1__c7/Z                     CLKBUF_X3     Rise  0.0420 0.0420 0.0210 7.04289  14.9901  22.033            4       67.0368  mF   K/M      | 
|    multiplier_inst/clk_CTS_1_PP_1                               Rise  0.0420 0.0000                                                                           | 
|    multiplier_inst/inst1/clk_CTS_1_PP_1                         Rise  0.0420 0.0000                                                                           | 
|    multiplier_inst/inst1/clk_gate_my_reg2_reg/CK  CLKGATETST_X8 Rise  0.0430 0.0010 0.0210          7.95918                                     mFA           | 
|    multiplier_inst/inst1/clk_gate_my_reg2_reg/GCK CLKGATETST_X8 Rise  0.0710 0.0280 0.0060 3.42485  1.42116  4.84602           1       67.0368  mFA  K/M      | 
|    multiplier_inst/inst1/CTS_L3_c_tid1_3/A        CLKBUF_X3     Rise  0.0710 0.0000 0.0060          1.42116                                     mF            | 
|    multiplier_inst/inst1/CTS_L3_c_tid1_3/Z        CLKBUF_X3     Rise  0.1690 0.0980 0.0780 47.3241  45.5834  92.9075           48      61.4927  mF   K/M      | 
|    multiplier_inst/inst1/my_reg_reg[9]/CK         DFF_X1        Rise  0.1780 0.0090 0.0780          0.949653                                    MmF           | 
-----------------------------------------------------------------------------------------------------------------------------------------------------------------


-------------------------------------------------------------
|                                          | Time    Total  | 
|-----------------------------------------------------------|
| target clock sysclk_new_mode (rise edge) |  0.0000 0.0000 | 
| target clock cycle shift                 |  0.0000 0.0000 | 
| target clock propagated network latency  |  0.1780 0.1780 | 
| library hold check                       |  0.0170 0.1950 | 
| data required time                       |  0.1950        | 
|                                          |                | 
| data arrival time                        |  0.2000        | 
| data required time                       | -0.1950        | 
| pessimism                                |  0.0000        | 
|                                          |                | 
| slack                                    |  0.0050        | 
-------------------------------------------------------------


 Timing Path to multiplier_inst/inst1/my_reg_reg[10]/D 
  
 Path Start Point : inputA[10] 
                       (rising IO latch clocked by sysclk_new_mode) 
 Path End Point   : multiplier_inst/inst1/my_reg_reg[10] (DFF_X1) 
                       (rising edge-triggered flip-flop clocked by sysclk_new_mode) 
 Mode             : new_mode 
 Corner           : corner_0_0 
 Data Cell Derate : 1 
 Data Net Derate  : 1 
 Clock Cell Derate: Early = 1 / Late = 1 
 Clock Net Derate : Early = 1 / Late = 1 
 Path Type        : min 
 Path Group       : **inputs** 
 CRPR Threshold   : 5 
  
 Attributes  : U - cell is dont use 
             : M - cell is dont modify 
             : m - net is dont modify 
             : n - connected (sub)net is dont modify 
             : S - cell is size only 
             : F - cell is fixed 
             : C - cell has annotated timing constraints 
             : c - pin has annotated timing constraints 
             : A - cell is affected by case analysis 
             : L - Estimated latency 
             : O - CTS offset 
  
 Opt Attr    : I - is ideal 
             : L - is internal logic const 
             : K - is in clock network 
             : M - has only don't modify nets 
             : N - has no load pin 
             : D - has zero or multiple drivers 
             : G - is valid global net 
             : T - is not switching 


-------------------------------------------------------------------------------------------------------------------------------------------------
| Pin                                       Cell   Edge Arrival Delay  Slew   Wire Cap Pin Cap Total Cap Derate  Fanout  Bin Util Attr Opt Attr | 
|-----------------------------------------------------------------------------------------------------------------------------------------------|
|    inputA[10]                                    Rise  0.2000 0.0000 0.0000 0        1.06234 1.06234           1       63.6384  cA            | 
|    multiplier_inst/M[10]                         Rise  0.2000 0.0000                                                                          | 
|    multiplier_inst/inst1/write_data[10]          Rise  0.2000 0.0000                                                                          | 
|    multiplier_inst/inst1/my_reg_reg[10]/D DFF_X1 Rise  0.2000 0.0000 0.0000          1.14029                                    MF            | 
-------------------------------------------------------------------------------------------------------------------------------------------------


 Required Time Trace to multiplier_inst/inst1/my_reg_reg[10]/CK 


-----------------------------------------------------------------------------------------------------------------------------------------------------------------
| Pin                                               Cell          Edge Arrival Delay  Slew   Wire Cap Pin Cap  Total Cap Derate  Fanout  Bin Util Attr Opt Attr | 
|---------------------------------------------------------------------------------------------------------------------------------------------------------------|
|    clk                                                          Rise  0.0000 0.0000 0.0000 0.612158 1.42116  2.03332           1       67.0368  cA   K/M      | 
|    CTS_L1_tid1__c1_tid1__c7/A                     CLKBUF_X3     Rise  0.0000 0.0000 0.0000          1.42116                                     mF            | 
|    CTS_L1_tid1__c1_tid1__c7/Z                     CLKBUF_X3     Rise  0.0420 0.0420 0.0210 7.04289  14.9901  22.033            4       67.0368  mF   K/M      | 
|    multiplier_inst/clk_CTS_1_PP_1                               Rise  0.0420 0.0000                                                                           | 
|    multiplier_inst/inst1/clk_CTS_1_PP_1                         Rise  0.0420 0.0000                                                                           | 
|    multiplier_inst/inst1/clk_gate_my_reg2_reg/CK  CLKGATETST_X8 Rise  0.0430 0.0010 0.0210          7.95918                                     mFA           | 
|    multiplier_inst/inst1/clk_gate_my_reg2_reg/GCK CLKGATETST_X8 Rise  0.0710 0.0280 0.0060 3.42485  1.42116  4.84602           1       67.0368  mFA  K/M      | 
|    multiplier_inst/inst1/CTS_L3_c_tid1_3/A        CLKBUF_X3     Rise  0.0710 0.0000 0.0060          1.42116                                     mF            | 
|    multiplier_inst/inst1/CTS_L3_c_tid1_3/Z        CLKBUF_X3     Rise  0.1690 0.0980 0.0780 47.3241  45.5834  92.9075           48      61.4927  mF   K/M      | 
|    multiplier_inst/inst1/my_reg_reg[10]/CK        DFF_X1        Rise  0.1780 0.0090 0.0780          0.949653                                    MmF           | 
-----------------------------------------------------------------------------------------------------------------------------------------------------------------


-------------------------------------------------------------
|                                          | Time    Total  | 
|-----------------------------------------------------------|
| target clock sysclk_new_mode (rise edge) |  0.0000 0.0000 | 
| target clock cycle shift                 |  0.0000 0.0000 | 
| target clock propagated network latency  |  0.1780 0.1780 | 
| library hold check                       |  0.0170 0.1950 | 
| data required time                       |  0.1950        | 
|                                          |                | 
| data arrival time                        |  0.2000        | 
| data required time                       | -0.1950        | 
| pessimism                                |  0.0000        | 
|                                          |                | 
| slack                                    |  0.0050        | 
-------------------------------------------------------------


 Timing Path to multiplier_inst/inst1/my_reg_reg[11]/D 
  
 Path Start Point : inputA[11] 
                       (rising IO latch clocked by sysclk_new_mode) 
 Path End Point   : multiplier_inst/inst1/my_reg_reg[11] (DFF_X1) 
                       (rising edge-triggered flip-flop clocked by sysclk_new_mode) 
 Mode             : new_mode 
 Corner           : corner_0_0 
 Data Cell Derate : 1 
 Data Net Derate  : 1 
 Clock Cell Derate: Early = 1 / Late = 1 
 Clock Net Derate : Early = 1 / Late = 1 
 Path Type        : min 
 Path Group       : **inputs** 
 CRPR Threshold   : 5 
  
 Attributes  : U - cell is dont use 
             : M - cell is dont modify 
             : m - net is dont modify 
             : n - connected (sub)net is dont modify 
             : S - cell is size only 
             : F - cell is fixed 
             : C - cell has annotated timing constraints 
             : c - pin has annotated timing constraints 
             : A - cell is affected by case analysis 
             : L - Estimated latency 
             : O - CTS offset 
  
 Opt Attr    : I - is ideal 
             : L - is internal logic const 
             : K - is in clock network 
             : M - has only don't modify nets 
             : N - has no load pin 
             : D - has zero or multiple drivers 
             : G - is valid global net 
             : T - is not switching 


-------------------------------------------------------------------------------------------------------------------------------------------------
| Pin                                       Cell   Edge Arrival Delay  Slew   Wire Cap Pin Cap Total Cap Derate  Fanout  Bin Util Attr Opt Attr | 
|-----------------------------------------------------------------------------------------------------------------------------------------------|
|    inputA[11]                                    Rise  0.2000 0.0000 0.0000 0        1.06234 1.06234           1       63.6384  cA            | 
|    multiplier_inst/M[11]                         Rise  0.2000 0.0000                                                                          | 
|    multiplier_inst/inst1/write_data[11]          Rise  0.2000 0.0000                                                                          | 
|    multiplier_inst/inst1/my_reg_reg[11]/D DFF_X1 Rise  0.2000 0.0000 0.0000          1.14029                                    MF            | 
-------------------------------------------------------------------------------------------------------------------------------------------------


 Required Time Trace to multiplier_inst/inst1/my_reg_reg[11]/CK 


-----------------------------------------------------------------------------------------------------------------------------------------------------------------
| Pin                                               Cell          Edge Arrival Delay  Slew   Wire Cap Pin Cap  Total Cap Derate  Fanout  Bin Util Attr Opt Attr | 
|---------------------------------------------------------------------------------------------------------------------------------------------------------------|
|    clk                                                          Rise  0.0000 0.0000 0.0000 0.612158 1.42116  2.03332           1       67.0368  cA   K/M      | 
|    CTS_L1_tid1__c1_tid1__c7/A                     CLKBUF_X3     Rise  0.0000 0.0000 0.0000          1.42116                                     mF            | 
|    CTS_L1_tid1__c1_tid1__c7/Z                     CLKBUF_X3     Rise  0.0420 0.0420 0.0210 7.04289  14.9901  22.033            4       67.0368  mF   K/M      | 
|    multiplier_inst/clk_CTS_1_PP_1                               Rise  0.0420 0.0000                                                                           | 
|    multiplier_inst/inst1/clk_CTS_1_PP_1                         Rise  0.0420 0.0000                                                                           | 
|    multiplier_inst/inst1/clk_gate_my_reg2_reg/CK  CLKGATETST_X8 Rise  0.0430 0.0010 0.0210          7.95918                                     mFA           | 
|    multiplier_inst/inst1/clk_gate_my_reg2_reg/GCK CLKGATETST_X8 Rise  0.0710 0.0280 0.0060 3.42485  1.42116  4.84602           1       67.0368  mFA  K/M      | 
|    multiplier_inst/inst1/CTS_L3_c_tid1_3/A        CLKBUF_X3     Rise  0.0710 0.0000 0.0060          1.42116                                     mF            | 
|    multiplier_inst/inst1/CTS_L3_c_tid1_3/Z        CLKBUF_X3     Rise  0.1690 0.0980 0.0780 47.3241  45.5834  92.9075           48      61.4927  mF   K/M      | 
|    multiplier_inst/inst1/my_reg_reg[11]/CK        DFF_X1        Rise  0.1780 0.0090 0.0780          0.949653                                    MmF           | 
-----------------------------------------------------------------------------------------------------------------------------------------------------------------


-------------------------------------------------------------
|                                          | Time    Total  | 
|-----------------------------------------------------------|
| target clock sysclk_new_mode (rise edge) |  0.0000 0.0000 | 
| target clock cycle shift                 |  0.0000 0.0000 | 
| target clock propagated network latency  |  0.1780 0.1780 | 
| library hold check                       |  0.0170 0.1950 | 
| data required time                       |  0.1950        | 
|                                          |                | 
| data arrival time                        |  0.2000        | 
| data required time                       | -0.1950        | 
| pessimism                                |  0.0000        | 
|                                          |                | 
| slack                                    |  0.0050        | 
-------------------------------------------------------------


 Timing Path to multiplier_inst/inst1/my_reg_reg[12]/D 
  
 Path Start Point : inputA[12] 
                       (rising IO latch clocked by sysclk_new_mode) 
 Path End Point   : multiplier_inst/inst1/my_reg_reg[12] (DFF_X1) 
                       (rising edge-triggered flip-flop clocked by sysclk_new_mode) 
 Mode             : new_mode 
 Corner           : corner_0_0 
 Data Cell Derate : 1 
 Data Net Derate  : 1 
 Clock Cell Derate: Early = 1 / Late = 1 
 Clock Net Derate : Early = 1 / Late = 1 
 Path Type        : min 
 Path Group       : **inputs** 
 CRPR Threshold   : 5 
  
 Attributes  : U - cell is dont use 
             : M - cell is dont modify 
             : m - net is dont modify 
             : n - connected (sub)net is dont modify 
             : S - cell is size only 
             : F - cell is fixed 
             : C - cell has annotated timing constraints 
             : c - pin has annotated timing constraints 
             : A - cell is affected by case analysis 
             : L - Estimated latency 
             : O - CTS offset 
  
 Opt Attr    : I - is ideal 
             : L - is internal logic const 
             : K - is in clock network 
             : M - has only don't modify nets 
             : N - has no load pin 
             : D - has zero or multiple drivers 
             : G - is valid global net 
             : T - is not switching 


-------------------------------------------------------------------------------------------------------------------------------------------------
| Pin                                       Cell   Edge Arrival Delay  Slew   Wire Cap Pin Cap Total Cap Derate  Fanout  Bin Util Attr Opt Attr | 
|-----------------------------------------------------------------------------------------------------------------------------------------------|
|    inputA[12]                                    Rise  0.2000 0.0000 0.0000 0        1.06234 1.06234           1       63.6384  cA            | 
|    multiplier_inst/M[12]                         Rise  0.2000 0.0000                                                                          | 
|    multiplier_inst/inst1/write_data[12]          Rise  0.2000 0.0000                                                                          | 
|    multiplier_inst/inst1/my_reg_reg[12]/D DFF_X1 Rise  0.2000 0.0000 0.0000          1.14029                                    MF            | 
-------------------------------------------------------------------------------------------------------------------------------------------------


 Required Time Trace to multiplier_inst/inst1/my_reg_reg[12]/CK 


-----------------------------------------------------------------------------------------------------------------------------------------------------------------
| Pin                                               Cell          Edge Arrival Delay  Slew   Wire Cap Pin Cap  Total Cap Derate  Fanout  Bin Util Attr Opt Attr | 
|---------------------------------------------------------------------------------------------------------------------------------------------------------------|
|    clk                                                          Rise  0.0000 0.0000 0.0000 0.612158 1.42116  2.03332           1       67.0368  cA   K/M      | 
|    CTS_L1_tid1__c1_tid1__c7/A                     CLKBUF_X3     Rise  0.0000 0.0000 0.0000          1.42116                                     mF            | 
|    CTS_L1_tid1__c1_tid1__c7/Z                     CLKBUF_X3     Rise  0.0420 0.0420 0.0210 7.04289  14.9901  22.033            4       67.0368  mF   K/M      | 
|    multiplier_inst/clk_CTS_1_PP_1                               Rise  0.0420 0.0000                                                                           | 
|    multiplier_inst/inst1/clk_CTS_1_PP_1                         Rise  0.0420 0.0000                                                                           | 
|    multiplier_inst/inst1/clk_gate_my_reg2_reg/CK  CLKGATETST_X8 Rise  0.0430 0.0010 0.0210          7.95918                                     mFA           | 
|    multiplier_inst/inst1/clk_gate_my_reg2_reg/GCK CLKGATETST_X8 Rise  0.0710 0.0280 0.0060 3.42485  1.42116  4.84602           1       67.0368  mFA  K/M      | 
|    multiplier_inst/inst1/CTS_L3_c_tid1_3/A        CLKBUF_X3     Rise  0.0710 0.0000 0.0060          1.42116                                     mF            | 
|    multiplier_inst/inst1/CTS_L3_c_tid1_3/Z        CLKBUF_X3     Rise  0.1690 0.0980 0.0780 47.3241  45.5834  92.9075           48      61.4927  mF   K/M      | 
|    multiplier_inst/inst1/my_reg_reg[12]/CK        DFF_X1        Rise  0.1780 0.0090 0.0780          0.949653                                    MmF           | 
-----------------------------------------------------------------------------------------------------------------------------------------------------------------


-------------------------------------------------------------
|                                          | Time    Total  | 
|-----------------------------------------------------------|
| target clock sysclk_new_mode (rise edge) |  0.0000 0.0000 | 
| target clock cycle shift                 |  0.0000 0.0000 | 
| target clock propagated network latency  |  0.1780 0.1780 | 
| library hold check                       |  0.0170 0.1950 | 
| data required time                       |  0.1950        | 
|                                          |                | 
| data arrival time                        |  0.2000        | 
| data required time                       | -0.1950        | 
| pessimism                                |  0.0000        | 
|                                          |                | 
| slack                                    |  0.0050        | 
-------------------------------------------------------------


 Timing Path to multiplier_inst/inst1/my_reg_reg[13]/D 
  
 Path Start Point : inputA[13] 
                       (rising IO latch clocked by sysclk_new_mode) 
 Path End Point   : multiplier_inst/inst1/my_reg_reg[13] (DFF_X1) 
                       (rising edge-triggered flip-flop clocked by sysclk_new_mode) 
 Mode             : new_mode 
 Corner           : corner_0_0 
 Data Cell Derate : 1 
 Data Net Derate  : 1 
 Clock Cell Derate: Early = 1 / Late = 1 
 Clock Net Derate : Early = 1 / Late = 1 
 Path Type        : min 
 Path Group       : **inputs** 
 CRPR Threshold   : 5 
  
 Attributes  : U - cell is dont use 
             : M - cell is dont modify 
             : m - net is dont modify 
             : n - connected (sub)net is dont modify 
             : S - cell is size only 
             : F - cell is fixed 
             : C - cell has annotated timing constraints 
             : c - pin has annotated timing constraints 
             : A - cell is affected by case analysis 
             : L - Estimated latency 
             : O - CTS offset 
  
 Opt Attr    : I - is ideal 
             : L - is internal logic const 
             : K - is in clock network 
             : M - has only don't modify nets 
             : N - has no load pin 
             : D - has zero or multiple drivers 
             : G - is valid global net 
             : T - is not switching 


-------------------------------------------------------------------------------------------------------------------------------------------------
| Pin                                       Cell   Edge Arrival Delay  Slew   Wire Cap Pin Cap Total Cap Derate  Fanout  Bin Util Attr Opt Attr | 
|-----------------------------------------------------------------------------------------------------------------------------------------------|
|    inputA[13]                                    Rise  0.2000 0.0000 0.0000 0        1.06234 1.06234           1       67.154   cA            | 
|    multiplier_inst/M[13]                         Rise  0.2000 0.0000                                                                          | 
|    multiplier_inst/inst1/write_data[13]          Rise  0.2000 0.0000                                                                          | 
|    multiplier_inst/inst1/my_reg_reg[13]/D DFF_X1 Rise  0.2000 0.0000 0.0000          1.14029                                    MF            | 
-------------------------------------------------------------------------------------------------------------------------------------------------


 Required Time Trace to multiplier_inst/inst1/my_reg_reg[13]/CK 


-----------------------------------------------------------------------------------------------------------------------------------------------------------------
| Pin                                               Cell          Edge Arrival Delay  Slew   Wire Cap Pin Cap  Total Cap Derate  Fanout  Bin Util Attr Opt Attr | 
|---------------------------------------------------------------------------------------------------------------------------------------------------------------|
|    clk                                                          Rise  0.0000 0.0000 0.0000 0.612158 1.42116  2.03332           1       67.0368  cA   K/M      | 
|    CTS_L1_tid1__c1_tid1__c7/A                     CLKBUF_X3     Rise  0.0000 0.0000 0.0000          1.42116                                     mF            | 
|    CTS_L1_tid1__c1_tid1__c7/Z                     CLKBUF_X3     Rise  0.0420 0.0420 0.0210 7.04289  14.9901  22.033            4       67.0368  mF   K/M      | 
|    multiplier_inst/clk_CTS_1_PP_1                               Rise  0.0420 0.0000                                                                           | 
|    multiplier_inst/inst1/clk_CTS_1_PP_1                         Rise  0.0420 0.0000                                                                           | 
|    multiplier_inst/inst1/clk_gate_my_reg2_reg/CK  CLKGATETST_X8 Rise  0.0430 0.0010 0.0210          7.95918                                     mFA           | 
|    multiplier_inst/inst1/clk_gate_my_reg2_reg/GCK CLKGATETST_X8 Rise  0.0710 0.0280 0.0060 3.42485  1.42116  4.84602           1       67.0368  mFA  K/M      | 
|    multiplier_inst/inst1/CTS_L3_c_tid1_3/A        CLKBUF_X3     Rise  0.0710 0.0000 0.0060          1.42116                                     mF            | 
|    multiplier_inst/inst1/CTS_L3_c_tid1_3/Z        CLKBUF_X3     Rise  0.1690 0.0980 0.0780 47.3241  45.5834  92.9075           48      61.4927  mF   K/M      | 
|    multiplier_inst/inst1/my_reg_reg[13]/CK        DFF_X1        Rise  0.1780 0.0090 0.0780          0.949653                                    MmF           | 
-----------------------------------------------------------------------------------------------------------------------------------------------------------------


-------------------------------------------------------------
|                                          | Time    Total  | 
|-----------------------------------------------------------|
| target clock sysclk_new_mode (rise edge) |  0.0000 0.0000 | 
| target clock cycle shift                 |  0.0000 0.0000 | 
| target clock propagated network latency  |  0.1780 0.1780 | 
| library hold check                       |  0.0170 0.1950 | 
| data required time                       |  0.1950        | 
|                                          |                | 
| data arrival time                        |  0.2000        | 
| data required time                       | -0.1950        | 
| pessimism                                |  0.0000        | 
|                                          |                | 
| slack                                    |  0.0050        | 
-------------------------------------------------------------


 Timing Path to multiplier_inst/inst1/my_reg2_reg[24]/D 
  
 Path Start Point : leading1[1] 
                       (rising IO latch clocked by sysclk_new_mode) 
 Path End Point   : multiplier_inst/inst1/my_reg2_reg[24] (DFF_X1) 
                       (rising edge-triggered flip-flop clocked by sysclk_new_mode) 
 Mode             : new_mode 
 Corner           : corner_0_0 
 Data Cell Derate : 1 
 Data Net Derate  : 1 
 Clock Cell Derate: Early = 1 / Late = 1 
 Clock Net Derate : Early = 1 / Late = 1 
 Path Type        : min 
 Path Group       : **inputs** 
 CRPR Threshold   : 5 
  
 Attributes  : U - cell is dont use 
             : M - cell is dont modify 
             : m - net is dont modify 
             : n - connected (sub)net is dont modify 
             : S - cell is size only 
             : F - cell is fixed 
             : C - cell has annotated timing constraints 
             : c - pin has annotated timing constraints 
             : A - cell is affected by case analysis 
             : L - Estimated latency 
             : O - CTS offset 
  
 Opt Attr    : I - is ideal 
             : L - is internal logic const 
             : K - is in clock network 
             : M - has only don't modify nets 
             : N - has no load pin 
             : D - has zero or multiple drivers 
             : G - is valid global net 
             : T - is not switching 


--------------------------------------------------------------------------------------------------------------------------------------------------
| Pin                                        Cell   Edge Arrival Delay  Slew   Wire Cap Pin Cap Total Cap Derate  Fanout  Bin Util Attr Opt Attr | 
|------------------------------------------------------------------------------------------------------------------------------------------------|
|    leading1[1]                                    Rise  0.2000 0.0000 0.0000 0.366249 1.06234 1.42859           1       61.4927  cA            | 
|    multiplier_inst/M[24]                          Rise  0.2000 0.0000                                                                          | 
|    multiplier_inst/inst1/write_data[24]           Rise  0.2000 0.0000                                                                          | 
|    multiplier_inst/inst1/my_reg2_reg[24]/D DFF_X1 Rise  0.2000 0.0000 0.0000          1.14029                                    MF            | 
--------------------------------------------------------------------------------------------------------------------------------------------------


 Required Time Trace to multiplier_inst/inst1/my_reg2_reg[24]/CK 


-----------------------------------------------------------------------------------------------------------------------------------------------------------------
| Pin                                               Cell          Edge Arrival Delay  Slew   Wire Cap Pin Cap  Total Cap Derate  Fanout  Bin Util Attr Opt Attr | 
|---------------------------------------------------------------------------------------------------------------------------------------------------------------|
|    clk                                                          Rise  0.0000 0.0000 0.0000 0.612158 1.42116  2.03332           1       67.0368  cA   K/M      | 
|    CTS_L1_tid1__c1_tid1__c7/A                     CLKBUF_X3     Rise  0.0000 0.0000 0.0000          1.42116                                     mF            | 
|    CTS_L1_tid1__c1_tid1__c7/Z                     CLKBUF_X3     Rise  0.0420 0.0420 0.0210 7.04289  14.9901  22.033            4       67.0368  mF   K/M      | 
|    multiplier_inst/clk_CTS_1_PP_1                               Rise  0.0420 0.0000                                                                           | 
|    multiplier_inst/inst1/clk_CTS_1_PP_1                         Rise  0.0420 0.0000                                                                           | 
|    multiplier_inst/inst1/clk_gate_my_reg2_reg/CK  CLKGATETST_X8 Rise  0.0430 0.0010 0.0210          7.95918                                     mFA           | 
|    multiplier_inst/inst1/clk_gate_my_reg2_reg/GCK CLKGATETST_X8 Rise  0.0710 0.0280 0.0060 3.42485  1.42116  4.84602           1       67.0368  mFA  K/M      | 
|    multiplier_inst/inst1/CTS_L3_c_tid1_3/A        CLKBUF_X3     Rise  0.0710 0.0000 0.0060          1.42116                                     mF            | 
|    multiplier_inst/inst1/CTS_L3_c_tid1_3/Z        CLKBUF_X3     Rise  0.1690 0.0980 0.0780 47.3241  45.5834  92.9075           48      61.4927  mF   K/M      | 
|    multiplier_inst/inst1/my_reg2_reg[24]/CK       DFF_X1        Rise  0.1770 0.0080 0.0780          0.949653                                    MmF           | 
-----------------------------------------------------------------------------------------------------------------------------------------------------------------


-------------------------------------------------------------
|                                          | Time    Total  | 
|-----------------------------------------------------------|
| target clock sysclk_new_mode (rise edge) |  0.0000 0.0000 | 
| target clock cycle shift                 |  0.0000 0.0000 | 
| target clock propagated network latency  |  0.1770 0.1770 | 
| library hold check                       |  0.0170 0.1940 | 
| data required time                       |  0.1940        | 
|                                          |                | 
| data arrival time                        |  0.2000        | 
| data required time                       | -0.1940        | 
| pessimism                                |  0.0000        | 
|                                          |                | 
| slack                                    |  0.0060        | 
-------------------------------------------------------------


 Timing Path to multiplier_inst/inst1/my_reg_reg[14]/D 
  
 Path Start Point : inputA[14] 
                       (rising IO latch clocked by sysclk_new_mode) 
 Path End Point   : multiplier_inst/inst1/my_reg_reg[14] (DFF_X1) 
                       (rising edge-triggered flip-flop clocked by sysclk_new_mode) 
 Mode             : new_mode 
 Corner           : corner_0_0 
 Data Cell Derate : 1 
 Data Net Derate  : 1 
 Clock Cell Derate: Early = 1 / Late = 1 
 Clock Net Derate : Early = 1 / Late = 1 
 Path Type        : min 
 Path Group       : **inputs** 
 CRPR Threshold   : 5 
  
 Attributes  : U - cell is dont use 
             : M - cell is dont modify 
             : m - net is dont modify 
             : n - connected (sub)net is dont modify 
             : S - cell is size only 
             : F - cell is fixed 
             : C - cell has annotated timing constraints 
             : c - pin has annotated timing constraints 
             : A - cell is affected by case analysis 
             : L - Estimated latency 
             : O - CTS offset 
  
 Opt Attr    : I - is ideal 
             : L - is internal logic const 
             : K - is in clock network 
             : M - has only don't modify nets 
             : N - has no load pin 
             : D - has zero or multiple drivers 
             : G - is valid global net 
             : T - is not switching 


-------------------------------------------------------------------------------------------------------------------------------------------------
| Pin                                       Cell   Edge Arrival Delay  Slew   Wire Cap Pin Cap Total Cap Derate  Fanout  Bin Util Attr Opt Attr | 
|-----------------------------------------------------------------------------------------------------------------------------------------------|
|    inputA[14]                                    Rise  0.2000 0.0000 0.0000 0        1.06234 1.06234           1       67.154   cA            | 
|    multiplier_inst/M[14]                         Rise  0.2000 0.0000                                                                          | 
|    multiplier_inst/inst1/write_data[14]          Rise  0.2000 0.0000                                                                          | 
|    multiplier_inst/inst1/my_reg_reg[14]/D DFF_X1 Rise  0.2000 0.0000 0.0000          1.14029                                    MF            | 
-------------------------------------------------------------------------------------------------------------------------------------------------


 Required Time Trace to multiplier_inst/inst1/my_reg_reg[14]/CK 


-----------------------------------------------------------------------------------------------------------------------------------------------------------------
| Pin                                               Cell          Edge Arrival Delay  Slew   Wire Cap Pin Cap  Total Cap Derate  Fanout  Bin Util Attr Opt Attr | 
|---------------------------------------------------------------------------------------------------------------------------------------------------------------|
|    clk                                                          Rise  0.0000 0.0000 0.0000 0.612158 1.42116  2.03332           1       67.0368  cA   K/M      | 
|    CTS_L1_tid1__c1_tid1__c7/A                     CLKBUF_X3     Rise  0.0000 0.0000 0.0000          1.42116                                     mF            | 
|    CTS_L1_tid1__c1_tid1__c7/Z                     CLKBUF_X3     Rise  0.0420 0.0420 0.0210 7.04289  14.9901  22.033            4       67.0368  mF   K/M      | 
|    multiplier_inst/clk_CTS_1_PP_1                               Rise  0.0420 0.0000                                                                           | 
|    multiplier_inst/inst1/clk_CTS_1_PP_1                         Rise  0.0420 0.0000                                                                           | 
|    multiplier_inst/inst1/clk_gate_my_reg2_reg/CK  CLKGATETST_X8 Rise  0.0430 0.0010 0.0210          7.95918                                     mFA           | 
|    multiplier_inst/inst1/clk_gate_my_reg2_reg/GCK CLKGATETST_X8 Rise  0.0710 0.0280 0.0060 3.42485  1.42116  4.84602           1       67.0368  mFA  K/M      | 
|    multiplier_inst/inst1/CTS_L3_c_tid1_3/A        CLKBUF_X3     Rise  0.0710 0.0000 0.0060          1.42116                                     mF            | 
|    multiplier_inst/inst1/CTS_L3_c_tid1_3/Z        CLKBUF_X3     Rise  0.1690 0.0980 0.0780 47.3241  45.5834  92.9075           48      61.4927  mF   K/M      | 
|    multiplier_inst/inst1/my_reg_reg[14]/CK        DFF_X1        Rise  0.1770 0.0080 0.0780          0.949653                                    MmF           | 
-----------------------------------------------------------------------------------------------------------------------------------------------------------------


-------------------------------------------------------------
|                                          | Time    Total  | 
|-----------------------------------------------------------|
| target clock sysclk_new_mode (rise edge) |  0.0000 0.0000 | 
| target clock cycle shift                 |  0.0000 0.0000 | 
| target clock propagated network latency  |  0.1770 0.1770 | 
| library hold check                       |  0.0170 0.1940 | 
| data required time                       |  0.1940        | 
|                                          |                | 
| data arrival time                        |  0.2000        | 
| data required time                       | -0.1940        | 
| pessimism                                |  0.0000        | 
|                                          |                | 
| slack                                    |  0.0060        | 
-------------------------------------------------------------


info UI33: performed report_timing for 0 sec (CPU time: 0 sec; MEM: RSS - 352M, CVMEM - 1769M, PVMEM - 2638M)
