Report 'report_power_summary': Power
Generated on Wed Jan 4 13:16:18 2023
  
--------------------------------------------------------------------------
|                        Power Summary (nanowatt)                        |
|------------------------------------------------------------------------|
| Component          Internal Switching  Dynamic Leakage  Total  Percent | 
|------------------------------------------------------------------------|
| Entire design        601428    213735   815163   32705  847868  100.00 | 
|                                                                        | 
| Power of all cells   601428    159707   761135   32705  793840   93.63 | 
|   Clock cells         21094      2314    23409     231   23639    2.79 | 
|   Data cells         580306    157393   737698   32475  770173   90.84 | 
|     Combinational    131103    118287   249390   20155  269545   31.79 | 
|     Registers        449087     39106   488193   12319  500512   59.03 | 
|     Macros                0         0        0       0       0    0.00 | 
|     Physical              0         0        0       0       0    0.00 | 
|                                                                        | 
| Power of all nets               54028    54028           54028    6.37 | 
|   Clock nets                    20714    20714           20714    2.44 | 
|     Clock leaves                20714    20714           20714    2.44 | 
|   Data nets                     33314    33314           33314    3.93 | 
--------------------------------------------------------------------------


info UI33: performed report_power_summary for 0 sec (CPU time: 0 sec; MEM: RSS - 364M, CVMEM - 1830M, PVMEM - 2638M)
-----------------------------------------------------------------------------------------------------------------------------------------------
| Corner     Enable Setup Hold  CRPR       SI   Power            EM   Voltage Drop DRC        Process                    RC Temp Scale Factor | 
|---------------------------------------------------------------------------------------------------------------------------------------------|
| slow       false  true  false setup_hold none leakage          none none         trans, cap new_rcmaster_techFreePDK45 25      1            | 
| fast       false  false false setup_hold none leakage          none none         trans, cap new_rcmaster_techFreePDK45 25      1            | 
| corner_0_0 true   true  true  setup_hold none leakage, dynamic none none         trans, cap new_rcmaster_techFreePDK45 25      1            | 
-----------------------------------------------------------------------------------------------------------------------------------------------


