Report 'report_mcmm_variation': MCMM Variation
Generated on Fri Dec 23 04:00:46 2022
  
---------------------------------------------------------------
| MCMM variability report for design 'integrationMult' (nano) |
|-------------------------------------------------------------|
| MODE CORNER WNS TNS #Endpts WHS THS #Endpts                 | 
---------------------------------------------------------------


info UI33: performed report_mcmm_variation for 0 sec (CPU time: 0 sec; MEM: RSS - 399M, CVMEM - 1897M, PVMEM - 2638M)
Report 'report_path_group': Path Group
Generated on Fri Dec 23 04:00:46 2022
  
-------------------------------------------------------------------------------------------
|                               PATH GROUPS (SETUP) (nano)                                |
|-----------------------------------------------------------------------------------------|
| QOR Weight Margin TNS Range Endpoints Violating Endpoints Violating Endpoints % WNS TNS | 
-------------------------------------------------------------------------------------------


info UI33: performed report_path_group for 0 sec (CPU time: 0 sec; MEM: RSS - 399M, CVMEM - 1897M, PVMEM - 2638M)
SLACK HISTOGRAM
---------------
Select : SELECT_LATE

---------------------------------------------
| Slack           # End Pts Total # End Pts | 
|-------------------------------------------|
| 0.0000 - 2.4990 44        44              | 
| 2.5000 - 4.9990 20        64              | 
---------------------------------------------


info UI33: performed report_slack_histogram for 0 sec (CPU time: 0 sec; MEM: RSS - 399M, CVMEM - 1897M, PVMEM - 2638M)
Report 'report_path_group': Path Group
Generated on Fri Dec 23 04:00:46 2022
  
-------------------------------------------------------------------------------------------
|                                PATH GROUPS (HOLD) (nano)                                |
|-----------------------------------------------------------------------------------------|
| QOR Weight Margin TNS Range Endpoints Violating Endpoints Violating Endpoints % WNS TNS | 
-------------------------------------------------------------------------------------------


info UI33: performed report_path_group for 0 sec (CPU time: 0 sec; MEM: RSS - 399M, CVMEM - 1897M, PVMEM - 2638M)
SLACK HISTOGRAM
---------------
Select : SELECT_EARLY

---------------------------------------------
| Slack           # End Pts Total # End Pts | 
|-------------------------------------------|
| 0.0000 - 0.4990 50        50              | 
| 0.5000 - 0.9990 14        64              | 
---------------------------------------------


info UI33: performed report_slack_histogram for 0 sec (CPU time: 0 sec; MEM: RSS - 399M, CVMEM - 1897M, PVMEM - 2638M)
