Report End Points: 
-----+-------+------+-------+------+------+-----+-----+-----------+-------------
     |Group  |Launch|Capture|Shift |Delay |Depth|Slack|Begin Point|End Point    
-----+-------+------+-------+------+------+-----+-----+-----------+-------------
1    |default|sysclk|sysclk |4000.0|3697.5|  103|112.5|i_reg[4]/Q |c_reg[63]/D  
2    |default|sysclk|sysclk |4000.0|3657.0|  102|160.6|i_reg[4]/Q |c_reg[62]/D  
3    |default|sysclk|sysclk |4000.0|3627.2|  101|178.6|i_reg[4]/Q |res_reg[63]/D
-----+-------+------+-------+------+------+-----+-----+-----------+-------------
Report End Points: 
-----+-----+------+-------+------+-----+-----+------+-----------+-----------
     |Group|Launch|Capture|Shift |Delay|Depth|Slack |Begin Point|End Point  
-----+-----+------+-------+------+-----+-----+------+-----------+-----------
1    |I2R  |sysclk|sysclk |4000.0|158.1|    4|3603.9|start      |c_reg[63]/D
2    |I2R  |sysclk|sysclk |4000.0|158.1|    4|3603.9|start      |c_reg[62]/D
3    |I2R  |sysclk|sysclk |4000.0|158.1|    4|3603.9|start      |c_reg[61]/D
-----+-----+------+-------+------+-----+-----+------+-----------+-----------
Report End Points: 
-----+-----+------+-------+-----+-----+-----+-----+-----------+---------
     |Group|Launch|Capture|Shift|Delay|Depth|Slack|Begin Point|End Point
-----+-----+------+-------+-----+-----+-----+-----+-----------+---------
1    |I2O  |      |       |     |     |     |     |           |         
-----+-----+------+-------+-----+-----+-----+-----+-----------+---------
Report End Points: 
-----+-----+------+-------+------+-----+-----+------+-------------------+--------------
     |Group|Launch|Capture|Shift |Delay|Depth|Slack |Begin Point        |End Point     
-----+-----+------+-------+------+-----+-----+------+-------------------+--------------
1    |R2O  |sysclk|sysclk |2000.0|  0.6|    0|1402.6|r2/my_reg_reg[57]/Q|read_data3[57]
2    |R2O  |sysclk|sysclk |2000.0|  0.6|    0|1402.6|r2/my_reg_reg[56]/Q|read_data3[56]
3    |R2O  |sysclk|sysclk |2000.0|  0.6|    0|1402.7|r2/my_reg_reg[49]/Q|read_data3[49]
-----+-----+------+-------+------+-----+-----+------+-------------------+--------------
