warning: No library characterized for (process = 1.00 voltage = 0.85 temperature = 25.00) can be found in the database for power domain '/PD_TOP'  [NL-174]
Report Power (instances with prefix '*' are included in total) : 
-----+-----------------+--------------------+---------------------+-------------------+-----------------
     | Instance        | Internal Power(uw) | Switching Power(uw) | Leakage Power(uw) | Total Power(uw) 
-----+-----------------+--------------------+---------------------+-------------------+-----------------
1    |*r               |           68.953438|            96.432243|           5.122325|       170.507996
2    |*r2              |           17.840281|            17.294312|           5.077541|        40.212132
3    |*clk_gate_res_reg|            0.784770|             0.000000|           0.059138|         0.843908
4    |*res_reg[63]     |            0.274376|             0.116713|           0.079112|         0.470201
5    |*res_reg[62]     |            0.274376|             0.116713|           0.079112|         0.470201
6    |*res_reg[61]     |            0.274376|             0.116713|           0.079112|         0.470201
7    |*res_reg[60]     |            0.274376|             0.116713|           0.079112|         0.470201
8    |*res_reg[59]     |            0.274376|             0.116713|           0.079112|         0.470201
9    |*res_reg[58]     |            0.274376|             0.116713|           0.079112|         0.470201
10   |*res_reg[57]     |            0.274376|             0.116713|           0.079112|         0.470201
11   |*res_reg[56]     |            0.274376|             0.116713|           0.079112|         0.470201
12   |*res_reg[55]     |            0.274376|             0.116713|           0.079112|         0.470201
13   |*res_reg[54]     |            0.274376|             0.116713|           0.079112|         0.470201
14   |*res_reg[53]     |            0.274376|             0.116713|           0.079112|         0.470201
15   |*res_reg[52]     |            0.274376|             0.116713|           0.079112|         0.470201
16   |*res_reg[51]     |            0.274376|             0.116713|           0.079112|         0.470201
17   |*res_reg[50]     |            0.274376|             0.116713|           0.079112|         0.470201
18   |*res_reg[49]     |            0.274376|             0.116713|           0.079112|         0.470201
19   |*res_reg[48]     |            0.274376|             0.116713|           0.079112|         0.470201
20   |*res_reg[47]     |            0.274376|             0.116713|           0.079112|         0.470201
21   |*res_reg[46]     |            0.274376|             0.116713|           0.079112|         0.470201
22   |*res_reg[45]     |            0.274376|             0.116713|           0.079112|         0.470201
23   |*res_reg[44]     |            0.274376|             0.116713|           0.079112|         0.470201
24   |*res_reg[43]     |            0.274376|             0.116713|           0.079112|         0.470201
25   |*res_reg[42]     |            0.274376|             0.116713|           0.079112|         0.470201
26   |*res_reg[41]     |            0.274376|             0.116713|           0.079112|         0.470201
27   |*res_reg[40]     |            0.274376|             0.116713|           0.079112|         0.470201
28   |*res_reg[39]     |            0.274376|             0.116713|           0.079112|         0.470201
29   |*res_reg[38]     |            0.274376|             0.116713|           0.079112|         0.470201
30   |*res_reg[37]     |            0.274376|             0.116713|           0.079112|         0.470201
31   |*res_reg[36]     |            0.274376|             0.116713|           0.079112|         0.470201
32   |*res_reg[35]     |            0.274376|             0.116713|           0.079112|         0.470201
33   |*res_reg[34]     |            0.274376|             0.116713|           0.079112|         0.470201
34   |*res_reg[33]     |            0.274376|             0.116713|           0.079112|         0.470201
35   |*res_reg[32]     |            0.274376|             0.116713|           0.079112|         0.470201
36   |*res_reg[31]     |            0.274376|             0.116713|           0.079112|         0.470201
37   |*res_reg[30]     |            0.274376|             0.116713|           0.079112|         0.470201
38   |*res_reg[29]     |            0.274376|             0.116713|           0.079112|         0.470201
39   |*res_reg[28]     |            0.274376|             0.116713|           0.079112|         0.470201
40   |*res_reg[27]     |            0.274376|             0.116713|           0.079112|         0.470201
41   |*res_reg[26]     |            0.274376|             0.116713|           0.079112|         0.470201
42   |*res_reg[25]     |            0.274376|             0.116713|           0.079112|         0.470201
43   |*res_reg[24]     |            0.274376|             0.116713|           0.079112|         0.470201
44   |*res_reg[23]     |            0.274376|             0.116713|           0.079112|         0.470201
45   |*res_reg[22]     |            0.274376|             0.116713|           0.079112|         0.470201
46   |*res_reg[21]     |            0.274376|             0.116713|           0.079112|         0.470201
47   |*res_reg[20]     |            0.274376|             0.116713|           0.079112|         0.470201
48   |*res_reg[19]     |            0.274376|             0.116713|           0.079112|         0.470201
49   |*res_reg[18]     |            0.274376|             0.116713|           0.079112|         0.470201
50   |*res_reg[17]     |            0.274376|             0.116713|           0.079112|         0.470201
51   |*res_reg[16]     |            0.274376|             0.116713|           0.079112|         0.470201
52   |*res_reg[15]     |            0.274376|             0.116713|           0.079112|         0.470201
53   |*res_reg[14]     |            0.274376|             0.116713|           0.079112|         0.470201
54   |*res_reg[13]     |            0.274376|             0.116713|           0.079112|         0.470201
55   |*res_reg[12]     |            0.274376|             0.116713|           0.079112|         0.470201
56   |*res_reg[11]     |            0.274376|             0.116713|           0.079112|         0.470201
57   |*res_reg[10]     |            0.274376|             0.116713|           0.079112|         0.470201
58   |*res_reg[9]      |            0.274376|             0.116713|           0.079112|         0.470201
59   |*res_reg[8]      |            0.274376|             0.116713|           0.079112|         0.470201
60   |*res_reg[7]      |            0.274376|             0.116713|           0.079112|         0.470201
61   |*res_reg[6]      |            0.274376|             0.116713|           0.079112|         0.470201
62   |*res_reg[5]      |            0.274376|             0.116713|           0.079112|         0.470201
63   |*res_reg[4]      |            0.274376|             0.116713|           0.079112|         0.470201
64   |*res_reg[3]      |            0.274376|             0.116713|           0.079112|         0.470201
65   |*res_reg[2]      |            0.274376|             0.116713|           0.079112|         0.470201
66   |*res_reg[1]      |            0.274376|             0.116713|           0.079112|         0.470201
67   |*res_reg[0]      |            0.274376|             0.116713|           0.079112|         0.470201
68   |*i_0_3           |            9.243964|            13.275331|           1.822795|        24.342093
69   |*i_0_4           |            9.246128|            13.166500|           1.822795|        24.235424
70   |*i_0_11          |           65.516174|            95.131760|           7.316466|       167.964401
71   |*i_0_0_0         |            0.134074|             0.239713|           0.017393|         0.391180
72   |*i_0_0_1         |            0.116995|             0.757506|           0.014353|         0.888855
73   |*i_0_0_2         |            0.221208|             0.107470|           0.022619|         0.351297
74   |*i_0_0_3         |            0.134074|             0.239713|           0.017393|         0.391180
75   |*i_0_0_4         |            0.222251|             0.110065|           0.022619|         0.354936
76   |*i_0_0_5         |            0.134074|             0.239713|           0.017393|         0.391180
77   |*i_0_0_6         |            0.125350|             2.143437|           0.014353|         2.283140
78   |*i_0_0_7         |            0.207468|             0.297185|           0.022619|         0.527272
79   |*i_0_0_8         |            0.116948|             1.132191|           0.014353|         1.263492
80   |*i_0_0_9         |            0.118014|             1.328653|           0.014353|         1.461020
81   |*i_0_0_10        |            0.112733|             0.619602|           0.021200|         0.753535
82   |*i_0_0_11        |            0.214139|             0.109981|           0.022619|         0.346740
83   |*i_0_0_12        |            0.081528|             1.000909|           0.017393|         1.099830
84   |*i_0_0_13        |            0.225494|             0.322945|           0.022619|         0.571058
85   |*i_0_0_14        |            0.123558|             0.313875|           0.014353|         0.451786
86   |*i_0_0_15        |            0.274259|             0.108618|           0.032612|         0.415489
87   |*i_0_0_16        |            0.134074|             0.239713|           0.017393|         0.391180
88   |*i_0_0_17        |            0.052558|             0.278841|           0.014353|         0.345751
89   |*i_0_0_18        |            0.174394|             0.232409|           0.022619|         0.429422
90   |*i_0_0_19        |            0.032385|             0.396852|           0.017393|         0.446631
91   |*i_0_0_20        |            0.021739|             0.098249|           0.014353|         0.134341
92   |*i_0_0_21        |            0.200705|             0.105960|           0.022619|         0.329284
93   |*i_0_0_22        |            0.068718|             1.177982|           0.014353|         1.261053
94   |*i_0_0_23        |            0.122066|             0.054045|           0.041741|         0.217852
95   |*i_0_0_24        |            0.134074|             0.239713|           0.017393|         0.391180
96   |*i_0_0_25        |            0.116561|            20.464817|           0.014353|        20.595734
97   |*i_0_0_26        |            0.223811|             0.107470|           0.022619|         0.353900
98   |*i_0_0_27        |            0.134074|             0.239713|           0.017393|         0.391180
99   |*i_0_0_28        |            0.222251|             0.110065|           0.022619|         0.354936
100  |*i_0_0_29        |            0.134074|             0.239713|           0.017393|         0.391180
101  |*i_0_0_30        |            0.206675|             0.297185|           0.022619|         0.526479
102  |*i_0_0_31        |            0.117683|            18.673052|           0.014353|        18.805088
103  |*i_0_0_32        |            0.116561|            20.498453|           0.014353|        20.629368
104  |*i_0_0_33        |            0.111132|             0.534446|           0.021200|         0.666777
105  |*i_0_0_34        |            0.213817|             0.109981|           0.022619|         0.346418
106  |*i_0_0_35        |            0.134074|             0.239713|           0.017393|         0.391180
107  |*i_0_0_36        |            0.195516|             0.267659|           0.022619|         0.485794
108  |*i_0_0_37        |            0.123259|             0.343345|           0.025066|         0.491670
109  |*i_0_0_38        |            0.208435|             0.109331|           0.022619|         0.340386
110  |*i_0_0_39        |            0.134074|             0.239713|           0.017393|         0.391180
111  |*i_0_0_40        |            0.175118|             0.230229|           0.022619|         0.427967
112  |*i_0_0_41        |            0.029864|             0.362227|           0.017393|         0.409484
113  |*i_0_0_42        |            0.019842|             0.089677|           0.014353|         0.123872
114  |*i_0_0_43        |            0.200114|             0.105804|           0.022619|         0.328537
115  |*i_0_0_44        |            0.068669|             3.100426|           0.014353|         3.183448
116  |*i_0_0_45        |            0.121603|             0.054045|           0.041741|         0.217390
117  |*i_0_0_46        |            0.144618|             1.913098|           0.021200|         2.078915
118  |*i_0_0_47        |            0.113123|             3.054283|           0.021200|         3.188606
119  |*i_0_0_48        |            0.035105|             0.148888|           0.018105|         0.202098
120  |*i_0_0_49        |            0.104349|             0.296141|           0.017393|         0.417883
121  |*i_0_0_50        |            0.286314|            19.294502|           0.025066|        19.605883
122  |*i_0_0_51        |            0.094971|             8.697098|           0.021200|         8.813269
123  |*i_0_0_52        |            0.046114|             0.034252|           0.014353|         0.094719
124  |*i_0_0_53        |            0.121685|             0.940680|           0.032612|         1.094977
125  |*i_0_0_54        |            0.081936|             0.052150|           0.014353|         0.148440
126  |*i_0_0_55        |            0.178723|             1.385420|           0.032612|         1.596756
127  |*i_0_0_56        |            0.120674|             0.076806|           0.014353|         0.211834
128  |*i_0_0_57        |            0.178447|             1.382960|           0.032612|         1.594019
129  |*i_0_0_58        |            0.120460|             0.076670|           0.014353|         0.211483
130  |*i_0_0_59        |            0.167742|             1.382960|           0.032612|         1.583315
131  |*i_0_0_60        |            0.120460|             0.076670|           0.014353|         0.211483
132  |*i_0_0_61        |            0.174925|             1.382961|           0.032612|         1.590498
133  |*i_0_0_62        |            0.120460|             0.076670|           0.014353|         0.211483
134  |*i_0_0_63        |            0.176052|             1.382960|           0.032612|         1.591625
135  |*i_0_0_64        |            0.120460|             0.076670|           0.014353|         0.211483
136  |*i_0_0_65        |            0.171490|             1.382960|           0.032612|         1.587062
137  |*i_0_0_66        |            0.120460|             0.076670|           0.014353|         0.211483
138  |*i_0_0_67        |            0.167946|             1.382960|           0.032612|         1.583519
139  |*i_0_0_68        |            0.120460|             0.076670|           0.014353|         0.211483
140  |*i_0_0_69        |            0.170063|             1.382960|           0.032612|         1.585636
141  |*i_0_0_70        |            0.120460|             0.076670|           0.014353|         0.211483
142  |*i_0_0_71        |            0.173599|             1.382960|           0.032612|         1.589171
143  |*i_0_0_72        |            0.120460|             0.076670|           0.014353|         0.211483
144  |*i_0_0_73        |            0.174969|             1.382960|           0.032612|         1.590541
145  |*i_0_0_74        |            0.120460|             0.076670|           0.014353|         0.211483
146  |*i_0_0_75        |            0.175394|             1.382960|           0.032612|         1.590966
147  |*i_0_0_76        |            0.120460|             0.076670|           0.014353|         0.211483
148  |*i_0_0_77        |            0.175484|             1.382960|           0.032612|         1.591057
149  |*i_0_0_78        |            0.120460|             0.076670|           0.014353|         0.211483
150  |*i_0_0_79        |            0.175414|             1.382960|           0.032612|         1.590986
151  |*i_0_0_80        |            0.120460|             0.076670|           0.014353|         0.211483
152  |*i_0_0_81        |            0.175284|             1.382960|           0.032612|         1.590857
153  |*i_0_0_82        |            0.120460|             0.076670|           0.014353|         0.211483
154  |*i_0_0_83        |            0.174898|             1.417153|           0.032612|         1.624663
155  |*i_0_0_84        |            0.123438|             0.078566|           0.014353|         0.216357
156  |*i_0_0_85        |            0.173273|             1.413789|           0.032612|         1.619674
157  |*i_0_0_86        |            0.123145|             0.078379|           0.014353|         0.215878
158  |*i_0_0_87        |            0.171521|             1.382953|           0.032612|         1.587086
159  |*i_0_0_88        |            0.120459|             0.076670|           0.014353|         0.211482
160  |*i_0_0_89        |            0.170888|             1.382954|           0.032612|         1.586454
161  |*i_0_0_90        |            0.120459|             0.076670|           0.014353|         0.211482
162  |*i_0_0_91        |            0.172543|             1.382950|           0.032612|         1.588105
163  |*i_0_0_92        |            0.120459|             0.076670|           0.014353|         0.211482
164  |*i_0_0_93        |            0.172620|             1.382948|           0.032612|         1.588181
165  |*i_0_0_94        |            0.120459|             0.076669|           0.014353|         0.211482
166  |*i_0_0_95        |            0.174305|             1.408561|           0.032612|         1.615478
167  |*i_0_0_96        |            0.122690|             0.078089|           0.014353|         0.215132
168  |*i_0_0_97        |            0.171474|             1.382949|           0.032612|         1.587036
169  |*i_0_0_98        |            0.120459|             0.076669|           0.014353|         0.211482
170  |*i_0_0_99        |            0.173837|             1.411500|           0.032612|         1.617949
171  |*i_0_0_100       |            0.122946|             0.078252|           0.014353|         0.215551
172  |*i_0_0_101       |            0.174316|             1.412353|           0.032612|         1.619281
173  |*i_0_0_102       |            0.123020|             0.078300|           0.014353|         0.215673
174  |*i_0_0_103       |            0.170464|             1.382950|           0.032612|         1.586027
175  |*i_0_0_104       |            0.120459|             0.076670|           0.014353|         0.211482
176  |*i_0_0_105       |            0.173660|             1.413139|           0.032612|         1.619411
177  |*i_0_0_106       |            0.123089|             0.078343|           0.014353|         0.215785
178  |*i_0_0_107       |            0.170282|             1.382947|           0.032612|         1.585841
179  |*i_0_0_108       |            0.120459|             0.076669|           0.014353|         0.211481
180  |*i_0_0_109       |            0.173091|             1.414250|           0.032612|         1.619953
181  |*i_0_0_110       |            0.123185|             0.078405|           0.014353|         0.215943
182  |*i_0_0_111       |            0.173542|             1.415867|           0.032612|         1.622022
183  |*i_0_0_112       |            0.123326|             0.078494|           0.014353|         0.216174
184  |*i_0_0_113       |            0.169460|             1.382950|           0.032612|         1.585022
185  |*i_0_0_114       |            0.120459|             0.076670|           0.014353|         0.211482
186  |*i_0_0_115       |            0.173006|             1.414713|           0.032612|         1.620331
187  |*i_0_0_116       |            0.123226|             0.078430|           0.014353|         0.216009
188  |*i_0_0_117       |            0.169713|             1.382953|           0.032612|         1.585278
189  |*i_0_0_118       |            0.120459|             0.076670|           0.014353|         0.211482
190  |*i_0_0_119       |            0.172717|             1.414697|           0.032612|         1.620025
191  |*i_0_0_120       |            0.123224|             0.078430|           0.014353|         0.216007
192  |*i_0_0_121       |            0.173289|             1.416046|           0.032612|         1.621946
193  |*i_0_0_122       |            0.123342|             0.078504|           0.014353|         0.216199
194  |*i_0_0_123       |            0.169304|             1.382955|           0.032612|         1.584870
195  |*i_0_0_124       |            0.120459|             0.076670|           0.014353|         0.211482
196  |*i_0_0_125       |            0.173025|             1.413317|           0.032612|         1.618953
197  |*i_0_0_126       |            0.123104|             0.078353|           0.014353|         0.215810
198  |*i_0_0_127       |            0.169862|             1.382956|           0.032612|         1.585430
199  |*i_0_0_128       |            0.120460|             0.076670|           0.014353|         0.211483
200  |*i_0_0_129       |            0.172834|             1.413974|           0.032612|         1.619420
201  |*i_0_0_130       |            0.123161|             0.078389|           0.014353|         0.215904
202  |*i_0_0_131       |            0.173446|             1.415264|           0.032612|         1.621322
203  |*i_0_0_132       |            0.123274|             0.078461|           0.014353|         0.216088
204  |*i_0_0_133       |            0.169480|             1.382957|           0.032612|         1.585049
205  |*i_0_0_134       |            0.120460|             0.076670|           0.014353|         0.211483
206  |*i_0_0_135       |            0.172184|             1.424570|           0.032612|         1.629366
207  |*i_0_0_136       |            0.124084|             0.078977|           0.014353|         0.217414
208  |*i_0_0_137       |            0.167995|             1.382959|           0.032612|         1.583566
209  |*i_0_0_138       |            0.120460|             0.076670|           0.014353|         0.211483
210  |*i_0_0_139       |            0.171231|             1.421156|           0.032612|         1.624999
211  |*i_0_0_140       |            0.123787|             0.078788|           0.014353|         0.216928
212  |*i_0_0_141       |            0.171566|             1.421130|           0.032612|         1.625308
213  |*i_0_0_142       |            0.123785|             0.078786|           0.014353|         0.216924
214  |*i_0_0_143       |            0.167584|             1.382958|           0.032612|         1.583154
215  |*i_0_0_144       |            0.120460|             0.076670|           0.014353|         0.211483
216  |*i_0_0_145       |            0.171724|             1.415431|           0.032612|         1.619767
217  |*i_0_0_146       |            0.123288|             0.078470|           0.014353|         0.216112
218  |*i_0_0_147       |            0.168239|             1.382959|           0.032612|         1.583810
219  |*i_0_0_148       |            0.120460|             0.076670|           0.014353|         0.211483
220  |*i_0_0_149       |            0.171409|             1.420148|           0.032612|         1.624169
221  |*i_0_0_150       |            0.123699|             0.078732|           0.014353|         0.216784
222  |*i_0_0_151       |            0.171685|             1.422395|           0.032612|         1.626691
223  |*i_0_0_152       |            0.123895|             0.078856|           0.014353|         0.217104
224  |*i_0_0_153       |            0.166757|             1.382959|           0.032612|         1.582328
225  |*i_0_0_154       |            0.120460|             0.076670|           0.014353|         0.211483
226  |*i_0_0_155       |            0.170633|             1.419932|           0.032612|         1.623176
227  |*i_0_0_156       |            0.123680|             0.078720|           0.014353|         0.216753
228  |*i_0_0_157       |            0.166427|             1.382959|           0.032612|         1.581998
229  |*i_0_0_158       |            0.120460|             0.076670|           0.014353|         0.211483
230  |*i_0_0_159       |            0.169392|             1.425301|           0.032612|         1.627306
231  |*i_0_0_160       |            0.124148|             0.079017|           0.014353|         0.217519
232  |*i_0_0_161       |            0.169090|             1.424839|           0.032612|         1.626541
233  |*i_0_0_162       |            0.124108|             0.078992|           0.014353|         0.217453
234  |*i_0_0_163       |            0.163722|             1.382960|           0.032612|         1.579294
235  |*i_0_0_164       |            0.120460|             0.076670|           0.014353|         0.211483
236  |*i_0_0_165       |            0.166882|             1.415715|           0.032612|         1.615209
237  |*i_0_0_166       |            0.123313|             0.078486|           0.014353|         0.216152
238  |*i_0_0_167       |            0.164388|             1.382960|           0.032612|         1.579960
239  |*i_0_0_168       |            0.120460|             0.076670|           0.014353|         0.211483
240  |*i_0_0_169       |            0.167800|             1.415465|           0.032612|         1.615878
241  |*i_0_0_170       |            0.123291|             0.078472|           0.014353|         0.216117
242  |*i_0_0_171       |            0.168053|             1.420058|           0.032612|         1.620723
243  |*i_0_0_172       |            0.123691|             0.078727|           0.014353|         0.216771
244  |*i_0_0_173       |            0.164096|             1.382959|           0.032612|         1.579667
245  |*i_0_0_174       |            0.120460|             0.076670|           0.014353|         0.211483
246  |*i_0_0_175       |            0.166916|             1.417888|           0.032612|         1.617416
247  |*i_0_0_176       |            0.123502|             0.078606|           0.014353|         0.216462
248  |*i_0_0_177       |            0.663886|             1.417265|           0.032612|         2.113763
249  |*i_0_0_178       |            0.519318|             0.078572|           0.014353|         0.612243
250  |*i_0_0_179       |            0.656286|             1.382960|           0.032612|         2.071859
251  |*i_0_0_180       |            0.506748|             0.076670|           0.014353|         0.597771
252  |*i_0_0_181       |            0.674281|             0.387077|           0.014353|         1.075711
253  |*i_0_0_182       |            1.103862|             2.331863|           0.025066|         3.460791
254  |*i_0_0_183       |            0.491084|             1.812517|           0.021200|         2.324800
255  |*i_0_0_184       |            0.184356|             0.222722|           0.032612|         0.439690
256  |*i_0_0_185       |            0.124095|             1.565705|           0.017393|         1.707193
257  |*i_0_0_186       |            0.081404|             1.814309|           0.014353|         1.910067
258  |*i_0_0_187       |            0.185717|             0.224846|           0.032612|         0.443175
259  |*i_0_0_188       |            0.165021|             2.194964|           0.017393|         2.377378
260  |*i_0_0_189       |            0.114435|             0.471333|           0.014353|         0.600122
261  |*i_0_0_190       |            0.184247|             0.222722|           0.032612|         0.439581
262  |*i_0_0_191       |            0.185376|             0.224846|           0.032612|         0.442834
263  |*i_0_0_192       |            0.164999|             2.179210|           0.017393|         2.361602
264  |*i_0_0_193       |            0.115115|             0.144551|           0.014353|         0.274019
265  |*i_0_0_194       |            0.223645|             0.207132|           0.048314|         0.479091
266  |*i_0_0_195       |            0.063706|             0.083087|           0.018105|         0.164898
267  |*i_0_0_196       |            0.155099|             0.979405|           0.014353|         1.148857
268  |*i_0_0_197       |            0.004954|             0.004122|           0.026832|         0.035908
269  |*i_0_0_198       |            1.614864|             2.004444|           0.047399|         3.666707
270  |*i_0_0_199       |            0.833232|             0.276611|           0.014353|         1.124196
271  |*i_0_0_200       |            0.876706|             0.642050|           0.027858|         1.546614
272  |*i_0_0_201       |            0.165057|             0.991819|           0.021200|         1.178075
273  |*i_0_0_202       |            0.082871|             0.922266|           0.018105|         1.023242
274  |*i_0_0_203       |            0.184356|             0.222722|           0.032612|         0.439690
275  |*i_0_0_204       |            0.185717|             0.224846|           0.032612|         0.443175
276  |*i_0_0_205       |            0.165308|             2.398521|           0.017393|         2.581222
277  |*i_0_0_206       |            0.114035|             0.321410|           0.014353|         0.449798
278  |*i_0_0_207       |            0.100355|             1.283021|           0.014353|         1.397729
279  |*i_0_0_208       |            0.150957|             0.974742|           0.017393|         1.143092
280  |*i_0_0_209       |            0.121238|             0.920020|           0.022695|         1.063953
281  |*i_0_0_210       |            0.285535|             0.053130|           0.034026|         0.372691
282  |*i_0_0_211       |            0.338655|             0.589027|           0.047399|         0.975081
283  |*i_0_0_212       |            0.184356|             0.222722|           0.032612|         0.439690
284  |*i_0_0_213       |            0.185717|             0.224846|           0.032612|         0.443175
285  |*i_0_0_214       |            0.164999|             2.179210|           0.017393|         2.361602
286  |*i_0_0_215       |            0.114430|             0.469248|           0.014353|         0.598030
287  |*i_0_0_216       |            0.111255|             0.641821|           0.017393|         0.770469
288  |*i_0_0_217       |            0.170007|             0.128205|           0.034026|         0.332238
289  |*i_0_0_218       |            0.207247|             0.146562|           0.034566|         0.388375
290  |*i_0_0_219       |            0.184356|             0.222722|           0.032612|         0.439690
291  |*i_0_0_220       |            0.185717|             0.224846|           0.032612|         0.443175
292  |*i_0_0_221       |            0.165021|             2.194964|           0.017393|         2.377378
293  |*i_0_0_222       |            0.132908|             0.784142|           0.021200|         0.938249
294  |*i_0_0_223       |            0.184356|             0.222722|           0.032612|         0.439690
295  |*i_0_0_224       |            0.185717|             0.224846|           0.032612|         0.443175
296  |*i_0_0_225       |            0.165306|             2.397374|           0.017393|         2.580073
297  |*i_0_0_226       |            0.122718|             1.643578|           0.017393|         1.783690
298  |*i_0_0_227       |            0.085695|             0.742561|           0.014353|         0.842609
299  |*i_0_0_228       |            0.178568|             0.206563|           0.032612|         0.417743
300  |*i_0_0_229       |            0.814777|             1.637152|           0.022039|         2.473969
301  |*i_0_0_230       |            0.115096|             0.146637|           0.014353|         0.276086
302  |*i_0_0_231       |            0.114430|             0.469248|           0.014353|         0.598030
303  |*i_0_0_232       |            0.223634|             0.207132|           0.048314|         0.479080
304  |*i_0_0_233       |            0.063706|             0.083087|           0.018105|         0.164898
305  |*i_0_0_234       |            0.343875|             0.295280|           0.047399|         0.686553
306  |*i_0_0_235       |            0.166224|             0.193367|           0.034026|         0.393617
307  |*i_0_0_236       |            0.118229|             0.330256|           0.014353|         0.462839
308  |*i_0_0_237       |            0.192574|             0.239811|           0.034026|         0.466412
309  |*i_0_0_238       |            0.080016|             0.449618|           0.014353|         0.543987
310  |*i_0_0_239       |            0.028441|             0.042317|           0.026832|         0.097589
311  |*i_0_0_240       |            0.066419|             0.099558|           0.032612|         0.198589
312  |*i_0_0_241       |            0.181177|             0.206563|           0.032612|         0.420352
313  |*i_0_0_242       |            0.166599|             0.217710|           0.022039|         0.406349
314  |*i_0_0_243       |            0.058857|             0.073166|           0.034026|         0.166050
315  |*i_0_0_244       |            0.097751|             1.861386|           0.021200|         1.980336
316  |*i_0_0_245       |            0.074788|             0.208911|           0.014353|         0.298053
317  |*i_0_0_246       |            0.655286|             0.711151|           0.014353|         1.380791
318  |*i_0_0_247       |            0.878471|             0.806674|           0.034026|         1.719171
319  |*i_0_0_248       |            0.118688|             0.501888|           0.014353|         0.634928
320  |*i_0_0_249       |            0.209121|             1.845719|           0.022695|         2.077535
321  |*i_0_0_250       |            0.159546|             4.494223|           0.021200|         4.674968
322  |*i_0_0_251       |            0.088999|             4.663756|           0.014353|         4.767107
323  |*i_0_0_252       |            0.095906|             0.826332|           0.018105|         0.940343
324  |*i_0_0_253       |            0.045300|             0.729019|           0.021200|         0.795518
325  |*i_0_0_254       |            0.029580|             0.144367|           0.014353|         0.188300
326  |*i_0_0_255       |            0.005481|             0.048304|           0.026832|         0.080616
327  |*i_0_0_256       |            0.118185|             0.313569|           0.014353|         0.446107
328  |*i_0_0_257       |            0.014284|             0.012941|           0.026832|         0.054057
329  |*i_0_0_258       |            0.041909|             0.072399|           0.014353|         0.128662
330  |*i_0_0_259       |            0.041908|             0.072582|           0.014353|         0.128843
331  |*i_0_0_260       |            0.099190|             0.094414|           0.041741|         0.235345
332  |*i_0_0_261       |            0.181193|             0.207646|           0.032612|         0.421451
333  |*i_0_0_262       |            0.092234|             0.085761|           0.022619|         0.200614
334  |*i_0_0_263       |            0.118229|             0.330256|           0.014353|         0.462839
335  |*i_0_0_264       |            0.181871|             0.156729|           0.034026|         0.372626
336  |*i_0_0_265       |            0.328009|             0.151154|           0.041741|         0.520904
337  |*i_0_0_266       |            0.241922|             0.113345|           0.048314|         0.403581
338  |*i_0_0_267       |            0.091667|             0.055237|           0.026481|         0.173386
339  |*i_0_0_268       |            0.160077|             0.128205|           0.034026|         0.322308
340  |*i_0_0_269       |            0.189451|             1.577473|           0.034566|         1.801489
341  |*i_0_0_270       |            0.083152|             0.694714|           0.014353|         0.792219
342  |*i_0_0_271       |            0.140867|             1.732384|           0.026832|         1.900083
343  |*i_0_0_272       |            0.123928|             0.045312|           0.014353|         0.183593
344  |*i_0_0_273       |            0.109419|             1.078058|           0.018105|         1.205582
345  |*i_0_0_274       |            0.268108|             0.066217|           0.027858|         0.362184
346  |*i_0_0_275       |            0.179382|             2.755961|           0.021200|         2.956542
347  |*i_0_0_276       |            0.542190|             8.306182|           0.021200|         8.869572
348  |*i_0_0_277       |            1.295638|             2.168804|           0.041741|         3.506183
349  |*i_0_0_278       |            0.010165|             0.071621|           0.048314|         0.130100
350  |*i_0_0_279       |            0.020766|             0.037979|           0.017393|         0.076138
351  |*i_0_0_280       |            0.055848|             4.672179|           0.014353|         4.742380
352  |*i_0_0_281       |            0.644977|             0.198540|           0.032612|         0.876129
353  |*i_0_0_282       |            0.217654|             0.069243|           0.032612|         0.319509
354  |*i_0_0_283       |            0.467312|             2.418924|           0.017393|         2.903629
355  |*i_0_0_284       |            0.070804|             0.577595|           0.014353|         0.662751
356  |*i_0_0_285       |            0.036588|             0.267077|           0.021200|         0.324864
357  |*i_0_0_286       |            0.097873|             0.060762|           0.032612|         0.191247
358  |*i_0_0_287       |            0.090134|             0.052142|           0.034026|         0.176302
359  |*i_0_0_288       |            0.163617|             0.202590|           0.032612|         0.398819
360  |*i_0_0_289       |            0.052742|             0.065417|           0.032612|         0.150771
361  |*i_0_0_290       |            0.119400|             2.433720|           0.017393|         2.570513
362  |*i_0_0_291       |            0.089167|             0.704864|           0.014353|         0.808384
363  |*i_0_0_292       |            0.028359|             0.070067|           0.032612|         0.131038
364  |*i_0_0_293       |            0.245453|             0.478332|           0.032612|         0.756397
365  |*i_0_0_294       |            0.159140|             0.198540|           0.032612|         0.390292
366  |*i_0_0_295       |            0.052687|             0.065417|           0.032612|         0.150717
367  |*i_0_0_296       |            0.117123|             1.909274|           0.017393|         2.043791
368  |*i_0_0_297       |            0.087484|             0.655638|           0.014353|         0.757475
369  |*i_0_0_298       |            0.050893|             0.579763|           0.018105|         0.648761
370  |*i_0_0_299       |            0.034898|             0.092847|           0.034026|         0.161771
371  |*i_0_0_300       |            0.033814|             0.085784|           0.032612|         0.152210
372  |*i_0_0_301       |            0.017708|             0.042329|           0.034026|         0.094064
373  |*i_0_0_302       |            0.154499|             0.198540|           0.032612|         0.385651
374  |*i_0_0_303       |            0.052687|             0.065417|           0.032612|         0.150717
375  |*i_0_0_304       |            0.117141|             1.921299|           0.017393|         2.055833
376  |*i_0_0_305       |            0.087484|             0.657517|           0.014353|         0.759354
377  |*i_0_0_306       |            0.044605|             0.100780|           0.034026|         0.179412
378  |*i_0_0_307       |            0.035420|             0.090369|           0.032612|         0.158400
379  |*i_0_0_308       |            0.019594|             0.050973|           0.034026|         0.104593
380  |*i_0_0_309       |            0.088124|             0.410448|           0.014353|         0.512925
381  |*i_0_0_310       |            0.103932|             0.114043|           0.032612|         0.250587
382  |*i_0_0_311       |            0.128085|             0.170356|           0.032612|         0.331053
383  |*i_0_0_312       |            0.129877|             1.910407|           0.017393|         2.057677
384  |*i_0_0_313       |            0.087536|             0.657907|           0.014353|         0.759796
385  |*i_0_0_314       |            0.044750|             0.098782|           0.034026|         0.177558
386  |*i_0_0_315       |            0.270290|             0.527048|           0.034026|         0.831364
387  |*i_0_0_316       |            0.151891|             0.329964|           0.034026|         0.515881
388  |*i_0_0_317       |            0.159915|             0.198875|           0.032612|         0.391402
389  |*i_0_0_318       |            0.052742|             0.065417|           0.032612|         0.150771
390  |*i_0_0_319       |            0.117272|             1.925466|           0.017393|         2.060132
391  |*i_0_0_320       |            0.087590|             0.640623|           0.014353|         0.742566
392  |*i_0_0_321       |            0.088737|             0.415188|           0.014353|         0.518278
393  |*i_0_0_322       |            0.039815|             0.102519|           0.034026|         0.176360
394  |*i_0_0_323       |            0.278983|             0.523940|           0.034026|         0.836949
395  |*i_0_0_324       |            0.190920|             0.466196|           0.034026|         0.691142
396  |*i_0_0_325       |            0.154499|             0.198540|           0.032612|         0.385651
397  |*i_0_0_326       |            0.052687|             0.065417|           0.032612|         0.150717
398  |*i_0_0_327       |            0.117466|             2.142731|           0.017393|         2.277590
399  |*i_0_0_328       |            0.219644|             1.747497|           0.025066|         1.992207
400  |*i_0_0_329       |            0.123838|             1.601950|           0.017393|         1.743181
401  |*i_0_0_330       |            0.072015|             2.315792|           0.021200|         2.409006
402  |*i_0_0_331       |            0.064926|             0.171600|           0.032612|         0.269138
403  |*i_0_0_332       |            0.036201|             0.095670|           0.034026|         0.165896
404  |*i_0_0_333       |            0.038279|             0.099525|           0.032612|         0.170416
405  |*i_0_0_334       |            0.102199|             0.287800|           0.034026|         0.424026
406  |*i_0_0_335       |            0.159825|             0.198540|           0.032612|         0.390977
407  |*i_0_0_336       |            0.052407|             0.065457|           0.032612|         0.150476
408  |*i_0_0_337       |            0.117534|             2.180857|           0.017393|         2.315785
409  |*i_0_0_338       |            0.073964|             0.186769|           0.032612|         0.293344
410  |*i_0_0_339       |            0.039338|             0.104706|           0.034026|         0.178070
411  |*i_0_0_340       |            0.042351|             0.104061|           0.032612|         0.179023
412  |*i_0_0_341       |            0.032717|             0.085003|           0.034026|         0.151746
413  |*i_0_0_342       |            0.104474|             0.113849|           0.032612|         0.250935
414  |*i_0_0_343       |            0.129622|             0.170356|           0.032612|         0.332590
415  |*i_0_0_344       |            0.130158|             2.145258|           0.017393|         2.292809
416  |*i_0_0_345       |            0.084812|             0.188247|           0.032612|         0.305671
417  |*i_0_0_346       |            0.039502|             0.105200|           0.034026|         0.178728
418  |*i_0_0_347       |            0.039127|             0.103532|           0.032612|         0.175271
419  |*i_0_0_348       |            0.037524|             0.093589|           0.034026|         0.165139
420  |*i_0_0_349       |            0.103844|             0.113786|           0.032612|         0.250242
421  |*i_0_0_350       |            0.122901|             0.170356|           0.032612|         0.325869
422  |*i_0_0_351       |            0.129817|             1.908877|           0.017393|         2.056087
423  |*i_0_0_352       |            0.074640|             0.188103|           0.032612|         0.295355
424  |*i_0_0_353       |            0.039662|             0.105607|           0.034026|         0.179295
425  |*i_0_0_354       |            0.041217|             0.106936|           0.032612|         0.180765
426  |*i_0_0_355       |            0.038813|             0.100691|           0.034026|         0.173530
427  |*i_0_0_356       |            0.127027|             0.177161|           0.032612|         0.336801
428  |*i_0_0_357       |            0.075697|             0.100257|           0.032612|         0.208566
429  |*i_0_0_358       |            0.121535|             2.160083|           0.017393|         2.299011
430  |*i_0_0_359       |            0.073897|             0.186723|           0.032612|         0.293233
431  |*i_0_0_360       |            0.047476|             0.125796|           0.034026|         0.207298
432  |*i_0_0_361       |            0.044690|             0.119561|           0.032612|         0.196864
433  |*i_0_0_362       |            0.044212|             0.109019|           0.034026|         0.187257
434  |*i_0_0_363       |            0.160639|             0.198540|           0.032612|         0.391791
435  |*i_0_0_364       |            0.052420|             0.065417|           0.032612|         0.150449
436  |*i_0_0_365       |            0.117105|             1.896886|           0.017393|         2.031384
437  |*i_0_0_366       |            0.084606|             0.188093|           0.032612|         0.305311
438  |*i_0_0_367       |            0.051945|             0.133177|           0.034026|         0.219148
439  |*i_0_0_368       |            0.046010|             0.123063|           0.032612|         0.201685
440  |*i_0_0_369       |            0.045019|             0.116592|           0.034026|         0.195637
441  |*i_0_0_370       |            0.103858|             0.113786|           0.032612|         0.250256
442  |*i_0_0_371       |            0.122869|             0.170356|           0.032612|         0.325838
443  |*i_0_0_372       |            0.129817|             1.908877|           0.017393|         2.056087
444  |*i_0_0_373       |            0.073933|             0.187486|           0.032612|         0.294030
445  |*i_0_0_374       |            0.052079|             0.137875|           0.034026|         0.223980
446  |*i_0_0_375       |            0.050597|             0.133025|           0.032612|         0.216234
447  |*i_0_0_376       |            0.050020|             0.123558|           0.034026|         0.207604
448  |*i_0_0_377       |            0.103949|             0.113786|           0.032612|         0.250347
449  |*i_0_0_378       |            0.122602|             0.170356|           0.032612|         0.325570
450  |*i_0_0_379       |            0.129800|             1.896852|           0.017393|         2.044045
451  |*i_0_0_380       |            0.084579|             0.182770|           0.032612|         0.299961
452  |*i_0_0_381       |            0.263164|             0.539523|           0.032612|         0.835299
453  |*i_0_0_382       |            0.126096|             0.387613|           0.032612|         0.546321
454  |*i_0_0_383       |            0.099119|             0.288467|           0.034026|         0.421612
455  |*i_0_0_384       |            0.103800|             0.113786|           0.032612|         0.250198
456  |*i_0_0_385       |            0.128085|             0.170356|           0.032612|         0.331053
457  |*i_0_0_386       |            0.131297|             0.485474|           0.017393|         0.634165
458  |*i_0_0_387       |            0.158747|             0.408993|           0.032612|         0.600352
459  |*i_0_0_388       |            0.080463|             0.308335|           0.021200|         0.409997
460  |*i_0_0_389       |            0.117432|             9.702040|           0.014353|         9.833825
461  |*i_0_0_390       |            0.086881|             0.234704|           0.032612|         0.354197
462  |*i_0_0_391       |            0.072454|             0.181180|           0.034026|         0.287660
463  |*i_0_0_392       |            0.063430|             0.160713|           0.032612|         0.256755
464  |*i_0_0_393       |            0.123072|             1.072770|           0.034026|         1.229868
465  |*i_0_0_394       |            0.104412|             0.113787|           0.032612|         0.250810
466  |*i_0_0_395       |            0.127559|             0.170356|           0.032612|         0.330527
467  |*i_0_0_396       |            0.129494|             1.675740|           0.017393|         1.822628
468  |*i_0_0_397       |            0.265319|             1.936751|           0.034026|         2.236096
469  |*i_0_0_398       |            0.100517|             0.561066|           0.014353|         0.675937
470  |*i_0_0_399       |            0.125135|             0.359217|           0.032612|         0.516964
471  |*i_0_0_400       |            0.079940|             0.205811|           0.034026|         0.319777
472  |*i_0_0_401       |            0.167193|             0.366482|           0.032612|         0.566286
473  |*i_0_0_402       |            0.098693|             0.281299|           0.034026|         0.414018
474  |*i_0_0_403       |            0.154499|             0.198540|           0.032612|         0.385651
475  |*i_0_0_404       |            0.052687|             0.065417|           0.032612|         0.150717
476  |*i_0_0_405       |            0.116784|             1.677647|           0.017393|         1.811824
477  |*i_0_0_406       |            0.273701|             1.951496|           0.034026|         2.259223
478  |*i_0_0_407       |            0.101283|             0.565338|           0.014353|         0.680973
479  |*i_0_0_408       |            0.129335|             0.363019|           0.032612|         0.524966
480  |*i_0_0_409       |            0.080081|             0.196312|           0.034026|         0.310420
481  |*i_0_0_410       |            0.079688|             0.192369|           0.032612|         0.304669
482  |*i_0_0_411       |            0.109892|             0.261541|           0.034026|         0.405459
483  |*i_0_0_412       |            0.154499|             0.198540|           0.032612|         0.385651
484  |*i_0_0_413       |            0.052420|             0.065417|           0.032612|         0.150449
485  |*i_0_0_414       |            0.116784|             1.677647|           0.017393|         1.811824
486  |*i_0_0_415       |            0.266457|             0.586720|           0.034026|         0.887203
487  |*i_0_0_416       |            0.123436|             0.482739|           0.021200|         0.627374
488  |*i_0_0_417       |            0.127337|             0.364881|           0.032612|         0.524831
489  |*i_0_0_418       |            0.097936|             0.240024|           0.034026|         0.371986
490  |*i_0_0_419       |            0.095878|             0.230474|           0.032612|         0.358964
491  |*i_0_0_420       |            0.090131|             0.201457|           0.034026|         0.325614
492  |*i_0_0_421       |            0.160655|             0.198540|           0.032612|         0.391807
493  |*i_0_0_422       |            0.052420|             0.065417|           0.032612|         0.150449
494  |*i_0_0_423       |            0.116784|             1.677647|           0.017393|         1.811824
495  |*i_0_0_424       |            0.273525|             1.949295|           0.034026|         2.256846
496  |*i_0_0_425       |            0.101170|             0.550797|           0.014353|         0.666321
497  |*i_0_0_426       |            0.129195|             0.363941|           0.032612|         0.525748
498  |*i_0_0_427       |            0.086330|             0.240602|           0.034026|         0.360958
499  |*i_0_0_428       |            0.084237|             0.222483|           0.032612|         0.339332
500  |*i_0_0_429       |            0.093065|             0.212723|           0.034026|         0.339814
501  |*i_0_0_430       |            0.154515|             0.198540|           0.032612|         0.385667
502  |*i_0_0_431       |            0.052719|             0.065417|           0.032612|         0.150749
503  |*i_0_0_432       |            0.116784|             1.677647|           0.017393|         1.811824
504  |*i_0_0_433       |            0.273525|             1.949295|           0.034026|         2.256846
505  |*i_0_0_434       |            0.101168|             0.564700|           0.014353|         0.680222
506  |*i_0_0_435       |            0.129208|             0.365322|           0.032612|         0.527141
507  |*i_0_0_436       |            0.100920|             0.259690|           0.034026|         0.394636
508  |*i_0_0_437       |            0.097534|             0.252533|           0.032612|         0.382679
509  |*i_0_0_438       |            0.087971|             0.353170|           0.034026|         0.475167
510  |*i_0_0_439       |            0.159156|             0.198540|           0.032612|         0.390308
511  |*i_0_0_440       |            0.052507|             0.065417|           0.032612|         0.150536
512  |*i_0_0_441       |            0.116784|             1.677647|           0.017393|         1.811824
513  |*i_0_0_442       |            0.273539|             1.949476|           0.034026|         2.257041
514  |*i_0_0_443       |            0.101178|             0.564752|           0.014353|         0.680283
515  |*i_0_0_444       |            0.129219|             0.365359|           0.032612|         0.527190
516  |*i_0_0_445       |            0.100959|             0.247405|           0.034026|         0.382390
517  |*i_0_0_446       |            0.101716|             0.246516|           0.032612|         0.380844
518  |*i_0_0_447       |            0.092857|             0.243193|           0.034026|         0.370076
519  |*i_0_0_448       |            0.154499|             0.198540|           0.032612|         0.385651
520  |*i_0_0_449       |            0.052687|             0.065417|           0.032612|         0.150717
521  |*i_0_0_450       |            0.116781|             1.675768|           0.017393|         1.809942
522  |*i_0_0_451       |            0.264757|             1.926478|           0.034026|         2.225261
523  |*i_0_0_452       |            0.100552|             0.547432|           0.014353|         0.662337
524  |*i_0_0_453       |            0.128143|             0.360789|           0.032612|         0.521544
525  |*i_0_0_454       |            0.112474|             0.281637|           0.034026|         0.428137
526  |*i_0_0_455       |            0.114297|             0.276472|           0.032612|         0.423381
527  |*i_0_0_456       |            0.103460|             0.387480|           0.034026|         0.524966
528  |*i_0_0_457       |            0.103844|             0.113786|           0.032612|         0.250242
529  |*i_0_0_458       |            0.128956|             0.170356|           0.032612|         0.331924
530  |*i_0_0_459       |            0.129494|             1.675375|           0.017393|         1.822262
531  |*i_0_0_460       |            0.173587|             1.485964|           0.032612|         1.692163
532  |*i_0_0_461       |            0.077123|             0.422871|           0.014353|         0.514346
533  |*i_0_0_462       |            0.131960|             0.313262|           0.032612|         0.477834
534  |*i_0_0_463       |            0.097408|             0.253214|           0.034026|         0.384649
535  |*i_0_0_464       |            0.097985|             0.250796|           0.032612|         0.381393
536  |*i_0_0_465       |            0.098752|             0.256151|           0.034026|         0.388929
537  |*i_0_0_466       |            0.083097|             2.786855|           0.014353|         2.884305
538  |*i_0_0_467       |            0.154515|             0.198540|           0.032612|         0.385667
539  |*i_0_0_468       |            0.052719|             0.065417|           0.032612|         0.150749
540  |*i_0_0_469       |            0.116784|             1.677647|           0.017393|         1.811824
541  |*i_0_0_470       |            0.273527|             1.949318|           0.034026|         2.256871
542  |*i_0_0_471       |            0.101171|             0.554730|           0.014353|         0.670254
543  |*i_0_0_472       |            0.205025|             0.449596|           0.032612|         0.687233
544  |*i_0_0_473       |            0.117416|             0.315370|           0.034026|         0.466812
545  |*i_0_0_474       |            0.115850|             0.301812|           0.032612|         0.450274
546  |*i_0_0_475       |            0.109790|             0.264566|           0.034026|         0.408382
547  |*i_0_0_476       |            0.103949|             0.113786|           0.032612|         0.250347
548  |*i_0_0_477       |            0.122602|             0.170356|           0.032612|         0.325570
549  |*i_0_0_478       |            0.129494|             1.675738|           0.017393|         1.822626
550  |*i_0_0_479       |            0.264837|             1.937192|           0.034026|         2.236055
551  |*i_0_0_480       |            0.100542|             0.551279|           0.014353|         0.666174
552  |*i_0_0_481       |            0.204898|             0.449661|           0.032612|         0.687171
553  |*i_0_0_482       |            0.117510|             0.300316|           0.034026|         0.451851
554  |*i_0_0_483       |            0.119138|             0.283580|           0.032612|         0.435329
555  |*i_0_0_484       |            0.109348|             0.427822|           0.034026|         0.571196
556  |*i_0_0_485       |            0.087430|             0.391280|           0.014353|         0.493064
557  |*i_0_0_486       |            0.102873|             0.066026|           0.032612|         0.201511
558  |*i_0_0_487       |            0.127908|             0.103187|           0.032612|         0.263708
559  |*i_0_0_488       |            0.248990|             0.395577|           0.025066|         0.669633
560  |*i_0_0_489       |            0.265233|             0.739747|           0.032612|         1.037593
561  |*i_0_0_490       |            0.216012|             0.509187|           0.032612|         0.757811
562  |*i_0_0_491       |            0.129822|             0.335467|           0.034026|         0.499315
563  |*i_0_0_492       |            0.136818|             0.327895|           0.032612|         0.497324
564  |*i_0_0_493       |            0.112639|             0.298736|           0.034026|         0.445401
565  |*i_0_0_494       |            0.087028|             0.243426|           0.014353|         0.344808
566  |*i_0_0_495       |            0.130405|             4.169106|           0.017393|         4.316905
567  |*i_0_0_496       |            0.153415|             0.115206|           0.032612|         0.301233
568  |*i_0_0_497       |            0.052402|             0.039624|           0.032612|         0.124639
569  |*i_0_0_498       |            0.247608|             0.655632|           0.025066|         0.928306
570  |*i_0_0_499       |            0.130984|             0.511548|           0.017393|         0.659926
571  |*i_0_0_500       |            0.140187|             0.351312|           0.034026|         0.525525
572  |*i_0_0_501       |            0.136021|             0.323381|           0.032612|         0.492014
573  |*i_0_0_502       |            0.105037|             0.279837|           0.034026|         0.418900
574  |*i_0_0_503       |            0.114605|             0.290579|           0.032612|         0.437796
575  |*i_0_0_504       |            0.116784|             0.445462|           0.034026|         0.596272
576  |*i_0_0_505       |            0.087475|             0.407427|           0.014353|         0.509255
577  |*i_0_0_506       |            0.153023|             0.115206|           0.032612|         0.300841
578  |*i_0_0_507       |            0.051976|             0.039624|           0.032612|         0.124213
579  |*i_0_0_508       |            0.243867|             0.401381|           0.025066|         0.670314
580  |*i_0_0_509       |            0.171193|             0.640879|           0.034026|         0.846098
581  |*i_0_0_510       |            0.157302|             0.375057|           0.032612|         0.564971
582  |*i_0_0_511       |            0.126652|             0.331184|           0.034026|         0.491863
583  |*i_0_0_512       |            0.130971|             0.331274|           0.032612|         0.494857
584  |*i_0_0_513       |            0.114697|             0.303466|           0.034026|         0.452189
585  |*i_0_0_514       |            0.087474|             0.407420|           0.014353|         0.509246
586  |*i_0_0_515       |            0.102977|             0.066026|           0.032612|         0.201615
587  |*i_0_0_516       |            0.128849|             0.103187|           0.032612|         0.264648
588  |*i_0_0_517       |            0.249233|             0.401374|           0.025066|         0.675673
589  |*i_0_0_518       |            0.171193|             0.640879|           0.034026|         0.846098
590  |*i_0_0_519       |            0.157309|             0.375079|           0.032612|         0.565000
591  |*i_0_0_520       |            0.126744|             0.325657|           0.034026|         0.486427
592  |*i_0_0_521       |            0.126563|             0.303941|           0.032612|         0.463116
593  |*i_0_0_522       |            0.120634|             0.297106|           0.034026|         0.451766
594  |*i_0_0_523       |            0.175237|             0.278462|           0.032612|         0.486311
595  |*i_0_0_524       |            0.075434|             0.060727|           0.032612|         0.168773
596  |*i_0_0_525       |            0.246913|             0.399532|           0.025066|         0.671511
597  |*i_0_0_526       |            0.087479|             0.409298|           0.014353|         0.511130
598  |*i_0_0_527       |            0.135313|             0.350972|           0.034026|         0.520311
599  |*i_0_0_528       |            0.135835|             0.324183|           0.032612|         0.492630
600  |*i_0_0_529       |            0.134024|             0.354685|           0.034026|         0.522736
601  |*i_0_0_530       |            0.140850|             0.339759|           0.032612|         0.513221
602  |*i_0_0_531       |            0.120007|             0.477225|           0.034026|         0.631259
603  |*i_0_0_532       |            0.075707|             0.100257|           0.032612|         0.208576
604  |*i_0_0_533       |            0.125672|             0.336225|           0.017393|         0.479291
605  |*i_0_0_534       |            0.186832|             1.532096|           0.025066|         1.743994
606  |*i_0_0_535       |            0.067517|             0.349751|           0.014353|         0.431621
607  |*i_0_0_536       |            0.057761|             0.727790|           0.021200|         0.806751
608  |*i_0_0_537       |            0.083792|             0.240059|           0.014353|         0.338204
609  |*i_0_0_538       |            0.095375|             0.142750|           0.027858|         0.265983
610  |*i_0_0_539       |            0.071011|             2.176909|           0.017393|         2.265314
611  |*i_0_0_540       |            0.103643|             0.295778|           0.022619|         0.422040
612  |*i_0_0_541       |            0.117268|             0.297165|           0.032612|         0.447045
613  |*i_0_0_542       |            0.118841|             0.292206|           0.034026|         0.445074
614  |*i_0_0_543       |            0.125148|             0.300079|           0.032612|         0.457839
615  |*i_0_0_544       |            0.120534|             0.309829|           0.034026|         0.464389
616  |*i_0_0_545       |            0.038155|             1.015505|           0.014353|         1.068014
617  |*i_0_0_546       |            0.087399|             0.161423|           0.014353|         0.263175
618  |*i_0_0_547       |            0.179101|             0.346302|           0.033938|         0.559340
619  |*i_0_0_548       |            0.155721|             0.373915|           0.032612|         0.562248
620  |*i_0_0_549       |            0.134707|             0.330816|           0.034026|         0.499549
621  |*i_0_0_550       |            0.138499|             0.335621|           0.032612|         0.506732
622  |*i_0_0_551       |            0.128176|             0.469165|           0.034026|         0.631367
623  |*i_0_0_552       |            0.087544|             0.145649|           0.014353|         0.247547
624  |*i_0_0_553       |            0.160195|             0.346946|           0.033938|         0.541079
625  |*i_0_0_554       |            0.155605|             0.375508|           0.032612|         0.563725
626  |*i_0_0_555       |            0.134773|             0.322931|           0.034026|         0.491730
627  |*i_0_0_556       |            0.123003|             0.306558|           0.032612|         0.462173
628  |*i_0_0_557       |            0.120066|             0.309328|           0.034026|         0.463420
629  |*i_0_0_558       |            0.087544|             0.145649|           0.014353|         0.247547
630  |*i_0_0_559       |            0.160598|             0.347703|           0.033938|         0.542239
631  |*i_0_0_560       |            0.163388|             0.396246|           0.032612|         0.592246
632  |*i_0_0_561       |            0.136994|             0.324911|           0.034026|         0.495932
633  |*i_0_0_562       |            0.135067|             0.327442|           0.032612|         0.495121
634  |*i_0_0_563       |            0.117510|             0.299686|           0.034026|         0.451222
635  |*i_0_0_564       |            0.087544|             0.145649|           0.014353|         0.247547
636  |*i_0_0_565       |            0.159787|             0.346489|           0.033938|         0.540214
637  |*i_0_0_566       |            0.130120|             0.309493|           0.032612|         0.472225
638  |*i_0_0_567       |            0.114555|             0.275513|           0.034026|         0.424095
639  |*i_0_0_568       |            0.118445|             0.298443|           0.032612|         0.449500
640  |*i_0_0_569       |            0.119167|             0.456154|           0.034026|         0.609347
641  |*i_0_0_570       |            0.087544|             0.145649|           0.014353|         0.247547
642  |*i_0_0_571       |            0.159787|             0.346489|           0.033938|         0.540214
643  |*i_0_0_572       |            0.126486|             0.313469|           0.032612|         0.472567
644  |*i_0_0_573       |            0.122599|             0.322174|           0.034026|         0.478799
645  |*i_0_0_574       |            0.126872|             0.322681|           0.032612|         0.482164
646  |*i_0_0_575       |            0.114862|             0.302252|           0.034026|         0.451140
647  |*i_0_0_576       |            0.087544|             0.145649|           0.014353|         0.247547
648  |*i_0_0_577       |            0.159819|             0.346526|           0.033938|         0.540283
649  |*i_0_0_578       |            0.126480|             0.321554|           0.032612|         0.480646
650  |*i_0_0_579       |            0.124041|             0.322424|           0.034026|         0.480492
651  |*i_0_0_580       |            0.113801|             0.298644|           0.032612|         0.445057
652  |*i_0_0_581       |            0.116763|             0.451852|           0.034026|         0.602641
653  |*i_0_0_582       |            0.087400|             0.161426|           0.014353|         0.263180
654  |*i_0_0_583       |            0.179176|             0.344964|           0.033938|         0.558078
655  |*i_0_0_584       |            0.130192|             0.310761|           0.032612|         0.473565
656  |*i_0_0_585       |            0.126993|             0.310923|           0.034026|         0.471943
657  |*i_0_0_586       |            0.129869|             0.315926|           0.032612|         0.478407
658  |*i_0_0_587       |            0.114626|             0.300764|           0.034026|         0.449417
659  |*i_0_0_588       |            0.087400|             0.161426|           0.014353|         0.263180
660  |*i_0_0_589       |            0.087543|             0.145647|           0.014353|         0.247543
661  |*i_0_0_590       |            0.159822|             0.346743|           0.033938|         0.540503
662  |*i_0_0_591       |            0.134645|             0.345083|           0.032612|         0.512340
663  |*i_0_0_592       |            0.118782|             0.289904|           0.034026|         0.442712
664  |*i_0_0_593       |            0.123697|             0.306534|           0.032612|         0.462843
665  |*i_0_0_594       |            0.119595|             0.293103|           0.034026|         0.446724
666  |*i_0_0_595       |            0.087400|             0.161426|           0.014353|         0.263180
667  |*i_0_0_596       |            0.087551|             0.145660|           0.014353|         0.247565
668  |*i_0_0_597       |            0.179166|             0.345397|           0.033938|         0.558500
669  |*i_0_0_598       |            0.291446|             0.599924|           0.034026|         0.925396
670  |*i_0_0_599       |            0.289455|             0.629539|           0.032612|         0.951606
671  |*i_0_0_600       |            0.182733|             0.518201|           0.032612|         0.733546
672  |*i_0_0_601       |            0.155116|             0.640403|           0.034026|         0.829545
673  |*i_0_0_602       |            0.087412|             0.161447|           0.014353|         0.263213
674  |*i_0_0_603       |            0.087543|             0.145647|           0.014353|         0.247543
675  |*i_0_0_604       |            0.159770|             0.338316|           0.033938|         0.532024
676  |*i_0_0_605       |            0.147319|             0.352969|           0.032612|         0.532899
677  |*i_0_0_606       |            0.117686|             0.315063|           0.034026|         0.466775
678  |*i_0_0_607       |            0.117512|             0.304744|           0.032612|         0.454868
679  |*i_0_0_608       |            0.149853|             0.394248|           0.034026|         0.578127
680  |*i_0_0_609       |            0.178997|             0.346704|           0.033938|         0.559638
681  |*i_0_0_610       |            0.298491|             0.600658|           0.034026|         0.933176
682  |*i_0_0_611       |            0.163249|             0.434624|           0.034026|         0.631899
683  |*i_0_0_612       |            0.206540|             0.525976|           0.032612|         0.765128
684  |*i_0_0_613       |            0.155590|             0.639246|           0.034026|         0.828862
685  |*i_0_0_614       |            0.152709|             0.355478|           0.027858|         0.536045
686  |*i_0_0_615       |            0.134652|             0.337372|           0.034026|         0.506051
687  |*i_0_0_616       |            0.137306|             0.331856|           0.032612|         0.501774
688  |*i_0_0_617       |            0.119028|             0.298790|           0.034026|         0.451845
689  |*i_0_0_618       |            0.125478|             0.308517|           0.032612|         0.466606
690  |*i_0_0_619       |            0.151481|             0.398089|           0.034026|         0.583596
691  |*i_0_0_620       |            0.164802|             0.338306|           0.033938|         0.537046
692  |*i_0_0_621       |            0.147178|             0.352574|           0.032612|         0.532364
693  |*i_0_0_622       |            0.185430|             0.449963|           0.034026|         0.669419
694  |*i_0_0_623       |            0.172636|             0.435881|           0.032612|         0.641129
695  |*i_0_0_624       |            0.137551|             0.359952|           0.034026|         0.531529
696  |*i_0_0_625       |            0.164802|             0.338306|           0.033938|         0.537046
697  |*i_0_0_626       |            0.147190|             0.353948|           0.032612|         0.533751
698  |*i_0_0_627       |            0.127381|             0.329091|           0.034026|         0.490498
699  |*i_0_0_628       |            0.121792|             0.316239|           0.032612|         0.470643
700  |*i_0_0_629       |            0.139306|             0.542531|           0.034026|         0.715863
701  |*i_0_0_630       |            0.164774|             0.335057|           0.033938|         0.533768
702  |*i_0_0_631       |            0.147240|             0.352640|           0.032612|         0.532492
703  |*i_0_0_632       |            0.185539|             0.448487|           0.034026|         0.668052
704  |*i_0_0_633       |            0.179559|             0.433220|           0.032612|         0.645391
705  |*i_0_0_634       |            0.139484|             0.374460|           0.034026|         0.547970
706  |*i_0_0_635       |            0.177882|             2.240398|           0.021200|         2.439480
707  |*i_0_0_636       |            0.117257|             3.954965|           0.014353|         4.086575
708  |*i_0_0_637       |            0.029044|             0.110854|           0.021200|         0.161098
709  |*i_0_0_638       |            0.255636|             0.605865|           0.034026|         0.895528
710  |*i_0_0_639       |            0.169081|             0.446996|           0.034026|         0.650104
711  |*i_0_0_640       |            0.173850|             0.403156|           0.032612|         0.609618
712  |*i_0_0_641       |            0.160281|             0.600348|           0.034026|         0.794655
713  |*i_0_0_642       |            0.049549|             0.197903|           0.021200|         0.268652
714  |*i_0_0_643       |            0.266262|             0.627000|           0.034026|         0.927288
715  |*i_0_0_644       |            0.208545|             0.480823|           0.034026|         0.723394
716  |*i_0_0_645       |            0.199527|             0.456583|           0.032612|         0.688721
717  |*i_0_0_646       |            0.158558|             0.413369|           0.034026|         0.605954
718  |*i_0_0_647       |            0.050146|             0.200420|           0.021200|         0.271766
719  |*i_0_0_648       |            0.266386|             0.627801|           0.034026|         0.928214
720  |*i_0_0_649       |            0.208642|             0.492972|           0.034026|         0.735640
721  |*i_0_0_650       |            0.182282|             0.467631|           0.032612|         0.682525
722  |*i_0_0_651       |            0.177908|             0.424842|           0.034026|         0.636777
723  |*i_0_0_652       |            0.051596|             0.167427|           0.021200|         0.240222
724  |*i_0_0_653       |            0.266526|             0.627874|           0.034026|         0.928426
725  |*i_0_0_654       |            0.208637|             0.481012|           0.034026|         0.723675
726  |*i_0_0_655       |            0.196949|             0.473131|           0.032612|         0.702692
727  |*i_0_0_656       |            0.174312|             0.672133|           0.034026|         0.880471
728  |*i_0_0_657       |            0.050069|             0.195736|           0.021200|         0.267004
729  |*i_0_0_658       |            0.263098|             0.623071|           0.034026|         0.920196
730  |*i_0_0_659       |            0.233026|             0.540246|           0.034026|         0.807298
731  |*i_0_0_660       |            0.221371|             0.519836|           0.032612|         0.773819
732  |*i_0_0_661       |            0.194438|             0.471357|           0.034026|         0.699821
733  |*i_0_0_662       |            0.050070|             0.197361|           0.021200|         0.268631
734  |*i_0_0_663       |            0.266257|             0.609645|           0.034026|         0.909928
735  |*i_0_0_664       |            0.295367|             0.647571|           0.032612|         0.975550
736  |*i_0_0_665       |            0.269184|             0.596684|           0.032612|         0.898481
737  |*i_0_0_666       |            0.209851|             0.804992|           0.034026|         1.048869
738  |*i_0_0_667       |            0.050076|             0.197386|           0.021200|         0.268662
739  |*i_0_0_668       |            0.266351|             0.627737|           0.034026|         0.928114
740  |*i_0_0_669       |            0.238228|             0.580327|           0.034026|         0.852581
741  |*i_0_0_670       |            0.219619|             0.554549|           0.032612|         0.806780
742  |*i_0_0_671       |            0.222016|             0.539877|           0.034026|         0.795920
743  |*i_0_0_672       |            0.232113|             0.315323|           0.022619|         0.570055
744  |*i_0_0_673       |            0.236164|             0.624475|           0.022619|         0.883259
745  |*i_0_0_674       |            0.237665|             0.582969|           0.034026|         0.854660
746  |*i_0_0_675       |            0.301892|             0.667505|           0.034026|         1.003424
747  |*i_0_0_676       |            0.237772|             0.586394|           0.034026|         0.858192
748  |*i_0_0_677       |            0.031521|             0.061649|           0.021200|         0.114370
749  |*i_0_0_678       |            0.167342|             1.865964|           0.017393|         2.050699
750  |*i_0_0_679       |            0.308377|             0.588899|           0.034026|         0.931303
751  |*i_0_0_680       |            0.247847|             0.570969|           0.034026|         0.852842
752  |*i_0_0_681       |            0.244015|             0.557883|           0.032612|         0.834511
753  |*i_0_0_682       |            0.242423|             0.891586|           0.034026|         1.168035
754  |*i_0_0_683       |            0.049685|             0.099405|           0.021200|         0.170290
755  |*i_0_0_684       |            0.309578|             0.608929|           0.034026|         0.952533
756  |*i_0_0_685       |            0.256876|             0.572073|           0.034026|         0.862975
757  |*i_0_0_686       |            0.241360|             0.569575|           0.032612|         0.843548
758  |*i_0_0_687       |            0.220850|             0.531718|           0.034026|         0.786594
759  |*i_0_0_688       |            0.049188|             0.098359|           0.021200|         0.168746
760  |*i_0_0_689       |            0.309577|             0.608842|           0.034026|         0.952445
761  |*i_0_0_690       |            0.256949|             0.586773|           0.034026|         0.877749
762  |*i_0_0_691       |            0.226448|             0.572062|           0.032612|         0.831122
763  |*i_0_0_692       |            0.223477|             0.806739|           0.034026|         1.064243
764  |*i_0_0_693       |            0.139783|             0.163544|           0.021200|         0.324526
765  |*i_0_0_694       |            0.300170|             0.253948|           0.041741|         0.595860
766  |*i_0_0_695       |            0.297831|             0.652932|           0.032612|         0.983375
767  |*i_0_0_696       |            0.241155|             0.612825|           0.032612|         0.886591
768  |*i_0_0_697       |            0.223311|             0.561127|           0.034026|         0.818464
769  |*i_0_0_698       |            0.047694|             0.083393|           0.014353|         0.145440
770  |*i_0_0_699       |            0.282970|             0.329140|           0.033938|         0.646047
771  |*i_0_0_700       |            0.200447|             0.215048|           0.022039|         0.437534
772  |*i_0_0_701       |            0.200497|             0.470511|           0.022619|         0.693627
773  |*i_0_0_702       |            0.228950|             0.568863|           0.032612|         0.830425
774  |*i_0_0_703       |            0.226406|             0.539809|           0.034026|         0.800241
775  |*i_0_0_704       |            0.237119|             0.309277|           0.022619|         0.569016
776  |*i_0_0_705       |            0.245753|             0.329510|           0.027858|         0.603121
777  |*i_0_0_706       |            0.240413|             0.296072|           0.034026|         0.570511
778  |*i_0_0_707       |            0.289742|             0.665374|           0.034026|         0.989142
779  |*i_0_0_708       |            0.266676|             0.913599|           0.034026|         1.214301
780  |*i_0_0_709       |            0.237119|             0.309279|           0.022619|         0.569018
781  |*i_0_0_710       |            0.245753|             0.329510|           0.027858|         0.603121
782  |*i_0_0_711       |            0.239992|             0.184410|           0.034026|         0.458428
783  |*i_0_0_712       |            0.264205|             0.245180|           0.033938|         0.543323
784  |*i_0_0_713       |            0.219459|             0.614853|           0.022619|         0.856931
785  |*write_en_reg    |            1.044387|             0.090835|           0.079112|         1.214334
786  |*c_reg[63]       |            0.740215|             0.190868|           0.079112|         1.010196
787  |*c_reg[62]       |            0.761499|             0.455570|           0.079112|         1.296182
788  |*c_reg[61]       |            0.764391|             0.690486|           0.079112|         1.533989
789  |*c_reg[60]       |            0.748249|             0.425750|           0.079112|         1.253111
790  |*c_reg[59]       |            0.762566|             0.456209|           0.079112|         1.297887
791  |*c_reg[58]       |            0.763463|             0.689648|           0.079112|         1.532223
792  |*c_reg[57]       |            0.748151|             0.417099|           0.079112|         1.244363
793  |*c_reg[56]       |            0.763677|             0.700287|           0.079112|         1.543077
794  |*c_reg[55]       |            0.748249|             0.425750|           0.079112|         1.253111
795  |*c_reg[54]       |            0.764396|             0.457303|           0.079112|         1.300811
796  |*c_reg[53]       |            0.767236|             0.693056|           0.079112|         1.539405
797  |*c_reg[52]       |            0.748151|             0.417099|           0.079112|         1.244363
798  |*c_reg[51]       |            0.765294|             0.701769|           0.079112|         1.546175
799  |*c_reg[50]       |            0.748249|             0.425749|           0.079112|         1.253111
800  |*c_reg[49]       |            0.763460|             0.456743|           0.079112|         1.299316
801  |*c_reg[48]       |            0.765257|             0.691269|           0.079112|         1.535638
802  |*c_reg[47]       |            0.748151|             0.417099|           0.079112|         1.244362
803  |*c_reg[46]       |            0.763569|             0.700187|           0.079112|         1.542869
804  |*c_reg[45]       |            0.748249|             0.425749|           0.079112|         1.253110
805  |*c_reg[44]       |            0.762976|             0.456454|           0.079112|         1.298543
806  |*c_reg[43]       |            0.765644|             0.691618|           0.079112|         1.536374
807  |*c_reg[42]       |            0.748151|             0.417099|           0.079112|         1.244362
808  |*c_reg[41]       |            0.767075|             0.703402|           0.079112|         1.549589
809  |*c_reg[40]       |            0.748249|             0.425749|           0.079112|         1.253110
810  |*c_reg[39]       |            0.760736|             0.455114|           0.079112|         1.294963
811  |*c_reg[38]       |            0.762892|             0.689133|           0.079112|         1.531137
812  |*c_reg[37]       |            0.748150|             0.417099|           0.079112|         1.244361
813  |*c_reg[36]       |            0.762760|             0.699446|           0.079112|         1.541318
814  |*c_reg[35]       |            0.748248|             0.425749|           0.079112|         1.253109
815  |*c_reg[34]       |            0.761035|             0.455292|           0.079112|         1.295439
816  |*c_reg[33]       |            0.763169|             0.689383|           0.079112|         1.531664
817  |*c_reg[32]       |            0.748150|             0.417098|           0.079112|         1.244360
818  |*c_reg[31]       |            0.763295|             0.699936|           0.079112|         1.542343
819  |*c_reg[30]       |            0.748247|             0.425748|           0.079112|         1.253107
820  |*c_reg[29]       |            0.760967|             0.455252|           0.079112|         1.295331
821  |*c_reg[28]       |            0.762999|             0.689229|           0.079112|         1.531340
822  |*c_reg[27]       |            0.748148|             0.417097|           0.079112|         1.244358
823  |*c_reg[26]       |            0.762693|             0.699384|           0.079112|         1.541189
824  |*c_reg[25]       |            0.748247|             0.425748|           0.079112|         1.253107
825  |*c_reg[24]       |            0.759627|             0.454450|           0.079112|         1.293190
826  |*c_reg[23]       |            0.761947|             0.688279|           0.079112|         1.529338
827  |*c_reg[22]       |            0.748149|             0.417098|           0.079112|         1.244359
828  |*c_reg[21]       |            0.760944|             0.697780|           0.079112|         1.537837
829  |*c_reg[20]       |            0.748246|             0.425748|           0.079112|         1.253106
830  |*c_reg[19]       |            0.748247|             0.425748|           0.079112|         1.253107
831  |*c_reg[18]       |            0.748248|             0.425749|           0.079112|         1.253109
832  |*c_reg[17]       |            0.748150|             0.417098|           0.079112|         1.244360
833  |*c_reg[16]       |            0.765148|             1.867481|           0.079112|         2.711741
834  |*c_reg[15]       |            0.761457|             0.455545|           0.079112|         1.296114
835  |*c_reg[14]       |            0.748249|             0.425750|           0.079112|         1.253111
836  |*c_reg[13]       |            0.748249|             0.425750|           0.079112|         1.253111
837  |*c_reg[12]       |            0.748249|             0.425750|           0.079112|         1.253111
838  |*c_reg[11]       |            0.748249|             0.425750|           0.079112|         1.253111
839  |*c_reg[10]       |            0.748249|             0.425750|           0.079112|         1.253111
840  |*c_reg[9]        |            0.748249|             0.425750|           0.079112|         1.253111
841  |*c_reg[8]        |            0.748249|             0.425750|           0.079112|         1.253111
842  |*c_reg[7]        |            0.748249|             0.425750|           0.079112|         1.253111
843  |*c_reg[6]        |            0.748249|             0.425750|           0.079112|         1.253111
844  |*c_reg[5]        |            0.748249|             0.425750|           0.079112|         1.253111
845  |*c_reg[4]        |            0.748249|             0.425750|           0.079112|         1.253111
846  |*c_reg[3]        |            0.748249|             0.425750|           0.079112|         1.253111
847  |*c_reg[2]        |            0.748151|             0.417099|           0.079112|         1.244363
848  |*c_reg[1]        |            0.754328|             1.843819|           0.079112|         2.677259
849  |*c_reg[0]        |            0.753545|             1.373582|           0.079112|         2.206239
850  |*shift_reg[5]    |            0.619175|             2.607028|           0.079112|         3.305316
851  |*shift_reg[4]    |            0.802916|             6.460453|           0.079112|         7.342481
852  |*shift_reg[3]    |            1.059540|             8.330754|           0.079112|         9.469406
853  |*shift_reg[2]    |            1.063654|            19.959280|           0.079112|        21.102045
854  |*shift_reg[1]    |            1.053861|            21.856689|           0.079112|        22.989662
855  |*shift_reg[0]    |            1.053940|            22.460779|           0.079112|        23.593832
856  |*i_reg[5]        |            0.619071|             1.817522|           0.079112|         2.515706
857  |*i_reg[4]        |            0.802387|             2.434086|           0.079112|         3.315585
858  |*i_reg[3]        |            1.041185|             1.781582|           0.079112|         2.901880
859  |*i_reg[2]        |            1.061532|             3.814505|           0.079112|         4.955150
860  |*i_reg[1]        |            1.051509|             3.965845|           0.079112|         5.096467
861  |*i_reg[0]        |            1.051511|             3.978528|           0.079112|         5.109151
862  |*clk_gate_i_reg  |            0.567898|             0.000000|           0.059138|         0.627036
863  |                 |                    |                     |                   |                 
864  |*TOTAL           |          360.230530|           893.660522|          51.753719|      1305.644775
-----+-----------------+--------------------+---------------------+-------------------+-----------------
