warning: No library characterized for (process = 1.00 voltage = 0.85 temperature = 25.00) can be found in the database for power domain '/PD_TOP'  [NL-174]
Report Power (instances with prefix '*' are included in total) : 
-----+---------------+--------------------+---------------------+-------------------+-----------------
     | Instance      | Internal Power(uw) | Switching Power(uw) | Leakage Power(uw) | Total Power(uw) 
-----+---------------+--------------------+---------------------+-------------------+-----------------
1    |*r             |           68.842659|            86.552612|           5.122325|       160.517578
2    |*ADD           |          109.117950|           259.292694|          14.096836|       382.507477
3    |*r2            |           68.286407|            66.705978|           5.077541|       140.069916
4    |*sum_reg[63]   |            0.594460|             0.171325|           0.079112|         0.844897
5    |*sum_reg[62]   |            0.814705|             0.637843|           0.079112|         1.531661
6    |*sum_reg[61]   |            0.616281|             0.449106|           0.079112|         1.144499
7    |*sum_reg[60]   |            0.626637|             0.552693|           0.079112|         1.258443
8    |*sum_reg[59]   |            0.606808|             0.457515|           0.079112|         1.143435
9    |*sum_reg[58]   |            0.603819|             1.452543|           0.079112|         2.135475
10   |*sum_reg[57]   |            0.620989|             1.295598|           0.079112|         1.995698
11   |*sum_reg[56]   |            0.713747|             0.639290|           0.079112|         1.432149
12   |*sum_reg[55]   |            0.692892|             1.445613|           0.079112|         2.217618
13   |*sum_reg[54]   |            0.698367|             0.740041|           0.079112|         1.517520
14   |*sum_reg[53]   |            0.700432|             0.510430|           0.079112|         1.289974
15   |*sum_reg[52]   |            0.735009|             0.643242|           0.079112|         1.457363
16   |*sum_reg[51]   |            0.697678|             0.824839|           0.079112|         1.601630
17   |*sum_reg[50]   |            0.619578|             0.486020|           0.079112|         1.184710
18   |*sum_reg[49]   |            0.575821|             0.503929|           0.079112|         1.158863
19   |*sum_reg[48]   |            0.540252|             0.472801|           0.079112|         1.092165
20   |*sum_reg[47]   |            0.521718|             0.483027|           0.079112|         1.083857
21   |*sum_reg[46]   |            0.661097|             0.683545|           0.079112|         1.423754
22   |*sum_reg[45]   |            0.745505|             0.562089|           0.079112|         1.386706
23   |*sum_reg[44]   |            0.772062|             0.713980|           0.079112|         1.565154
24   |*sum_reg[43]   |            0.752262|             1.809635|           0.079112|         2.641009
25   |*sum_reg[42]   |            0.770427|             0.569921|           0.079112|         1.419461
26   |*sum_reg[41]   |            0.779619|             0.682283|           0.079112|         1.541014
27   |*sum_reg[40]   |            0.796400|             0.823442|           0.079112|         1.698954
28   |*sum_reg[39]   |            0.698675|             0.526781|           0.079112|         1.304568
29   |*sum_reg[38]   |            0.602459|             0.622916|           0.079112|         1.304487
30   |*sum_reg[37]   |            0.555640|             0.651659|           0.079112|         1.286412
31   |*sum_reg[36]   |            0.522135|             0.624466|           0.079112|         1.225713
32   |*sum_reg[35]   |            0.509222|             0.445645|           0.079112|         1.033980
33   |*sum_reg[34]   |            0.487517|             0.360640|           0.079112|         0.927269
34   |*sum_reg[33]   |            0.467307|             0.408963|           0.079112|         0.955383
35   |*sum_reg[32]   |            0.449420|             0.327509|           0.079112|         0.856041
36   |*sum_reg[31]   |            0.477987|             0.418310|           0.079112|         0.975410
37   |*sum_reg[30]   |            0.462018|             0.336689|           0.079112|         0.877819
38   |*sum_reg[29]   |            0.456148|             0.399197|           0.079112|         0.934458
39   |*sum_reg[28]   |            0.443601|             0.328153|           0.079112|         0.850867
40   |*sum_reg[27]   |            0.455734|             0.398835|           0.079112|         0.933681
41   |*sum_reg[26]   |            0.436763|             0.265181|           0.079112|         0.781057
42   |*sum_reg[25]   |            0.429846|             0.324091|           0.079112|         0.833049
43   |*sum_reg[24]   |            0.417347|             0.431518|           0.079112|         0.927977
44   |*sum_reg[23]   |            0.400907|             0.422401|           0.079112|         0.902421
45   |*sum_reg[22]   |            0.382307|             0.344334|           0.079112|         0.805753
46   |*sum_reg[21]   |            0.372359|             0.271352|           0.079112|         0.722824
47   |*sum_reg[20]   |            0.358135|             0.317352|           0.079112|         0.754599
48   |*sum_reg[19]   |            0.353803|             0.257829|           0.079112|         0.690744
49   |*sum_reg[18]   |            0.734390|             0.642700|           0.079112|         1.456202
50   |*sum_reg[17]   |            0.706449|             0.514815|           0.079112|         1.300376
51   |*sum_reg[16]   |            0.299530|             0.262134|           0.079112|         0.640776
52   |*sum_reg[15]   |            0.277420|             0.242784|           0.079112|         0.599317
53   |*sum_reg[14]   |            0.260784|             0.228225|           0.079112|         0.568122
54   |*sum_reg[13]   |            0.244305|             0.213804|           0.079112|         0.537221
55   |*sum_reg[12]   |            0.236287|             0.172191|           0.079112|         0.487590
56   |*sum_reg[11]   |            0.229127|             0.543616|           0.079112|         0.851856
57   |*sum_reg[10]   |            0.210829|             0.184507|           0.079112|         0.474447
58   |*sum_reg[9]    |            0.196967|             0.205704|           0.079112|         0.481784
59   |*sum_reg[8]    |            0.177741|             0.136504|           0.079112|         0.393357
60   |*sum_reg[7]    |            0.160735|             0.118903|           0.079112|         0.358751
61   |*sum_reg[6]    |            0.137537|             0.085441|           0.079112|         0.302090
62   |*sum_reg[5]    |            0.118950|             0.086683|           0.079112|         0.284745
63   |*sum_reg[4]    |            0.099980|             0.060703|           0.079112|         0.239795
64   |*sum_reg[3]    |            0.083036|             0.173242|           0.079112|         0.335391
65   |*sum_reg[2]    |            0.472530|             0.418419|           0.079112|         0.970062
66   |*sum_reg[1]    |            0.047548|             0.034650|           0.079112|         0.161310
67   |*sum_reg[0]    |            0.013886|             0.007728|           0.079112|         0.100727
68   |*i_0_2         |            9.244162|            13.423216|           1.822795|        24.490173
69   |*i_0_3         |            9.254924|            13.139953|           1.822795|        24.217672
70   |*i_0_0_0       |            0.235231|            56.824509|           0.014353|        57.074093
71   |*i_0_0_1       |            0.133962|             0.047806|           0.025066|         0.206835
72   |*i_0_0_2       |            0.162782|             0.057933|           0.025066|         0.245782
73   |*i_0_0_3       |            0.161586|             0.057513|           0.025066|         0.244165
74   |*i_0_0_4       |            0.202931|             0.072054|           0.025066|         0.300051
75   |*i_0_0_5       |            0.210209|             0.074621|           0.025066|         0.309896
76   |*i_0_0_6       |            0.214206|             0.076032|           0.025066|         0.315304
77   |*i_0_0_7       |            0.216444|             0.076823|           0.025066|         0.318333
78   |*i_0_0_8       |            0.217758|             0.077287|           0.025066|         0.320111
79   |*i_0_0_9       |            0.218506|             0.077552|           0.025066|         0.321125
80   |*i_0_0_10      |            0.218979|             0.077719|           0.025066|         0.321764
81   |*i_0_0_11      |            0.178763|             0.063549|           0.025066|         0.267378
82   |*i_0_0_12      |            0.167312|             0.059525|           0.025066|         0.251903
83   |*i_0_0_13      |            0.221338|             0.078554|           0.025066|         0.324957
84   |*i_0_0_14      |            0.220655|             0.078312|           0.025066|         0.324033
85   |*i_0_0_15      |            0.220345|             0.078203|           0.025066|         0.323614
86   |*i_0_0_16      |            0.218629|             0.077595|           0.025066|         0.321290
87   |*i_0_0_17      |            0.219352|             0.077851|           0.025066|         0.322270
88   |*i_0_0_18      |            0.194665|             0.069143|           0.025066|         0.288873
89   |*i_0_0_19      |            0.226242|             0.080291|           0.025066|         0.331599
90   |*i_0_0_20      |            0.222807|             0.079074|           0.025066|         0.326947
91   |*i_0_0_21      |            0.218452|             0.077533|           0.025066|         0.321050
92   |*i_0_0_22      |            0.219445|             0.077884|           0.025066|         0.322395
93   |*i_0_0_23      |            0.219999|             0.078080|           0.025066|         0.323146
94   |*i_0_0_24      |            0.231667|             0.082215|           0.025066|         0.338948
95   |*i_0_0_25      |            0.227018|             0.080566|           0.025066|         0.332649
96   |*i_0_0_26      |            0.224410|             0.079641|           0.025066|         0.329117
97   |*i_0_0_27      |            0.222949|             0.079124|           0.025066|         0.327139
98   |*i_0_0_28      |            0.219989|             0.078077|           0.025066|         0.323132
99   |*i_0_0_29      |            0.220403|             0.078223|           0.025066|         0.323692
100  |*i_0_0_30      |            0.220776|             0.078355|           0.025066|         0.324196
101  |*i_0_0_31      |            0.225774|             0.080125|           0.025066|         0.330965
102  |*i_0_0_32      |            0.223858|             0.079446|           0.025066|         0.328371
103  |*i_0_0_33      |            0.185061|             0.065764|           0.025066|         0.275890
104  |*i_0_0_34      |            0.222041|             0.078802|           0.025066|         0.325909
105  |*i_0_0_35      |            0.220381|             0.078215|           0.025066|         0.323662
106  |*i_0_0_36      |            0.220981|             0.078428|           0.025066|         0.324474
107  |*i_0_0_37      |            0.221311|             0.078544|           0.025066|         0.324921
108  |*i_0_0_38      |            0.226114|             0.080245|           0.025066|         0.331425
109  |*i_0_0_39      |            0.224530|             0.079684|           0.025066|         0.329280
110  |*i_0_0_40      |            0.224234|             0.079579|           0.025066|         0.328879
111  |*i_0_0_41      |            0.203842|             0.072375|           0.025066|         0.301283
112  |*i_0_0_42      |            0.222598|             0.079000|           0.025066|         0.326664
113  |*i_0_0_43      |            0.223064|             0.079165|           0.025066|         0.327295
114  |*i_0_0_44      |            0.223148|             0.079195|           0.025066|         0.327408
115  |*i_0_0_45      |            0.230981|             0.081972|           0.025066|         0.338019
116  |*i_0_0_46      |            0.227803|             0.080844|           0.025066|         0.333714
117  |*i_0_0_47      |            0.225474|             0.080018|           0.025066|         0.330559
118  |*i_0_0_48      |            0.223417|             0.079290|           0.025066|         0.327773
119  |*i_0_0_49      |            0.222758|             0.079056|           0.025066|         0.326881
120  |*i_0_0_50      |            0.222581|             0.078994|           0.025066|         0.326641
121  |*i_0_0_51      |            0.222692|             0.079033|           0.025066|         0.326791
122  |*i_0_0_52      |            0.234090|             0.083076|           0.025066|         0.342232
123  |*i_0_0_53      |            0.229639|             0.081495|           0.025066|         0.336201
124  |*i_0_0_54      |            0.226664|             0.080440|           0.025066|         0.332171
125  |*i_0_0_55      |            0.225091|             0.079883|           0.025066|         0.330041
126  |*i_0_0_56      |            0.221879|             0.078745|           0.025066|         0.325691
127  |*i_0_0_57      |            0.222608|             0.079003|           0.025066|         0.326678
128  |*i_0_0_58      |            0.225618|             0.080070|           0.025066|         0.330754
129  |*i_0_0_59      |            0.233026|             0.082698|           0.025066|         0.340790
130  |*i_0_0_60      |            0.228415|             0.081061|           0.025066|         0.334543
131  |*i_0_0_61      |            0.185768|             0.066012|           0.025066|         0.276847
132  |*i_0_0_62      |            0.223836|             0.079438|           0.025066|         0.328340
133  |*i_0_0_63      |            0.187867|             0.067199|           0.025066|         0.280132
134  |*i_0_0_64      |            0.128714|             0.046229|           0.025066|         0.200009
135  |*i_0_0_65      |            0.276437|             1.890492|           0.034026|         2.200955
136  |*i_0_0_66      |            0.178004|             0.104807|           0.014353|         0.297165
137  |*i_0_0_67      |            0.494740|             1.320838|           0.014353|         1.829932
138  |*i_0_0_68      |            0.277675|             0.111971|           0.032612|         0.422258
139  |*i_0_0_69      |            0.536295|             0.958850|           0.017393|         1.512538
140  |*i_0_0_70      |            0.216791|             0.308517|           0.022619|         0.547927
141  |*i_0_0_71      |            0.128372|             1.728753|           0.017393|         1.874519
142  |*i_0_0_72      |            0.090142|             0.729362|           0.014353|         0.833858
143  |*i_0_0_73      |            0.216664|             0.110122|           0.022619|         0.349405
144  |*i_0_0_74      |            0.077445|             1.013732|           0.017393|         1.108570
145  |*i_0_0_75      |            0.208028|             0.241297|           0.022039|         0.471364
146  |*i_0_0_76      |            0.536254|             0.951967|           0.017393|         1.505614
147  |*i_0_0_77      |            0.167153|             0.107439|           0.017393|         0.291985
148  |*i_0_0_78      |            0.536295|             0.958850|           0.017393|         1.512538
149  |*i_0_0_79      |            0.052775|             0.147618|           0.014353|         0.214747
150  |*i_0_0_80      |            0.118014|             1.587118|           0.017393|         1.722525
151  |*i_0_0_81      |            0.256526|             0.324082|           0.034026|         0.614634
152  |*i_0_0_82      |            0.231374|             0.109539|           0.022619|         0.363532
153  |*i_0_0_83      |            0.115778|             2.540520|           0.014353|         2.670650
154  |*i_0_0_84      |            0.126680|             1.703838|           0.017393|         1.847911
155  |*i_0_0_85      |            0.116839|             1.523775|           0.014353|         1.654967
156  |*i_0_0_86      |            0.037997|             0.085007|           0.032601|         0.155605
157  |*i_0_0_87      |            0.012541|             0.005869|           0.017393|         0.035803
158  |*i_0_0_88      |            0.116971|             0.949616|           0.014353|         1.080940
159  |*i_0_0_89      |            0.082641|             1.610553|           0.014353|         1.707547
160  |*i_0_0_90      |            0.088412|             1.699569|           0.014353|         1.802334
161  |*i_0_0_91      |            0.188652|             0.225101|           0.032612|         0.446365
162  |*i_0_0_92      |            0.272705|             0.325445|           0.034026|         0.632177
163  |*i_0_0_93      |            0.226175|             2.256931|           0.022619|         2.505725
164  |*i_0_0_94      |            0.117184|             0.216435|           0.014353|         0.347972
165  |*i_0_0_95      |            0.117398|             3.032209|           0.014353|         3.163961
166  |*i_0_0_96      |            0.117016|             0.826710|           0.014353|         0.958079
167  |*i_0_0_97      |            0.141241|             0.089965|           0.026481|         0.257687
168  |*i_0_0_98      |            0.287219|             0.174383|           0.041741|         0.503343
169  |*i_0_0_99      |            0.268401|             0.265201|           0.033938|         0.567540
170  |*i_0_0_100     |            0.120612|             0.691579|           0.021200|         0.833390
171  |*i_0_0_101     |            0.053205|             0.051333|           0.018105|         0.122644
172  |*i_0_0_102     |            0.197591|             0.225101|           0.032612|         0.455304
173  |*i_0_0_103     |            0.272705|             0.325445|           0.034026|         0.632177
174  |*i_0_0_104     |            0.226180|             1.920641|           0.022619|         2.169441
175  |*i_0_0_105     |            0.147033|             0.216435|           0.014353|         0.377822
176  |*i_0_0_106     |            0.141481|             0.089965|           0.026481|         0.257928
177  |*i_0_0_107     |            0.306032|             0.174442|           0.041741|         0.522215
178  |*i_0_0_108     |            0.340187|             2.184095|           0.033938|         2.558220
179  |*i_0_0_109     |            0.232909|             0.665265|           0.022619|         0.920793
180  |*i_0_0_110     |            0.163261|             0.159866|           0.033938|         0.357064
181  |*i_0_0_111     |            0.148018|             0.150314|           0.033938|         0.332270
182  |*i_0_0_112     |            0.223908|             0.313206|           0.022619|         0.559734
183  |*i_0_0_113     |            0.209197|             0.300730|           0.022619|         0.532547
184  |*i_0_0_114     |            0.250113|             0.350632|           0.022039|         0.622785
185  |*i_0_0_115     |            0.165861|             0.941601|           0.033938|         1.141400
186  |*i_0_0_116     |            0.057796|             0.179399|           0.014353|         0.251548
187  |*i_0_0_117     |            0.251606|             0.233726|           0.024415|         0.509747
188  |*i_0_0_118     |            0.298337|             0.290832|           0.041741|         0.630910
189  |*i_0_0_119     |            0.272898|             0.338963|           0.034026|         0.645887
190  |*i_0_0_120     |            0.140882|             0.178204|           0.021200|         0.340286
191  |*i_0_0_121     |            0.350426|             0.655132|           0.041741|         1.047299
192  |*i_0_0_122     |            0.240477|             0.321109|           0.027858|         0.589444
193  |*i_0_0_123     |            0.147626|             0.137801|           0.033938|         0.319365
194  |*i_0_0_124     |            0.184031|             0.327218|           0.017393|         0.528642
195  |*i_0_0_125     |            0.230920|             2.259905|           0.022619|         2.513445
196  |*i_0_0_126     |            0.286843|             0.490661|           0.034026|         0.811530
197  |*i_0_0_127     |            0.294751|             0.273596|           0.024415|         0.592762
198  |*i_0_0_128     |            0.141175|             0.089965|           0.026481|         0.257621
199  |*i_0_0_129     |            0.289175|             0.274194|           0.041741|         0.605110
200  |*i_0_0_130     |            0.310867|             0.328462|           0.032612|         0.671941
201  |*i_0_0_131     |            0.228616|             0.314943|           0.022619|         0.566178
202  |*i_0_0_132     |            0.268398|             0.502171|           0.032612|         0.803181
203  |*i_0_0_133     |            0.246028|             0.616076|           0.022695|         0.884800
204  |*i_0_0_134     |            0.134588|             0.631632|           0.017393|         0.783614
205  |*i_0_0_135     |            0.167564|             2.243248|           0.017393|         2.428206
206  |*i_0_0_136     |            0.116072|             0.299385|           0.014353|         0.429810
207  |*i_0_0_137     |            0.141368|             2.552791|           0.017393|         2.711552
208  |*i_0_0_138     |            0.208349|             2.738203|           0.021200|         2.967751
209  |*i_0_0_139     |            0.116637|             8.815644|           0.014353|         8.946634
210  |*i_0_0_140     |            0.117709|            12.353474|           0.014353|        12.485536
211  |*i_0_0_141     |            0.133825|             1.450589|           0.017393|         1.601807
212  |*i_0_0_142     |            0.161043|             0.945422|           0.022695|         1.129160
213  |*i_0_0_143     |            0.040851|             0.195530|           0.021200|         0.257580
214  |*i_0_0_144     |            0.037761|             0.254737|           0.025066|         0.317564
215  |*i_0_0_145     |            0.013648|             0.059992|           0.014353|         0.087993
216  |*i_0_0_146     |            0.002767|             0.001572|           0.026832|         0.031170
217  |*i_0_0_147     |            0.149589|             0.143821|           0.033938|         0.327348
218  |*i_0_0_148     |            0.188454|             0.230544|           0.032612|         0.451610
219  |*i_0_0_149     |            0.153440|             0.217637|           0.022619|         0.393696
220  |*i_0_0_150     |            0.213349|             0.204975|           0.027858|         0.446183
221  |*i_0_0_151     |            0.117927|             0.197423|           0.014353|         0.329703
222  |*i_0_0_152     |            0.288167|             0.260781|           0.041741|         0.590690
223  |*i_0_0_153     |            0.117122|             0.335550|           0.014353|         0.467025
224  |*i_0_0_154     |            0.228259|             2.263137|           0.027858|         2.519254
225  |*i_0_0_155     |            0.117889|             0.841220|           0.014353|         0.973462
226  |*i_0_0_156     |            0.279575|             7.942519|           0.026481|         8.248575
227  |*i_0_0_157     |            0.144175|             8.430764|           0.021200|         8.596139
228  |*i_0_0_158     |            0.213687|             0.240507|           0.032612|         0.486806
229  |*i_0_0_159     |            0.068891|             4.078515|           0.021200|         4.168605
230  |*i_0_0_160     |            0.087717|             4.768290|           0.021200|         4.877206
231  |*i_0_0_161     |            0.094077|             0.131350|           0.022619|         0.248047
232  |*i_0_0_162     |            0.149672|             2.670946|           0.017393|         2.838011
233  |*i_0_0_163     |            0.108037|             0.799764|           0.014353|         0.922154
234  |*i_0_0_164     |            0.116979|             0.888377|           0.014353|         1.019709
235  |*i_0_0_165     |            0.016904|             0.005523|           0.041741|         0.064168
236  |*i_0_0_166     |            0.118729|             0.674105|           0.014353|         0.807187
237  |*i_0_0_167     |            0.116623|             1.506927|           0.021200|         1.644750
238  |*i_0_0_168     |            0.158840|             0.218183|           0.027858|         0.404881
239  |*i_0_0_169     |            0.216342|             0.246376|           0.032612|         0.495330
240  |*i_0_0_170     |            0.114408|             0.135932|           0.032612|         0.282952
241  |*i_0_0_171     |            0.152112|             2.700910|           0.017393|         2.870415
242  |*i_0_0_172     |            0.096529|             0.512254|           0.014353|         0.623136
243  |*i_0_0_173     |            0.116568|            18.771252|           0.014353|        18.902174
244  |*i_0_0_174     |            0.051512|             0.383652|           0.021200|         0.456363
245  |*i_0_0_175     |            0.047896|             0.109011|           0.032612|         0.189519
246  |*i_0_0_176     |            0.106943|             0.049263|           0.027858|         0.184064
247  |*i_0_0_177     |            0.214145|             0.240507|           0.032612|         0.487264
248  |*i_0_0_178     |            0.117015|             0.140589|           0.032612|         0.290215
249  |*i_0_0_179     |            0.151614|             2.652496|           0.017393|         2.821503
250  |*i_0_0_180     |            0.051429|             0.120519|           0.032612|         0.204560
251  |*i_0_0_181     |            0.079135|            12.973872|           0.014353|        13.067360
252  |*i_0_0_182     |            0.171104|            15.621926|           0.017393|        15.810423
253  |*i_0_0_183     |            0.022066|             0.009493|           0.034026|         0.065585
254  |*i_0_0_184     |            0.214145|             0.240507|           0.032612|         0.487264
255  |*i_0_0_185     |            0.114645|             0.135932|           0.032612|         0.283188
256  |*i_0_0_186     |            0.149781|             2.061671|           0.017393|         2.228844
257  |*i_0_0_187     |            0.108419|             0.913757|           0.014353|         1.036529
258  |*i_0_0_188     |            0.121224|             1.312588|           0.017393|         1.451206
259  |*i_0_0_189     |            0.151106|             1.166389|           0.022695|         1.340189
260  |*i_0_0_190     |            0.082855|             0.195495|           0.034026|         0.312377
261  |*i_0_0_191     |            0.063983|             0.157130|           0.032612|         0.253726
262  |*i_0_0_192     |            0.026424|             0.011046|           0.034026|         0.071496
263  |*i_0_0_193     |            0.213687|             0.240507|           0.032612|         0.486806
264  |*i_0_0_194     |            0.114645|             0.135932|           0.032612|         0.283188
265  |*i_0_0_195     |            0.149802|             2.076575|           0.017393|         2.243770
266  |*i_0_0_196     |            0.108419|             0.916086|           0.014353|         1.038858
267  |*i_0_0_197     |            0.092758|             0.217825|           0.034026|         0.344608
268  |*i_0_0_198     |            0.065955|             0.164019|           0.032612|         0.262586
269  |*i_0_0_199     |            0.031349|             0.013356|           0.034026|         0.078731
270  |*i_0_0_200     |            0.109683|             0.615496|           0.014353|         0.739533
271  |*i_0_0_201     |            0.214216|             0.240998|           0.032612|         0.487827
272  |*i_0_0_202     |            0.114408|             0.135932|           0.032612|         0.282952
273  |*i_0_0_203     |            0.149903|             2.063638|           0.017393|         2.230934
274  |*i_0_0_204     |            0.108522|             0.919291|           0.014353|         1.042166
275  |*i_0_0_205     |            0.095545|             0.215750|           0.034026|         0.345321
276  |*i_0_0_206     |            0.082858|             0.206600|           0.032612|         0.322069
277  |*i_0_0_207     |            0.035430|             0.015318|           0.034026|         0.084775
278  |*i_0_0_208     |            0.214145|             0.240507|           0.032612|         0.487264
279  |*i_0_0_209     |            0.114789|             0.136316|           0.032612|         0.283716
280  |*i_0_0_210     |            0.149885|             2.077331|           0.017393|         2.244609
281  |*i_0_0_211     |            0.108458|             0.916419|           0.014353|         1.039231
282  |*i_0_0_212     |            0.108933|             0.611286|           0.014353|         0.734572
283  |*i_0_0_213     |            0.093668|             0.208809|           0.034026|         0.336503
284  |*i_0_0_214     |            0.083203|             0.215380|           0.032612|         0.331196
285  |*i_0_0_215     |            0.041850|             0.017731|           0.034026|         0.093607
286  |*i_0_0_216     |            0.213687|             0.240507|           0.032612|         0.486806
287  |*i_0_0_217     |            0.114645|             0.135932|           0.032612|         0.283188
288  |*i_0_0_218     |            0.150219|             2.365993|           0.017393|         2.533605
289  |*i_0_0_219     |            0.134697|             0.807073|           0.021200|         0.962969
290  |*i_0_0_220     |            0.115742|            11.331097|           0.014353|        11.461192
291  |*i_0_0_221     |            0.126241|             2.785788|           0.021200|         2.933228
292  |*i_0_0_222     |            0.148097|             0.360411|           0.032612|         0.541120
293  |*i_0_0_223     |            0.114153|             0.288085|           0.034026|         0.436265
294  |*i_0_0_224     |            0.097717|             0.249814|           0.032612|         0.380144
295  |*i_0_0_225     |            0.045716|             0.019514|           0.034026|         0.099256
296  |*i_0_0_226     |            0.214046|             0.240570|           0.032612|         0.487227
297  |*i_0_0_227     |            0.114408|             0.135932|           0.032612|         0.282952
298  |*i_0_0_228     |            0.150213|             2.351374|           0.017393|         2.518980
299  |*i_0_0_229     |            0.166408|             0.385895|           0.032612|         0.584915
300  |*i_0_0_230     |            0.119391|             0.303019|           0.034026|         0.456436
301  |*i_0_0_231     |            0.099242|             0.254838|           0.032612|         0.386692
302  |*i_0_0_232     |            0.050999|             0.021471|           0.034026|         0.106497
303  |*i_0_0_233     |            0.214982|             0.240507|           0.032612|         0.488101
304  |*i_0_0_234     |            0.114614|             0.135980|           0.032612|         0.283207
305  |*i_0_0_235     |            0.150208|             2.351197|           0.017393|         2.518798
306  |*i_0_0_236     |            0.245659|             0.586471|           0.032612|         0.864742
307  |*i_0_0_237     |            0.119654|             0.290679|           0.034026|         0.444359
308  |*i_0_0_238     |            0.118465|             0.291287|           0.032612|         0.442365
309  |*i_0_0_239     |            0.053630|             0.023153|           0.034026|         0.110809
310  |*i_0_0_240     |            0.213406|             0.240507|           0.032612|         0.486525
311  |*i_0_0_241     |            0.115045|             0.135932|           0.032612|         0.283589
312  |*i_0_0_242     |            0.150219|             2.365993|           0.017393|         2.533605
313  |*i_0_0_243     |            0.236648|             0.584498|           0.032612|         0.853758
314  |*i_0_0_244     |            0.119187|             0.289542|           0.034026|         0.442755
315  |*i_0_0_245     |            0.122634|             0.296847|           0.032612|         0.452093
316  |*i_0_0_246     |            0.060214|             0.025229|           0.034026|         0.119469
317  |*i_0_0_247     |            0.213687|             0.240507|           0.032612|         0.486806
318  |*i_0_0_248     |            0.114275|             0.135932|           0.032612|         0.282819
319  |*i_0_0_249     |            0.150219|             2.365993|           0.017393|         2.533605
320  |*i_0_0_250     |            0.235832|             0.585515|           0.032612|         0.853959
321  |*i_0_0_251     |            0.128560|             0.324760|           0.034026|         0.487345
322  |*i_0_0_252     |            0.128276|             0.304470|           0.032612|         0.465358
323  |*i_0_0_253     |            0.059441|             0.025850|           0.034026|         0.119317
324  |*i_0_0_254     |            0.214525|             0.240507|           0.032612|         0.487644
325  |*i_0_0_255     |            0.114408|             0.135932|           0.032612|         0.282952
326  |*i_0_0_256     |            0.150197|             2.351089|           0.017393|         2.518679
327  |*i_0_0_257     |            0.244901|             0.587787|           0.032612|         0.865300
328  |*i_0_0_258     |            0.137039|             0.338170|           0.034026|         0.509235
329  |*i_0_0_259     |            0.123655|             0.306710|           0.032612|         0.462977
330  |*i_0_0_260     |            0.062962|             0.026314|           0.034026|         0.123302
331  |*i_0_0_261     |            0.213406|             0.240507|           0.032612|         0.486525
332  |*i_0_0_262     |            0.114828|             0.135932|           0.032612|         0.283372
333  |*i_0_0_263     |            0.150219|             2.365993|           0.017393|         2.533605
334  |*i_0_0_264     |            0.164417|             0.388044|           0.032612|         0.585073
335  |*i_0_0_265     |            0.145447|             0.359988|           0.034026|         0.539461
336  |*i_0_0_266     |            0.134005|             0.332503|           0.032612|         0.499120
337  |*i_0_0_267     |            0.063794|             0.027515|           0.034026|         0.125335
338  |*i_0_0_268     |            0.213687|             0.240507|           0.032612|         0.486806
339  |*i_0_0_269     |            0.114275|             0.135932|           0.032612|         0.282819
340  |*i_0_0_270     |            0.150197|             2.351089|           0.017393|         2.518679
341  |*i_0_0_271     |            0.244926|             0.587886|           0.032612|         0.865424
342  |*i_0_0_272     |            0.153111|             1.183012|           0.034026|         1.370150
343  |*i_0_0_273     |            0.130925|             0.334353|           0.032612|         0.497890
344  |*i_0_0_274     |            0.069391|             0.028879|           0.034026|         0.132296
345  |*i_0_0_275     |            0.214021|             0.240508|           0.032612|         0.487141
346  |*i_0_0_276     |            0.114408|             0.135932|           0.032612|         0.282952
347  |*i_0_0_277     |            0.149795|             2.071871|           0.017393|         2.239059
348  |*i_0_0_278     |            0.108458|             0.599774|           0.014353|         0.722586
349  |*i_0_0_279     |            0.293929|             0.657660|           0.032612|         0.984201
350  |*i_0_0_280     |            0.214017|             0.565908|           0.032612|         0.812537
351  |*i_0_0_281     |            0.173988|             0.443220|           0.034026|         0.651234
352  |*i_0_0_282     |            0.165123|             0.390562|           0.032612|         0.588297
353  |*i_0_0_283     |            0.075213|             0.031619|           0.034026|         0.140859
354  |*i_0_0_284     |            0.214145|             0.240507|           0.032612|         0.487264
355  |*i_0_0_285     |            0.114589|             0.135932|           0.032612|         0.283133
356  |*i_0_0_286     |            0.150157|             1.964710|           0.017393|         2.132260
357  |*i_0_0_287     |            0.108456|             0.614015|           0.014353|         0.736824
358  |*i_0_0_288     |            0.233319|             0.581129|           0.034026|         0.848474
359  |*i_0_0_289     |            0.193610|             0.498723|           0.032612|         0.724945
360  |*i_0_0_290     |            0.165168|             1.398770|           0.034026|         1.597965
361  |*i_0_0_291     |            0.073014|             0.203926|           0.014353|         0.291293
362  |*i_0_0_292     |            0.061729|             0.163939|           0.014353|         0.240021
363  |*i_0_0_293     |            0.285428|             0.277956|           0.032612|         0.595996
364  |*i_0_0_294     |            0.094982|             0.362376|           0.017393|         0.474752
365  |*i_0_0_295     |            0.175436|             0.074750|           0.032612|         0.282798
366  |*i_0_0_296     |            0.213687|             0.240507|           0.032612|         0.486806
367  |*i_0_0_297     |            0.114645|             0.135932|           0.032612|         0.283188
368  |*i_0_0_298     |            0.150157|             1.964709|           0.017393|         2.132260
369  |*i_0_0_299     |            0.108456|             0.614014|           0.014353|         0.736824
370  |*i_0_0_300     |            0.236185|             0.571434|           0.034026|         0.841645
371  |*i_0_0_301     |            0.194569|             0.501947|           0.032612|         0.729129
372  |*i_0_0_302     |            0.167927|             0.409933|           0.034026|         0.611886
373  |*i_0_0_303     |            0.177916|             0.414736|           0.032612|         0.625265
374  |*i_0_0_304     |            0.191610|             0.077594|           0.032612|         0.301815
375  |*i_0_0_305     |            0.213406|             0.240507|           0.032612|         0.486525
376  |*i_0_0_306     |            0.114408|             0.135932|           0.032612|         0.282952
377  |*i_0_0_307     |            0.150157|             1.964709|           0.017393|         2.132260
378  |*i_0_0_308     |            0.108456|             0.616343|           0.014353|         0.739152
379  |*i_0_0_309     |            0.234507|             0.569314|           0.034026|         0.837847
380  |*i_0_0_310     |            0.194120|             0.498650|           0.032612|         0.725382
381  |*i_0_0_311     |            0.160130|             0.404113|           0.034026|         0.598270
382  |*i_0_0_312     |            0.165505|             0.399202|           0.032612|         0.597319
383  |*i_0_0_313     |            0.090477|             0.036981|           0.034026|         0.161484
384  |*i_0_0_314     |            0.214525|             0.240507|           0.032612|         0.487644
385  |*i_0_0_315     |            0.114275|             0.135932|           0.032612|         0.282819
386  |*i_0_0_316     |            0.150157|             1.964709|           0.017393|         2.132260
387  |*i_0_0_317     |            0.108457|             0.610942|           0.014353|         0.733751
388  |*i_0_0_318     |            0.233964|             0.568015|           0.034026|         0.836005
389  |*i_0_0_319     |            0.193841|             0.499605|           0.032612|         0.726058
390  |*i_0_0_320     |            0.194316|             0.488275|           0.034026|         0.716618
391  |*i_0_0_321     |            0.181944|             0.438173|           0.032612|         0.652729
392  |*i_0_0_322     |            0.087619|             0.037164|           0.034026|         0.158809
393  |*i_0_0_323     |            0.211549|             0.139558|           0.032612|         0.383719
394  |*i_0_0_324     |            0.114188|             0.082336|           0.032612|         0.229136
395  |*i_0_0_325     |            0.306476|             0.602989|           0.025066|         0.934531
396  |*i_0_0_326     |            0.233604|             0.568015|           0.034026|         0.835645
397  |*i_0_0_327     |            0.193804|             0.499465|           0.032612|         0.725882
398  |*i_0_0_328     |            0.177925|             0.460056|           0.034026|         0.672007
399  |*i_0_0_329     |            0.170827|             0.420335|           0.032612|         0.623775
400  |*i_0_0_330     |            0.094274|             0.038505|           0.034026|         0.166805
401  |*i_0_0_331     |            0.212943|             0.139558|           0.032612|         0.385113
402  |*i_0_0_332     |            0.113358|             0.082336|           0.032612|         0.228306
403  |*i_0_0_333     |            0.306476|             0.602989|           0.025066|         0.934531
404  |*i_0_0_334     |            0.233786|             0.568298|           0.034026|         0.836110
405  |*i_0_0_335     |            0.193867|             0.499669|           0.032612|         0.726148
406  |*i_0_0_336     |            0.178674|             0.461477|           0.034026|         0.674178
407  |*i_0_0_337     |            0.193210|             0.461023|           0.032612|         0.686845
408  |*i_0_0_338     |            0.095485|             0.039441|           0.034026|         0.168952
409  |*i_0_0_339     |            0.211926|             0.139558|           0.032612|         0.384096
410  |*i_0_0_340     |            0.113994|             0.082336|           0.032612|         0.228942
411  |*i_0_0_341     |            0.306476|             0.602989|           0.025066|         0.934531
412  |*i_0_0_342     |            0.233773|             0.586354|           0.034026|         0.854153
413  |*i_0_0_343     |            0.193870|             0.501438|           0.032612|         0.727920
414  |*i_0_0_344     |            0.182204|             0.438311|           0.034026|         0.654540
415  |*i_0_0_345     |            0.174602|             0.442746|           0.032612|         0.649960
416  |*i_0_0_346     |            0.100986|             0.041085|           0.034026|         0.176097
417  |*i_0_0_347     |            0.214525|             0.240507|           0.032612|         0.487644
418  |*i_0_0_348     |            0.114408|             0.135932|           0.032612|         0.282952
419  |*i_0_0_349     |            0.149794|             2.070651|           0.017393|         2.237838
420  |*i_0_0_350     |            0.108458|             0.600224|           0.014353|         0.723035
421  |*i_0_0_351     |            0.107884|             0.304074|           0.014353|         0.426312
422  |*i_0_0_352     |            0.234207|             0.589935|           0.034026|         0.858169
423  |*i_0_0_353     |            0.285621|             0.666537|           0.034026|         0.986184
424  |*i_0_0_354     |            0.222745|             0.558447|           0.034026|         0.815217
425  |*i_0_0_355     |            0.208816|             0.505408|           0.032612|         0.746836
426  |*i_0_0_356     |            0.103959|             0.043440|           0.034026|         0.181424
427  |*i_0_0_357     |            0.107891|             0.301782|           0.014353|         0.424026
428  |*i_0_0_358     |            0.213406|             0.240507|           0.032612|         0.486525
429  |*i_0_0_359     |            0.114828|             0.135932|           0.032612|         0.283372
430  |*i_0_0_360     |            0.150069|             2.262155|           0.017393|         2.429617
431  |*i_0_0_361     |            0.107884|             0.304074|           0.014353|         0.426312
432  |*i_0_0_362     |            0.234243|             0.567759|           0.034026|         0.836028
433  |*i_0_0_363     |            0.233024|             0.558500|           0.032612|         0.824136
434  |*i_0_0_364     |            0.189192|             0.481711|           0.034026|         0.704929
435  |*i_0_0_365     |            0.188043|             0.458480|           0.032612|         0.679135
436  |*i_0_0_366     |            0.110555|             0.044474|           0.034026|         0.189055
437  |*i_0_0_367     |            0.107883|             0.301760|           0.014353|         0.423996
438  |*i_0_0_368     |            0.213687|             0.240507|           0.032612|         0.486806
439  |*i_0_0_369     |            0.114275|             0.135932|           0.032612|         0.282819
440  |*i_0_0_370     |            0.150069|             2.262155|           0.017393|         2.429617
441  |*i_0_0_371     |            0.107884|             0.304074|           0.014353|         0.426312
442  |*i_0_0_372     |            0.234321|             0.581951|           0.034026|         0.850298
443  |*i_0_0_373     |            0.225886|             0.558357|           0.032612|         0.816855
444  |*i_0_0_374     |            0.189678|             0.483084|           0.034026|         0.706787
445  |*i_0_0_375     |            0.229306|             0.531187|           0.032612|         0.793104
446  |*i_0_0_376     |            0.110037|             0.045305|           0.034026|         0.189368
447  |*i_0_0_377     |            0.214021|             0.240507|           0.032612|         0.487140
448  |*i_0_0_378     |            0.114408|             0.135932|           0.032612|         0.282952
449  |*i_0_0_379     |            0.150063|             2.257589|           0.017393|         2.425045
450  |*i_0_0_380     |            0.108388|             0.492717|           0.014353|         0.615458
451  |*i_0_0_381     |            0.107884|             0.304074|           0.014353|         0.426312
452  |*i_0_0_382     |            0.234194|             0.581937|           0.034026|         0.850157
453  |*i_0_0_383     |            0.225275|             0.559440|           0.032612|         0.817326
454  |*i_0_0_384     |            0.189464|             0.482457|           0.034026|         0.705947
455  |*i_0_0_385     |            0.197844|             0.474235|           0.032612|         0.704691
456  |*i_0_0_386     |            0.118113|             0.047216|           0.034026|         0.199355
457  |*i_0_0_387     |            0.107878|             0.301746|           0.014353|         0.423977
458  |*i_0_0_388     |            0.211926|             0.139558|           0.032612|         0.384096
459  |*i_0_0_389     |            0.113839|             0.082336|           0.032612|         0.228787
460  |*i_0_0_390     |            0.312471|             1.217126|           0.025066|         1.554663
461  |*i_0_0_391     |            0.232922|             0.488372|           0.034026|         0.755320
462  |*i_0_0_392     |            0.224786|             0.558979|           0.032612|         0.816377
463  |*i_0_0_393     |            0.246220|             0.588758|           0.034026|         0.869005
464  |*i_0_0_394     |            0.214368|             0.522355|           0.032612|         0.769335
465  |*i_0_0_395     |            0.109624|             0.045765|           0.034026|         0.189415
466  |*i_0_0_396     |            0.211549|             0.139558|           0.032612|         0.383719
467  |*i_0_0_397     |            0.113535|             0.082336|           0.032612|         0.228483
468  |*i_0_0_398     |            0.312464|             1.207299|           0.025066|         1.544829
469  |*i_0_0_399     |            0.107884|             0.304074|           0.014353|         0.426312
470  |*i_0_0_400     |            0.233507|             0.581937|           0.034026|         0.849471
471  |*i_0_0_401     |            0.224854|             0.556017|           0.032612|         0.813483
472  |*i_0_0_402     |            0.203271|             0.506465|           0.034026|         0.743762
473  |*i_0_0_403     |            0.200833|             0.486531|           0.032612|         0.719975
474  |*i_0_0_404     |            0.116900|             0.046942|           0.034026|         0.197867
475  |*i_0_0_405     |            0.136895|             0.104680|           0.032612|         0.274188
476  |*i_0_0_406     |            0.177331|             0.130488|           0.032612|         0.340431
477  |*i_0_0_407     |            0.313992|             0.882659|           0.025066|         1.221717
478  |*i_0_0_408     |            0.107884|             0.304074|           0.014353|         0.426312
479  |*i_0_0_409     |            0.233702|             0.581937|           0.034026|         0.849666
480  |*i_0_0_410     |            0.224966|             0.561072|           0.032612|         0.818650
481  |*i_0_0_411     |            0.208341|             0.523766|           0.034026|         0.766133
482  |*i_0_0_412     |            0.232719|             0.541749|           0.032612|         0.807080
483  |*i_0_0_413     |            0.116530|             0.047599|           0.034026|         0.198155
484  |*i_0_0_414     |            0.220321|             1.511628|           0.032612|         1.764560
485  |*i_0_0_415     |            0.120379|             0.346156|           0.014353|         0.480889
486  |*i_0_0_416     |            0.354142|             2.894007|           0.041741|         3.289890
487  |*i_0_0_417     |            0.107884|             0.304074|           0.014353|         0.426312
488  |*i_0_0_418     |            0.233484|             0.584879|           0.034026|         0.852389
489  |*i_0_0_419     |            0.230181|             0.558873|           0.032612|         0.821666
490  |*i_0_0_420     |            0.203569|             0.506980|           0.034026|         0.744575
491  |*i_0_0_421     |            0.208318|             0.499687|           0.032612|         0.740617
492  |*i_0_0_422     |            0.122933|             0.049105|           0.034026|         0.206065
493  |*i_0_0_423     |            0.359759|             3.240105|           0.041741|         3.641605
494  |*i_0_0_424     |            0.099087|             1.712214|           0.021200|         1.832500
495  |*i_0_0_425     |            0.068514|             1.488018|           0.014353|         1.570885
496  |*i_0_0_426     |            0.062001|             0.747862|           0.021200|         0.831063
497  |*i_0_0_427     |            0.040784|             0.110052|           0.014353|         0.165190
498  |*i_0_0_428     |            0.127640|             2.189462|           0.017393|         2.334495
499  |*i_0_0_429     |            0.127264|             0.183434|           0.022619|         0.333317
500  |*i_0_0_430     |            0.185144|             0.557570|           0.027858|         0.770573
501  |*i_0_0_431     |            0.205851|             0.526578|           0.034026|         0.766455
502  |*i_0_0_432     |            0.219717|             0.501150|           0.032612|         0.753478
503  |*i_0_0_433     |            0.115851|             0.046919|           0.034026|         0.196796
504  |*i_0_0_434     |            0.174549|             1.307859|           0.017393|         1.499801
505  |*i_0_0_435     |            0.098941|             0.191323|           0.021200|         0.311464
506  |*i_0_0_436     |            0.247870|             0.646896|           0.034026|         0.928792
507  |*i_0_0_437     |            0.241598|             0.581826|           0.034026|         0.857451
508  |*i_0_0_438     |            0.217966|             0.536362|           0.032612|         0.786940
509  |*i_0_0_439     |            0.117365|             0.048945|           0.034026|         0.200337
510  |*i_0_0_440     |            0.098941|             0.191323|           0.021200|         0.311463
511  |*i_0_0_441     |            0.247869|             0.646894|           0.034026|         0.928789
512  |*i_0_0_442     |            0.231297|             0.604643|           0.034026|         0.869966
513  |*i_0_0_443     |            0.223135|             0.535555|           0.032612|         0.791302
514  |*i_0_0_444     |            0.125659|             0.050519|           0.034026|         0.210204
515  |*i_0_0_445     |            0.098941|             0.191323|           0.021200|         0.311464
516  |*i_0_0_446     |            0.247841|             0.646864|           0.034026|         0.928732
517  |*i_0_0_447     |            0.231258|             0.594114|           0.034026|         0.859398
518  |*i_0_0_448     |            0.246080|             0.575174|           0.032612|         0.853866
519  |*i_0_0_449     |            0.127850|             0.052802|           0.034026|         0.214678
520  |*i_0_0_450     |            0.088671|             0.660361|           0.014353|         0.763386
521  |*i_0_0_451     |            0.276845|             0.559196|           0.041741|         0.877782
522  |*i_0_0_452     |            0.216111|             0.532589|           0.034026|         0.782726
523  |*i_0_0_453     |            0.244482|             0.547275|           0.032612|         0.824369
524  |*i_0_0_454     |            0.137282|             0.054543|           0.034026|         0.225852
525  |*i_0_0_455     |            0.199032|             0.580469|           0.022619|         0.802120
526  |*i_0_0_456     |            0.270006|             0.638853|           0.034026|         0.942885
527  |*i_0_0_457     |            0.282588|             0.669092|           0.032612|         0.984292
528  |*i_0_0_458     |            0.256158|             0.628593|           0.032612|         0.917362
529  |*i_0_0_459     |            0.143604|             0.058075|           0.034026|         0.235705
530  |*i_0_0_460     |            0.199032|             0.580469|           0.022619|         0.802120
531  |*i_0_0_461     |            0.270006|             0.638853|           0.034026|         0.942885
532  |*i_0_0_462     |            0.282613|             0.672874|           0.032612|         0.988099
533  |*i_0_0_463     |            0.258517|             0.603170|           0.032612|         0.894299
534  |*i_0_0_464     |            0.159416|             0.062311|           0.034026|         0.255752
535  |*i_0_0_465     |            0.199032|             0.580469|           0.022619|         0.802120
536  |*i_0_0_466     |            0.290734|             0.638853|           0.034026|         0.963613
537  |*i_0_0_467     |            0.282624|             0.674684|           0.032612|         0.989920
538  |*i_0_0_468     |            0.270929|             0.662932|           0.034026|         0.967887
539  |*i_0_0_469     |            0.190148|             0.072715|           0.034026|         0.296890
540  |*i_0_0_470     |            0.168019|             0.236921|           0.022619|         0.427559
541  |*i_0_0_471     |            0.121724|             2.965918|           0.017393|         3.105035
542  |*i_0_0_472     |            0.082839|             0.888787|           0.014353|         0.985979
543  |*i_0_0_473     |            0.196597|             0.568266|           0.027858|         0.792721
544  |*i_0_0_474     |            0.237720|             0.543679|           0.034026|         0.815425
545  |*i_0_0_475     |            0.297770|             0.670008|           0.034026|         1.001804
546  |*i_0_0_476     |            0.225883|             0.083018|           0.034026|         0.342927
547  |*i_0_0_477     |            0.294904|             0.574133|           0.041741|         0.910779
548  |*i_0_0_478     |            0.288099|             0.668341|           0.032612|         0.989052
549  |*i_0_0_479     |            0.283229|             0.667716|           0.034026|         0.984971
550  |*i_0_0_480     |            0.212678|             0.081380|           0.034026|         0.328083
551  |*i_0_0_481     |            0.294904|             0.574133|           0.041741|         0.910779
552  |*i_0_0_482     |            0.288096|             0.664982|           0.032612|         0.985690
553  |*i_0_0_483     |            0.274592|             0.664855|           0.034026|         0.973473
554  |*i_0_0_484     |            0.217873|             0.080465|           0.034026|         0.332364
555  |*i_0_0_485     |            0.294884|             0.571959|           0.041741|         0.908584
556  |*i_0_0_486     |            0.288074|             0.668341|           0.032612|         0.989026
557  |*i_0_0_487     |            0.289122|             0.669767|           0.034026|         0.992914
558  |*i_0_0_488     |            0.202962|             0.078123|           0.034026|         0.315111
559  |*i_0_0_489     |            0.150091|             0.183445|           0.034026|         0.367561
560  |*i_0_0_490     |            0.146784|             0.566166|           0.021200|         0.734150
561  |*i_0_0_491     |            0.234329|             0.557269|           0.034026|         0.825624
562  |*i_0_0_492     |            0.294972|             0.674117|           0.034026|         1.003115
563  |*i_0_0_493     |            0.205912|             0.080346|           0.034026|         0.320285
564  |*i_0_0_494     |            0.198118|             0.559684|           0.022619|         0.780421
565  |*i_0_0_495     |            0.297810|             0.655092|           0.034026|         0.986929
566  |*i_0_0_496     |            0.242879|             0.610663|           0.034026|         0.887568
567  |*i_0_0_497     |            0.293963|             0.669980|           0.034026|         0.997969
568  |*i_0_0_498     |            0.207217|             0.077860|           0.034026|         0.319103
569  |*i_0_0_499     |            0.198520|             0.559684|           0.022619|         0.780824
570  |*i_0_0_500     |            0.297812|             0.655529|           0.034026|         0.987368
571  |*i_0_0_501     |            0.237636|             0.597905|           0.034026|         0.869567
572  |*i_0_0_502     |            0.237996|             0.552165|           0.032612|         0.822772
573  |*i_0_0_503     |            0.163778|             0.068634|           0.034026|         0.266437
574  |*i_0_0_504     |            0.099009|             0.191103|           0.021200|         0.311311
575  |*i_0_0_505     |            0.274448|             0.658911|           0.034026|         0.967385
576  |*i_0_0_506     |            0.261720|             0.590868|           0.034026|         0.886614
577  |*i_0_0_507     |            0.241884|             0.575682|           0.032612|         0.850178
578  |*i_0_0_508     |            0.134491|             0.053992|           0.034026|         0.222508
579  |*i_0_0_509     |            0.168062|             3.225734|           0.017393|         3.411189
580  |*i_0_0_510     |            0.235797|             0.659442|           0.022619|         0.917859
581  |*i_0_0_511     |            0.252218|             0.611866|           0.034026|         0.898110
582  |*i_0_0_512     |            0.235144|             0.579148|           0.032612|         0.846904
583  |*i_0_0_513     |            0.135303|             0.056049|           0.034026|         0.225378
584  |*i_0_0_514     |            0.235644|             0.644429|           0.022619|         0.902692
585  |*i_0_0_515     |            0.293734|             0.653049|           0.032612|         0.979395
586  |*i_0_0_516     |            0.267044|             0.627017|           0.032612|         0.926673
587  |*i_0_0_517     |            0.149647|             0.059744|           0.034026|         0.243416
588  |*i_0_0_518     |            0.235854|             0.665038|           0.022619|         0.923512
589  |*i_0_0_519     |            0.292333|             0.668885|           0.032612|         0.993830
590  |*i_0_0_520     |            0.268668|             0.631033|           0.032612|         0.932313
591  |*i_0_0_521     |            0.158156|             0.064363|           0.034026|         0.256545
592  |*i_0_0_522     |            0.201223|             0.233538|           0.022039|         0.456800
593  |*i_0_0_523     |            0.216367|             0.627042|           0.022619|         0.866029
594  |*i_0_0_524     |            0.286663|             0.668479|           0.034026|         0.989169
595  |*i_0_0_525     |            0.186289|             0.072466|           0.034026|         0.292780
596  |*i_0_0_526     |            0.082115|             1.159842|           0.021200|         1.263156
597  |*i_0_0_527     |            0.055175|             0.153947|           0.014353|         0.223475
598  |*i_0_0_528     |            0.219564|             0.654131|           0.034026|         0.907722
599  |*i_0_0_529     |            0.260805|             0.651845|           0.032612|         0.945261
600  |*i_0_0_530     |            0.192091|             0.076781|           0.034026|         0.302898
601  |*i_0_0_531     |            0.086147|             0.164894|           0.017393|         0.268435
602  |*i_0_0_532     |            0.107866|             0.297351|           0.014353|         0.419570
603  |*i_0_0_533     |            0.225461|             0.682615|           0.027858|         0.935934
604  |*i_0_0_534     |            0.288417|             0.669085|           0.032612|         0.990115
605  |*i_0_0_535     |            0.280771|             0.672583|           0.034026|         0.987381
606  |*i_0_0_536     |            0.188407|             0.073622|           0.034026|         0.296055
607  |*i_0_0_537     |            0.086147|             0.164894|           0.017393|         0.268435
608  |*i_0_0_538     |            0.288375|             0.665566|           0.032612|         0.986553
609  |*i_0_0_539     |            0.277319|             0.639763|           0.032612|         0.949694
610  |*i_0_0_540     |            0.182584|             0.073674|           0.034026|         0.290285
611  |*i_0_0_541     |            0.118354|             0.220490|           0.014353|         0.353197
612  |*i_0_0_542     |            0.065793|             0.970326|           0.017393|         1.053512
613  |*i_0_0_543     |            0.044515|             0.458822|           0.014353|         0.517691
614  |*i_0_0_544     |            0.373908|             0.657777|           0.041741|         1.073426
615  |*i_0_0_545     |            0.286107|             0.668209|           0.034026|         0.988342
616  |*i_0_0_546     |            0.189591|             0.073421|           0.034026|         0.297038
617  |*i_0_0_547     |            0.154434|             2.204601|           0.017393|         2.376428
618  |*i_0_0_548     |            0.115760|             0.639418|           0.014353|         0.769532
619  |*i_0_0_549     |            0.235942|             0.643105|           0.027858|         0.906905
620  |*i_0_0_550     |            0.257308|             0.642519|           0.032612|         0.932439
621  |*i_0_0_551     |            0.188403|             0.075866|           0.034026|         0.298295
622  |*i_0_0_552     |            0.105167|             1.355699|           0.021200|         1.482066
623  |*i_0_0_553     |            0.070913|             0.189103|           0.014353|         0.274369
624  |*i_0_0_554     |            0.130861|             0.182734|           0.027858|         0.341454
625  |*i_0_0_555     |            0.216403|             0.626417|           0.027858|         0.870678
626  |*i_0_0_556     |            0.168860|             0.065824|           0.034026|         0.268710
627  |*i_0_0_557     |            0.041520|             0.168405|           0.017393|         0.227318
628  |*i_0_0_558     |            0.226871|             0.618895|           0.032612|         0.878379
629  |*i_0_0_559     |            0.155441|             0.063820|           0.034026|         0.253287
630  |*i_0_0_560     |            0.249532|             0.287312|           0.034026|         0.570870
631  |*i_0_0_561     |            0.233661|             0.641312|           0.022619|         0.897591
632  |*i_0_0_562     |            0.159713|             0.064641|           0.034026|         0.258380
633  |*i_0_0_563     |            0.129887|             1.743719|           0.017393|         1.890999
634  |*i_0_0_564     |            0.091269|             0.485929|           0.014353|         0.591552
635  |*i_0_0_565     |            0.077431|             1.010490|           0.017393|         1.105315
636  |*i_0_0_566     |            0.053061|             0.282262|           0.014353|         0.349676
637  |*i_0_0_567     |            0.047275|             0.254430|           0.017393|         0.319099
638  |*i_0_0_568     |            0.153110|             0.613807|           0.017393|         0.784310
639  |*i_0_0_569     |            0.224990|             0.633151|           0.022619|         0.880761
640  |*i_0_0_570     |            0.162277|             0.066606|           0.034026|         0.262910
641  |*i_0_0_571     |            0.107863|             0.296133|           0.014353|         0.418350
642  |*i_0_0_572     |            0.228861|             0.630868|           0.022619|         0.882348
643  |*i_0_0_573     |            0.159362|             0.065442|           0.034026|         0.258831
644  |*i_0_0_574     |            0.099073|             1.159138|           0.021200|         1.279410
645  |*i_0_0_575     |            0.066925|             0.189511|           0.014353|         0.270789
646  |*i_0_0_576     |            0.222702|             0.086319|           0.032612|         0.341633
647  |*i_0_0_577     |            0.276437|             1.890492|           0.034026|         2.200955
648  |*i_0_0_578     |            0.178004|             0.104807|           0.014353|         0.297165
649  |*i_0_0_579     |            0.494740|             1.320838|           0.014353|         1.829932
650  |*i_0_0_580     |            0.277675|             0.111971|           0.032612|         0.422258
651  |*i_0_0_581     |            0.222843|             0.251581|           0.022039|         0.496464
652  |*i_0_0_582     |            0.536254|             0.951967|           0.017393|         1.505614
653  |*i_0_0_583     |            0.167726|             0.108042|           0.017393|         0.293161
654  |*i_0_0_584     |            0.536295|             0.958850|           0.017393|         1.512538
655  |*i_0_0_585     |            0.214422|             0.323946|           0.022619|         0.560987
656  |*i_0_0_586     |            0.225611|             0.109496|           0.022619|         0.357727
657  |*i_0_0_587     |            0.202116|             0.240777|           0.022039|         0.464932
658  |*i_0_0_588     |            0.536254|             0.951967|           0.017393|         1.505614
659  |*i_0_0_589     |            0.167068|             0.107373|           0.017393|         0.291834
660  |*write_en_reg  |            1.044387|             0.090835|           0.079112|         1.214334
661  |*c_reg[63]     |            0.717137|             0.176572|           0.079112|         0.972821
662  |*c_reg[62]     |            0.727704|             0.537274|           0.079112|         1.344090
663  |*c_reg[61]     |            0.796995|             0.581561|           0.079112|         1.457668
664  |*c_reg[60]     |            0.798396|             0.705591|           0.079112|         1.583100
665  |*c_reg[59]     |            0.797182|             0.598100|           0.079112|         1.474393
666  |*c_reg[58]     |            0.801004|             1.912639|           0.079112|         2.792756
667  |*c_reg[57]     |            0.800922|             1.661103|           0.079112|         2.541137
668  |*c_reg[56]     |            0.798453|             0.710628|           0.079112|         1.588194
669  |*c_reg[55]     |            0.800922|             1.661103|           0.079112|         2.541137
670  |*c_reg[54]     |            0.800130|             0.859674|           0.079112|         1.738916
671  |*c_reg[53]     |            0.796995|             0.581561|           0.079112|         1.457668
672  |*c_reg[52]     |            0.798257|             0.693243|           0.079112|         1.570612
673  |*c_reg[51]     |            0.800199|             0.928868|           0.079112|         1.808179
674  |*c_reg[50]     |            0.797432|             0.620217|           0.079112|         1.496760
675  |*c_reg[49]     |            0.798257|             0.693243|           0.079112|         1.570612
676  |*c_reg[48]     |            0.798257|             0.693243|           0.079112|         1.570612
677  |*c_reg[47]     |            0.798775|             0.739058|           0.079112|         1.616945
678  |*c_reg[46]     |            0.799886|             0.837367|           0.079112|         1.716365
679  |*c_reg[45]     |            0.797182|             0.598100|           0.079112|         1.474393
680  |*c_reg[44]     |            0.798917|             0.751669|           0.079112|         1.629698
681  |*c_reg[43]     |            0.801004|             1.912639|           0.079112|         2.792756
682  |*c_reg[42]     |            0.796895|             0.572711|           0.079112|         1.448718
683  |*c_reg[41]     |            0.798257|             0.693243|           0.079112|         1.570612
684  |*c_reg[40]     |            0.799886|             0.837367|           0.079112|         1.716365
685  |*c_reg[39]     |            0.797182|             0.598100|           0.079112|         1.474393
686  |*c_reg[38]     |            0.799886|             0.837367|           0.079112|         1.716365
687  |*c_reg[37]     |            0.800209|             0.938751|           0.079112|         1.818072
688  |*c_reg[36]     |            0.800205|             0.934758|           0.079112|         1.814075
689  |*c_reg[35]     |            0.798257|             0.693243|           0.079112|         1.570612
690  |*c_reg[34]     |            0.796895|             0.572711|           0.079112|         1.448718
691  |*c_reg[33]     |            0.798257|             0.693243|           0.079112|         1.570612
692  |*c_reg[32]     |            0.796995|             0.581561|           0.079112|         1.457668
693  |*c_reg[31]     |            0.798257|             0.693243|           0.079112|         1.570612
694  |*c_reg[30]     |            0.796995|             0.581561|           0.079112|         1.457668
695  |*c_reg[29]     |            0.798257|             0.693243|           0.079112|         1.570612
696  |*c_reg[28]     |            0.796895|             0.572711|           0.079112|         1.448718
697  |*c_reg[27]     |            0.798257|             0.693243|           0.079112|         1.570612
698  |*c_reg[26]     |            0.795919|             0.486417|           0.079112|         1.361449
699  |*c_reg[25]     |            0.797182|             0.598100|           0.079112|         1.474393
700  |*c_reg[24]     |            0.799886|             0.837367|           0.079112|         1.716365
701  |*c_reg[23]     |            0.799953|             0.843321|           0.079112|         1.722386
702  |*c_reg[22]     |            0.798506|             0.715319|           0.079112|         1.592937
703  |*c_reg[21]     |            0.796995|             0.581561|           0.079112|         1.457668
704  |*c_reg[20]     |            0.798157|             0.684393|           0.079112|         1.561663
705  |*c_reg[19]     |            0.796995|             0.581561|           0.079112|         1.457668
706  |*c_reg[18]     |            0.798257|             0.693243|           0.079112|         1.570612
707  |*c_reg[17]     |            0.796995|             0.581561|           0.079112|         1.457668
708  |*c_reg[16]     |            0.798257|             0.693243|           0.079112|         1.570612
709  |*c_reg[15]     |            0.798257|             0.693243|           0.079112|         1.570612
710  |*c_reg[14]     |            0.798257|             0.693243|           0.079112|         1.570612
711  |*c_reg[13]     |            0.798257|             0.693243|           0.079112|         1.570612
712  |*c_reg[12]     |            0.796995|             0.581561|           0.079112|         1.457668
713  |*c_reg[11]     |            0.801002|             1.899349|           0.079112|         2.779463
714  |*c_reg[10]     |            0.798257|             0.693243|           0.079112|         1.570612
715  |*c_reg[9]      |            0.799651|             0.816641|           0.079112|         1.695404
716  |*c_reg[8]      |            0.797054|             0.586823|           0.079112|         1.462989
717  |*c_reg[7]      |            0.796895|             0.572711|           0.079112|         1.448718
718  |*c_reg[6]      |            0.795792|             0.475141|           0.079112|         1.350045
719  |*c_reg[5]      |            0.796995|             0.581561|           0.079112|         1.457668
720  |*c_reg[4]      |            0.795919|             0.486417|           0.079112|         1.361449
721  |*c_reg[3]      |            0.800922|             1.661103|           0.079112|         2.541137
722  |*c_reg[2]      |            0.798429|             0.708440|           0.079112|         1.585981
723  |*c_reg[1]      |            0.796995|             0.581561|           0.079112|         1.457668
724  |*c_reg[0]      |            0.795413|             0.441607|           0.079112|         1.316132
725  |*shift_reg[4]  |            1.052488|             9.433077|           0.079112|        10.564677
726  |*shift_reg[3]  |            1.044716|            10.968438|           0.079112|        12.092266
727  |*shift_reg[2]  |            1.063288|            17.173326|           0.079112|        18.315725
728  |*shift_reg[1]  |            1.053815|            21.509806|           0.079112|        22.642735
729  |*shift_reg[0]  |            1.051523|             4.070418|           0.079112|         5.201054
730  |*i_reg[4]      |            1.051796|             4.164093|           0.079112|         5.295002
731  |*i_reg[3]      |            1.043974|             5.330581|           0.079112|         6.453668
732  |*i_reg[2]      |            1.058424|             4.049009|           0.079112|         5.186545
733  |*i_reg[1]      |            1.051543|             4.226349|           0.079112|         5.357005
734  |*i_reg[0]      |            1.051371|             2.917302|           0.079112|         4.047786
735  |*clk_gate_i_reg|            0.518229|             0.000000|           0.059138|         0.577367
736  |               |                    |                     |                   |                 
737  |*TOTAL         |          465.764923|          1070.659912|          55.130165|      1591.555054
-----+---------------+--------------------+---------------------+-------------------+-----------------
