Report for group default
------------------------------------------------------------------------------------------------------------------------------------------------------------
Startpoint: c_reg[0]/Q
    (Clocked by sysclk R)
Endpoint: r2/my_reg_reg[49]/D
    (Clocked by sysclk F)
Path Group: default
Data required time: 1963.9
    (Clock shift: 2000.0, minus Uncertainty: 0.0, plus Latency 0.0, minus Setup time: 36.1)
Data arrival time: 847.6
Slack: 1116.3
Logic depth: 20
------------------------------------------------------------------------------------------------------------------------------------------------------------
                                                     Arrival               Arc      Net               Net    Total   fan-                                   
Path                     Module/Cell           Edge     Time    Delay    Delay    Delay     Slew     Load     Load    out     Location Power Domain      (V)
                                                        (ps)     (ps)     (ps)     (ps)     (ps)     (ff)     (ff)    (#)      (um,um)                      
------------------------------------------------------------------------------------------------------------------------------------------------------------
clk                      {create_clock}           r      0.0      0.0      0.0                        0.0      0.0    132    61,    0                       
c_reg[0]/CK->Q           DFF_X1                  rr     98.1     98.1     98.1      0.0      0.0      0.6      7.8      2    63,   63  /PD_TOP        (1.10)
ADD/i_0_419/A2->ZN       NAND2_X4*               rf    129.4     31.3     31.3      0.0     20.7      0.5     29.7      2    63,   63  /PD_TOP        (1.10)
ADD/i_0_417/A1->ZN       NAND2_X4                fr    148.3     18.9     18.9      0.0     15.3      0.6      6.7      2    63,   63  /PD_TOP        (1.10)
ADD/i_0_415/A1->ZN       AOI22_X4                rf    170.5     22.2     22.2      0.0     10.8      0.7     18.6      2    63,   63  /PD_TOP        (1.10)
ADD/i_0_413/B1->ZN       OAI22_X4                fr    215.9     45.4     45.4      0.0     18.6      0.6      6.7      2    63,   63  /PD_TOP        (1.10)
ADD/i_0_267/B1->ZN       AOI21_X4                rf    245.2     29.3     29.3      0.0     33.2      0.6     18.5      2    63,   63  /PD_TOP        (1.10)
ADD/i_0_265/B2->ZN       OAI21_X4                fr    290.8     45.6     45.6      0.0     13.5      1.3     13.8      4    63,   63  /PD_TOP        (1.10)
ADD/i_0_246/C1->ZN       AOI211_X2               rf    312.7     21.9     21.9      0.0     29.4      0.4      4.2      1    63,   63  /PD_TOP        (1.10)
ADD/i_0_244/A4->ZN       NOR4_X4                 fr    430.8    118.1    118.1      0.0      9.6      1.2     17.8      4    63,   63  /PD_TOP        (1.10)
ADD/i_0_196/A1->ZN       NOR2_X4                 rf    440.5      9.7      9.7      0.0     75.4      0.3      4.3      1    63,   63  /PD_TOP        (1.10)
ADD/i_0_189/C2->ZN       OAI211_X4               fr    480.5     40.0     40.0      0.0      5.6      1.0      9.2      3    63,   63  /PD_TOP        (1.10)
ADD/i_0_41/A1->ZN        AND3_X4                 rr    525.4     44.9     44.9      0.0     27.1      0.6      6.7      2    63,   63  /PD_TOP        (1.10)
ADD/i_0_72/B1->ZN        AOI21_X4                rf    547.3     21.9     21.9      0.0     10.7      0.6     18.5      2    63,   63  /PD_TOP        (1.10)
ADD/i_0_73/B1->ZN        AOI21_X4                fr    593.4     46.1     46.1      0.0     13.5      0.6     18.5      2    63,   63  /PD_TOP        (1.10)
ADD/i_0_76/B1->ZN        OAI21_X4                rf    624.3     30.9     30.9      0.0     38.3      0.6     18.5      2    63,   63  /PD_TOP        (1.10)
ADD/i_0_79/B1->ZN        AOI21_X4                fr    671.2     46.9     46.9      0.0     15.4      0.6     18.5      2    63,   63  /PD_TOP        (1.10)
ADD/i_0_81/B1->ZN        OAI21_X4                rf    702.1     30.9     30.9      0.0     38.3      0.6     18.5      2    63,   63  /PD_TOP        (1.10)
ADD/i_0_82/B1->ZN        AOI21_X4                fr    749.0     46.9     46.9      0.0     15.4      0.6     18.5      2    63,   63  /PD_TOP        (1.10)
ADD/i_0_116/A->Z         BUF_X4                  rr    772.4     23.4     23.4      0.0     38.3      0.3      1.2      1    63,   63  /PD_TOP        (1.10)
ADD/rt_shieldBuf__1__1__15/A->Z
                         BUF_X1#                 rr    797.6     25.2     25.2      0.0      4.3      0.3      3.7      1    63,   63  /PD_TOP        (1.10)
ADD/genblk1_49_full_adder_inst/i_0_1/B->Z
                         XOR2_X2                 rr    847.6     50.0     50.0      0.0     11.5      0.6      4.0      2    63,   63  /PD_TOP        (1.10)
r2/my_reg_reg[49]/D      DFF_X1                   r    847.6      0.0               0.0     25.7                             63,   63  /PD_TOP        (1.10)
------------------------------------------------------------------------------------------------------------------------------------------------------------
Report for group I2R
------------------------------------------------------------------------------------------------------------------------------------------------------------
Startpoint: start
    (Clocked by rtDefaultClock R)
Endpoint: sum_reg[1]/D
    (Clocked by sysclk R)
Path Group: I2R
Data required time: 3960.5
    (Clock shift: 4000.0, minus Uncertainty: 0.0, plus Latency 0.0, minus Setup time: 39.5)
Data arrival time: 180.4
Slack: 3780.1
Logic depth: 4
------------------------------------------------------------------------------------------------------------------------------------------------------------
                                                     Arrival               Arc      Net               Net    Total   fan-                                   
Path                     Module/Cell           Edge     Time    Delay    Delay    Delay     Slew     Load     Load    out     Location Power Domain      (V)
                                                        (ps)     (ps)     (ps)     (ps)     (ps)     (ff)     (ff)    (#)      (um,um)                      
------------------------------------------------------------------------------------------------------------------------------------------------------------
start                    {set_input_delay}        f      0.0      0.0      0.0                        7.9     86.8     15     0,   64                       
i_0_0_138/A2->ZN         NOR2_X4*                fr     59.5     59.0     59.0      0.0      0.0      1.0     36.2      4    63,   63  /PD_TOP        (1.10)
i_0_0_144/A1->ZN         AND2_X4                 rr    106.9     47.4     47.4      0.0     15.3      0.6     30.2      2    63,   63  /PD_TOP        (1.10)
i_0_0_145/A->ZN          INV_X8                  rf    115.0      8.1      8.1      0.0     21.6      0.7      7.1      2    63,   63  /PD_TOP        (1.10)
i_0_0_165/A->ZN          AOI221_X2               fr    180.4     65.4     65.4      0.0      3.8      0.4      1.5      1    63,   63  /PD_TOP        (1.10)
sum_reg[1]/D             DFF_X1                   r    180.4      0.5               0.5     38.2                             63,   63  /PD_TOP        (1.10)
------------------------------------------------------------------------------------------------------------------------------------------------------------
Report for group I2O
Report for group R2O
------------------------------------------------------------------------------------------------------------------------------------------------------------
Startpoint: r2/my_reg_reg[62]/Q
    (Clocked by sysclk F)
Endpoint: read_data3[62]
    (Clocked by sysclk R)
Path Group: R2O
Data required time: 1500.0
    (Clock shift: 2000.0, minus Uncertainty: 0.0, plus Latency 0.0, minus Out delay: 500.0)
Data arrival time: 97.2
Slack: 1402.8
Logic depth: 0
------------------------------------------------------------------------------------------------------------------------------------------------------------
                                                     Arrival               Arc      Net               Net    Total   fan-                                   
Path                     Module/Cell           Edge     Time    Delay    Delay    Delay     Slew     Load     Load    out     Location Power Domain      (V)
                                                        (ps)     (ps)     (ps)     (ps)     (ps)     (ff)     (ff)    (#)      (um,um)                      
------------------------------------------------------------------------------------------------------------------------------------------------------------
clk                      {create_clock}           f      0.0      0.0      0.0                        0.0      0.0    132    61,    0                       
r2/i_0_0/A->ZN           INV_X1                  fr      0.0      0.0      0.0      0.0      0.0      0.0      0.0     64    63,   63  /PD_TOP        (1.10)
r2/my_reg_reg[62]/CK->Q  DFF_X1                  rf     96.6     96.6     96.6      0.0      0.0      3.9     13.9      1    63,   63  /PD_TOP        (1.10)
read_data3[62]                                    f     97.2      0.6               0.6     17.9                             56,    0                       
------------------------------------------------------------------------------------------------------------------------------------------------------------
