warning: No library characterized for (process = 1.00 voltage = 0.85 temperature = 25.00) can be found in the database for power domain '/PD_TOP'  [NL-174]
Report Power (instances with prefix '*' are included in total) : 
-----+------------------------+--------------------+---------------------+-------------------+-----------------
     | Instance               | Internal Power(uw) | Switching Power(uw) | Leakage Power(uw) | Total Power(uw) 
-----+------------------------+--------------------+---------------------+-------------------+-----------------
1    |*fulladder_f2           |            0.114716|             0.229368|           0.061230|         0.405314
2    |*fulladder_f3           |            0.085736|             0.173630|           0.036164|         0.295530
3    |*genblk1_0_fulladder_f1 |            0.399364|             0.258911|           0.061230|         0.719505
4    |*genblk1_1_fulladder_f1 |            0.411662|             0.159452|           0.061230|         0.632344
5    |*genblk1_2_fulladder_f1 |            0.411662|             0.159452|           0.061230|         0.632344
6    |*genblk1_3_fulladder_f1 |            0.411662|             0.159452|           0.061230|         0.632344
7    |*genblk1_4_fulladder_f1 |            0.411662|             0.159452|           0.061230|         0.632344
8    |*genblk1_5_fulladder_f1 |            0.411662|             0.159452|           0.061230|         0.632344
9    |*genblk1_6_fulladder_f1 |            0.411662|             0.159452|           0.061230|         0.632344
10   |*genblk1_7_fulladder_f1 |            0.411662|             0.159452|           0.061230|         0.632344
11   |*genblk1_8_fulladder_f1 |            0.411662|             0.159452|           0.061230|         0.632344
12   |*genblk1_9_fulladder_f1 |            0.411662|             0.159452|           0.061230|         0.632344
13   |*genblk1_10_fulladder_f1|            0.411662|             0.159452|           0.061230|         0.632344
14   |*genblk1_11_fulladder_f1|            0.411662|             0.159452|           0.061230|         0.632344
15   |*genblk1_12_fulladder_f1|            0.411662|             0.159452|           0.061230|         0.632344
16   |*genblk1_13_fulladder_f1|            0.411662|             0.159452|           0.061230|         0.632344
17   |*genblk1_14_fulladder_f1|            0.411662|             0.159452|           0.061230|         0.632344
18   |*genblk1_15_fulladder_f1|            0.411662|             0.159452|           0.061230|         0.632344
19   |*genblk1_16_fulladder_f1|            0.411662|             0.159452|           0.061230|         0.632344
20   |*genblk1_17_fulladder_f1|            0.411662|             0.159452|           0.061230|         0.632344
21   |*genblk1_18_fulladder_f1|            0.411662|             0.159452|           0.061230|         0.632344
22   |*genblk1_19_fulladder_f1|            0.411662|             0.159452|           0.061230|         0.632344
23   |*genblk1_20_fulladder_f1|            0.411662|             0.159452|           0.061230|         0.632344
24   |*genblk1_21_fulladder_f1|            0.411662|             0.159452|           0.061230|         0.632344
25   |*genblk1_22_fulladder_f1|            0.411662|             0.159452|           0.061230|         0.632344
26   |*genblk1_23_fulladder_f1|            0.411662|             0.159452|           0.061230|         0.632344
27   |*genblk1_24_fulladder_f1|            0.411662|             0.159452|           0.061230|         0.632344
28   |*genblk1_25_fulladder_f1|            0.411662|             0.159452|           0.061230|         0.632344
29   |*genblk1_26_fulladder_f1|            0.411662|             0.159452|           0.061230|         0.632344
30   |*genblk1_27_fulladder_f1|            0.411662|             0.159452|           0.061230|         0.632344
31   |*genblk1_28_fulladder_f1|            0.411662|             0.159452|           0.061230|         0.632344
32   |*genblk1_29_fulladder_f1|            0.411662|             0.159452|           0.061230|         0.632344
33   |*genblk1_30_fulladder_f1|            0.411662|             0.159452|           0.061230|         0.632344
34   |*genblk1_31_fulladder_f1|            0.410686|             0.128898|           0.061230|         0.600814
35   |*genblk2_1_f3           |            0.259430|             0.357535|           0.145155|         0.762119
36   |*genblk2_2_f3           |            0.265049|             0.366509|           0.145155|         0.776712
37   |*genblk2_3_f3           |            0.267573|             0.370235|           0.145155|         0.782962
38   |*genblk2_4_f3           |            0.268677|             0.371764|           0.145155|         0.785595
39   |*genblk2_5_f3           |            0.269160|             0.372575|           0.145155|         0.786890
40   |*genblk2_6_f3           |            0.269371|             0.372875|           0.145155|         0.787400
41   |*genblk2_7_f3           |            0.269463|             0.373010|           0.145155|         0.787628
42   |*genblk2_8_f3           |            0.269503|             0.373007|           0.145155|         0.787665
43   |*genblk2_9_f3           |            0.269522|             0.373259|           0.145155|         0.787935
44   |*genblk2_10_f3          |            0.269530|             0.373270|           0.145155|         0.787954
45   |*genblk2_11_f3          |            0.269533|             0.373279|           0.145155|         0.787966
46   |*genblk2_12_f3          |            0.269534|             0.373221|           0.145155|         0.787910
47   |*genblk2_13_f3          |            0.269535|             0.373346|           0.145155|         0.788036
48   |*genblk2_14_f3          |            0.269536|             0.373347|           0.145155|         0.788037
49   |*genblk2_15_f3          |            0.269536|             0.373351|           0.145155|         0.788041
50   |*genblk2_16_f3          |            0.269536|             0.373291|           0.145155|         0.787981
51   |*genblk2_17_f3          |            0.269537|             0.373518|           0.145155|         0.788209
52   |*genblk2_18_f3          |            0.269537|             0.373518|           0.145155|         0.788209
53   |*genblk2_19_f3          |            0.269537|             0.373523|           0.145155|         0.788214
54   |*genblk2_20_f3          |            0.269536|             0.373463|           0.145155|         0.788154
55   |*genblk2_21_f3          |            0.269537|             0.373587|           0.145155|         0.788278
56   |*genblk2_22_f3          |            0.269537|             0.373587|           0.145155|         0.788278
57   |*genblk2_23_f3          |            0.269537|             0.373591|           0.145155|         0.788283
58   |*genblk2_24_f3          |            0.269537|             0.373531|           0.145155|         0.788222
59   |*genblk2_25_f3          |            0.269538|             0.373758|           0.145155|         0.788450
60   |*genblk2_26_f3          |            0.269538|             0.373758|           0.145155|         0.788450
61   |*genblk2_27_f3          |            0.269538|             0.373763|           0.145155|         0.788454
62   |*genblk2_28_f3          |            0.269537|             0.373703|           0.145155|         0.788394
63   |*genblk2_29_f3          |            0.269538|             0.373827|           0.145155|         0.788519
64   |*genblk2_30_f3          |            0.268309|             0.347491|           0.145155|         0.760954
65   |                        |                    |                     |                   |                 
66   |*TOTAL                  |           21.427135|            16.722857|           6.411381|        44.561371
-----+------------------------+--------------------+---------------------+-------------------+-----------------
