Report for group default
Report for group I2R
Report for group I2O
------------------------------------------------------------------------------------------------------------------------------------------------------------
Startpoint: a[1]
    (Clocked by vsysclk R)
Endpoint: cout
    (Clocked by vsysclk R)
Path Group: I2O
Data required time: 19500.0
    (Clock shift: 20000.0, minus Uncertainty: 0.0, plus Latency 0.0, minus Out delay: 500.0)
Data arrival time: 3178.0
Slack: 16322.0
Logic depth: 63
------------------------------------------------------------------------------------------------------------------------------------------------------------
                                                     Arrival               Arc      Net               Net    Total   fan-                                   
Path                     Module/Cell           Edge     Time    Delay    Delay    Delay     Slew     Load     Load    out     Location Power Domain      (V)
                                                        (ps)     (ps)     (ps)     (ps)     (ps)     (ff)     (ff)    (#)      (um,um)                      
------------------------------------------------------------------------------------------------------------------------------------------------------------
a[1]                     {set_input_delay}        r   1000.0   1000.0   1000.0                        2.4      8.0      2    82,   38                       
genblk1_1_fulladder_f1/h1/i_0_1/A1->ZN
                         AND2_X4                 rr   1071.2     71.0     71.0      0.0    707.3      0.5      6.2      2    41,   40  /PD_TOP        (1.10)
genblk2_1_f3/h1/i_0_0/B->Z
                         XOR2_X2                 rf   1089.7     18.5     18.5      0.0      8.8      0.5      5.9      2    41,   40  /PD_TOP        (1.10)
genblk2_1_f3/h2/i_0_1/A1->ZN
                         AND2_X4                 ff   1117.2     27.5     27.5      0.0     13.5      0.3      2.4      1    41,   40  /PD_TOP        (1.10)
genblk2_1_f3/i_0_0/A1->ZN
                         OR2_X4                  ff   1157.3     40.1     40.1      0.0      5.1      0.5      6.2      2    41,   40  /PD_TOP        (1.10)
genblk2_2_f3/h2/i_0_1/A2->ZN
                         AND2_X4                 ff   1184.7     27.4     27.4      0.0      8.8      0.3      2.4      1    41,   40  /PD_TOP        (1.10)
genblk2_2_f3/i_0_0/A1->ZN
                         OR2_X4                  ff   1224.8     40.1     40.1      0.0      5.1      0.5      6.2      2    41,   40  /PD_TOP        (1.10)
genblk2_3_f3/h2/i_0_1/A2->ZN
                         AND2_X4                 ff   1252.2     27.4     27.4      0.0      8.8      0.3      2.4      1    41,   40  /PD_TOP        (1.10)
genblk2_3_f3/i_0_0/A1->ZN
                         OR2_X4                  ff   1292.3     40.1     40.1      0.0      5.1      0.5      6.2      2    41,   40  /PD_TOP        (1.10)
genblk2_4_f3/h2/i_0_1/A2->ZN
                         AND2_X4                 ff   1319.7     27.4     27.4      0.0      8.8      0.3      2.4      1    41,   40  /PD_TOP        (1.10)
genblk2_4_f3/i_0_0/A1->ZN
                         OR2_X4                  ff   1359.8     40.1     40.1      0.0      5.1      0.5      6.2      2    41,   40  /PD_TOP        (1.10)
genblk2_5_f3/h2/i_0_1/A2->ZN
                         AND2_X4                 ff   1387.2     27.4     27.4      0.0      8.8      0.3      2.4      1    41,   40  /PD_TOP        (1.10)
genblk2_5_f3/i_0_0/A1->ZN
                         OR2_X4                  ff   1427.3     40.1     40.1      0.0      5.1      0.5      6.2      2    41,   40  /PD_TOP        (1.10)
genblk2_6_f3/h2/i_0_1/A2->ZN
                         AND2_X4                 ff   1454.7     27.4     27.4      0.0      8.8      0.3      2.4      1    41,   40  /PD_TOP        (1.10)
genblk2_6_f3/i_0_0/A1->ZN
                         OR2_X4                  ff   1494.8     40.1     40.1      0.0      5.1      0.5      6.2      2    41,   40  /PD_TOP        (1.10)
genblk2_7_f3/h2/i_0_1/A2->ZN
                         AND2_X4                 ff   1522.2     27.4     27.4      0.0      8.8      0.3      2.4      1    41,   40  /PD_TOP        (1.10)
genblk2_7_f3/i_0_0/A1->ZN
                         OR2_X4                  ff   1562.3     40.1     40.1      0.0      5.1      0.5      6.2      2    41,   40  /PD_TOP        (1.10)
genblk2_8_f3/h2/i_0_1/A2->ZN
                         AND2_X4                 ff   1589.7     27.4     27.4      0.0      8.8      0.3      2.4      1    41,   40  /PD_TOP        (1.10)
genblk2_8_f3/i_0_0/A1->ZN
                         OR2_X4                  ff   1629.8     40.1     40.1      0.0      5.1      0.5      6.2      2    41,   40  /PD_TOP        (1.10)
genblk2_9_f3/h2/i_0_1/A2->ZN
                         AND2_X4                 ff   1657.2     27.4     27.4      0.0      8.8      0.3      2.4      1    41,   40  /PD_TOP        (1.10)
genblk2_9_f3/i_0_0/A1->ZN
                         OR2_X4                  ff   1697.3     40.1     40.1      0.0      5.1      0.5      6.2      2    41,   40  /PD_TOP        (1.10)
genblk2_10_f3/h2/i_0_1/A2->ZN
                         AND2_X4                 ff   1724.7     27.4     27.4      0.0      8.8      0.3      2.4      1    41,   40  /PD_TOP        (1.10)
genblk2_10_f3/i_0_0/A1->ZN
                         OR2_X4                  ff   1764.8     40.1     40.1      0.0      5.1      0.5      6.2      2    41,   40  /PD_TOP        (1.10)
genblk2_11_f3/h2/i_0_1/A2->ZN
                         AND2_X4                 ff   1792.2     27.4     27.4      0.0      8.8      0.3      2.4      1    41,   40  /PD_TOP        (1.10)
genblk2_11_f3/i_0_0/A1->ZN
                         OR2_X4                  ff   1832.3     40.1     40.1      0.0      5.1      0.5      6.2      2    41,   40  /PD_TOP        (1.10)
genblk2_12_f3/h2/i_0_1/A2->ZN
                         AND2_X4                 ff   1859.7     27.4     27.4      0.0      8.8      0.3      2.4      1    41,   40  /PD_TOP        (1.10)
genblk2_12_f3/i_0_0/A1->ZN
                         OR2_X4                  ff   1899.8     40.1     40.1      0.0      5.1      0.5      6.2      2    41,   40  /PD_TOP        (1.10)
genblk2_13_f3/h2/i_0_1/A2->ZN
                         AND2_X4                 ff   1927.2     27.4     27.4      0.0      8.8      0.3      2.4      1    41,   40  /PD_TOP        (1.10)
genblk2_13_f3/i_0_0/A1->ZN
                         OR2_X4                  ff   1967.3     40.1     40.1      0.0      5.1      0.5      6.2      2    41,   40  /PD_TOP        (1.10)
genblk2_14_f3/h2/i_0_1/A2->ZN
                         AND2_X4                 ff   1994.7     27.4     27.4      0.0      8.8      0.3      2.4      1    41,   40  /PD_TOP        (1.10)
genblk2_14_f3/i_0_0/A1->ZN
                         OR2_X4                  ff   2034.8     40.1     40.1      0.0      5.1      0.5      6.2      2    41,   40  /PD_TOP        (1.10)
genblk2_15_f3/h2/i_0_1/A2->ZN
                         AND2_X4                 ff   2062.2     27.4     27.4      0.0      8.8      0.3      2.4      1    41,   40  /PD_TOP        (1.10)
genblk2_15_f3/i_0_0/A1->ZN
                         OR2_X4                  ff   2102.3     40.1     40.1      0.0      5.1      0.5      6.2      2    41,   40  /PD_TOP        (1.10)
genblk2_16_f3/h2/i_0_1/A2->ZN
                         AND2_X4                 ff   2129.7     27.4     27.4      0.0      8.8      0.3      2.4      1    41,   40  /PD_TOP        (1.10)
genblk2_16_f3/i_0_0/A1->ZN
                         OR2_X4                  ff   2169.8     40.1     40.1      0.0      5.1      0.5      6.2      2    41,   40  /PD_TOP        (1.10)
genblk2_17_f3/h2/i_0_1/A2->ZN
                         AND2_X4                 ff   2197.2     27.4     27.4      0.0      8.8      0.3      2.4      1    41,   40  /PD_TOP        (1.10)
genblk2_17_f3/i_0_0/A1->ZN
                         OR2_X4                  ff   2237.3     40.1     40.1      0.0      5.1      0.5      6.2      2    41,   40  /PD_TOP        (1.10)
genblk2_18_f3/h2/i_0_1/A2->ZN
                         AND2_X4                 ff   2264.7     27.4     27.4      0.0      8.8      0.3      2.4      1    41,   40  /PD_TOP        (1.10)
genblk2_18_f3/i_0_0/A1->ZN
                         OR2_X4                  ff   2304.8     40.1     40.1      0.0      5.1      0.5      6.2      2    41,   40  /PD_TOP        (1.10)
genblk2_19_f3/h2/i_0_1/A2->ZN
                         AND2_X4                 ff   2332.2     27.4     27.4      0.0      8.8      0.3      2.4      1    41,   40  /PD_TOP        (1.10)
genblk2_19_f3/i_0_0/A1->ZN
                         OR2_X4                  ff   2372.3     40.1     40.1      0.0      5.1      0.5      6.2      2    41,   40  /PD_TOP        (1.10)
genblk2_20_f3/h2/i_0_1/A2->ZN
                         AND2_X4                 ff   2399.7     27.4     27.4      0.0      8.8      0.3      2.4      1    41,   40  /PD_TOP        (1.10)
genblk2_20_f3/i_0_0/A1->ZN
                         OR2_X4                  ff   2439.8     40.1     40.1      0.0      5.1      0.5      6.2      2    41,   40  /PD_TOP        (1.10)
genblk2_21_f3/h2/i_0_1/A2->ZN
                         AND2_X4                 ff   2467.2     27.4     27.4      0.0      8.8      0.3      2.4      1    41,   40  /PD_TOP        (1.10)
genblk2_21_f3/i_0_0/A1->ZN
                         OR2_X4                  ff   2507.3     40.1     40.1      0.0      5.1      0.5      6.2      2    41,   40  /PD_TOP        (1.10)
genblk2_22_f3/h2/i_0_1/A2->ZN
                         AND2_X4                 ff   2534.7     27.4     27.4      0.0      8.8      0.3      2.4      1    41,   40  /PD_TOP        (1.10)
genblk2_22_f3/i_0_0/A1->ZN
                         OR2_X4                  ff   2574.8     40.1     40.1      0.0      5.1      0.5      6.2      2    41,   40  /PD_TOP        (1.10)
genblk2_23_f3/h2/i_0_1/A2->ZN
                         AND2_X4                 ff   2602.2     27.4     27.4      0.0      8.8      0.3      2.4      1    41,   40  /PD_TOP        (1.10)
genblk2_23_f3/i_0_0/A1->ZN
                         OR2_X4                  ff   2642.3     40.1     40.1      0.0      5.1      0.5      6.2      2    41,   40  /PD_TOP        (1.10)
genblk2_24_f3/h2/i_0_1/A2->ZN
                         AND2_X4                 ff   2669.7     27.4     27.4      0.0      8.8      0.3      2.4      1    41,   40  /PD_TOP        (1.10)
genblk2_24_f3/i_0_0/A1->ZN
                         OR2_X4                  ff   2709.8     40.1     40.1      0.0      5.1      0.5      6.2      2    41,   40  /PD_TOP        (1.10)
genblk2_25_f3/h2/i_0_1/A2->ZN
                         AND2_X4                 ff   2737.2     27.4     27.4      0.0      8.8      0.3      2.4      1    41,   40  /PD_TOP        (1.10)
genblk2_25_f3/i_0_0/A1->ZN
                         OR2_X4                  ff   2777.3     40.1     40.1      0.0      5.1      0.5      6.2      2    41,   40  /PD_TOP        (1.10)
genblk2_26_f3/h2/i_0_1/A2->ZN
                         AND2_X4                 ff   2804.7     27.4     27.4      0.0      8.8      0.3      2.4      1    41,   40  /PD_TOP        (1.10)
genblk2_26_f3/i_0_0/A1->ZN
                         OR2_X4                  ff   2844.8     40.1     40.1      0.0      5.1      0.5      6.2      2    41,   40  /PD_TOP        (1.10)
genblk2_27_f3/h2/i_0_1/A2->ZN
                         AND2_X4                 ff   2872.2     27.4     27.4      0.0      8.8      0.3      2.4      1    41,   40  /PD_TOP        (1.10)
genblk2_27_f3/i_0_0/A1->ZN
                         OR2_X4                  ff   2912.3     40.1     40.1      0.0      5.1      0.5      6.2      2    41,   40  /PD_TOP        (1.10)
genblk2_28_f3/h2/i_0_1/A2->ZN
                         AND2_X4                 ff   2939.7     27.4     27.4      0.0      8.8      0.3      2.4      1    41,   40  /PD_TOP        (1.10)
genblk2_28_f3/i_0_0/A1->ZN
                         OR2_X4                  ff   2979.8     40.1     40.1      0.0      5.1      0.5      6.2      2    41,   40  /PD_TOP        (1.10)
genblk2_29_f3/h2/i_0_1/A2->ZN
                         AND2_X4                 ff   3007.2     27.4     27.4      0.0      8.8      0.3      2.4      1    41,   40  /PD_TOP        (1.10)
genblk2_29_f3/i_0_0/A1->ZN
                         OR2_X4                  ff   3047.3     40.1     40.1      0.0      5.1      0.5      6.2      2    41,   40  /PD_TOP        (1.10)
genblk2_30_f3/h2/i_0_1/A2->ZN
                         AND2_X4                 ff   3074.7     27.4     27.4      0.0      8.8      0.3      2.4      1    41,   40  /PD_TOP        (1.10)
genblk2_30_f3/i_0_0/A1->ZN
                         OR2_X4                  ff   3113.0     38.3     38.3      0.0      5.1      0.3      3.7      1    41,   40  /PD_TOP        (1.10)
fulladder_f3/h2/i_0_0/B->Z
                         XOR2_X2                 ff   3177.8     64.8     64.8      0.0      8.1      2.4     12.4      1    41,   40  /PD_TOP        (1.10)
cout                                              f   3178.0      0.2               0.2     16.9                             38,    0                       
------------------------------------------------------------------------------------------------------------------------------------------------------------
Report for group R2O
