Report 'report_mcmm_variation': MCMM Variation
Generated on Wed Jan 4 04:35:46 2023
  
----------------------------------------------------------
| MCMM variability report for design 'multiplier' (nano) |
|--------------------------------------------------------|
| MODE CORNER WNS TNS #Endpts WHS THS #Endpts            | 
----------------------------------------------------------


info UI33: performed report_mcmm_variation for 0 sec (CPU time: 0 sec; MEM: RSS - 372M, CVMEM - 1838M, PVMEM - 2638M)
Report 'report_path_group': Path Group
Generated on Wed Jan 4 04:35:46 2023
  
-------------------------------------------------------------------------------------------
|                               PATH GROUPS (SETUP) (nano)                                |
|-----------------------------------------------------------------------------------------|
| QOR Weight Margin TNS Range Endpoints Violating Endpoints Violating Endpoints % WNS TNS | 
-------------------------------------------------------------------------------------------


info UI33: performed report_path_group for 0 sec (CPU time: 0 sec; MEM: RSS - 372M, CVMEM - 1838M, PVMEM - 2638M)
SLACK HISTOGRAM
---------------
Select : SELECT_LATE

---------------------------------------------
| Slack           # End Pts Total # End Pts | 
|-------------------------------------------|
| 0.0000 - 4.9990 305       305             | 
---------------------------------------------


info UI33: performed report_slack_histogram for 0 sec (CPU time: 0 sec; MEM: RSS - 372M, CVMEM - 1838M, PVMEM - 2638M)
Report 'report_path_group': Path Group
Generated on Wed Jan 4 04:35:46 2023
  
-------------------------------------------------------------------------------------------
|                                PATH GROUPS (HOLD) (nano)                                |
|-----------------------------------------------------------------------------------------|
| QOR Weight Margin TNS Range Endpoints Violating Endpoints Violating Endpoints % WNS TNS | 
-------------------------------------------------------------------------------------------


info UI33: performed report_path_group for 0 sec (CPU time: 0 sec; MEM: RSS - 372M, CVMEM - 1838M, PVMEM - 2638M)
SLACK HISTOGRAM
---------------
Select : SELECT_EARLY

---------------------------------------------
| Slack           # End Pts Total # End Pts | 
|-------------------------------------------|
| 0.0000 - 0.7490 305       305             | 
---------------------------------------------


info UI33: performed report_slack_histogram for 0 sec (CPU time: 0 sec; MEM: RSS - 372M, CVMEM - 1838M, PVMEM - 2638M)
