warning: No library characterized for (process = 1.00 voltage = 0.85 temperature = 25.00) can be found in the database for power domain '/PD_TOP'  [NL-174]
Report Power (instances with prefix '*' are included in total) : 
-----+---------------------------+--------------------+---------------------+-------------------+-----------------
     | Instance                  | Internal Power(uw) | Switching Power(uw) | Leakage Power(uw) | Total Power(uw) 
-----+---------------------------+--------------------+---------------------+-------------------+-----------------
1    |*genblk1_0_full_adder_inst |            0.076140|             0.186421|           0.036164|         0.298725
2    |*genblk1_1_full_adder_inst |            0.161330|             0.239968|           0.072327|         0.473626
3    |*genblk1_2_full_adder_inst |            0.155575|             0.239900|           0.072327|         0.467802
4    |*genblk1_3_full_adder_inst |            0.152805|             0.240127|           0.072327|         0.465260
5    |*genblk1_4_full_adder_inst |            0.151266|             0.240195|           0.072327|         0.463789
6    |*genblk1_5_full_adder_inst |            0.150388|             0.240195|           0.072327|         0.462910
7    |*genblk1_6_full_adder_inst |            0.149886|             0.240127|           0.072327|         0.462340
8    |*genblk1_7_full_adder_inst |            0.149602|             0.240200|           0.072327|         0.462129
9    |*genblk1_8_full_adder_inst |            0.149441|             0.240268|           0.072327|         0.462037
10   |*genblk1_9_full_adder_inst |            0.149350|             0.240208|           0.072327|         0.461885
11   |*genblk1_10_full_adder_inst|            0.149298|             0.240140|           0.072327|         0.461765
12   |*genblk1_11_full_adder_inst|            0.149270|             0.240367|           0.072327|         0.461964
13   |*genblk1_12_full_adder_inst|            0.149254|             0.240435|           0.072327|         0.462017
14   |*genblk1_13_full_adder_inst|            0.149245|             0.240435|           0.072327|         0.462008
15   |*genblk1_14_full_adder_inst|            0.149240|             0.240367|           0.072327|         0.461934
16   |*genblk1_15_full_adder_inst|            0.149237|             0.240440|           0.072327|         0.462004
17   |*genblk1_16_full_adder_inst|            0.149236|             0.240508|           0.072327|         0.462071
18   |*genblk1_17_full_adder_inst|            0.149234|             0.240448|           0.072327|         0.462010
19   |*genblk1_18_full_adder_inst|            0.149234|             0.240380|           0.072327|         0.461941
20   |*genblk1_19_full_adder_inst|            0.149234|             0.240607|           0.072327|         0.462168
21   |*genblk1_20_full_adder_inst|            0.149234|             0.240675|           0.072327|         0.462237
22   |*genblk1_21_full_adder_inst|            0.149234|             0.240675|           0.072327|         0.462237
23   |*genblk1_22_full_adder_inst|            0.149234|             0.240607|           0.072327|         0.462168
24   |*genblk1_23_full_adder_inst|            0.149234|             0.240680|           0.072327|         0.462241
25   |*genblk1_24_full_adder_inst|            0.149235|             0.240748|           0.072327|         0.462310
26   |*genblk1_25_full_adder_inst|            0.149234|             0.240688|           0.072327|         0.462250
27   |*genblk1_26_full_adder_inst|            0.149234|             0.240620|           0.072327|         0.462181
28   |*genblk1_27_full_adder_inst|            0.149235|             0.240847|           0.072327|         0.462409
29   |*genblk1_28_full_adder_inst|            0.149235|             0.240915|           0.072327|         0.462478
30   |*genblk1_29_full_adder_inst|            0.149235|             0.240915|           0.072327|         0.462478
31   |*genblk1_30_full_adder_inst|            0.149235|             0.240847|           0.072327|         0.462409
32   |*genblk1_31_full_adder_inst|            0.149235|             0.240919|           0.072327|         0.462482
33   |*i_0_0_0                   |            0.034366|             0.182550|           0.017393|         0.234309
34   |*i_0_0_1                   |            0.046217|             0.062624|           0.022619|         0.131461
35   |*i_0_0_2                   |            0.026802|             0.045828|           0.017393|         0.090024
36   |*i_0_0_3                   |            0.034048|             0.117886|           0.017393|         0.169327
37   |*i_0_0_4                   |            0.046217|             0.062624|           0.022619|         0.131461
38   |*i_0_0_5                   |            0.026802|             0.045828|           0.017393|         0.090024
39   |*i_0_0_6                   |            0.034048|             0.117886|           0.017393|         0.169327
40   |*i_0_0_7                   |            0.046217|             0.062624|           0.022619|         0.131461
41   |*i_0_0_8                   |            0.026802|             0.045828|           0.017393|         0.090024
42   |*i_0_0_9                   |            0.034048|             0.117886|           0.017393|         0.169327
43   |*i_0_0_10                  |            0.046217|             0.062624|           0.022619|         0.131461
44   |*i_0_0_11                  |            0.026802|             0.045828|           0.017393|         0.090024
45   |*i_0_0_12                  |            0.034048|             0.117886|           0.017393|         0.169327
46   |*i_0_0_13                  |            0.046217|             0.062624|           0.022619|         0.131461
47   |*i_0_0_14                  |            0.026802|             0.045828|           0.017393|         0.090024
48   |*i_0_0_15                  |            0.034048|             0.117886|           0.017393|         0.169327
49   |*i_0_0_16                  |            0.046217|             0.062624|           0.022619|         0.131461
50   |*i_0_0_17                  |            0.026802|             0.045828|           0.017393|         0.090024
51   |*i_0_0_18                  |            0.034048|             0.117886|           0.017393|         0.169327
52   |*i_0_0_19                  |            0.046217|             0.062624|           0.022619|         0.131461
53   |*i_0_0_20                  |            0.026802|             0.045828|           0.017393|         0.090024
54   |*i_0_0_21                  |            0.034048|             0.117886|           0.017393|         0.169327
55   |*i_0_0_22                  |            0.046217|             0.062624|           0.022619|         0.131461
56   |*i_0_0_23                  |            0.026802|             0.045828|           0.017393|         0.090024
57   |*i_0_0_24                  |            0.034048|             0.117886|           0.017393|         0.169327
58   |*i_0_0_25                  |            0.046217|             0.062624|           0.022619|         0.131461
59   |*i_0_0_26                  |            0.026802|             0.045828|           0.017393|         0.090024
60   |*i_0_0_27                  |            0.034048|             0.117886|           0.017393|         0.169327
61   |*i_0_0_28                  |            0.046217|             0.062624|           0.022619|         0.131461
62   |*i_0_0_29                  |            0.026802|             0.045828|           0.017393|         0.090024
63   |*i_0_0_30                  |            0.034048|             0.117886|           0.017393|         0.169327
64   |*i_0_0_31                  |            0.046217|             0.062624|           0.022619|         0.131460
65   |*i_0_0_32                  |            0.026802|             0.045828|           0.017393|         0.090024
66   |*i_0_0_33                  |            0.034048|             0.117886|           0.017393|         0.169327
67   |*i_0_0_34                  |            0.046217|             0.062624|           0.022619|         0.131460
68   |*i_0_0_35                  |            0.026802|             0.045828|           0.017393|         0.090024
69   |*i_0_0_36                  |            0.034048|             0.117886|           0.017393|         0.169327
70   |*i_0_0_37                  |            0.046217|             0.062624|           0.022619|         0.131460
71   |*i_0_0_38                  |            0.026802|             0.045828|           0.017393|         0.090024
72   |*i_0_0_39                  |            0.034048|             0.117886|           0.017393|         0.169328
73   |*i_0_0_40                  |            0.046217|             0.062623|           0.022619|         0.131460
74   |*i_0_0_41                  |            0.026802|             0.045828|           0.017393|         0.090024
75   |*i_0_0_42                  |            0.034048|             0.117887|           0.017393|         0.169328
76   |*i_0_0_43                  |            0.046217|             0.062623|           0.022619|         0.131459
77   |*i_0_0_44                  |            0.026802|             0.045828|           0.017393|         0.090024
78   |*i_0_0_45                  |            0.034048|             0.117888|           0.017393|         0.169330
79   |*i_0_0_46                  |            0.046216|             0.062622|           0.022619|         0.131458
80   |*i_0_0_47                  |            0.026802|             0.045828|           0.017393|         0.090024
81   |*i_0_0_48                  |            0.034049|             0.117890|           0.017393|         0.169332
82   |*i_0_0_49                  |            0.046216|             0.062621|           0.022619|         0.131456
83   |*i_0_0_50                  |            0.026802|             0.045828|           0.017393|         0.090024
84   |*i_0_0_51                  |            0.034050|             0.117893|           0.017393|         0.169336
85   |*i_0_0_52                  |            0.046214|             0.062619|           0.022619|         0.131452
86   |*i_0_0_53                  |            0.026802|             0.045828|           0.017393|         0.090024
87   |*i_0_0_54                  |            0.034051|             0.117898|           0.017393|         0.169343
88   |*i_0_0_55                  |            0.046211|             0.062615|           0.022619|         0.131446
89   |*i_0_0_56                  |            0.026802|             0.045828|           0.017393|         0.090024
90   |*i_0_0_57                  |            0.034054|             0.117908|           0.017393|         0.169355
91   |*i_0_0_58                  |            0.046207|             0.062608|           0.022619|         0.131434
92   |*i_0_0_59                  |            0.026802|             0.045828|           0.017393|         0.090024
93   |*i_0_0_60                  |            0.034058|             0.117925|           0.017393|         0.169376
94   |*i_0_0_61                  |            0.046198|             0.062596|           0.022619|         0.131413
95   |*i_0_0_62                  |            0.026802|             0.045828|           0.017393|         0.090024
96   |*i_0_0_63                  |            0.034066|             0.117955|           0.017393|         0.169415
97   |*i_0_0_64                  |            0.046183|             0.062574|           0.022619|         0.131376
98   |*i_0_0_65                  |            0.026802|             0.045828|           0.017393|         0.090024
99   |*i_0_0_66                  |            0.034081|             0.118009|           0.017393|         0.169483
100  |*i_0_0_67                  |            0.046155|             0.062534|           0.022619|         0.131308
101  |*i_0_0_68                  |            0.026802|             0.045828|           0.017393|         0.090024
102  |*i_0_0_69                  |            0.034105|             0.118102|           0.017393|         0.169601
103  |*i_0_0_70                  |            0.046105|             0.062462|           0.022619|         0.131186
104  |*i_0_0_71                  |            0.026802|             0.045828|           0.017393|         0.090024
105  |*i_0_0_72                  |            0.034148|             0.118264|           0.017393|         0.169805
106  |*i_0_0_73                  |            0.046012|             0.062330|           0.022619|         0.130961
107  |*i_0_0_74                  |            0.026802|             0.045828|           0.017393|         0.090024
108  |*i_0_0_75                  |            0.034219|             0.118536|           0.017393|         0.170148
109  |*i_0_0_76                  |            0.045835|             0.062081|           0.022619|         0.130535
110  |*i_0_0_77                  |            0.026802|             0.045828|           0.017393|         0.090024
111  |*i_0_0_78                  |            0.034330|             0.118973|           0.017393|         0.170696
112  |*i_0_0_79                  |            0.045486|             0.061593|           0.022619|         0.129698
113  |*i_0_0_80                  |            0.026802|             0.045828|           0.017393|         0.090024
114  |*i_0_0_81                  |            0.034480|             0.119600|           0.017393|         0.171473
115  |*i_0_0_82                  |            0.044752|             0.060586|           0.022619|         0.127957
116  |*i_0_0_83                  |            0.026802|             0.045828|           0.017393|         0.090024
117  |*i_0_0_84                  |            0.034593|             0.120244|           0.017393|         0.172231
118  |*i_0_0_85                  |            0.043095|             0.058350|           0.022619|         0.124064
119  |*i_0_0_86                  |            0.026802|             0.045828|           0.017393|         0.090024
120  |*i_0_0_87                  |            0.034308|             0.119900|           0.017393|         0.171602
121  |*i_0_0_88                  |            0.039043|             0.052968|           0.022619|         0.114631
122  |*i_0_0_89                  |            0.026802|             0.045828|           0.017393|         0.090024
123  |*i_0_0_90                  |            0.032220|             0.114583|           0.017393|         0.164196
124  |*i_0_0_91                  |            0.028454|             0.038956|           0.022619|         0.090030
125  |*i_0_0_92                  |            0.026802|             0.045828|           0.017393|         0.090024
126  |*i_0_0_93                  |            0.051517|             0.090256|           0.025066|         0.166839
127  |                           |                    |                     |                   |                 
128  |*TOTAL                     |            8.068994|            14.775789|           4.082967|        26.927752
-----+---------------------------+--------------------+---------------------+-------------------+-----------------
