Report 'report_power_summary': Power
Generated on Wed Jan 4 14:40:09 2023
  
---------------------------------------------------------------------------
|                        Power Summary (nanowatt)                         |
|-------------------------------------------------------------------------|
| Component          Internal Switching  Dynamic Leakage  Total   Percent | 
|-------------------------------------------------------------------------|
| Entire design        840582    447477  1288059   57704  1345763  100.00 | 
|                                                                         | 
| Power of all cells   840582    301158  1141740   57704  1199444   89.13 | 
|   Clock cells         33144      9639    42783     722    43505    3.23 | 
|   Data cells         807439    291519  1098958   56981  1155939   85.89 | 
|     Combinational    199886    222919   422805   35753   458558   34.07 | 
|     Registers        607501     68600   676101   21228   697329   51.82 | 
|     Macros                0         0        0       0        0    0.00 | 
|     Physical              0         0        0       0        0    0.00 | 
|                                                                         | 
| Power of all nets              146319   146319           146319   10.87 | 
|   Clock nets                    66953    66953            66953    4.98 | 
|     Clock leaves                56227    56227            56227    4.18 | 
|   Data nets                     79367    79367            79367    5.90 | 
---------------------------------------------------------------------------


info UI33: performed report_power_summary for 0 sec (CPU time: 0 sec; MEM: RSS - 378M, CVMEM - 1796M, PVMEM - 2638M)
-----------------------------------------------------------------------------------------------------------------------------------------------
| Corner     Enable Setup Hold  CRPR       SI   Power            EM   Voltage Drop DRC        Process                    RC Temp Scale Factor | 
|---------------------------------------------------------------------------------------------------------------------------------------------|
| slow       false  true  false setup_hold none leakage          none none         trans, cap new_rcmaster_techFreePDK45 25      1            | 
| fast       false  false false setup_hold none leakage          none none         trans, cap new_rcmaster_techFreePDK45 25      1            | 
| corner_0_0 true   true  true  setup_hold none leakage, dynamic none none         trans, cap new_rcmaster_techFreePDK45 25      1            | 
-----------------------------------------------------------------------------------------------------------------------------------------------


