Report 'report_mcmm_variation': MCMM Variation
Generated on Wed Jan 4 14:38:46 2023
  
------------------------------------------------------
| MCMM variability report for design 'Radix4' (nano) |
|----------------------------------------------------|
| MODE CORNER WNS TNS #Endpts WHS THS #Endpts        | 
------------------------------------------------------


info UI33: performed report_mcmm_variation for 0 sec (CPU time: 0 sec; MEM: RSS - 376M, CVMEM - 1858M, PVMEM - 2638M)
Report 'report_path_group': Path Group
Generated on Wed Jan 4 14:38:46 2023
  
-------------------------------------------------------------------------------------------
|                               PATH GROUPS (SETUP) (nano)                                |
|-----------------------------------------------------------------------------------------|
| QOR Weight Margin TNS Range Endpoints Violating Endpoints Violating Endpoints % WNS TNS | 
-------------------------------------------------------------------------------------------


info UI33: performed report_path_group for 0 sec (CPU time: 0 sec; MEM: RSS - 376M, CVMEM - 1858M, PVMEM - 2638M)
SLACK HISTOGRAM
---------------
Select : SELECT_LATE

---------------------------------------------
| Slack           # End Pts Total # End Pts | 
|-------------------------------------------|
| 0.0000 - 4.9990 336       336             | 
---------------------------------------------


info UI33: performed report_slack_histogram for 0 sec (CPU time: 0 sec; MEM: RSS - 376M, CVMEM - 1858M, PVMEM - 2638M)
Report 'report_path_group': Path Group
Generated on Wed Jan 4 14:38:46 2023
  
-------------------------------------------------------------------------------------------
|                                PATH GROUPS (HOLD) (nano)                                |
|-----------------------------------------------------------------------------------------|
| QOR Weight Margin TNS Range Endpoints Violating Endpoints Violating Endpoints % WNS TNS | 
-------------------------------------------------------------------------------------------


info UI33: performed report_path_group for 0 sec (CPU time: 0 sec; MEM: RSS - 376M, CVMEM - 1858M, PVMEM - 2638M)
SLACK HISTOGRAM
---------------
Select : SELECT_EARLY

---------------------------------------------
| Slack           # End Pts Total # End Pts | 
|-------------------------------------------|
| 0.0000 - 2.4990 272       272             | 
| 2.5000 - 4.9990 64        336             | 
---------------------------------------------


info UI33: performed report_slack_histogram for 0 sec (CPU time: 0 sec; MEM: RSS - 376M, CVMEM - 1858M, PVMEM - 2638M)
